C2 d 3 Pi                                         


  RMIN = 0.750  MAXV   = 12  BE =    1.7527
  RMAX = 3.500  KDMAXV = 12  RE =    1.2664
  DELR = 0.005  NEIG   =  0  DE =48627.3008
  ZMU  = 6.000
 Debugging
 C2 d 3 Pi                                                    0           1           0           0           2   6.00000000      0.750000000       3.50000000       4.99999989E-03          12   1.75269997       48627.3008              12           0
   0.00000000       890.000000       2645.34009       4367.79980       6057.37988       7714.08008       9337.90039       10928.7998       12486.9004       14012.0996       15504.4004       16963.8008       18390.3008       19784.0000       0.00000000       0.00000000       0.00000000       0.00000000       0.00000000       0.00000000       0.00000000       0.00000000       0.00000000       0.00000000       0.00000000       0.00000000       0.00000000       0.00000000       0.00000000       0.00000000       0.00000000       0.00000000       1.75269997       1.74466002       1.72858000       1.71249998       1.69641995       1.68034005       1.66426003       1.64818001       1.63209999       1.61601996       1.59993994       1.58386004       1.56778002       1.55170000       0.00000000       0.00000000       0.00000000       0.00000000       0.00000000       0.00000000       0.00000000       0.00000000       0.00000000       0.00000000       0.00000000       0.00000000       0.00000000       0.00000000       0.00000000       0.00000000       0.00000000       0.00000000    


 THE KLEIN DUNHAM POTENTIAL PRODUCED FOR THIS STATE COVERS THE REGION FROM   1.045 TO   1.665 ANGSTROMS
 THE TO TAL POTENTIAL FUNCTION I

         RADIUS           ENERGY            RADIUS           ENERGY            RADIUS           ENERGY
         0.7500          223633.734         0.7550          216456.844         0.7600          209474.250
         0.7650          202681.203         0.7700          196073.297         0.7750          189646.031
         0.7800          183394.969         0.7850          177315.797         0.7900          171404.578
         0.7950          165657.141         0.8000          160069.484         0.8050          154637.734
         0.8100          149358.125         0.8150          144227.000         0.8200          139240.641
         0.8250          134395.578         0.8300          129688.375         0.8350          125115.617
         0.8400          120674.023         0.8450          116360.328         0.8500          112171.445
         0.8550          108104.359         0.8600          104155.969         0.8650          100323.398
         0.8700           96603.773         0.8750           92994.266         0.8800           89492.172
         0.8850           86094.828         0.8900           82799.633         0.8950           79604.023
         0.9000           76505.500         0.9050           73501.664         0.9100           70590.141
         0.9150           67768.594         0.9200           65034.758         0.9250           62386.438
         0.9300           59821.504         0.9350           57337.820         0.9400           54933.312
         0.9450           52605.992         0.9500           50353.887         0.9550           48175.090
         0.9600           46067.727         0.9650           44029.961         0.9700           42059.980
         0.9750           40156.090         0.9800           38316.594         0.9850           36539.793
         0.9900           34824.082         0.9950           33167.883         1.0000           31569.621
         1.0050           30027.822         1.0100           28540.977         1.0150           27107.680
         1.0200           25726.500         1.0250           24396.088         1.0300           23115.078
         1.0350           21882.182         1.0400           20696.117         1.0450           19358.994
         1.0500           18461.672         1.0550           17579.041         1.0600           16712.049
         1.0650           15862.291         1.0700           15030.815         1.0750           14218.730
         1.0800           13427.221         1.0850           12656.661         1.0900           11908.169
         1.0950           11182.139         1.1000           10479.449         1.1050            9800.661
         1.1100            9145.596         1.1150            8514.643         1.1200            7907.938
         1.1250            7325.662         1.1300            6767.820         1.1350            6234.396
         1.1400            5725.202         1.1450            5240.252         1.1500            4779.235
         1.1550            4342.012         1.1600            3928.263         1.1650            3537.713
         1.1700            3170.091         1.1750            2824.993         1.1800            2502.119
         1.1850            2201.049         1.1900            1921.392         1.1950            1662.730
         1.2000            1424.658         1.2050            1206.729         1.2100            1008.519
         1.2150             829.577         1.2200             669.451         1.2250             527.691
         1.2300             403.841         1.2350             297.458         1.2400             208.077
         1.2450             135.262         1.2500              78.549         1.2550              37.484
         1.2600              11.622         1.2650               0.522         1.2700               3.751
         1.2750              20.881         1.2800              51.488         1.2850              95.158
         1.2900             151.479         1.2950             220.047         1.3000             300.463
         1.3050             392.334         1.3100             495.273         1.3150             608.900
         1.3200             732.842         1.3250             866.734         1.3300            1010.221
         1.3350            1162.953         1.3400            1324.588         1.3450            1494.780
         1.3500            1673.208         1.3550            1859.557         1.3600            2053.494
         1.3650            2254.746         1.3700            2462.976         1.3750            2677.922
         1.3800            2899.247         1.3850            3126.766         1.3900            3360.131
         1.3950            3599.072         1.4000            3843.377         1.4050            4092.792
         1.4100            4346.989         1.4150            4605.846         1.4200            4869.051
1
         1.4250            5136.454         1.4300            5407.747         1.4350            5682.718
         1.4400            5961.280         1.4450            6243.090         1.4500            6528.000
         1.4550            6815.875         1.4600            7106.410         1.4650            7399.571
         1.4700            7695.040         1.4750            7992.696         1.4800            8292.445
         1.4850            8594.132         1.4900            8897.414         1.4950            9202.282
         1.5000            9508.488         1.5050            9816.132         1.5100           10124.865
         1.5150           10434.469         1.5200           10745.174         1.5250           11056.626
         1.5300           11368.806         1.5350           11681.256         1.5400           11994.238
         1.5450           12307.614         1.5500           12621.126         1.5550           12934.593
         1.5600           13248.141         1.5650           13561.480         1.5700           13874.715
         1.5750           14187.641         1.5800           14500.118         1.5850           14812.123
         1.5900           15123.756         1.5950           15434.688         1.6000           15744.997
         1.6050           16054.410         1.6100           16363.020         1.6150           16670.770
         1.6200           16977.568         1.6250           17283.291         1.6300           17588.100
         1.6350           17891.641         1.6400           18194.016         1.6450           18495.197
         1.6500           18795.090         1.6550           19093.699         1.6600           19390.957
         1.6650           19686.932         1.6700           19980.900         1.6750           20273.357
         1.6800           20564.092         1.6850           20853.059         1.6900           21140.254
         1.6950           21425.623         1.7000           21709.162         1.7050           21990.824
         1.7100           22270.613         1.7150           22548.480         1.7200           22824.434
         1.7250           23098.428         1.7300           23370.467         1.7350           23640.514
         1.7400           23908.582         1.7450           24174.627         1.7500           24438.662
         1.7550           24700.658         1.7600           24960.611         1.7650           25218.520
         1.7700           25474.367         1.7750           25728.148         1.7800           25979.861
         1.7850           26229.496         1.7900           26477.055         1.7950           26722.527
         1.8000           26965.916         1.8050           27207.215         1.8100           27446.430
         1.8150           27683.551         1.8200           27918.586         1.8250           28151.541
         1.8300           28382.404         1.8350           28611.188         1.8400           28837.904
         1.8450           29062.537         1.8500           29285.102         1.8550           29505.598
         1.8600           29724.033         1.8650           29940.414         1.8700           30154.750
         1.8750           30367.047         1.8800           30577.307         1.8850           30785.537
         1.8900           30991.756         1.8950           31195.959         1.9000           31398.162
         1.9050           31598.377         1.9100           31796.605         1.9150           31992.857
         1.9200           32187.148         1.9250           32379.488         1.9300           32569.887
         1.9350           32758.354         1.9400           32944.898         1.9450           33129.531
         1.9500           33312.270         1.9550           33493.117         1.9600           33672.094
         1.9650           33849.207         1.9700           34024.477         1.9750           34197.898
         1.9800           34369.496         1.9850           34539.281         1.9900           34707.266
         1.9950           34873.465         2.0000           35037.883         2.0050           35200.551
         2.0100           35361.457         2.0150           35520.633         2.0200           35678.090
         2.0250           35833.840         2.0300           35987.887         2.0350           36140.254
         2.0400           36290.957         2.0450           36440.008         2.0500           36587.410
         2.0550           36733.184         2.0600           36877.348         2.0650           37019.918
         2.0700           37160.891         2.0750           37300.293         2.0800           37438.145
         2.0850           37574.445         2.0900           37709.207         2.0950           37842.461
1
         2.1000           37974.203         2.1050           38104.457         2.1100           38233.238
         2.1150           38360.551         2.1200           38486.410         2.1250           38610.836
         2.1300           38733.848         2.1350           38855.438         2.1400           38975.629
         2.1450           39094.445         2.1500           39211.891         2.1550           39327.980
         2.1600           39442.723         2.1650           39556.137         2.1700           39668.238
         2.1750           39779.027         2.1800           39888.527         2.1850           39996.754
         2.1900           40103.719         2.1950           40209.422         2.2000           40313.887
         2.2050           40417.129         2.2100           40519.152         2.2150           40619.973
         2.2200           40719.605         2.2250           40818.059         2.2300           40915.352
         2.2350           41011.492         2.2400           41106.480         2.2450           41200.348
         2.2500           41293.102         2.2550           41384.746         2.2600           41475.293
         2.2650           41564.754         2.2700           41653.156         2.2750           41740.496
         2.2800           41826.789         2.2850           41912.039         2.2900           41996.270
         2.2950           42079.488         2.3000           42161.703         2.3050           42242.918
         2.3100           42323.164         2.3150           42402.438         2.3200           42480.746
         2.3250           42558.105         2.3300           42634.535         2.3350           42710.027
         2.3400           42784.609         2.3450           42858.273         2.3500           42931.055
         2.3550           43002.945         2.3600           43073.957         2.3650           43144.098
         2.3700           43213.383         2.3750           43281.820         2.3800           43349.422
         2.3850           43416.191         2.3900           43482.141         2.3950           43547.289
         2.4000           43611.633         2.4050           43675.184         2.4100           43737.953
         2.4150           43799.949         2.4200           43861.184         2.4250           43921.660
         2.4300           43981.387         2.4350           44040.379         2.4400           44098.648
         2.4450           44156.191         2.4500           44213.020         2.4550           44269.145
         2.4600           44324.574         2.4650           44379.316         2.4700           44433.379
         2.4750           44486.773         2.4800           44539.496         2.4850           44591.570
         2.4900           44642.992         2.4950           44693.773         2.5000           44743.926
         2.5050           44793.449         2.5100           44842.359         2.5150           44890.648
         2.5200           44938.344         2.5250           44985.445         2.5300           45031.953
         2.5350           45077.875         2.5400           45123.227         2.5450           45168.012
         2.5500           45212.227         2.5550           45255.895         2.5600           45299.012
         2.5650           45341.594         2.5700           45383.633         2.5750           45425.148
         2.5800           45466.141         2.5850           45506.621         2.5900           45546.582
         2.5950           45586.047         2.6000           45625.016         2.6050           45663.492
         2.6100           45701.484         2.6150           45738.996         2.6200           45776.031
         2.6250           45812.602         2.6300           45848.715         2.6350           45884.363
         2.6400           45919.570         2.6450           45954.328         2.6500           45988.645
         2.6550           46022.527         2.6600           46055.980         2.6650           46089.012
         2.6700           46121.625         2.6750           46153.820         2.6800           46185.609
         2.6850           46216.996         2.6900           46247.992         2.6950           46278.586
         2.7000           46308.793         2.7050           46338.617         2.7100           46368.062
         2.7150           46397.129         2.7200           46425.832         2.7250           46454.168
         2.7300           46482.145         2.7350           46509.766         2.7400           46537.031
         2.7450           46563.949         2.7500           46590.531         2.7550           46616.770
         2.7600           46642.680         2.7650           46668.250         2.7700           46693.496
1
         2.7750           46718.426         2.7800           46743.035         2.7850           46767.328
         2.7900           46791.316         2.7950           46814.988         2.8000           46838.367
         2.8050           46861.441         2.8100           46884.223         2.8150           46906.715
         2.8200           46928.922         2.8250           46950.840         2.8300           46972.480
         2.8350           46993.844         2.8400           47014.930         2.8450           47035.746
         2.8500           47056.305         2.8550           47076.590         2.8600           47096.621
         2.8650           47116.391         2.8700           47135.914         2.8750           47155.184
         2.8800           47174.203         2.8850           47192.980         2.8900           47211.520
         2.8950           47229.816         2.9000           47247.883         2.9050           47265.715
         2.9100           47283.320         2.9150           47300.699         2.9200           47317.852
         2.9250           47334.785         2.9300           47351.508         2.9350           47368.004
         2.9400           47384.301         2.9450           47400.375         2.9500           47416.250
         2.9550           47431.918         2.9600           47447.391         2.9650           47462.656
         2.9700           47477.730         2.9750           47492.617         2.9800           47507.301
         2.9850           47521.801         2.9900           47536.113         2.9950           47550.242
         3.0000           47564.188         3.0050           47577.957         3.0100           47591.539
         3.0150           47604.957         3.0200           47618.199         3.0250           47631.266
         3.0300           47644.172         3.0350           47656.910         3.0400           47669.480
         3.0450           47681.887         3.0500           47694.141         3.0550           47706.230
         3.0600           47718.168         3.0650           47729.953         3.0700           47741.582
         3.0750           47753.059         3.0800           47764.395         3.0850           47775.578
         3.0900           47786.617         3.0950           47797.520         3.1000           47808.273
         3.1050           47818.895         3.1100           47829.375         3.1150           47839.723
         3.1200           47849.938         3.1250           47860.020         3.1300           47869.965
         3.1350           47879.793         3.1400           47889.488         3.1450           47899.059
         3.1500           47908.504         3.1550           47917.832         3.1600           47927.031
         3.1650           47936.117         3.1700           47945.086         3.1750           47953.938
         3.1800           47962.676         3.1850           47971.301         3.1900           47979.809
         3.1950           47988.215         3.2000           47996.508         3.2050           48004.691
         3.2100           48012.773         3.2150           48020.754         3.2200           48028.629
         3.2250           48036.395         3.2300           48044.066         3.2350           48051.637
         3.2400           48059.113         3.2450           48066.484         3.2500           48073.770
         3.2550           48080.957         3.2600           48088.047         3.2650           48095.051
         3.2700           48101.965         3.2750           48108.785         3.2800           48115.520
         3.2850           48122.164         3.2900           48128.723         3.2950           48135.195
         3.3000           48141.594         3.3050           48147.898         3.3100           48154.125
         3.3150           48160.270         3.3200           48166.340         3.3250           48172.328
         3.3300           48178.234         3.3350           48184.070         3.3400           48189.828
         3.3450           48195.512         3.3500           48201.117         3.3550           48206.656
         3.3600           48212.125         3.3650           48217.516         3.3700           48222.840
         3.3750           48228.098         3.3800           48233.285         3.3850           48238.402
         3.3900           48243.457         3.3950           48248.445         3.4000           48253.367
         3.4050           48258.230         3.4100           48263.023         3.4150           48267.758
         3.4200           48272.430         3.4250           48277.039         3.4300           48281.598
         3.4350           48286.086         3.4400           48290.523         3.4450           48294.902
1
         3.4500           48299.223         3.4550           48303.488         3.4600           48307.699
         3.4650           48311.852         3.4700           48315.949         3.4750           48320.000
         3.4800           48323.992         3.4850           48327.934         3.4900           48331.828
         3.4950           48335.672         3.5000           48339.461
1V'  B(V)  (CAL)   B(V)  (OBS)    DEVIATION        E(V) (CALC)   E(V) (OBS)   DEVIATION        RMIN     RMAX
   -1   1.7527         1.7527      0.0000              0.0000        0.0000      0.0000      1.2664      1.2664
    0   1.7447         1.7447      0.0001            888.5820      890.0000     -1.4180      1.2133      1.3258
    1   1.7287         1.7286      0.0001           2643.6797     2645.3401     -1.6604      1.1777      1.3743
    2   1.7126         1.7125      0.0001           4365.9570     4367.7998     -1.8428      1.1547      1.4104
    3   1.6965         1.6964      0.0001           6055.3516     6057.3799     -2.0283      1.1367      1.4417
    4   1.6805         1.6803      0.0001           7711.8633     7714.0801     -2.2168      1.1216      1.4703
    5   1.6644         1.6643      0.0001           9335.5000     9337.9004     -2.4004      1.1085      1.4972
    6   1.6483         1.6482      0.0001          10926.2852    10928.7998     -2.5146      1.0968      1.5229
    7   1.6321         1.6321      0.0000          12484.3086    12486.9004     -2.5918      1.0861      1.5479
    8   1.6158         1.6160     -0.0003          14009.7695    14012.0996     -2.3301      1.0763      1.5722
    9   1.5990         1.5999     -0.0009          15503.0078    15504.4004     -1.3926      1.0671      1.5961
   10   1.5817         1.5839     -0.0022          16964.6074    16963.8008      0.8066      1.0585      1.6198
   11   1.5633         1.5678     -0.0045          18395.4922    18390.3008      5.1914      1.0504      1.6433
   12   1.5436         1.5517     -0.0081          19796.7109    19784.0000     12.7109      1.0427      1.6666
  NOISE FACTOR HAS MAXIMUM VALUE OF   0.20E-10
C2 a 3 Pi                                         


  RMIN = 0.750  MAXV   = 12  BE =    1.6325
  RMAX = 3.500  KDMAXV = 12  RE =    1.3122
  DELR = 0.005  NEIG   =  0  DE =57712.6992
  ZMU  = 6.000
 Debugging
 C2 a 3 Pi                                                    0           1           0           0           2   6.00000000      0.750000000       3.50000000       4.99999989E-03          12   1.63246000       57712.6992              12           0
   0.00000000       817.757019       2435.77002       4030.43994       5601.77002       7149.75977       8674.41016       10175.7002       11653.7002       13108.2998       14539.5996       15947.5996       17332.1992       18693.4004       0.00000000       0.00000000       0.00000000       0.00000000       0.00000000       0.00000000       0.00000000       0.00000000       0.00000000       0.00000000       0.00000000       0.00000000       0.00000000       0.00000000       0.00000000       0.00000000       0.00000000       0.00000000       1.63246000       1.62416005       1.60755002       1.59092999       1.57431996       1.55771005       1.54110003       1.52449000       1.50787997       1.49126995       1.47467005       1.45806003       1.44145000       1.42483997       0.00000000       0.00000000       0.00000000       0.00000000       0.00000000       0.00000000       0.00000000       0.00000000       0.00000000       0.00000000       0.00000000       0.00000000       0.00000000       0.00000000       0.00000000       0.00000000       0.00000000       0.00000000    


 THE KLEIN DUNHAM POTENTIAL PRODUCED FOR THIS STATE COVERS THE REGION FROM   1.095 TO   1.725 ANGSTROMS
 THE TO TAL POTENTIAL FUNCTION I

         RADIUS           ENERGY            RADIUS           ENERGY            RADIUS           ENERGY
         0.7500          265731.031         0.7550          257888.047         0.7600          250240.359
         0.7650          242783.531         0.7700          235513.469         0.7750          228425.891
         0.7800          221516.922         0.7850          214782.312         0.7900          208218.547
         0.7950          201821.641         0.8000          195587.906         0.8050          189513.688
         0.8100          183595.469         0.8150          177829.719         0.8200          172213.031
         0.8250          166741.984         0.8300          161413.484         0.8350          156224.250
         0.8400          151171.109         0.8450          146250.953         0.8500          141460.938
         0.8550          136798.031         0.8600          132259.391         0.8650          127842.195
         0.8700          123543.672         0.8750          119361.109         0.8800          115291.891
         0.8850          111333.469         0.8900          107483.297         0.8950          103738.898
         0.9000          100097.820         0.9050           96557.742         0.9100           93116.336
         0.9150           89771.320         0.9200           86520.445         0.9250           83361.633
         0.9300           80292.711         0.9350           77311.578         0.9400           74416.234
         0.9450           71604.656         0.9500           68874.930         0.9550           66225.109
         0.9600           63653.359         0.9650           61157.832         0.9700           58736.777
         0.9750           56388.410         0.9800           54111.066         0.9850           51903.043
         0.9900           49762.688         0.9950           47688.438         1.0000           45678.707
         1.0050           43731.969         1.0100           41846.730         1.0150           40021.508
         1.0200           38254.867         1.0250           36545.430         1.0300           34891.809
         1.0350           33292.652         1.0400           31746.668         1.0450           30252.547
         1.0500           28809.039         1.0550           27414.896         1.0600           26069.008
         1.0650           24770.068         1.0700           23517.047         1.0750           22308.713
         1.0800           21144.066         1.0850           20021.924         1.0900           18941.316
         1.0950           17889.168         1.1000           16901.244         1.1050           15948.339
         1.1100           15030.606         1.1150           14147.034         1.1200           13297.872
         1.1250           12482.155         1.1300           11699.431         1.1350           10948.558
         1.1400           10229.421         1.1450            9541.056         1.1500            8883.021
         1.1550            8254.721         1.1600            7655.180         1.1650            7083.743
         1.1700            6539.843         1.1750            6022.791         1.1800            5531.930
         1.1850            5066.568         1.1900            4625.985         1.1950            4209.600
         1.2000            3816.789         1.2050            3446.950         1.2100            3099.403
         1.2150            2773.617         1.2200            2468.967         1.2250            2184.929
         1.2300            1920.865         1.2350            1676.274         1.2400            1450.589
         1.2450            1243.277         1.2500            1053.838         1.2550             881.760
         1.2600             726.545         1.2650             587.706         1.2700             464.780
         1.2750             357.303         1.2800             264.827         1.2850             186.911
         1.2900             123.155         1.2950              73.104         1.3000              36.342
         1.3050              12.478         1.3100               1.128         1.3150               1.914
         1.3200              14.471         1.3250              38.438         1.3300              73.464
         1.3350             119.207         1.3400             175.332         1.3450             241.513
         1.3500             317.431         1.3550             402.776         1.3600             497.247
         1.3650             600.546         1.3700             712.383         1.3750             832.481
         1.3800             960.564         1.3850            1096.363         1.3900            1239.613
         1.3950            1390.064         1.4000            1547.479         1.4050            1711.602
         1.4100            1882.197         1.4150            2059.044         1.4200            2241.924
1
         1.4250            2430.586         1.4300            2624.847         1.4350            2824.512
         1.4400            3029.345         1.4450            3239.149         1.4500            3453.765
         1.4550            3672.976         1.4600            3896.620         1.4650            4124.513
         1.4700            4356.507         1.4750            4592.389         1.4800            4832.003
         1.4850            5075.228         1.4900            5321.901         1.4950            5571.824
         1.5000            5824.865         1.5050            6080.920         1.5100            6339.867
         1.5150            6601.387         1.5200            6865.613         1.5250            7132.229
         1.5300            7401.180         1.5350            7672.351         1.5400            7945.529
         1.5450            8220.729         1.5500            8497.757         1.5550            8776.544
         1.5600            9056.889         1.5650            9338.889         1.5700            9622.106
         1.5750            9906.790         1.5800           10192.828         1.5850           10479.886
         1.5900           10768.037         1.5950           11057.092         1.6000           11347.053
         1.6050           11637.916         1.6100           11929.139         1.6150           12221.215
         1.6200           12513.896         1.6250           12806.809         1.6300           13100.426
         1.6350           13394.226         1.6400           13688.483         1.6450           13982.783
         1.6500           14277.174         1.6550           14571.801         1.6600           14866.421
         1.6650           15160.943         1.6700           15455.450         1.6750           15749.726
         1.6800           16043.673         1.6850           16337.347         1.6900           16630.717
         1.6950           16923.896         1.7000           17216.523         1.7050           17508.594
         1.7100           17800.322         1.7150           18091.359         1.7200           18381.762
         1.7250           18671.855         1.7300           18960.854         1.7350           19249.277
         1.7400           19536.926         1.7450           19823.742         1.7500           20109.695
         1.7550           20394.760         1.7600           20678.896         1.7650           20962.074
         1.7700           21244.271         1.7750           21525.455         1.7800           21805.594
         1.7850           22084.668         1.7900           22362.652         1.7950           22639.518
         1.8000           22915.246         1.8050           23189.807         1.8100           23463.191
         1.8150           23735.365         1.8200           24006.312         1.8250           24276.027
         1.8300           24544.473         1.8350           24811.643         1.8400           25077.525
         1.8450           25342.090         1.8500           25605.336         1.8550           25867.236
         1.8600           26127.781         1.8650           26386.967         1.8700           26644.775
         1.8750           26901.186         1.8800           27156.207         1.8850           27409.812
         1.8900           27661.998         1.8950           27912.760         1.9000           28162.080
         1.9050           28409.957         1.9100           28656.377         1.9150           28901.340
         1.9200           29144.834         1.9250           29386.861         1.9300           29627.406
         1.9350           29866.477         1.9400           30104.053         1.9450           30340.143
         1.9500           30574.732         1.9550           30807.830         1.9600           31039.428
         1.9650           31269.520         1.9700           31498.117         1.9750           31725.199
         1.9800           31950.773         1.9850           32174.844         1.9900           32397.402
         1.9950           32618.449         2.0000           32837.984         2.0050           33056.023
         2.0100           33272.539         2.0150           33487.551         2.0200           33701.059
         2.0250           33913.074         2.0300           34123.570         2.0350           34332.566
         2.0400           34540.078         2.0450           34746.090         2.0500           34950.594
         2.0550           35153.621         2.0600           35355.152         2.0650           35555.211
         2.0700           35753.781         2.0750           35950.879         2.0800           36146.512
         2.0850           36340.668         2.0900           36533.359         2.0950           36724.605
1
         2.1000           36914.375         2.1050           37102.711         2.1100           37289.602
         2.1150           37475.047         2.1200           37659.055         2.1250           37841.645
         2.1300           38022.812         2.1350           38202.551         2.1400           38380.875
         2.1450           38557.812         2.1500           38733.340         2.1550           38907.469
         2.1600           39080.211         2.1650           39251.582         2.1700           39421.578
         2.1750           39590.195         2.1800           39757.457         2.1850           39923.359
         2.1900           40087.922         2.1950           40251.141         2.2000           40413.016
         2.2050           40573.578         2.2100           40732.816         2.2150           40890.734
         2.2200           41047.344         2.2250           41202.668         2.2300           41356.695
         2.2350           41509.445         2.2400           41660.898         2.2450           41811.098
         2.2500           41960.023         2.2550           42107.707         2.2600           42254.133
         2.2650           42399.324         2.2700           42543.289         2.2750           42686.023
         2.2800           42827.535         2.2850           42967.840         2.2900           43106.949
         2.2950           43244.863         2.3000           43381.582         2.3050           43517.125
         2.3100           43651.504         2.3150           43784.723         2.3200           43916.777
         2.3250           44047.676         2.3300           44177.449         2.3350           44306.090
         2.3400           44433.598         2.3450           44559.988         2.3500           44685.273
         2.3550           44809.457         2.3600           44932.555         2.3650           45054.551
         2.3700           45175.473         2.3750           45295.332         2.3800           45414.117
         2.3850           45531.852         2.3900           45648.539         2.3950           45764.180
         2.4000           45878.801         2.4050           45992.379         2.4100           46104.953
         2.4150           46216.512         2.4200           46327.078         2.4250           46436.637
         2.4300           46545.207         2.4350           46652.805         2.4400           46759.434
         2.4450           46865.090         2.4500           46969.789         2.4550           47073.539
         2.4600           47176.348         2.4650           47278.215         2.4700           47379.160
         2.4750           47479.180         2.4800           47578.293         2.4850           47676.492
         2.4900           47773.789         2.4950           47870.199         2.5000           47965.727
         2.5050           48060.371         2.5100           48154.148         2.5150           48247.059
         2.5200           48339.109         2.5250           48430.312         2.5300           48520.668
         2.5350           48610.191         2.5400           48698.879         2.5450           48786.754
         2.5500           48873.809         2.5550           48960.051         2.5600           49045.492
         2.5650           49130.145         2.5700           49213.996         2.5750           49297.066
         2.5800           49379.367         2.5850           49460.895         2.5900           49541.656
         2.5950           49621.660         2.6000           49700.918         2.6050           49779.434
         2.6100           49857.207         2.6150           49934.250         2.6200           50010.562
         2.6250           50086.164         2.6300           50161.051         2.6350           50235.227
         2.6400           50308.699         2.6450           50381.484         2.6500           50453.582
         2.6550           50524.992         2.6600           50595.723         2.6650           50665.785
         2.6700           50735.184         2.6750           50803.922         2.6800           50872.004
         2.6850           50939.441         2.6900           51006.242         2.6950           51072.395
         2.7000           51137.918         2.7050           51202.824         2.7100           51267.109
         2.7150           51330.773         2.7200           51393.828         2.7250           51456.281
         2.7300           51518.141         2.7350           51579.406         2.7400           51640.082
         2.7450           51700.176         2.7500           51759.688         2.7550           51818.637
         2.7600           51877.012         2.7650           51934.828         2.7700           51992.090
1
         2.7750           52048.797         2.7800           52104.961         2.7850           52160.578
         2.7900           52215.664         2.7950           52270.211         2.8000           52324.234
         2.8050           52377.742         2.8100           52430.723         2.8150           52483.195
         2.8200           52535.164         2.8250           52586.617         2.8300           52637.578
         2.8350           52688.043         2.8400           52738.023         2.8450           52787.516
         2.8500           52836.527         2.8550           52885.059         2.8600           52933.121
         2.8650           52980.727         2.8700           53027.852         2.8750           53074.527
         2.8800           53120.742         2.8850           53166.512         2.8900           53211.836
         2.8950           53256.711         2.9000           53301.152         2.9050           53345.164
         2.9100           53388.738         2.9150           53431.887         2.9200           53474.621
         2.9250           53516.934         2.9300           53558.832         2.9350           53600.316
         2.9400           53641.398         2.9450           53682.078         2.9500           53722.355
         2.9550           53762.242         2.9600           53801.734         2.9650           53840.840
         2.9700           53879.566         2.9750           53917.902         2.9800           53955.867
         2.9850           53993.457         2.9900           54030.684         2.9950           54067.539
         3.0000           54104.031         3.0050           54140.164         3.0100           54175.949
         3.0150           54211.375         3.0200           54246.445         3.0250           54281.176
         3.0300           54315.570         3.0350           54349.613         3.0400           54383.328
         3.0450           54416.711         3.0500           54449.762         3.0550           54482.492
         3.0600           54514.887         3.0650           54546.969         3.0700           54578.730
         3.0750           54610.184         3.0800           54641.324         3.0850           54672.156
         3.0900           54702.676         3.0950           54732.902         3.1000           54762.824
         3.1050           54792.449         3.1100           54821.785         3.1150           54850.832
         3.1200           54879.586         3.1250           54908.059         3.1300           54936.238
         3.1350           54964.152         3.1400           54991.773         3.1450           55019.141
         3.1500           55046.223         3.1550           55073.039         3.1600           55099.582
         3.1650           55125.871         3.1700           55151.895         3.1750           55177.664
         3.1800           55203.172         3.1850           55228.426         3.1900           55253.430
         3.1950           55278.184         3.2000           55302.699         3.2050           55326.961
         3.2100           55350.980         3.2150           55374.770         3.2200           55398.312
         3.2250           55421.621         3.2300           55444.703         3.2350           55467.551
         3.2400           55490.176         3.2450           55512.574         3.2500           55534.742
         3.2550           55556.691         3.2600           55578.430         3.2650           55599.941
         3.2700           55621.238         3.2750           55642.332         3.2800           55663.207
         3.2850           55683.875         3.2900           55704.344         3.2950           55724.594
         3.3000           55744.652         3.3050           55764.508         3.3100           55784.160
         3.3150           55803.621         3.3200           55822.887         3.3250           55841.953
         3.3300           55860.836         3.3350           55879.531         3.3400           55898.035
         3.3450           55916.352         3.3500           55934.488         3.3550           55952.445
         3.3600           55970.215         3.3650           55987.816         3.3700           56005.238
         3.3750           56022.480         3.3800           56039.555         3.3850           56056.457
         3.3900           56073.188         3.3950           56089.754         3.4000           56106.148
         3.4050           56122.383         3.4100           56138.457         3.4150           56154.363
         3.4200           56170.113         3.4250           56185.707         3.4300           56201.137
         3.4350           56216.418         3.4400           56231.551         3.4450           56246.520
1
         3.4500           56261.344         3.4550           56276.020         3.4600           56290.555
         3.4650           56304.934         3.4700           56319.168         3.4750           56333.266
         3.4800           56347.215         3.4850           56361.027         3.4900           56374.703
         3.4950           56388.242         3.5000           56401.637
1V'  B(V)  (CAL)   B(V)  (OBS)    DEVIATION        E(V) (CALC)   E(V) (OBS)   DEVIATION        RMIN     RMAX
   -1   1.6325         1.6325      0.0000              0.0000        0.0000      0.0000      1.3122      1.3122
    0   1.6242         1.6242      0.0000            817.7109      817.7570     -0.0461      1.2570      1.3744
    1   1.6076         1.6076      0.0000           2435.5898     2435.7700     -0.1802      1.2206      1.4251
    2   1.5909         1.5909      0.0000           4030.1719     4030.4399     -0.2681      1.1972      1.4629
    3   1.5743         1.5743      0.0000           5601.4062     5601.7700     -0.3638      1.1793      1.4956
    4   1.5577         1.5577      0.0000           7149.3047     7149.7598     -0.4551      1.1644      1.5253
    5   1.5411         1.5411      0.0000           8673.8633     8674.4102     -0.5469      1.1516      1.5532
    6   1.5245         1.5245      0.0000          10175.0664    10175.7002     -0.6338      1.1404      1.5797
    7   1.5079         1.5079      0.0000          11652.9375    11653.7002     -0.7627      1.1303      1.6053
    8   1.4913         1.4913      0.0000          13107.4922    13108.2998     -0.8076      1.1211      1.6301
    9   1.4746         1.4747     -0.0001          14538.7617    14539.5996     -0.8379      1.1128      1.6545
   10   1.4579         1.4581     -0.0001          15946.7891    15947.5996     -0.8105      1.1050      1.6784
   11   1.4411         1.4414     -0.0003          17331.6523    17332.1992     -0.5469      1.0978      1.7020
   12   1.4242         1.4248     -0.0006          18693.3672    18693.4004     -0.0332      1.0911      1.7254
  NOISE FACTOR HAS MAXIMUM VALUE OF   0.56E-11
1
 
                                V"   V""  FRANCK CONDON FACTOR     R-CENTROID

                                 0   0   0.7237671E+00            0.1293910E+01
                                 0   1   0.2201852E+00            0.1225120E+01
                                 0   2   0.4591514E-01            0.1168013E+01
                                 0   3   0.8348766E-02            0.1118816E+01
                                 0   4   0.1460621E-02            0.1077045E+01
                                 0   5   0.2605901E-03            0.1043288E+01
                                 0   6   0.4928558E-04            0.1018059E+01
                                 0   7   0.1011865E-04            0.1000934E+01
                                 0   8   0.2278166E-05            0.9903407E+00
                                 0   9   0.5623357E-06            0.9841766E+00
                                 0  10   0.1510444E-06            0.9805222E+00
                                 0  11   0.4367251E-07            0.9777185E+00
                                 0  12   0.1337969E-07            0.9742838E+00
 
                                V"   V""  FRANCK CONDON FACTOR     R-CENTROID

                                 1   0   0.2456609E+00            0.1368532E+01
                                 1   1   0.3303354E+00            0.1306381E+01
                                 1   2   0.2883877E+00            0.1233372E+01
                                 1   3   0.1015892E+00            0.1175809E+01
                                 1   4   0.2629940E-01            0.1126653E+01
                                 1   5   0.6007980E-02            0.1084814E+01
                                 1   6   0.1325641E-02            0.1050587E+01
                                 1   7   0.2983337E-03            0.1024422E+01
                                 1   8   0.7080020E-04            0.1006080E+01
                                 1   9   0.1801992E-04            0.9942436E+00
                                 1  10   0.4939620E-05            0.9869128E+00
                                 1  11   0.1452854E-05            0.9820729E+00
                                 1  12   0.4554002E-06            0.9782852E+00
1
 
                                V"   V""  FRANCK CONDON FACTOR     R-CENTROID

                                 2   0   0.2913798E-01            0.1459393E+01
                                 2   1   0.3690497E+00            0.1377081E+01
                                 2   2   0.1163909E+00            0.1325104E+01
                                 2   3   0.2691199E+00            0.1242027E+01
                                 2   4   0.1457374E+00            0.1183580E+01
                                 2   5   0.5071320E-01            0.1134365E+01
                                 2   6   0.1457011E-01            0.1092481E+01
                                 2   7   0.3873961E-02            0.1057888E+01
                                 2   8   0.1017972E-02            0.1030904E+01
                                 2   9   0.2752218E-03            0.1011377E+01
                                 2  10   0.7828944E-04            0.9982675E+00
                                 2  11   0.2364227E-04            0.9898359E+00
                                 2  12   0.7583156E-05            0.9842606E+00
 
                                V"   V""  FRANCK CONDON FACTOR     R-CENTROID

                                 3   0   0.1414848E-02            0.1579042E+01
                                 3   1   0.7525847E-01            0.1467881E+01
                                 3   2   0.4083810E+00            0.1386013E+01
                                 3   3   0.2167723E-01            0.1370960E+01
                                 3   4   0.2088171E+00            0.1251465E+01
                                 3   5   0.1687840E+00            0.1191410E+01
                                 3   6   0.7648692E-01            0.1141988E+01
                                 3   7   0.2697124E-01            0.1100038E+01
                                 3   8   0.8484586E-02            0.1065143E+01
                                 3   9   0.2567588E-02            0.1037461E+01
                                 3  10   0.7825673E-03            0.1016886E+01
                                 3  11   0.2467727E-03            0.1002601E+01
                                 3  12   0.8157000E-04            0.9931231E+00
1
 
                                V"   V""  FRANCK CONDON FACTOR     R-CENTROID

                                 4   0   0.1997451E-04            0.1812817E+01
                                 4   1   0.5087865E-02            0.1589720E+01
                                 4   2   0.1292717E+00            0.1476373E+01
                                 4   3   0.3936593E+00            0.1395540E+01
                                 4   4   0.1011109E-03            0.2912613E+00
                                 4   5   0.1384558E+00            0.1262452E+01
                                 4   6   0.1694780E+00            0.1199426E+01
                                 4   7   0.9845329E-01            0.1149563E+01
                                 4   8   0.4194086E-01            0.1107502E+01
                                 4   9   0.1540744E-01            0.1072355E+01
                                 4  10   0.5314477E-02            0.1044091E+01
                                 4  11   0.1811254E-02            0.1022588E+01
                                 4  12   0.6290554E-03            0.1007202E+01
 
                                V"   V""  FRANCK CONDON FACTOR     R-CENTROID

                                 5   0   0.2446925E-08           -0.2808719E+01
                                 5   1   0.8580826E-04            0.1837867E+01
                                 5   2   0.1143354E-01            0.1600363E+01
                                 5   3   0.1846237E+00            0.1484908E+01
                                 5   4   0.3476676E+00            0.1405978E+01
                                 5   5   0.1793126E-01            0.1237589E+01
                                 5   6   0.7652511E-01            0.1276788E+01
                                 5   7   0.1518000E+00            0.1207822E+01
                                 5   8   0.1126719E+00            0.1157161E+01
                                 5   9   0.5743124E-01            0.1114906E+01
                                 5  10   0.2440963E-01            0.1079520E+01
                                 5  11   0.9522008E-02            0.1050761E+01
                                 5  12   0.3606447E-02            0.1028465E+01
1
 
                                V"   V""  FRANCK CONDON FACTOR     R-CENTROID

                                 6   0   0.5895548E-08            0.1636736E+01
                                 6   1   0.6018129E-07           -0.4922079E+00
                                 6   2   0.2193726E-03            0.1865138E+01
                                 6   3   0.2054595E-01            0.1611021E+01
                                 6   4   0.2368881E+00            0.1493524E+01
                                 6   5   0.2870177E+00            0.1417808E+01
                                 6   6   0.5182350E-01            0.1275051E+01
                                 6   7   0.3201523E-01            0.1299903E+01
                                 6   8   0.1223022E+00            0.1216936E+01
                                 6   9   0.1170676E+00            0.1164868E+01
                                 6  10   0.7109033E-01            0.1122289E+01
                                 6  11   0.3473931E-01            0.1086659E+01
                                 6  12   0.1523654E-01            0.1057465E+01
 
                                V"   V""  FRANCK CONDON FACTOR     R-CENTROID

                                 7   0   0.2865574E-12           -0.8754503E+01
                                 7   1   0.4425539E-07            0.1678617E+01
                                 7   2   0.4820699E-06            0.2787849E+00
                                 7   3   0.4322056E-03            0.1894929E+01
                                 7   4   0.3229685E-01            0.1621713E+01
                                 7   5   0.2833209E+00            0.1502274E+01
                                 7   6   0.2232214E+00            0.1431786E+01
                                 7   7   0.8680949E-01            0.1291220E+01
                                 7   8   0.7187384E-02            0.1359396E+01
                                 7   9   0.8807804E-01            0.1227410E+01
                                 7  10   0.1115595E+00            0.1172827E+01
                                 7  11   0.8076842E-01            0.1129708E+01
                                 7  12   0.4521838E-01            0.1093804E+01
1
 
                                V"   V""  FRANCK CONDON FACTOR     R-CENTROID

                                 8   0   0.5929238E-12            0.2135017E+01
                                 8   1   0.1103198E-10           -0.3100929E+01
                                 8   2   0.1816085E-06            0.1726108E+01
                                 8   3   0.2279117E-05            0.6604709E+00
                                 8   4   0.7216942E-03            0.1927986E+01
                                 8   5   0.4641407E-01            0.1632452E+01
                                 8   6   0.3224994E+00            0.1511230E+01
                                 8   7   0.1637248E+00            0.1449139E+01
                                 8   8   0.1143671E+00            0.1301598E+01
                                 8   9   0.3184666E-05           -0.3581495E+01
                                 8  10   0.5535048E-01            0.1240590E+01
                                 8  11   0.9778066E-01            0.1181270E+01
                                 8  12   0.8495709E-01            0.1137244E+01
 
                                V"   V""  FRANCK CONDON FACTOR     R-CENTROID

                                 9   0   0.4984228E-13            0.9176320E+00
                                 9   1   0.2828586E-10            0.1752610E+01
                                 9   2   0.2661463E-09           -0.4633393E+00
                                 9   3   0.5448443E-06            0.1775140E+01
                                 9   4   0.7860113E-05            0.8900222E+00
                                 9   5   0.1069720E-02            0.1965235E+01
                                 9   6   0.6252125E-01            0.1643287E+01
                                 9   7   0.3540090E+00            0.1520486E+01
                                 9   8   0.1128427E+00            0.1471969E+01
                                 9   9   0.1307164E+00            0.1309441E+01
                                 9  10   0.6082976E-02            0.1157750E+01
                                 9  11   0.2866172E-01            0.1259841E+01
                                 9  12   0.7854118E-01            0.1190580E+01
1
 
                                V"   V""  FRANCK CONDON FACTOR     R-CENTROID

                                10   0   0.5415144E-12            0.1281961E+01
                                10   1   0.3142263E-12            0.5562963E+00
                                10   2   0.1819960E-09            0.1810075E+01
                                10   3   0.2841715E-08            0.4320831E+00
                                10   4   0.1317715E-05            0.1828794E+01
                                10   5   0.2211363E-04            0.1048157E+01
                                10   6   0.1439031E-02            0.2008626E+01
                                10   7   0.8013392E-01            0.1654331E+01
                                10   8   0.3781926E+00            0.1530165E+01
                                10   9   0.7250699E-01            0.1504008E+01
                                10  10   0.1354135E+00            0.1315843E+01
                                10  11   0.2018906E-01            0.1213201E+01
                                10  12   0.1053749E-01            0.1296745E+01
 
                                V"   V""  FRANCK CONDON FACTOR     R-CENTROID

                                11   0   0.1350030E-12            0.1281041E+01
                                11   1   0.1591325E-12            0.1166339E+01
                                11   2   0.3514486E-12           -0.5773424E-01
                                11   3   0.6925102E-09            0.1908702E+01
                                11   4   0.1613977E-07            0.7969618E+00
                                11   5   0.2733791E-05            0.1887733E+01
                                11   6   0.5390257E-04            0.1167378E+01
                                11   7   0.1772808E-02            0.2061320E+01
                                11   8   0.9867088E-01            0.1665728E+01
                                11   9   0.3960034E+00            0.1540415E+01
                                11  10   0.4288526E-01            0.1552326E+01
                                11  11   0.1301152E+00            0.1321209E+01
                                11  12   0.3734069E-01            0.1234811E+01
1
 
                                V"   V""  FRANCK CONDON FACTOR     R-CENTROID

                                12   0   0.5514472E-13            0.1329550E+01
                                12   1   0.1296587E-14            0.2082889E+01
                                12   2   0.3363916E-12            0.1772810E+01
                                12   3   0.1114818E-10            0.1069796E+01
                                12   4   0.1685598E-08            0.2071674E+01
                                12   5   0.6557437E-07            0.1009516E+01
                                12   6   0.4950935E-05            0.1956255E+01
                                12   7   0.1173416E-03            0.1262502E+01
                                12   8   0.2000390E-02            0.2128346E+01
                                12   9   0.1174401E+00            0.1677689E+01
                                12  10   0.4088993E+00            0.1551400E+01
                                12  11   0.2293380E-01            0.1631278E+01
                                12  12   0.1175608E+00            0.1325601E+01
1R-CENTROID TABLE 

   1.294 1.225 1.168 1.119 1.077 1.043 1.018 1.001 0.990 0.984 0.981 0.978 0.974
   1.369 1.306 1.233 1.176 1.127 1.085 1.051 1.024 1.006 0.994 0.987 0.982 0.978
   1.459 1.377 1.325 1.242 1.184 1.134 1.092 1.058 1.031 1.011 0.998 0.990 0.984
   1.579 1.468 1.386 1.371 1.251 1.191 1.142 1.100 1.065 1.037 1.017 1.003 0.993
   1.813 1.590 1.476 1.396 0.291 1.262 1.199 1.150 1.108 1.072 1.044 1.023 1.007
  -2.809 1.838 1.600 1.485 1.406 1.238 1.277 1.208 1.157 1.115 1.080 1.051 1.028
   1.637-0.492 1.865 1.611 1.494 1.418 1.275 1.300 1.217 1.165 1.122 1.087 1.057
  -8.755 1.679 0.279 1.895 1.622 1.502 1.432 1.291 1.359 1.227 1.173 1.130 1.094
   2.135-3.101 1.726 0.660 1.928 1.632 1.511 1.449 1.302-3.581 1.241 1.181 1.137
   0.918 1.753-0.463 1.775 0.890 1.965 1.643 1.520 1.472 1.309 1.158 1.260 1.191
   1.282 0.556 1.810 0.432 1.829 1.048 2.009 1.654 1.530 1.504 1.316 1.213 1.297
   1.281 1.166-0.058 1.909 0.797 1.888 1.167 2.061 1.666 1.540 1.552 1.321 1.235
   1.330 2.083 1.773 1.070 2.072 1.010 1.956 1.263 2.128 1.678 1.551 1.631 1.326
1 FRANCK CONDON FACTOR TABLE  

    7.24E-01 2.20E-01 4.59E-02 8.35E-03 1.46E-03 2.61E-04 4.93E-05 1.01E-05 2.28E-06 5.62E-07 1.51E-07 4.37E-08 1.34E-08
    2.46E-01 3.30E-01 2.88E-01 1.02E-01 2.63E-02 6.01E-03 1.33E-03 2.98E-04 7.08E-05 1.80E-05 4.94E-06 1.45E-06 4.55E-07
    2.91E-02 3.69E-01 1.16E-01 2.69E-01 1.46E-01 5.07E-02 1.46E-02 3.87E-03 1.02E-03 2.75E-04 7.83E-05 2.36E-05 7.58E-06
    1.41E-03 7.53E-02 4.08E-01 2.17E-02 2.09E-01 1.69E-01 7.65E-02 2.70E-02 8.48E-03 2.57E-03 7.83E-04 2.47E-04 8.16E-05
    2.00E-05 5.09E-03 1.29E-01 3.94E-01 1.01E-04 1.38E-01 1.69E-01 9.85E-02 4.19E-02 1.54E-02 5.31E-03 1.81E-03 6.29E-04
    2.45E-09 8.58E-05 1.14E-02 1.85E-01 3.48E-01 1.79E-02 7.65E-02 1.52E-01 1.13E-01 5.74E-02 2.44E-02 9.52E-03 3.61E-03
    5.90E-09 6.02E-08 2.19E-04 2.05E-02 2.37E-01 2.87E-01 5.18E-02 3.20E-02 1.22E-01 1.17E-01 7.11E-02 3.47E-02 1.52E-02
    2.87E-13 4.43E-08 4.82E-07 4.32E-04 3.23E-02 2.83E-01 2.23E-01 8.68E-02 7.19E-03 8.81E-02 1.12E-01 8.08E-02 4.52E-02
    5.93E-13 1.10E-11 1.82E-07 2.28E-06 7.22E-04 4.64E-02 3.22E-01 1.64E-01 1.14E-01 3.18E-06 5.54E-02 9.78E-02 8.50E-02
    4.98E-14 2.83E-11 2.66E-10 5.45E-07 7.86E-06 1.07E-03 6.25E-02 3.54E-01 1.13E-01 1.31E-01 6.08E-03 2.87E-02 7.85E-02
    5.42E-13 3.14E-13 1.82E-10 2.84E-09 1.32E-06 2.21E-05 1.44E-03 8.01E-02 3.78E-01 7.25E-02 1.35E-01 2.02E-02 1.05E-02
    1.35E-13 1.59E-13 3.51E-13 6.93E-10 1.61E-08 2.73E-06 5.39E-05 1.77E-03 9.87E-02 3.96E-01 4.29E-02 1.30E-01 3.73E-02
    5.51E-14 1.30E-15 3.36E-13 1.11E-11 1.69E-09 6.56E-08 4.95E-06 1.17E-04 2.00E-03 1.17E-01 4.09E-01 2.29E-02 1.18E-01
1
 V'=   0 SUM OF FCF'S FOR V''=0, 12 IS  9.9999988E-01
 V'=   1 SUM OF FCF'S FOR V''=0, 12 IS  1.0000001E+00
 V'=   2 SUM OF FCF'S FOR V''=0, 12 IS  9.9999571E-01
 V'=   3 SUM OF FCF'S FOR V''=0, 12 IS  9.9995399E-01
 V'=   4 SUM OF FCF'S FOR V''=0, 12 IS  9.9963015E-01
 V'=   5 SUM OF FCF'S FOR V''=0, 12 IS  9.9770826E-01
 V'=   6 SUM OF FCF'S FOR V''=0, 12 IS  9.8894590E-01
 V'=   7 SUM OF FCF'S FOR V''=0, 12 IS  9.5889300E-01
 V'=   8 SUM OF FCF'S FOR V''=0, 12 IS  8.8582087E-01
 V'=   9 SUM OF FCF'S FOR V''=0, 12 IS  7.7445334E-01
 V'=  10 SUM OF FCF'S FOR V''=0, 12 IS  6.9843596E-01
 V'=  11 SUM OF FCF'S FOR V''=0, 12 IS  7.0684481E-01
 V'=  12 SUM OF FCF'S FOR V''=0, 12 IS  6.6895670E-01
 V""=  0 SUM OF FCF"S FOR V"=0, 12 IS  1.0000007E+00
 V""=  1 SUM OF FCF"S FOR V"=0, 12 IS  1.0000026E+00
 V""=  2 SUM OF FCF"S FOR V"=0, 12 IS  1.0000000E+00
 V""=  3 SUM OF FCF"S FOR V"=0, 12 IS  9.9999905E-01
 V""=  4 SUM OF FCF"S FOR V"=0, 12 IS  9.9999911E-01
 V""=  5 SUM OF FCF"S FOR V"=0, 12 IS  1.0000001E+00
 V""=  6 SUM OF FCF"S FOR V"=0, 12 IS  9.9999845E-01
 V""=  7 SUM OF FCF"S FOR V"=0, 12 IS  9.9998951E-01
 V""=  8 SUM OF FCF"S FOR V"=0, 12 IS  9.9975169E-01
 V""=  9 SUM OF FCF"S FOR V"=0, 12 IS  9.9751574E-01
 V""= 10 SUM OF FCF"S FOR V"=0, 12 IS  8.6187136E-01
 V""= 11 SUM OF FCF"S FOR V"=0, 12 IS  4.2679331E-01
 V""= 12 SUM OF FCF"S FOR V"=0, 12 IS  3.9371726E-01
