


  RMIN =  .750  MAXV   = 10  BE =   14.9340
  RMAX = 3.500  KDMAXV = 10  RE =    1.1021
  DELR =  .005  NEIG   =  0  DE =25000.0000
  ZMU  =  .930


 THE KLEIN DUNHAM POTENTIAL PRODUCED FOR THIS STATE COVERS THE REGION FROM    .780 TO   2.375 ANGSTROMS
 THE TO TAL POTENTIAL FUNCTION I

         RADIUS           ENERGY            RADIUS           ENERGY            RADIUS           ENERGY
          .7500           26170.980          .7550           25150.580          .7600           24160.320
          .7650           23199.520          .7700           22267.490          .7750           21363.560
          .7800           19966.290          .7850           19645.380          .7900           19289.230
          .7950           18896.890          .8000           18469.640          .8050           18009.240
          .8100           17518.030          .8150           16999.740          .8200           16458.630
          .8250           15899.070          .8300           15325.820          .8350           14743.060
          .8400           14155.350          .8450           13566.190          .8500           12978.990
          .8550           12396.840          .8600           11822.140          .8650           11257.000
          .8700           10703.080          .8750           10161.690          .8800            9634.124
          .8850            9121.177          .8900            8623.371          .8950            8141.310
          .9000            7675.210          .9050            7225.301          .9100            6791.630
          .9150            6374.255          .9200            5973.072          .9250            5587.941
          .9300            5218.737          .9350            4865.208          .9400            4527.063
          .9450            4204.124          .9500            3896.038          .9550            3602.540
          .9600            3323.275          .9650            3057.949          .9700            2806.227
          .9750            2567.774          .9800            2342.241          .9850            2129.322
          .9900            1928.676          .9950            1739.965         1.0000            1562.862
         1.0050            1397.041         1.0100            1242.195         1.0150            1098.005
         1.0200             964.161         1.0250             840.360         1.0300             726.305
         1.0350             621.704         1.0400             526.272         1.0450             439.729
         1.0500             361.801         1.0550             292.221         1.0600             230.882
         1.0650             177.311         1.0700             131.272         1.0750              92.533
         1.0800              60.867         1.0850              36.050         1.0900              17.864
         1.0950               6.096         1.1000                .534         1.1050                .975
         1.1100               7.218         1.1150              19.066         1.1200              36.329
         1.1250              58.818         1.1300              86.351         1.1350             118.751
         1.1400             155.843         1.1450             197.458         1.1500             243.432
         1.1550             293.604         1.1600             347.819         1.1650             405.925
         1.1700             467.775         1.1750             533.228         1.1800             602.146
         1.1850             674.395         1.1900             749.846         1.1950             828.376
         1.2000             909.856         1.2050             994.156         1.2100            1081.165
         1.2150            1170.771         1.2200            1262.862         1.2250            1357.332
         1.2300            1454.079         1.2350            1552.995         1.2400            1653.984
         1.2450            1756.951         1.2500            1861.800         1.2550            1968.443
         1.2600            2076.790         1.2650            2186.760         1.2700            2298.272
         1.2750            2411.242         1.2800            2525.591         1.2850            2641.241
         1.2900            2758.121         1.2950            2876.159         1.3000            2995.286
         1.3050            3115.438         1.3100            3236.542         1.3150            3358.546
         1.3200            3481.385         1.3250            3604.994         1.3300            3729.316
         1.3350            3854.295         1.3400            3979.878         1.3450            4106.019
         1.3500            4232.663         1.3550            4359.755         1.3600            4487.258
         1.3650            4615.119         1.3700            4743.296         1.3750            4871.743
         1.3800            5000.414         1.3850            5129.263         1.3900            5258.257
         1.3950            5387.374         1.4000            5516.561         1.4050            5645.786
         1.4100            5775.015         1.4150            5904.216         1.4200            6033.353
1
         1.4250            6162.391         1.4300            6291.322         1.4350            6420.092
         1.4400            6548.662         1.4450            6677.027         1.4500            6805.174
         1.4550            6933.076         1.4600            7060.697         1.4650            7187.990
         1.4700            7314.947         1.4750            7441.560         1.4800            7567.802
         1.4850            7693.657         1.4900            7819.101         1.4950            7944.116
         1.5000            8068.687         1.5050            8192.814         1.5100            8316.447
         1.5150            8439.546         1.5200            8562.141         1.5250            8684.239
         1.5300            8805.822         1.5350            8926.848         1.5400            9047.248
         1.5450            9167.106         1.5500            9286.368         1.5550            9405.014
         1.5600            9523.048         1.5650            9640.473         1.5700            9757.279
         1.5750            9873.453         1.5800            9988.966         1.5850           10103.800
         1.5900           10217.980         1.5950           10331.490         1.6000           10444.340
         1.6050           10556.510         1.6100           10667.990         1.6150           10778.780
         1.6200           10888.790         1.6250           10998.150         1.6300           11106.820
         1.6350           11214.780         1.6400           11321.980         1.6450           11428.440
         1.6500           11534.170         1.6550           11639.230         1.6600           11743.530
         1.6650           11847.080         1.6700           11949.890         1.6750           12051.980
         1.6800           12153.330         1.6850           12253.940         1.6900           12353.790
         1.6950           12452.860         1.7000           12551.230         1.7050           12648.840
         1.7100           12745.710         1.7150           12841.820         1.7200           12937.190
         1.7250           13031.800         1.7300           13125.680         1.7350           13218.790
         1.7400           13311.130         1.7450           13402.790         1.7500           13493.720
         1.7550           13583.900         1.7600           13673.310         1.7650           13761.960
         1.7700           13849.870         1.7750           13937.090         1.7800           14023.570
         1.7850           14109.270         1.7900           14194.240         1.7950           14278.500
         1.8000           14362.060         1.8050           14444.910         1.8100           14527.040
         1.8150           14608.390         1.8200           14689.000         1.8250           14768.970
         1.8300           14848.240         1.8350           14926.790         1.8400           15004.620
         1.8450           15081.740         1.8500           15158.150         1.8550           15233.880
         1.8600           15308.980         1.8650           15383.360         1.8700           15457.050
         1.8750           15530.060         1.8800           15602.380         1.8850           15674.030
         1.8900           15745.000         1.8950           15815.300         1.9000           15884.960
         1.9050           15953.960         1.9100           16022.310         1.9150           16090.010
         1.9200           16157.070         1.9250           16223.500         1.9300           16289.290
         1.9350           16354.440         1.9400           16418.960         1.9450           16482.840
         1.9500           16546.090         1.9550           16608.780         1.9600           16670.810
         1.9650           16732.210         1.9700           16793.020         1.9750           16853.240
         1.9800           16912.870         1.9850           16971.920         1.9900           17030.380
         1.9950           17088.230         2.0000           17145.490         2.0050           17202.230
         2.0100           17258.400         2.0150           17313.980         2.0200           17369.010
         2.0250           17423.460         2.0300           17477.370         2.0350           17530.710
         2.0400           17583.510         2.0450           17635.750         2.0500           17687.520
         2.0550           17738.770         2.0600           17789.460         2.0650           17839.590
         2.0700           17889.210         2.0750           17938.320         2.0800           17986.940
         2.0850           18035.070         2.0900           18082.700         2.0950           18129.820
1
         2.1000           18176.410         2.1050           18222.490         2.1100           18268.140
         2.1150           18313.330         2.1200           18358.040         2.1250           18402.270
         2.1300           18446.000         2.1350           18489.240         2.1400           18532.020
         2.1450           18574.350         2.1500           18616.260         2.1550           18657.810
         2.1600           18698.890         2.1650           18739.470         2.1700           18779.580
         2.1750           18819.250         2.1800           18858.520         2.1850           18897.380
         2.1900           18935.850         2.1950           18973.920         2.2000           19011.580
         2.2050           19048.810         2.2100           19085.580         2.2150           19121.880
         2.2200           19157.900         2.2250           19193.520         2.2300           19228.750
         2.2350           19263.600         2.2400           19298.060         2.2450           19332.150
         2.2500           19365.860         2.2550           19399.200         2.2600           19432.170
         2.2650           19464.770         2.2700           19497.000         2.2750           19528.870
         2.2800           19560.330         2.2850           19591.470         2.2900           19622.320
         2.2950           19652.850         2.3000           19683.050         2.3050           19712.890
         2.3100           19742.390         2.3150           19771.520         2.3200           19800.310
         2.3250           19828.770         2.3300           19856.900         2.3350           19884.740
         2.3400           19912.310         2.3450           19939.630         2.3500           19966.580
         2.3550           19993.210         2.3600           20019.550         2.3650           20045.580
         2.3700           20071.300         2.3750           20096.730         2.3800           20122.210
         2.3850           20147.480         2.3900           20172.630         2.3950           20197.660
         2.4000           20222.560         2.4050           20247.340         2.4100           20272.010
         2.4150           20296.550         2.4200           20320.970         2.4250           20345.270
         2.4300           20369.460         2.4350           20393.520         2.4400           20417.470
         2.4450           20441.300         2.4500           20465.020         2.4550           20488.620
         2.4600           20512.100         2.4650           20535.470         2.4700           20558.720
         2.4750           20581.860         2.4800           20604.880         2.4850           20627.790
         2.4900           20650.590         2.4950           20673.280         2.5000           20695.850
         2.5050           20718.310         2.5100           20740.670         2.5150           20762.910
         2.5200           20785.040         2.5250           20807.060         2.5300           20828.970
         2.5350           20850.780         2.5400           20872.470         2.5450           20894.060
         2.5500           20915.540         2.5550           20936.920         2.5600           20958.190
         2.5650           20979.350         2.5700           21000.410         2.5750           21021.360
         2.5800           21042.210         2.5850           21062.950         2.5900           21083.590
         2.5950           21104.130         2.6000           21124.570         2.6050           21144.900
         2.6100           21165.130         2.6150           21185.260         2.6200           21205.290
         2.6250           21225.220         2.6300           21245.050         2.6350           21264.780
         2.6400           21284.410         2.6450           21303.950         2.6500           21323.380
         2.6550           21342.720         2.6600           21361.960         2.6650           21381.100
         2.6700           21400.150         2.6750           21419.100         2.6800           21437.950
         2.6850           21456.710         2.6900           21475.380         2.6950           21493.950
         2.7000           21512.430         2.7050           21530.810         2.7100           21549.110
         2.7150           21567.300         2.7200           21585.410         2.7250           21603.430
         2.7300           21621.350         2.7350           21639.190         2.7400           21656.930
         2.7450           21674.580         2.7500           21692.150         2.7550           21709.620
         2.7600           21727.010         2.7650           21744.300         2.7700           21761.510
1
         2.7750           21778.640         2.7800           21795.670         2.7850           21812.620
         2.7900           21829.480         2.7950           21846.260         2.8000           21862.950
         2.8050           21879.550         2.8100           21896.080         2.8150           21912.510
         2.8200           21928.870         2.8250           21945.130         2.8300           21961.320
         2.8350           21977.420         2.8400           21993.450         2.8450           22009.380
         2.8500           22025.240         2.8550           22041.020         2.8600           22056.710
         2.8650           22072.330         2.8700           22087.870         2.8750           22103.320
         2.8800           22118.700         2.8850           22134.000         2.8900           22149.210
         2.8950           22164.360         2.9000           22179.420         2.9050           22194.400
         2.9100           22209.310         2.9150           22224.140         2.9200           22238.900
         2.9250           22253.580         2.9300           22268.190         2.9350           22282.710
         2.9400           22297.170         2.9450           22311.550         2.9500           22325.850
         2.9550           22340.080         2.9600           22354.240         2.9650           22368.330
         2.9700           22382.340         2.9750           22396.280         2.9800           22410.150
         2.9850           22423.940         2.9900           22437.670         2.9950           22451.320
         3.0000           22464.910         3.0050           22478.420         3.0100           22491.860
         3.0150           22505.240         3.0200           22518.540         3.0250           22531.780
         3.0300           22544.940         3.0350           22558.040         3.0400           22571.070
         3.0450           22584.030         3.0500           22596.930         3.0550           22609.760
         3.0600           22622.520         3.0650           22635.210         3.0700           22647.840
         3.0750           22660.410         3.0800           22672.910         3.0850           22685.340
         3.0900           22697.710         3.0950           22710.010         3.1000           22722.250
         3.1050           22734.430         3.1100           22746.540         3.1150           22758.590
         3.1200           22770.580         3.1250           22782.500         3.1300           22794.370
         3.1350           22806.170         3.1400           22817.910         3.1450           22829.580
         3.1500           22841.200         3.1550           22852.760         3.1600           22864.250
         3.1650           22875.690         3.1700           22887.060         3.1750           22898.380
         3.1800           22909.640         3.1850           22920.830         3.1900           22931.970
         3.1950           22943.060         3.2000           22954.080         3.2050           22965.040
         3.2100           22975.950         3.2150           22986.800         3.2200           22997.600
         3.2250           23008.330         3.2300           23019.020         3.2350           23029.640
         3.2400           23040.210         3.2450           23050.720         3.2500           23061.180
         3.2550           23071.590         3.2600           23081.940         3.2650           23092.230
         3.2700           23102.470         3.2750           23112.660         3.2800           23122.790
         3.2850           23132.870         3.2900           23142.900         3.2950           23152.870
         3.3000           23162.790         3.3050           23172.660         3.3100           23182.480
         3.3150           23192.250         3.3200           23201.960         3.3250           23211.630
         3.3300           23221.240         3.3350           23230.800         3.3400           23240.310
         3.3450           23249.770         3.3500           23259.180         3.3550           23268.540
         3.3600           23277.860         3.3650           23287.120         3.3700           23296.330
         3.3750           23305.500         3.3800           23314.620         3.3850           23323.680
         3.3900           23332.710         3.3950           23341.680         3.4000           23350.600
         3.4050           23359.480         3.4100           23368.310         3.4150           23377.100
         3.4200           23385.840         3.4250           23394.530         3.4300           23403.180
         3.4350           23411.780         3.4400           23420.330         3.4450           23428.840
1
         3.4500           23437.310         3.4550           23445.730         3.4600           23454.100
         3.4650           23462.430         3.4700           23470.720         3.4750           23478.960
         3.4800           23487.160         3.4850           23495.320         3.4900           23503.430
         3.4950           23511.500         3.5000           23519.530
1V'  B(V)  (CAL)   B(V)  (OBS)    DEVIATION        E(V)ALC)   E(V) (OBS)   DEVIATION        RMIN     RMAX   
   -1  14.9340        14.9340       .0000               .0000         .0000       .0000      1.1021      1.1021
    0  14.5893        14.5855       .0038           1439.6650     1441.1900     -1.5250      1.0036      1.2293
    1  13.8974        13.8885       .0089           4174.8820     4178.5900     -3.7080       .9454      1.3479
    2  13.2062        13.1915       .0147           6716.5210     6722.6900     -6.1694       .9108      1.4468
    3  12.5126        12.4945       .0181           9064.9590     9073.4900     -8.5313       .8855      1.5411
    4  11.8088        11.7975       .0113          11221.2200    11230.9900     -9.7695       .8652      1.6358
    5  11.0838        11.1005      -.0167          13186.8500    13195.1900     -8.3408       .8482      1.7337
    6  10.3254        10.4035      -.0780          14963.4200    14966.0900     -2.6729       .8331      1.8375
    7   9.5240         9.7065      -.1825          16551.7900    16543.6900      8.0996       .8192      1.9498
    8   8.6732         9.0095      -.3363          17951.6200    17927.9900     23.6328       .8058      2.0739
    9   7.7709         8.3125      -.5416          19161.1900    19118.9900     42.1992       .7922      2.2146
   10   6.8428         7.6155      -.7727          20180.1200    20116.6900     63.4258       .7774      2.3790
  NOISE FACTOR HAS MAXIMUM VALUE OF    .29E-09



  RMIN =  .750  MAXV   = 10  BE =   14.4570
  RMAX = 3.500  KDMAXV = 10  RE =    1.1201
  DELR =  .005  NEIG   =  0  DE =29361.0400
  ZMU  =  .930


 THE KLEIN DUNHAM POTENTIAL PRODUCED FOR THIS STATE COVERS THE REGION FROM    .805 TO   2.125 ANGSTROMS
 THE TO TAL POTENTIAL FUNCTION I

         RADIUS           ENERGY            RADIUS           ENERGY            RADIUS           ENERGY
          .7500           35237.480          .7550           33909.690          .7600           32620.220
          .7650           31368.190          .7700           30152.750          .7750           28973.050
          .7800           27828.280          .7850           26717.620          .7900           25640.290
          .7950           24595.510          .8000           23582.530          .8050           22607.630
          .8100           21652.390          .8150           20717.440          .8200           19806.780
          .8250           18921.290          .8300           18062.960          .8350           17231.960
          .8400           16428.340          .8450           15652.000          .8500           14902.520
          .8550           14179.330          .8600           13482.240          .8650           12810.440
          .8700           12163.400          .8750           11540.330          .8800           10940.710
          .8850           10363.830          .8900            9809.047          .8950            9275.729
          .9000            8763.322          .9050            8271.230          .9100            7798.735
          .9150            7345.373          .9200            6910.546          .9250            6493.766
          .9300            6094.424          .9350            5712.054          .9400            5346.182
          .9450            4996.316          .9500            4661.971          .9550            4342.750
          .9600            4038.160          .9650            3747.822          .9700            3471.280
          .9750            3208.197          .9800            2958.165          .9850            2720.793
          .9900            2495.743          .9950            2282.655         1.0000            2081.190
         1.0050            1891.020         1.0100            1711.825         1.0150            1543.293
         1.0200            1385.119         1.0250            1237.013         1.0300            1098.689
         1.0350             969.871         1.0400             850.289         1.0450             739.681
         1.0500             637.793         1.0550             544.378         1.0600             459.196
         1.0650             382.013         1.0700             312.606         1.0750             250.842
         1.0800             196.425         1.0850             149.080         1.0900             108.615
         1.0950              74.841         1.1000              47.574         1.1050              26.632
         1.1100              11.839         1.1150               3.019         1.1200                .002
         1.1250               2.622         1.1300              10.715         1.1350              24.120
         1.1400              42.681         1.1450              66.246         1.1500              94.664
         1.1550             127.790         1.1600             165.481         1.1650             207.599
         1.1700             254.008         1.1750             304.576         1.1800             359.175
         1.1850             417.679         1.1900             479.970         1.1950             545.926
         1.2000             615.435         1.2050             688.386         1.2100             764.671
         1.2150             844.187         1.2200             926.814         1.2250            1012.457
         1.2300            1101.018         1.2350            1192.400         1.2400            1286.507
         1.2450            1383.247         1.2500            1482.530         1.2550            1584.268
         1.2600            1688.375         1.2650            1794.768         1.2700            1903.366
         1.2750            2014.088         1.2800            2126.856         1.2850            2241.599
         1.2900            2358.239         1.2950            2476.705         1.3000            2596.924
         1.3050            2718.829         1.3100            2842.354         1.3150            2967.437
         1.3200            3094.015         1.3250            3222.011         1.3300            3351.385
         1.3350            3482.070         1.3400            3614.002         1.3450            3747.123
         1.3500            3881.380         1.3550            4016.727         1.3600            4153.119
         1.3650            4290.489         1.3700            4428.792         1.3750            4567.980
         1.3800            4708.008         1.3850            4848.830         1.3900            4990.402
         1.3950            5132.680         1.4000            5275.613         1.4050            5419.159
         1.4100            5563.293         1.4150            5707.977         1.4200            5853.168
1
         1.4250            5998.822         1.4300            6144.890         1.4350            6291.354
         1.4400            6438.184         1.4450            6585.309         1.4500            6732.736
         1.4550            6880.438         1.4600            7028.382         1.4650            7176.513
         1.4700            7324.770         1.4750            7473.200         1.4800            7621.757
         1.4850            7770.390         1.4900            7919.063         1.4950            8067.767
         1.5000            8216.508         1.5050            8365.244         1.5100            8513.881
         1.5150            8662.448         1.5200            8810.956         1.5250            8959.381
         1.5300            9107.674         1.5350            9255.774         1.5400            9403.758
         1.5450            9551.535         1.5500            9699.087         1.5550            9846.399
         1.5600            9993.470         1.5650           10140.300         1.5700           10286.840
         1.5750           10433.060         1.5800           10578.980         1.5850           10724.580
         1.5900           10869.860         1.5950           11014.790         1.6000           11159.310
         1.6050           11303.460         1.6100           11447.220         1.6150           11590.560
         1.6200           11733.480         1.6250           11875.960         1.6300           12018.010
         1.6350           12159.600         1.6400           12300.720         1.6450           12441.380
         1.6500           12581.540         1.6550           12721.190         1.6600           12860.320
         1.6650           12998.960         1.6700           13137.100         1.6750           13274.680
         1.6800           13411.700         1.6850           13548.170         1.6900           13684.110
         1.6950           13819.510         1.7000           13954.290         1.7050           14088.500
         1.7100           14222.140         1.7150           14355.210         1.7200           14487.690
         1.7250           14619.540         1.7300           14750.820         1.7350           14881.460
         1.7400           15011.440         1.7450           15140.820         1.7500           15269.610
         1.7550           15397.790         1.7600           15525.310         1.7650           15652.180
         1.7700           15778.410         1.7750           15904.000         1.7800           16028.940
         1.7850           16153.230         1.7900           16276.880         1.7950           16399.850
         1.8000           16522.160         1.8050           16643.830         1.8100           16764.860
         1.8150           16885.230         1.8200           17004.910         1.8250           17123.850
         1.8300           17242.200         1.8350           17359.900         1.8400           17476.920
         1.8450           17593.250         1.8500           17708.900         1.8550           17823.870
         1.8600           17938.110         1.8650           18051.720         1.8700           18164.730
         1.8750           18277.040         1.8800           18388.620         1.8850           18499.480
         1.8900           18609.720         1.8950           18719.290         1.9000           18828.180
         1.9050           18936.400         1.9100           19043.940         1.9150           19150.790
         1.9200           19256.950         1.9250           19362.470         1.9300           19467.390
         1.9350           19571.500         1.9400           19674.940         1.9450           19777.780
         1.9500           19880.020         1.9550           19981.570         1.9600           20082.280
         1.9650           20182.420         1.9700           20281.990         1.9750           20380.870
         1.9800           20479.030         1.9850           20576.490         1.9900           20673.300
         1.9950           20769.530         2.0000           20865.130         2.0050           20959.980
         2.0100           21054.190         2.0150           21147.810         2.0200           21240.850
         2.0250           21333.240         2.0300           21424.850         2.0350           21515.810
         2.0400           21606.240         2.0450           21695.990         2.0500           21785.080
         2.0550           21873.540         2.0600           21961.380         2.0650           22048.650
         2.0700           22135.320         2.0750           22221.290         2.0800           22306.670
         2.0850           22391.440         2.0900           22475.590         2.0950           22559.120
1
         2.1000           22642.010         2.1050           22724.290         2.1100           22806.010
         2.1150           22887.210         2.1200           22967.810         2.1250           23047.690
         2.1300           23126.430         2.1350           23204.360         2.1400           23281.380
         2.1450           23357.510         2.1500           23432.750         2.1550           23507.110
         2.1600           23580.590         2.1650           23653.210         2.1700           23724.980
         2.1750           23795.900         2.1800           23865.980         2.1850           23935.230
         2.1900           24003.660         2.1950           24071.280         2.2000           24138.090
         2.2050           24204.110         2.2100           24269.340         2.2150           24333.790
         2.2200           24397.460         2.2250           24460.370         2.2300           24522.530
         2.2350           24583.930         2.2400           24644.600         2.2450           24704.540
         2.2500           24763.740         2.2550           24822.240         2.2600           24880.020
         2.2650           24937.100         2.2700           24993.490         2.2750           25049.190
         2.2800           25104.220         2.2850           25158.570         2.2900           25212.250
         2.2950           25265.280         2.3000           25317.660         2.3050           25369.400
         2.3100           25420.500         2.3150           25470.980         2.3200           25520.830
         2.3250           25570.070         2.3300           25618.700         2.3350           25666.730
         2.3400           25714.170         2.3450           25761.020         2.3500           25807.290
         2.3550           25852.980         2.3600           25898.110         2.3650           25942.680
         2.3700           25986.690         2.3750           26030.160         2.3800           26073.080
         2.3850           26115.470         2.3900           26157.330         2.3950           26198.660
         2.4000           26239.480         2.4050           26279.790         2.4100           26319.590
         2.4150           26358.890         2.4200           26397.710         2.4250           26436.030
         2.4300           26473.870         2.4350           26511.230         2.4400           26548.130
         2.4450           26584.560         2.4500           26620.530         2.4550           26656.050
         2.4600           26691.120         2.4650           26725.740         2.4700           26759.930
         2.4750           26793.680         2.4800           26827.010         2.4850           26859.910
         2.4900           26892.400         2.4950           26924.480         2.5000           26956.150
         2.5050           26987.410         2.5100           27018.280         2.5150           27048.760
         2.5200           27078.840         2.5250           27108.550         2.5300           27137.880
         2.5350           27166.830         2.5400           27195.410         2.5450           27223.630
         2.5500           27251.480         2.5550           27278.990         2.5600           27306.130
         2.5650           27332.940         2.5700           27359.400         2.5750           27385.520
         2.5800           27411.300         2.5850           27436.760         2.5900           27461.890
         2.5950           27486.700         2.6000           27511.180         2.6050           27535.360
         2.6100           27559.220         2.6150           27582.770         2.6200           27606.030
         2.6250           27628.980         2.6300           27651.640         2.6350           27674.010
         2.6400           27696.080         2.6450           27717.880         2.6500           27739.390
         2.6550           27760.630         2.6600           27781.590         2.6650           27802.280
         2.6700           27822.700         2.6750           27842.860         2.6800           27862.760
         2.6850           27882.400         2.6900           27901.790         2.6950           27920.920
         2.7000           27939.810         2.7050           27958.460         2.7100           27976.860
         2.7150           27995.020         2.7200           28012.950         2.7250           28030.650
         2.7300           28048.110         2.7350           28065.350         2.7400           28082.370
         2.7450           28099.170         2.7500           28115.740         2.7550           28132.110
         2.7600           28148.250         2.7650           28164.190         2.7700           28179.930
1
         2.7750           28195.450         2.7800           28210.780         2.7850           28225.900
         2.7900           28240.830         2.7950           28255.570         2.8000           28270.110
         2.8050           28284.460         2.8100           28298.630         2.8150           28312.610
         2.8200           28326.410         2.8250           28340.030         2.8300           28353.470
         2.8350           28366.740         2.8400           28379.830         2.8450           28392.750
         2.8500           28405.500         2.8550           28418.090         2.8600           28430.510
         2.8650           28442.770         2.8700           28454.870         2.8750           28466.810
         2.8800           28478.600         2.8850           28490.230         2.8900           28501.710
         2.8950           28513.040         2.9000           28524.220         2.9050           28535.260
         2.9100           28546.140         2.9150           28556.890         2.9200           28567.500
         2.9250           28577.970         2.9300           28588.300         2.9350           28598.490
         2.9400           28608.550         2.9450           28618.480         2.9500           28628.280
         2.9550           28637.950         2.9600           28647.500         2.9650           28656.920
         2.9700           28666.210         2.9750           28675.390         2.9800           28684.440
         2.9850           28693.370         2.9900           28702.190         2.9950           28710.890
         3.0000           28719.480         3.0050           28727.950         3.0100           28736.310
         3.0150           28744.570         3.0200           28752.710         3.0250           28760.750
         3.0300           28768.680         3.0350           28776.510         3.0400           28784.230
         3.0450           28791.860         3.0500           28799.380         3.0550           28806.800
         3.0600           28814.130         3.0650           28821.360         3.0700           28828.490
         3.0750           28835.530         3.0800           28842.480         3.0850           28849.340
         3.0900           28856.110         3.0950           28862.780         3.1000           28869.370
         3.1050           28875.880         3.1100           28882.290         3.1150           28888.620
         3.1200           28894.870         3.1250           28901.040         3.1300           28907.130
         3.1350           28913.130         3.1400           28919.060         3.1450           28924.900
         3.1500           28930.670         3.1550           28936.370         3.1600           28941.990
         3.1650           28947.540         3.1700           28953.010         3.1750           28958.410
         3.1800           28963.740         3.1850           28969.000         3.1900           28974.190
         3.1950           28979.310         3.2000           28984.360         3.2050           28989.350
         3.2100           28994.270         3.2150           28999.120         3.2200           29003.910
         3.2250           29008.640         3.2300           29013.310         3.2350           29017.910
         3.2400           29022.460         3.2450           29026.940         3.2500           29031.370
         3.2550           29035.730         3.2600           29040.040         3.2650           29044.290
         3.2700           29048.490         3.2750           29052.630         3.2800           29056.710
         3.2850           29060.740         3.2900           29064.720         3.2950           29068.650
         3.3000           29072.520         3.3050           29076.340         3.3100           29080.120
         3.3150           29083.840         3.3200           29087.510         3.3250           29091.130
         3.3300           29094.710         3.3350           29098.240         3.3400           29101.720
         3.3450           29105.160         3.3500           29108.550         3.3550           29111.900
         3.3600           29115.200         3.3650           29118.460         3.3700           29121.670
         3.3750           29124.840         3.3800           29127.970         3.3850           29131.060
         3.3900           29134.110         3.3950           29137.120         3.4000           29140.090
         3.4050           29143.020         3.4100           29145.910         3.4150           29148.760
         3.4200           29151.570         3.4250           29154.350         3.4300           29157.090
         3.4350           29159.790         3.4400           29162.460         3.4450           29165.100
1
         3.4500           29167.690         3.4550           29170.260         3.4600           29172.790
         3.4650           29175.280         3.4700           29177.750         3.4750           29180.180
         3.4800           29182.580         3.4850           29184.940         3.4900           29187.280
         3.4950           29189.580         3.5000           29191.860
1V'  B(V)  (CAL)   B(V)  (OBS)    DEVIATION        E(V)ALC)   E(V) (OBS)   DEVIATION        RMIN     RMAX   
   -1  14.4570        14.4570       .0000               .0000         .0000       .0000      1.1201      1.1201
    0  14.1886        14.1900      -.0014           1415.1980     1413.4900      1.7078      1.0191      1.2465
    1  13.6548        13.6560      -.0012           4147.2620     4145.9500      1.3115       .9582      1.3597
    2  13.1207        13.1220      -.0013           6753.4420     6752.3700      1.0718       .9219      1.4507
    3  12.5860        12.5880      -.0020           9233.6990     9232.7500       .9492       .8954      1.5342
    4  12.0494        12.0540      -.0046          11588.1500    11587.0900      1.0645       .8746      1.6149
    5  11.5091        11.5200      -.0109          13817.1300    13815.3900      1.7441       .8576      1.6948
    6  10.9628        10.9860      -.0232          15921.0700    15917.6500      3.4180       .8433      1.7755
    7  10.4089        10.4520      -.0431          17900.3400    17893.8700      6.4668       .8310      1.8581
    8   9.8464         9.9180      -.0716          19755.2000    19744.0500     11.1445       .8203      1.9434
    9   9.2742         9.3840      -.1098          21485.5700    21468.1900     17.3789       .8110      2.0324
   10   8.6832         8.8500      -.1668          23089.6700    23066.2900     23.3789       .8026      2.1262
  NOISE FACTOR HAS MAXIMUM VALUE OF    .32E-09
1
 
                                V"   V""  FRANCK CONDON FACTOR     R-CENTROID

                                 0   0    .9906606E+00             .1131532E+01
                                 0   1    .8615595E-02             .2827698E+00
                                 0   2    .6952567E-03             .4446695E+00
                                 0   3    .2621567E-04            -.1387126E+00
                                 0   4    .1204695E-05            -.8186581E+00
                                 0   5    .1377921E-06            -.9209668E+00
                                 0   6    .9261962E-07             .9168597E-01
                                 0   7    .1024272E-06             .5964895E+00
                                 0   8    .1014308E-06             .7520205E+00
                                 0   9    .8804260E-07             .7960899E+00
                                 0  10    .7015605E-07             .8042309E+00
 
                                V"   V""  FRANCK CONDON FACTOR     R-CENTROID

                                 1   0    .9047176E-02             .1986255E+01
                                 1   1    .9793454E+00             .1174419E+01
                                 1   2    .9516531E-02            -.3748963E-02
                                 1   3    .1960850E-02             .5553423E+00
                                 1   4    .1122047E-03             .9934326E-02
                                 1   5    .1046547E-04            -.2703850E+00
                                 1   6    .1905403E-05            -.2456553E+00
                                 1   7    .9628138E-06             .2104560E+00
                                 1   8    .7944535E-06             .5484462E+00
                                 1   9    .6985576E-06             .6988011E+00
                                 1  10    .5866910E-06             .7576366E+00
1
 
                                V"   V""  FRANCK CONDON FACTOR     R-CENTROID

                                 2   0    .2907065E-03             .1188263E+01
                                 2   1    .1066297E-01             .2280492E+01
                                 2   2    .9793513E+00             .1220166E+01
                                 2   3    .5544982E-02            -.7484577E+00
                                 2   4    .3801506E-02             .6921370E+00
                                 2   5    .2733541E-03             .9040613E-01
                                 2   6    .4213913E-04             .1132482E-01
                                 2   7    .1013317E-04             .3646837E-01
                                 2   8    .4760729E-05             .2869744E+00
                                 2   9    .3331060E-05             .5173781E+00
                                 2  10    .2646325E-05             .6503942E+00
 
                                V"   V""  FRANCK CONDON FACTOR     R-CENTROID

                                 3   0    .1844573E-06             .5650501E+01
                                 3   1    .1362262E-02             .1359376E+01
                                 3   2    .6702719E-02             .2905956E+01
                                 3   3    .9839121E+00             .1268761E+01
                                 3   4    .8466439E-03            -.4832756E+01
                                 3   5    .6484550E-02             .8619626E+00
                                 3   6    .4805925E-03             .9730230E-01
                                 3   7    .1130332E-03             .1895119E+00
                                 3   8    .3283349E-04             .1899712E+00
                                 3   9    .1538632E-04             .3402222E+00
                                 3  10    .9812454E-05             .4980663E+00
1
 
                                V"   V""  FRANCK CONDON FACTOR     R-CENTROID

                                 4   0    .8516002E-06             .1571609E+01
                                 4   1    .1026675E-04             .1594190E-02
                                 4   2    .3569533E-02             .1514578E+01
                                 4   3    .1147842E-02             .5862732E+01
                                 4   4    .9820489E+00             .1319991E+01
                                 4   5    .1378899E-02             .6950280E+01
                                 4   6    .1074475E-01             .1064269E+01
                                 4   7    .6381539E-03            -.1629013E-01
                                 4   8    .2333910E-03             .3261107E+00
                                 4   9    .7679984E-04             .2830395E+00
                                 4  10    .3686547E-04             .3783258E+00
 
                                V"   V""  FRANCK CONDON FACTOR     R-CENTROID

                                 5   0    .3801551E-07             .1124823E+01
                                 5   1    .1404648E-05             .2490382E+01
                                 5   2    .1572048E-03             .8343305E+00
                                 5   3    .6512369E-02             .1686614E+01
                                 5   4    .1747696E-02            -.2682635E+01
                                 5   5    .9567029E+00             .1373295E+01
                                 5   6    .1523745E-01             .3329576E+01
                                 5   7    .1822727E-01             .1287969E+01
                                 5   8    .5891084E-03            -.4323355E+00
                                 5   9    .4035277E-03             .4626299E+00
                                 5  10    .1403526E-03             .3389836E+00
1
 
                                V"   V""  FRANCK CONDON FACTOR     R-CENTROID

                                 6   0    .1823193E-07             .1257175E+01
                                 6   1    .2613055E-06             .1907753E+01
                                 6   2    .2588081E-06            -.5950604E+01
                                 6   3    .8339636E-03             .1146592E+01
                                 6   4    .8358159E-02             .1925755E+01
                                 6   5    .2132037E-01             .1953352E+00
                                 6   6    .8839183E+00             .1427430E+01
                                 6   7    .5163031E-01             .2634680E+01
                                 6   8    .3241524E-01             .1512974E+01
                                 6   9    .2371205E-03            -.2325670E+01
                                 6  10    .6310471E-03             .6485363E+00
 
                                V"   V""  FRANCK CONDON FACTOR     R-CENTROID

                                 7   0    .4952739E-07             .1044891E+01
                                 7   1    .2980629E-07             .5951169E+00
                                 7   2    .3455640E-06             .3806277E+01
                                 7   3    .4262683E-04             .3070372E+00
                                 7   4    .2612765E-02             .1372212E+01
                                 7   5    .6301991E-02             .2403764E+01
                                 7   6    .7557506E-01             .8188121E+00
                                 7   7    .7374869E+00             .1479514E+01
                                 7   8    .1158725E+00             .2379842E+01
                                 7   9    .6018885E-01             .1718217E+01
                                 7  10    .5008752E-04             .1270671E+02
1
 
                                V"   V""  FRANCK CONDON FACTOR     R-CENTROID

                                 8   0    .4869112E-07             .9446211E+00
                                 8   1    .2055740E-06             .9788591E+00
                                 8   2    .3653789E-08            -.9040470E+01
                                 8   3    .7537637E-06            -.3096399E+01
                                 8   4    .3828414E-03             .9168137E+00
                                 8   5    .5305217E-02             .1604507E+01
                                 8   6    .8436297E-03             .5217391E+01
                                 8   7    .1709049E+00             .1118218E+01
                                 8   8    .5069193E+00             .1521722E+01
                                 8   9    .1971434E+00             .2280791E+01
                                 8  10    .1131209E+00             .1892153E+01
 
                                V"   V""  FRANCK CONDON FACTOR     R-CENTROID

                                 9   0    .3721211E-07             .8821551E+00
                                 9   1    .2604059E-06             .9530523E+00
                                 9   2    .3022445E-06             .5935355E+00
                                 9   3    .3694867E-07            -.9159017E+01
                                 9   4    .4286761E-04             .2633056E+00
                                 9   5    .1621202E-02             .1247148E+01
                                 9   6    .6224845E-02             .1951650E+01
                                 9   7    .5187326E-02            -.3682374E+00
                                 9   8    .2774100E+00             .1308920E+01
                                 9   9    .2335560E+00             .1525207E+01
                                 9  10    .2531091E+00             .2264005E+01
1
 
                                V"   V""  FRANCK CONDON FACTOR     R-CENTROID

                                10   0    .2608322E-07             .8419451E+00
                                10   1    .2278522E-06             .9139040E+00
                                10   2    .5520433E-06             .8528482E+00
                                10   3    .2210982E-06            -.1147238E+01
                                10   4    .5180422E-05            -.7168066E+00
                                10   5    .3941220E-03             .9233462E+00
                                10   6    .3858407E-02             .1544812E+01
                                10   7    .2042824E-02             .3131177E+01
                                10   8    .4767593E-01             .8941359E+00
                                10   9    .3108504E+00             .1444706E+01
                                10  10    .3475428E-01             .1267018E+01
1R-CENTROID TABLE 

   1.132  .283  .445 -.139 -.819 -.921  .092  .596  .752  .796  .804
   1.986 1.174 -.004  .555  .010 -.270 -.246  .210  .548  .699  .758
   1.188 2.280 1.220 -.748  .692  .090  .011  .036  .287  .517  .650
   5.651 1.359 2.906 1.269-4.833  .862  .097  .190  .190  .340  .498
   1.572  .002 1.515 5.863 1.320 6.950 1.064 -.016  .326  .283  .378
   1.125 2.490  .834 1.687-2.683 1.373 3.330 1.288 -.432  .463  .339
   1.257 1.908-5.951 1.147 1.926  .195 1.427 2.635 1.513-2.326  .649
   1.045  .595 3.806  .307 1.372 2.404  .819 1.480 2.380 1.71812.707
    .945  .979-9.040-3.096  .917 1.605 5.217 1.118 1.522 2.281 1.892
    .882  .953  .594-9.159  .263 1.247 1.952 -.368 1.309 1.525 2.264
    .842  .914  .853-1.147 -.717  .923 1.545 3.131  .894 1.445 1.267
1 FRANCK CONDON FACTOR TABLE  

    9.91E-01 8.62E-03 6.95E-04 2.62E-05 1.20E-06 1.38E-07 9.26E-08 1.02E-07 1.01E-07 8.80E-08 7.02E-08
    9.05E-03 9.79E-01 9.52E-03 1.96E-03 1.12E-04 1.05E-05 1.91E-06 9.63E-07 7.94E-07 6.99E-07 5.87E-07
    2.91E-04 1.07E-02 9.79E-01 5.54E-03 3.80E-03 2.73E-04 4.21E-05 1.01E-05 4.76E-06 3.33E-06 2.65E-06
    1.84E-07 1.36E-03 6.70E-03 9.84E-01 8.47E-04 6.48E-03 4.81E-04 1.13E-04 3.28E-05 1.54E-05 9.81E-06
    8.52E-07 1.03E-05 3.57E-03 1.15E-03 9.82E-01 1.38E-03 1.07E-02 6.38E-04 2.33E-04 7.68E-05 3.69E-05
    3.80E-08 1.40E-06 1.57E-04 6.51E-03 1.75E-03 9.57E-01 1.52E-02 1.82E-02 5.89E-04 4.04E-04 1.40E-04
    1.82E-08 2.61E-07 2.59E-07 8.34E-04 8.36E-03 2.13E-02 8.84E-01 5.16E-02 3.24E-02 2.37E-04 6.31E-04
    4.95E-08 2.98E-08 3.46E-07 4.26E-05 2.61E-03 6.30E-03 7.56E-02 7.37E-01 1.16E-01 6.02E-02 5.01E-05
    4.87E-08 2.06E-07 3.65E-09 7.54E-07 3.83E-04 5.31E-03 8.44E-04 1.71E-01 5.07E-01 1.97E-01 1.13E-01
    3.72E-08 2.60E-07 3.02E-07 3.69E-08 4.29E-05 1.62E-03 6.22E-03 5.19E-03 2.77E-01 2.34E-01 2.53E-01
    2.61E-08 2.28E-07 5.52E-07 2.21E-07 5.18E-06 3.94E-04 3.86E-03 2.04E-03 4.77E-02 3.11E-01 3.48E-02
1
 V'=   0 SUM OF FCF'S FOR V''=0, 10 IS  9.9999950E-01
 V'=   1 SUM OF FCF'S FOR V''=0, 10 IS  9.9999760E-01
 V'=   2 SUM OF FCF'S FOR V''=0, 10 IS  9.9998780E-01
 V'=   3 SUM OF FCF'S FOR V''=0, 10 IS  9.9996010E-01
 V'=   4 SUM OF FCF'S FOR V''=0, 10 IS  9.9988620E-01
 V'=   5 SUM OF FCF'S FOR V''=0, 10 IS  9.9971940E-01
 V'=   6 SUM OF FCF'S FOR V''=0, 10 IS  9.9934500E-01
 V'=   7 SUM OF FCF'S FOR V''=0, 10 IS  9.9813120E-01
 V'=   8 SUM OF FCF'S FOR V''=0, 10 IS  9.9462110E-01
 V'=   9 SUM OF FCF'S FOR V''=0, 10 IS  7.7715190E-01
 V'=  10 SUM OF FCF'S FOR V''=0, 10 IS  3.9958210E-01
 V""=  0 SUM OF FCF"S FOR V"=0, 10 IS  9.9999970E-01
 V""=  1 SUM OF FCF"S FOR V"=0, 10 IS  9.9999890E-01
 V""=  2 SUM OF FCF"S FOR V"=0, 10 IS  9.9999390E-01
 V""=  3 SUM OF FCF"S FOR V"=0, 10 IS  9.9998200E-01
 V""=  4 SUM OF FCF"S FOR V"=0, 10 IS  9.9995990E-01
 V""=  5 SUM OF FCF"S FOR V"=0, 10 IS  9.9979320E-01
 V""=  6 SUM OF FCF"S FOR V"=0, 10 IS  9.9692710E-01
 V""=  7 SUM OF FCF"S FOR V"=0, 10 IS  9.8624190E-01
 V""=  8 SUM OF FCF"S FOR V"=0, 10 IS  9.8115390E-01
 V""=  9 SUM OF FCF"S FOR V"=0, 10 IS  8.0247550E-01
 V""= 10 SUM OF FCF"S FOR V"=0, 10 IS  4.0185570E-01
