


  RMIN =  .750  MAXV   = 10  BE =   12.6450
  RMAX = 3.500  KDMAXV = 10  RE =    1.1977
  DELR =  .005  NEIG   =  0  DE =20000.0000
  ZMU  =  .930


 THE KLEIN DUNHAM POTENTIAL PRODUCED FOR THIS STATE COVERS THE REGION FROM   1.250 TO   2.545 ANGSTROMS
 THE TO TAL POTENTIAL FUNCTION I

         RADIUS           ENERGY            RADIUS           ENERGY            RADIUS           ENERGY
          .7500            4097.691          .7550            4031.036          .7600            3964.483
          .7650            3898.040          .7700            3831.716          .7750            3765.519
          .7800            3699.457          .7850            3633.539          .7900            3567.775
          .7950            3502.174          .8000            3436.744          .8050            3371.496
          .8100            3306.439          .8150            3241.582          .8200            3176.937
          .8250            3112.513          .8300            3048.320          .8350            2984.369
          .8400            2920.672          .8450            2857.238          .8500            2794.079
          .8550            2731.207          .8600            2668.633          .8650            2606.369
          .8700            2544.427          .8750            2482.819          .8800            2421.558
          .8850            2360.656          .8900            2300.126          .8950            2239.981
          .9000            2180.236          .9050            2120.902          .9100            2061.995
          .9150            2003.528          .9200            1945.515          .9250            1887.972
          .9300            1830.912          .9350            1774.352          .9400            1718.306
          .9450            1662.790          .9500            1607.820          .9550            1553.412
          .9600            1499.583          .9650            1446.349          .9700            1393.727
          .9750            1341.735          .9800            1290.390          .9850            1239.710
          .9900            1189.713          .9950            1140.418         1.0000            1091.844
         1.0050            1044.010         1.0100             996.935         1.0150             950.639
         1.0200             905.142         1.0250             860.465         1.0300             816.628
         1.0350             773.653         1.0400             731.561         1.0450             690.374
         1.0500             650.114         1.0550             610.805         1.0600             572.467
         1.0650             535.126         1.0700             498.805         1.0750             463.528
         1.0800             429.319         1.0850             396.204         1.0900             364.207
         1.0950             333.355         1.1000             303.674         1.1050             275.190
         1.1100             247.931         1.1150             221.923         1.1200             197.195
         1.1250             173.775         1.1300             151.692         1.1350             130.975
         1.1400             111.654         1.1450              93.759         1.1500              77.321
         1.1550              62.371         1.1600              48.941         1.1650              37.063
         1.1700              26.770         1.1750              18.095         1.1800              11.072
         1.1850               5.736         1.1900               2.120         1.1950                .261
         1.2000                .194         1.2050               1.957         1.2100               5.586
         1.2150              11.119         1.2200              18.594         1.2250              28.051
         1.2300              39.528         1.2350              53.066         1.2400              68.707
         1.2450              86.490         1.2500             108.189         1.2550             128.649
         1.2600             150.648         1.2650             174.141         1.2700             199.084
         1.2750             225.438         1.2800             253.163         1.2850             282.224
         1.2900             312.587         1.2950             344.224         1.3000             377.104
         1.3050             411.204         1.3100             446.500         1.3150             482.972
         1.3200             520.601         1.3250             559.333         1.3300             599.118
         1.3350             639.958         1.3400             681.829         1.3450             724.708
         1.3500             768.573         1.3550             813.400         1.3600             859.171
         1.3650             905.863         1.3700             953.457         1.3750            1001.933
         1.3800            1051.274         1.3850            1101.462         1.3900            1152.478
         1.3950            1204.307         1.4000            1256.932         1.4050            1310.330
         1.4100            1364.495         1.4150            1419.408         1.4200            1475.055
1
         1.4250            1531.419         1.4300            1588.487         1.4350            1646.244
         1.4400            1704.677         1.4450            1763.773         1.4500            1823.517
         1.4550            1883.900         1.4600            1944.910         1.4650            2006.534
         1.4700            2068.757         1.4750            2131.570         1.4800            2194.961
         1.4850            2258.918         1.4900            2323.432         1.4950            2388.490
         1.5000            2454.083         1.5050            2520.202         1.5100            2586.834
         1.5150            2653.972         1.5200            2721.604         1.5250            2789.720
         1.5300            2858.310         1.5350            2927.368         1.5400            2996.885
         1.5450            3066.854         1.5500            3137.265         1.5550            3208.108
         1.5600            3279.373         1.5650            3351.047         1.5700            3423.123
         1.5750            3495.607         1.5800            3568.476         1.5850            3641.725
         1.5900            3715.349         1.5950            3789.342         1.6000            3863.697
         1.6050            3938.404         1.6100            4013.455         1.6150            4088.840
         1.6200            4164.561         1.6250            4240.604         1.6300            4316.955
         1.6350            4393.613         1.6400            4470.579         1.6450            4547.848
         1.6500            4625.413         1.6550            4703.261         1.6600            4781.381
         1.6650            4859.754         1.6700            4938.389         1.6750            5017.297
         1.6800            5096.462         1.6850            5175.873         1.6900            5255.518
         1.6950            5335.391         1.7000            5415.492         1.7050            5495.817
         1.7100            5576.372         1.7150            5657.131         1.7200            5738.080
         1.7250            5819.224         1.7300            5900.563         1.7350            5982.094
         1.7400            6063.811         1.7450            6145.705         1.7500            6227.762
         1.7550            6309.981         1.7600            6392.383         1.7650            6474.938
         1.7700            6557.638         1.7750            6640.478         1.7800            6723.453
         1.7850            6806.562         1.7900            6889.806         1.7950            6973.189
         1.8000            7056.681         1.8050            7140.281         1.8100            7223.998
         1.8150            7307.825         1.8200            7391.755         1.8250            7475.783
         1.8300            7559.906         1.8350            7644.115         1.8400            7728.402
         1.8450            7812.745         1.8500            7897.184         1.8550            7981.696
         1.8600            8066.267         1.8650            8150.889         1.8700            8235.563
         1.8750            8320.294         1.8800            8405.100         1.8850            8489.960
         1.8900            8574.811         1.8950            8659.681         1.9000            8744.592
         1.9050            8829.552         1.9100            8914.554         1.9150            8999.575
         1.9200            9084.583         1.9250            9169.553         1.9300            9254.596
         1.9350            9339.636         1.9400            9424.663         1.9450            9509.674
         1.9500            9594.666         1.9550            9679.647         1.9600            9764.624
         1.9650            9849.610         1.9700            9934.479         1.9750           10019.370
         1.9800           10104.280         1.9850           10189.150         1.9900           10273.950
         1.9950           10358.680         2.0000           10443.360         2.0050           10528.010
         2.0100           10612.660         2.0150           10697.190         2.0200           10781.670
         2.0250           10866.090         2.0300           10950.430         2.0350           11034.710
         2.0400           11118.910         2.0450           11203.050         2.0500           11287.120
         2.0550           11371.050         2.0600           11454.930         2.0650           11538.760
         2.0700           11622.480         2.0750           11706.090         2.0800           11789.570
         2.0850           11872.940         2.0900           11956.220         2.0950           12039.470
1
         2.1000           12122.550         2.1050           12205.490         2.1100           12288.310
         2.1150           12371.030         2.1200           12453.650         2.1250           12536.150
         2.1300           12618.520         2.1350           12700.720         2.1400           12782.780
         2.1450           12864.750         2.1500           12946.570         2.1550           13028.240
         2.1600           13109.760         2.1650           13191.120         2.1700           13272.340
         2.1750           13353.420         2.1800           13434.380         2.1850           13515.150
         2.1900           13595.740         2.1950           13676.180         2.2000           13756.460
         2.2050           13836.590         2.2100           13916.560         2.2150           13996.350
         2.2200           14075.970         2.2250           14155.390         2.2300           14234.640
         2.2350           14313.750         2.2400           14392.690         2.2450           14471.420
         2.2500           14549.950         2.2550           14628.260         2.2600           14706.380
         2.2650           14784.310         2.2700           14862.100         2.2750           14939.760
         2.2800           15017.170         2.2850           15094.340         2.2900           15171.300
         2.2950           15248.080         2.3000           15324.680         2.3050           15401.100
         2.3100           15477.300         2.3150           15553.260         2.3200           15628.920
         2.3250           15704.460         2.3300           15779.820         2.3350           15854.970
         2.3400           15929.900         2.3450           16004.600         2.3500           16079.050
         2.3550           16153.270         2.3600           16227.290         2.3650           16301.140
         2.3700           16374.760         2.3750           16448.080         2.3800           16521.170
         2.3850           16594.050         2.3900           16666.740         2.3950           16739.240
         2.4000           16811.530         2.4050           16883.570         2.4100           16955.340
         2.4150           17026.750         2.4200           17098.010         2.4250           17169.110
         2.4300           17239.950         2.4350           17310.530         2.4400           17380.880
         2.4450           17450.970         2.4500           17520.820         2.4550           17590.440
         2.4600           17659.820         2.4650           17728.960         2.4700           17797.830
         2.4750           17866.440         2.4800           17934.860         2.4850           18003.050
         2.4900           18071.010         2.4950           18138.710         2.5000           18206.150
         2.5050           18273.330         2.5100           18340.260         2.5150           18406.930
         2.5200           18473.360         2.5250           18539.550         2.5300           18605.500
         2.5350           18671.190         2.5400           18736.620         2.5450           18801.780
         2.5500           18860.790         2.5550           18918.280         2.5600           18972.920
         2.5650           19024.830         2.5700           19074.150         2.5750           19121.000
         2.5800           19165.510         2.5850           19207.790         2.5900           19247.950
         2.5950           19286.090         2.6000           19322.320         2.6050           19356.720
         2.6100           19389.390         2.6150           19420.410         2.6200           19449.870
         2.6250           19477.840         2.6300           19504.400         2.6350           19529.610
         2.6400           19553.550         2.6450           19576.280         2.6500           19597.860
         2.6550           19618.340         2.6600           19637.790         2.6650           19656.240
         2.6700           19673.770         2.6750           19690.400         2.6800           19706.190
         2.6850           19721.170         2.6900           19735.400         2.6950           19748.900
         2.7000           19761.710         2.7050           19773.870         2.7100           19785.410
         2.7150           19796.370         2.7200           19806.770         2.7250           19816.630
         2.7300           19826.000         2.7350           19834.880         2.7400           19843.320
         2.7450           19851.320         2.7500           19858.920         2.7550           19866.130
         2.7600           19872.970         2.7650           19879.460         2.7700           19885.620
1
         2.7750           19891.470         2.7800           19897.020         2.7850           19902.280
         2.7900           19907.280         2.7950           19912.020         2.8000           19916.520
         2.8050           19920.790         2.8100           19924.840         2.8150           19928.680
         2.8200           19932.330         2.8250           19935.790         2.8300           19939.070
         2.8350           19942.190         2.8400           19945.140         2.8450           19947.950
         2.8500           19950.610         2.8550           19953.140         2.8600           19955.540
         2.8650           19957.810         2.8700           19959.970         2.8750           19962.020
         2.8800           19963.960         2.8850           19965.800         2.8900           19967.550
         2.8950           19969.210         2.9000           19970.790         2.9050           19972.280
         2.9100           19973.700         2.9150           19975.050         2.9200           19976.320
         2.9250           19977.540         2.9300           19978.690         2.9350           19979.780
         2.9400           19980.810         2.9450           19981.790         2.9500           19982.720
         2.9550           19983.610         2.9600           19984.450         2.9650           19985.240
         2.9700           19986.000         2.9750           19986.710         2.9800           19987.390
         2.9850           19988.040         2.9900           19988.650         2.9950           19989.230
         3.0000           19989.780         3.0050           19990.310         3.0100           19990.800
         3.0150           19991.270         3.0200           19991.720         3.0250           19992.140
         3.0300           19992.540         3.0350           19992.930         3.0400           19993.290
         3.0450           19993.630         3.0500           19993.960         3.0550           19994.270
         3.0600           19994.560         3.0650           19994.840         3.0700           19995.100
         3.0750           19995.350         3.0800           19995.590         3.0850           19995.820
         3.0900           19996.030         3.0950           19996.230         3.1000           19996.430
         3.1050           19996.610         3.1100           19996.780         3.1150           19996.950
         3.1200           19997.100         3.1250           19997.250         3.1300           19997.390
         3.1350           19997.530         3.1400           19997.650         3.1450           19997.770
         3.1500           19997.890         3.1550           19998.000         3.1600           19998.100
         3.1650           19998.200         3.1700           19998.290         3.1750           19998.380
         3.1800           19998.460         3.1850           19998.540         3.1900           19998.610
         3.1950           19998.680         3.2000           19998.750         3.2050           19998.810
         3.2100           19998.880         3.2150           19998.930         3.2200           19998.990
         3.2250           19999.040         3.2300           19999.090         3.2350           19999.130
         3.2400           19999.180         3.2450           19999.220         3.2500           19999.260
         3.2550           19999.300         3.2600           19999.330         3.2650           19999.370
         3.2700           19999.400         3.2750           19999.430         3.2800           19999.460
         3.2850           19999.490         3.2900           19999.520         3.2950           19999.540
         3.3000           19999.560         3.3050           19999.590         3.3100           19999.610
         3.3150           19999.630         3.3200           19999.650         3.3250           19999.660
         3.3300           19999.680         3.3350           19999.700         3.3400           19999.710
         3.3450           19999.730         3.3500           19999.740         3.3550           19999.760
         3.3600           19999.770         3.3650           19999.780         3.3700           19999.790
         3.3750           19999.800         3.3800           19999.810         3.3850           19999.820
         3.3900           19999.830         3.3950           19999.840         3.4000           19999.850
         3.4050           19999.860         3.4100           19999.860         3.4150           19999.870
         3.4200           19999.880         3.4250           19999.880         3.4300           19999.890
         3.4350           19999.890         3.4400           19999.900         3.4450           19999.900
1
         3.4500           19999.910         3.4550           19999.910         3.4600           19999.920
         3.4650           19999.920         3.4700           19999.930         3.4750           19999.930
         3.4800           19999.930         3.4850           19999.940         3.4900           19999.940
         3.4950           19999.940         3.5000           19999.950
1V'  B(V)  (CAL)   B(V)  (OBS)    DEVIATION        E(V)ALC)   E(V) (OBS)   DEVIATION        RMIN     RMAX   
   -1  12.6450        12.6450       .0000               .0000         .0000       .0000      1.1977      1.1977
    0  13.1017        12.1500       .9517            743.6461      897.4500   -153.8040      1.0798      1.3641
    1  13.7735        11.1600      2.6135           2149.2360     2692.3500   -543.1145      1.0253      1.5178
    2  13.1356        10.1700      2.9656           4859.6180     4487.2500    372.3677      1.0053      1.6411
    3  12.2754         9.1800      3.0954           6273.1610     6282.1500     -8.9893      1.0010      1.7533
    4  11.4449         8.1900      3.2549           7711.2840     8077.0500   -365.7656      1.0076      1.8606
    5  10.0656         7.2000      2.8656          10580.1300     9871.9500    708.1787      1.0233      1.9663
    6   9.4816         6.2100      3.2716          11985.9500    11666.8500    319.1025      1.0475      2.0727
    7   8.9539         5.2200      3.7339          13361.9500    13461.7500    -99.7979      1.0805      2.1817
    8   8.4705         4.2300      4.2405          14702.3300    15256.6500   -554.3213      1.1232      2.2956
    9   7.5901         3.2400      4.3501          17259.1100    17051.5500    207.5605      1.1773      2.4167
   10   7.1234         2.2500      4.8734          18461.8400    18846.4500   -384.6133      1.2454      2.5484
  NOISE FACTOR HAS MAXIMUM VALUE OF    .61E-08



  RMIN =  .750  MAXV   = 10  BE =   14.4570
  RMAX = 3.500  KDMAXV = 10  RE =    1.1201
  DELR =  .005  NEIG   =  0  DE =29361.0400
  ZMU  =  .930


 THE KLEIN DUNHAM POTENTIAL PRODUCED FOR THIS STATE COVERS THE REGION FROM    .805 TO   2.125 ANGSTROMS
 THE TO TAL POTENTIAL FUNCTION I

         RADIUS           ENERGY            RADIUS           ENERGY            RADIUS           ENERGY
          .7500           35237.480          .7550           33909.690          .7600           32620.220
          .7650           31368.190          .7700           30152.750          .7750           28973.050
          .7800           27828.280          .7850           26717.620          .7900           25640.290
          .7950           24595.510          .8000           23582.530          .8050           22607.630
          .8100           21652.390          .8150           20717.440          .8200           19806.780
          .8250           18921.290          .8300           18062.960          .8350           17231.960
          .8400           16428.340          .8450           15652.000          .8500           14902.520
          .8550           14179.330          .8600           13482.240          .8650           12810.440
          .8700           12163.400          .8750           11540.330          .8800           10940.710
          .8850           10363.830          .8900            9809.047          .8950            9275.729
          .9000            8763.322          .9050            8271.230          .9100            7798.735
          .9150            7345.373          .9200            6910.546          .9250            6493.766
          .9300            6094.424          .9350            5712.054          .9400            5346.182
          .9450            4996.316          .9500            4661.971          .9550            4342.750
          .9600            4038.160          .9650            3747.822          .9700            3471.280
          .9750            3208.197          .9800            2958.165          .9850            2720.793
          .9900            2495.743          .9950            2282.655         1.0000            2081.190
         1.0050            1891.020         1.0100            1711.825         1.0150            1543.293
         1.0200            1385.119         1.0250            1237.013         1.0300            1098.689
         1.0350             969.871         1.0400             850.289         1.0450             739.681
         1.0500             637.793         1.0550             544.378         1.0600             459.196
         1.0650             382.013         1.0700             312.606         1.0750             250.842
         1.0800             196.425         1.0850             149.080         1.0900             108.615
         1.0950              74.841         1.1000              47.574         1.1050              26.632
         1.1100              11.839         1.1150               3.019         1.1200                .002
         1.1250               2.622         1.1300              10.715         1.1350              24.120
         1.1400              42.681         1.1450              66.246         1.1500              94.664
         1.1550             127.790         1.1600             165.481         1.1650             207.599
         1.1700             254.008         1.1750             304.576         1.1800             359.175
         1.1850             417.679         1.1900             479.970         1.1950             545.926
         1.2000             615.435         1.2050             688.386         1.2100             764.671
         1.2150             844.187         1.2200             926.814         1.2250            1012.457
         1.2300            1101.018         1.2350            1192.400         1.2400            1286.507
         1.2450            1383.247         1.2500            1482.530         1.2550            1584.268
         1.2600            1688.375         1.2650            1794.768         1.2700            1903.366
         1.2750            2014.088         1.2800            2126.856         1.2850            2241.599
         1.2900            2358.239         1.2950            2476.705         1.3000            2596.924
         1.3050            2718.829         1.3100            2842.354         1.3150            2967.437
         1.3200            3094.015         1.3250            3222.011         1.3300            3351.385
         1.3350            3482.070         1.3400            3614.002         1.3450            3747.123
         1.3500            3881.380         1.3550            4016.727         1.3600            4153.119
         1.3650            4290.489         1.3700            4428.792         1.3750            4567.980
         1.3800            4708.008         1.3850            4848.830         1.3900            4990.402
         1.3950            5132.680         1.4000            5275.613         1.4050            5419.159
         1.4100            5563.293         1.4150            5707.977         1.4200            5853.168
1
         1.4250            5998.822         1.4300            6144.890         1.4350            6291.354
         1.4400            6438.184         1.4450            6585.309         1.4500            6732.736
         1.4550            6880.438         1.4600            7028.382         1.4650            7176.513
         1.4700            7324.770         1.4750            7473.200         1.4800            7621.757
         1.4850            7770.390         1.4900            7919.063         1.4950            8067.767
         1.5000            8216.508         1.5050            8365.244         1.5100            8513.881
         1.5150            8662.448         1.5200            8810.956         1.5250            8959.381
         1.5300            9107.674         1.5350            9255.774         1.5400            9403.758
         1.5450            9551.535         1.5500            9699.087         1.5550            9846.399
         1.5600            9993.470         1.5650           10140.300         1.5700           10286.840
         1.5750           10433.060         1.5800           10578.980         1.5850           10724.580
         1.5900           10869.860         1.5950           11014.790         1.6000           11159.310
         1.6050           11303.460         1.6100           11447.220         1.6150           11590.560
         1.6200           11733.480         1.6250           11875.960         1.6300           12018.010
         1.6350           12159.600         1.6400           12300.720         1.6450           12441.380
         1.6500           12581.540         1.6550           12721.190         1.6600           12860.320
         1.6650           12998.960         1.6700           13137.100         1.6750           13274.680
         1.6800           13411.700         1.6850           13548.170         1.6900           13684.110
         1.6950           13819.510         1.7000           13954.290         1.7050           14088.500
         1.7100           14222.140         1.7150           14355.210         1.7200           14487.690
         1.7250           14619.540         1.7300           14750.820         1.7350           14881.460
         1.7400           15011.440         1.7450           15140.820         1.7500           15269.610
         1.7550           15397.790         1.7600           15525.310         1.7650           15652.180
         1.7700           15778.410         1.7750           15904.000         1.7800           16028.940
         1.7850           16153.230         1.7900           16276.880         1.7950           16399.850
         1.8000           16522.160         1.8050           16643.830         1.8100           16764.860
         1.8150           16885.230         1.8200           17004.910         1.8250           17123.850
         1.8300           17242.200         1.8350           17359.900         1.8400           17476.920
         1.8450           17593.250         1.8500           17708.900         1.8550           17823.870
         1.8600           17938.110         1.8650           18051.720         1.8700           18164.730
         1.8750           18277.040         1.8800           18388.620         1.8850           18499.480
         1.8900           18609.720         1.8950           18719.290         1.9000           18828.180
         1.9050           18936.400         1.9100           19043.940         1.9150           19150.790
         1.9200           19256.950         1.9250           19362.470         1.9300           19467.390
         1.9350           19571.500         1.9400           19674.940         1.9450           19777.780
         1.9500           19880.020         1.9550           19981.570         1.9600           20082.280
         1.9650           20182.420         1.9700           20281.990         1.9750           20380.870
         1.9800           20479.030         1.9850           20576.490         1.9900           20673.300
         1.9950           20769.530         2.0000           20865.130         2.0050           20959.980
         2.0100           21054.190         2.0150           21147.810         2.0200           21240.850
         2.0250           21333.240         2.0300           21424.850         2.0350           21515.810
         2.0400           21606.240         2.0450           21695.990         2.0500           21785.080
         2.0550           21873.540         2.0600           21961.380         2.0650           22048.650
         2.0700           22135.320         2.0750           22221.290         2.0800           22306.670
         2.0850           22391.440         2.0900           22475.590         2.0950           22559.120
1
         2.1000           22642.010         2.1050           22724.290         2.1100           22806.010
         2.1150           22887.210         2.1200           22967.810         2.1250           23047.690
         2.1300           23126.430         2.1350           23204.360         2.1400           23281.380
         2.1450           23357.510         2.1500           23432.750         2.1550           23507.110
         2.1600           23580.590         2.1650           23653.210         2.1700           23724.980
         2.1750           23795.900         2.1800           23865.980         2.1850           23935.230
         2.1900           24003.660         2.1950           24071.280         2.2000           24138.090
         2.2050           24204.110         2.2100           24269.340         2.2150           24333.790
         2.2200           24397.460         2.2250           24460.370         2.2300           24522.530
         2.2350           24583.930         2.2400           24644.600         2.2450           24704.540
         2.2500           24763.740         2.2550           24822.240         2.2600           24880.020
         2.2650           24937.100         2.2700           24993.490         2.2750           25049.190
         2.2800           25104.220         2.2850           25158.570         2.2900           25212.250
         2.2950           25265.280         2.3000           25317.660         2.3050           25369.400
         2.3100           25420.500         2.3150           25470.980         2.3200           25520.830
         2.3250           25570.070         2.3300           25618.700         2.3350           25666.730
         2.3400           25714.170         2.3450           25761.020         2.3500           25807.290
         2.3550           25852.980         2.3600           25898.110         2.3650           25942.680
         2.3700           25986.690         2.3750           26030.160         2.3800           26073.080
         2.3850           26115.470         2.3900           26157.330         2.3950           26198.660
         2.4000           26239.480         2.4050           26279.790         2.4100           26319.590
         2.4150           26358.890         2.4200           26397.710         2.4250           26436.030
         2.4300           26473.870         2.4350           26511.230         2.4400           26548.130
         2.4450           26584.560         2.4500           26620.530         2.4550           26656.050
         2.4600           26691.120         2.4650           26725.740         2.4700           26759.930
         2.4750           26793.680         2.4800           26827.010         2.4850           26859.910
         2.4900           26892.400         2.4950           26924.480         2.5000           26956.150
         2.5050           26987.410         2.5100           27018.280         2.5150           27048.760
         2.5200           27078.840         2.5250           27108.550         2.5300           27137.880
         2.5350           27166.830         2.5400           27195.410         2.5450           27223.630
         2.5500           27251.480         2.5550           27278.990         2.5600           27306.130
         2.5650           27332.940         2.5700           27359.400         2.5750           27385.520
         2.5800           27411.300         2.5850           27436.760         2.5900           27461.890
         2.5950           27486.700         2.6000           27511.180         2.6050           27535.360
         2.6100           27559.220         2.6150           27582.770         2.6200           27606.030
         2.6250           27628.980         2.6300           27651.640         2.6350           27674.010
         2.6400           27696.080         2.6450           27717.880         2.6500           27739.390
         2.6550           27760.630         2.6600           27781.590         2.6650           27802.280
         2.6700           27822.700         2.6750           27842.860         2.6800           27862.760
         2.6850           27882.400         2.6900           27901.790         2.6950           27920.920
         2.7000           27939.810         2.7050           27958.460         2.7100           27976.860
         2.7150           27995.020         2.7200           28012.950         2.7250           28030.650
         2.7300           28048.110         2.7350           28065.350         2.7400           28082.370
         2.7450           28099.170         2.7500           28115.740         2.7550           28132.110
         2.7600           28148.250         2.7650           28164.190         2.7700           28179.930
1
         2.7750           28195.450         2.7800           28210.780         2.7850           28225.900
         2.7900           28240.830         2.7950           28255.570         2.8000           28270.110
         2.8050           28284.460         2.8100           28298.630         2.8150           28312.610
         2.8200           28326.410         2.8250           28340.030         2.8300           28353.470
         2.8350           28366.740         2.8400           28379.830         2.8450           28392.750
         2.8500           28405.500         2.8550           28418.090         2.8600           28430.510
         2.8650           28442.770         2.8700           28454.870         2.8750           28466.810
         2.8800           28478.600         2.8850           28490.230         2.8900           28501.710
         2.8950           28513.040         2.9000           28524.220         2.9050           28535.260
         2.9100           28546.140         2.9150           28556.890         2.9200           28567.500
         2.9250           28577.970         2.9300           28588.300         2.9350           28598.490
         2.9400           28608.550         2.9450           28618.480         2.9500           28628.280
         2.9550           28637.950         2.9600           28647.500         2.9650           28656.920
         2.9700           28666.210         2.9750           28675.390         2.9800           28684.440
         2.9850           28693.370         2.9900           28702.190         2.9950           28710.890
         3.0000           28719.480         3.0050           28727.950         3.0100           28736.310
         3.0150           28744.570         3.0200           28752.710         3.0250           28760.750
         3.0300           28768.680         3.0350           28776.510         3.0400           28784.230
         3.0450           28791.860         3.0500           28799.380         3.0550           28806.800
         3.0600           28814.130         3.0650           28821.360         3.0700           28828.490
         3.0750           28835.530         3.0800           28842.480         3.0850           28849.340
         3.0900           28856.110         3.0950           28862.780         3.1000           28869.370
         3.1050           28875.880         3.1100           28882.290         3.1150           28888.620
         3.1200           28894.870         3.1250           28901.040         3.1300           28907.130
         3.1350           28913.130         3.1400           28919.060         3.1450           28924.900
         3.1500           28930.670         3.1550           28936.370         3.1600           28941.990
         3.1650           28947.540         3.1700           28953.010         3.1750           28958.410
         3.1800           28963.740         3.1850           28969.000         3.1900           28974.190
         3.1950           28979.310         3.2000           28984.360         3.2050           28989.350
         3.2100           28994.270         3.2150           28999.120         3.2200           29003.910
         3.2250           29008.640         3.2300           29013.310         3.2350           29017.910
         3.2400           29022.460         3.2450           29026.940         3.2500           29031.370
         3.2550           29035.730         3.2600           29040.040         3.2650           29044.290
         3.2700           29048.490         3.2750           29052.630         3.2800           29056.710
         3.2850           29060.740         3.2900           29064.720         3.2950           29068.650
         3.3000           29072.520         3.3050           29076.340         3.3100           29080.120
         3.3150           29083.840         3.3200           29087.510         3.3250           29091.130
         3.3300           29094.710         3.3350           29098.240         3.3400           29101.720
         3.3450           29105.160         3.3500           29108.550         3.3550           29111.900
         3.3600           29115.200         3.3650           29118.460         3.3700           29121.670
         3.3750           29124.840         3.3800           29127.970         3.3850           29131.060
         3.3900           29134.110         3.3950           29137.120         3.4000           29140.090
         3.4050           29143.020         3.4100           29145.910         3.4150           29148.760
         3.4200           29151.570         3.4250           29154.350         3.4300           29157.090
         3.4350           29159.790         3.4400           29162.460         3.4450           29165.100
1
         3.4500           29167.690         3.4550           29170.260         3.4600           29172.790
         3.4650           29175.280         3.4700           29177.750         3.4750           29180.180
         3.4800           29182.580         3.4850           29184.940         3.4900           29187.280
         3.4950           29189.580         3.5000           29191.860
1V'  B(V)  (CAL)   B(V)  (OBS)    DEVIATION        E(V)ALC)   E(V) (OBS)   DEVIATION        RMIN     RMAX   
   -1  14.4570        14.4570       .0000               .0000         .0000       .0000      1.1201      1.1201
    0  14.1886        14.1900      -.0014           1415.1980     1413.4900      1.7078      1.0191      1.2465
    1  13.6548        13.6560      -.0012           4147.2620     4145.9500      1.3115       .9582      1.3597
    2  13.1207        13.1220      -.0013           6753.4420     6752.3700      1.0718       .9219      1.4507
    3  12.5860        12.5880      -.0020           9233.6990     9232.7500       .9492       .8954      1.5342
    4  12.0494        12.0540      -.0046          11588.1500    11587.0900      1.0645       .8746      1.6149
    5  11.5091        11.5200      -.0109          13817.1300    13815.3900      1.7441       .8576      1.6948
    6  10.9628        10.9860      -.0232          15921.0700    15917.6500      3.4180       .8433      1.7755
    7  10.4089        10.4520      -.0431          17900.3400    17893.8700      6.4668       .8310      1.8581
    8   9.8464         9.9180      -.0716          19755.2000    19744.0500     11.1445       .8203      1.9434
    9   9.2742         9.3840      -.1098          21485.5700    21468.1900     17.3789       .8110      2.0324
   10   8.6832         8.8500      -.1668          23089.6700    23066.2900     23.3789       .8026      2.1262
  NOISE FACTOR HAS MAXIMUM VALUE OF    .32E-09
1
 
                                V"   V""  FRANCK CONDON FACTOR     R-CENTROID

                                 0   0    .8809749E+00             .1159111E+01
                                 0   1    .6597226E-01             .1573085E+01
                                 0   2    .4967269E-01             .1309538E+01
                                 0   3    .4893512E-06             .5487973E+02
                                 0   4    .1967671E-02             .1092197E+01
                                 0   5    .5098846E-03             .7344212E+00
                                 0   6    .3264353E-03             .8154120E+00
                                 0   7    .1959470E-03             .8020893E+00
                                 0   8    .1221533E-03             .7933001E+00
                                 0   9    .7849922E-04             .7871405E+00
                                 0  10    .5130633E-04             .7806426E+00
 
                                V"   V""  FRANCK CONDON FACTOR     R-CENTROID

                                 1   0    .7950073E-01             .9007177E+00
                                 1   1    .7301335E+00             .1176593E+01
                                 1   2    .5329854E-01             .1873632E+01
                                 1   3    .1172008E+00             .1293195E+01
                                 1   4    .9687749E-03            -.1106724E+01
                                 1   5    .8699398E-02             .1027710E+01
                                 1   6    .3409328E-02             .7787252E+00
                                 1   7    .2211213E-02             .8098937E+00
                                 1   8    .1418452E-02             .8016906E+00
                                 1   9    .9225228E-03             .7913423E+00
                                 1  10    .6110833E-03             .7833238E+00
1
 
                                V"   V""  FRANCK CONDON FACTOR     R-CENTROID

                                 2   0    .1939492E-01             .1045730E+01
                                 2   1    .4528844E-01             .1349549E+01
                                 2   2    .1031371E+00             .1003365E+01
                                 2   3    .4823686E+00             .1247711E+01
                                 2   4    .7587573E-01             .2082369E+01
                                 2   5    .2123286E+00             .1379030E+01
                                 2   6    .2887595E-02            -.1045935E+01
                                 2   7    .1985530E-01             .9975332E+00
                                 2   8    .1103128E-01             .8153041E+00
                                 2   9    .7418684E-02             .8001242E+00
                                 2  10    .5176848E-02             .7976580E+00
 
                                V"   V""  FRANCK CONDON FACTOR     R-CENTROID

                                 3   0    .1963829E-02             .6893117E+00
                                 3   1    .5437992E-01             .1083840E+01
                                 3   2    .5253602E-01             .1381590E+01
                                 3   3    .1310107E+00             .1108260E+01
                                 3   4    .3500492E+00             .1290021E+01
                                 3   5    .1083934E+00             .2047608E+01
                                 3   6    .2373224E+00             .1461215E+01
                                 3   7    .1550250E-02            -.2262290E+01
                                 3   8    .1837144E-01             .9936603E+00
                                 3   9    .1171083E-01             .8391771E+00
                                 3  10    .7900503E-02             .7992103E+00
1
 
                                V"   V""  FRANCK CONDON FACTOR     R-CENTROID

                                 4   0    .7748757E-04             .2354196E+01
                                 4   1    .9619266E-02             .8220194E+00
                                 4   2    .9118469E-01             .1136142E+01
                                 4   3    .3391870E-01             .1464953E+01
                                 4   4    .1694215E+00             .1199676E+01
                                 4   5    .2363064E+00             .1325812E+01
                                 4   6    .1417594E+00             .2035356E+01
                                 4   7    .2571368E+00             .1550221E+01
                                 4   8    .6231809E-03            -.4749108E+01
                                 4   9    .1451283E-01             .9633417E+00
                                 4  10    .1109553E-01             .8724523E+00
 
                                V"   V""  FRANCK CONDON FACTOR     R-CENTROID

                                 5   0    .2877856E-03             .1056609E+01
                                 5   1    .8366863E-03             .1467038E+01
                                 5   2    .1916686E-02             .3941849E+00
                                 5   3    .5523840E-01             .1035273E+01
                                 5   4    .1012718E+00             .1252264E+01
                                 5   5    .3887455E-04            -.5196024E+01
                                 5   6    .2182706E+00             .1319256E+01
                                 5   7    .9249955E-01             .1377178E+01
                                 5   8    .2002331E+00             .2075032E+01
                                 5   9    .2803019E+00             .1729111E+01
                                 5  10    .7651435E-03            -.4282925E+01
1
 
                                V"   V""  FRANCK CONDON FACTOR     R-CENTROID

                                 6   0    .1024294E-03             .9076850E+00
                                 6   1    .9688011E-03             .1172985E+01
                                 6   2    .3541470E-03             .2191050E+01
                                 6   3    .1038619E-01             .7798131E+00
                                 6   4    .8008391E-01             .1111452E+01
                                 6   5    .7057524E-01             .1319742E+01
                                 6   6    .1125672E-01             .9676978E+00
                                 6   7    .2139353E+00             .1357228E+01
                                 6   8    .5798200E-01             .1412774E+01
                                 6   9    .2328027E+00             .2110744E+01
                                 6  10    .2759254E+00             .1820462E+01
 
                                V"   V""  FRANCK CONDON FACTOR     R-CENTROID

                                 7   0    .2378624E-04             .7192133E+00
                                 7   1    .5319373E-03             .1024767E+01
                                 7   2    .1390639E-02             .1348717E+01
                                 7   3    .1797282E-03            -.1063365E+01
                                 7   4    .2731415E-01             .9452324E+00
                                 7   5    .8978854E-01             .1177750E+01
                                 7   6    .3521081E-01             .1411533E+01
                                 7   7    .3547121E-01             .1165086E+01
                                 7   8    .1945226E+00             .1384516E+01
                                 7   9    .4104665E-01             .1489679E+01
                                 7  10    .2752235E+00             .2152170E+01
1
 
                                V"   V""  FRANCK CONDON FACTOR     R-CENTROID

                                 8   0    .2996971E-05             .3047475E+00
                                 8   1    .2055130E-03             .8956673E+00
                                 8   2    .1225150E-02             .1151548E+01
                                 8   3    .7488936E-03             .1772315E+01
                                 8   4    .3972219E-02             .5911250E+00
                                 8   5    .4739361E-01             .1047778E+01
                                 8   6    .8007383E-01             .1240260E+01
                                 8   7    .1002899E-01             .1598713E+01
                                 8   8    .6089344E-01             .1244011E+01
                                 8   9    .1672399E+00             .1400146E+01
                                 8  10    .3819088E-01             .1640001E+01
 
                                V"   V""  FRANCK CONDON FACTOR     R-CENTROID

                                 9   0    .3072262E-06             .2047526E+01
                                 9   1    .1311968E-04             .4933154E+00
                                 9   2    .3059115E-03             .9161022E+00
                                 9   3    .1246174E-02             .1161318E+01
                                 9   4    .7492529E-03             .1719447E+01
                                 9   5    .1894875E-02             .4229102E+00
                                 9   6    .2792368E-01             .9964080E+00
                                 9   7    .6284409E-01             .1189962E+01
                                 9   8    .3241224E-01             .1385351E+01
                                 9   9    .2721936E-02             .7049075E+00
                                 9  10    .8834678E-01             .1329288E+01
1
 
                                V"   V""  FRANCK CONDON FACTOR     R-CENTROID

                                10   0    .5465936E-06             .1474621E+01
                                10   1    .1472274E-05            -.1865499E+00
                                10   2    .1130852E-03             .7962649E+00
                                10   3    .7598836E-03             .1051308E+01
                                10   4    .1238838E-02             .1350873E+01
                                10   5    .1213507E-05             .2253720E+02
                                10   6    .8206169E-02             .8074342E+00
                                10   7    .3920657E-01             .1084838E+01
                                10   8    .5222337E-01             .1251987E+01
                                10   9    .1317178E-01             .1509599E+01
                                10  10    .1065587E-01             .1036075E+01
1R-CENTROID TABLE 

   1.159 1.573 1.31054.880 1.092  .734  .815  .802  .793  .787  .781
    .901 1.177 1.874 1.293-1.107 1.028  .779  .810  .802  .791  .783
   1.046 1.350 1.003 1.248 2.082 1.379-1.046  .998  .815  .800  .798
    .689 1.084 1.382 1.108 1.290 2.048 1.461-2.262  .994  .839  .799
   2.354  .822 1.136 1.465 1.200 1.326 2.035 1.550-4.749  .963  .872
   1.057 1.467  .394 1.035 1.252-5.196 1.319 1.377 2.075 1.729-4.283
    .908 1.173 2.191  .780 1.111 1.320  .968 1.357 1.413 2.111 1.820
    .719 1.025 1.349-1.063  .945 1.178 1.412 1.165 1.385 1.490 2.152
    .305  .896 1.152 1.772  .591 1.048 1.240 1.599 1.244 1.400 1.640
   2.048  .493  .916 1.161 1.719  .423  .996 1.190 1.385  .705 1.329
   1.475 -.187  .796 1.051 1.35122.537  .807 1.085 1.252 1.510 1.036
1 FRANCK CONDON FACTOR TABLE  

    8.81E-01 6.60E-02 4.97E-02 4.89E-07 1.97E-03 5.10E-04 3.26E-04 1.96E-04 1.22E-04 7.85E-05 5.13E-05
    7.95E-02 7.30E-01 5.33E-02 1.17E-01 9.69E-04 8.70E-03 3.41E-03 2.21E-03 1.42E-03 9.23E-04 6.11E-04
    1.94E-02 4.53E-02 1.03E-01 4.82E-01 7.59E-02 2.12E-01 2.89E-03 1.99E-02 1.10E-02 7.42E-03 5.18E-03
    1.96E-03 5.44E-02 5.25E-02 1.31E-01 3.50E-01 1.08E-01 2.37E-01 1.55E-03 1.84E-02 1.17E-02 7.90E-03
    7.75E-05 9.62E-03 9.12E-02 3.39E-02 1.69E-01 2.36E-01 1.42E-01 2.57E-01 6.23E-04 1.45E-02 1.11E-02
    2.88E-04 8.37E-04 1.92E-03 5.52E-02 1.01E-01 3.89E-05 2.18E-01 9.25E-02 2.00E-01 2.80E-01 7.65E-04
    1.02E-04 9.69E-04 3.54E-04 1.04E-02 8.01E-02 7.06E-02 1.13E-02 2.14E-01 5.80E-02 2.33E-01 2.76E-01
    2.38E-05 5.32E-04 1.39E-03 1.80E-04 2.73E-02 8.98E-02 3.52E-02 3.55E-02 1.95E-01 4.10E-02 2.75E-01
    3.00E-06 2.06E-04 1.23E-03 7.49E-04 3.97E-03 4.74E-02 8.01E-02 1.00E-02 6.09E-02 1.67E-01 3.82E-02
    3.07E-07 1.31E-05 3.06E-04 1.25E-03 7.49E-04 1.89E-03 2.79E-02 6.28E-02 3.24E-02 2.72E-03 8.83E-02
    5.47E-07 1.47E-06 1.13E-04 7.60E-04 1.24E-03 1.21E-06 8.21E-03 3.92E-02 5.22E-02 1.32E-02 1.07E-02
1
 V'=   0 SUM OF FCF'S FOR V''=0, 10 IS  9.9987220E-01
 V'=   1 SUM OF FCF'S FOR V''=0, 10 IS  9.9837430E-01
 V'=   2 SUM OF FCF'S FOR V''=0, 10 IS  9.8476310E-01
 V'=   3 SUM OF FCF'S FOR V''=0, 10 IS  9.7518860E-01
 V'=   4 SUM OF FCF'S FOR V''=0, 10 IS  9.6565570E-01
 V'=   5 SUM OF FCF'S FOR V''=0, 10 IS  9.5166060E-01
 V'=   6 SUM OF FCF'S FOR V''=0, 10 IS  9.5437290E-01
 V'=   7 SUM OF FCF'S FOR V''=0, 10 IS  7.0070360E-01
 V'=   8 SUM OF FCF'S FOR V''=0, 10 IS  4.0997540E-01
 V'=   9 SUM OF FCF'S FOR V''=0, 10 IS  2.1845840E-01
 V'=  10 SUM OF FCF'S FOR V''=0, 10 IS  1.2557880E-01
 V""=  0 SUM OF FCF"S FOR V"=0, 10 IS  9.8232970E-01
 V""=  1 SUM OF FCF"S FOR V"=0, 10 IS  9.0795100E-01
 V""=  2 SUM OF FCF"S FOR V"=0, 10 IS  3.5513460E-01
 V""=  3 SUM OF FCF"S FOR V"=0, 10 IS  8.3305840E-01
 V""=  4 SUM OF FCF"S FOR V"=0, 10 IS  8.1291300E-01
 V""=  5 SUM OF FCF"S FOR V"=0, 10 IS  7.7593010E-01
 V""=  6 SUM OF FCF"S FOR V"=0, 10 IS  7.6664690E-01
 V""=  7 SUM OF FCF"S FOR V"=0, 10 IS  7.3493530E-01
 V""=  8 SUM OF FCF"S FOR V"=0, 10 IS  6.2983330E-01
 V""=  9 SUM OF FCF"S FOR V"=0, 10 IS  7.7192840E-01
 V""= 10 SUM OF FCF"S FOR V"=0, 10 IS  7.1394290E-01
