


  RMIN =  .400  MAXV   = 10  BE =   14.6030
  RMAX = 3.500  KDMAXV = 10  RE =    1.1145
  DELR =  .005  NEIG   =  0  DE =18000.0000
  ZMU  =  .930


 THE KLEIN DUNHAM POTENTIAL PRODUCED FOR THIS STATE COVERS THE REGION FROM    .640 TO   3.195 ANGSTROMS
 THE TO TAL POTENTIAL FUNCTION I

         RADIUS           ENERGY            RADIUS           ENERGY            RADIUS           ENERGY
          .4000           54661.660          .4050           53457.870          .4100           52275.810
          .4150           51115.140          .4200           49975.530          .4250           48856.650
          .4300           47758.170          .4350           46679.780          .4400           45621.160
          .4450           44582.010          .4500           43562.010          .4550           42560.870
          .4600           41578.290          .4650           40613.970          .4700           39667.630
          .4750           38738.990          .4800           37827.760          .4850           36933.680
          .4900           36056.470          .4950           35195.860          .5000           34351.590
          .5050           33523.400          .5100           32711.040          .5150           31914.250
          .5200           31132.790          .5250           30366.410          .5300           29614.880
          .5350           28877.940          .5400           28155.380          .5450           27446.960
          .5500           26752.460          .5550           26071.650          .5600           25404.310
          .5650           24750.230          .5700           24109.190          .5750           23480.980
          .5800           22865.390          .5850           22262.230          .5900           21671.290
          .5950           21092.370          .6000           20525.280          .6050           19969.830
          .6100           19425.820          .6150           18893.070          .6200           18371.400
          .6250           17860.630          .6300           17360.580          .6350           16871.060
          .6400           15930.070          .6450           15920.140          .6500           15909.100
          .6550           15896.810          .6600           15883.140          .6650           15867.930
          .6700           15851.060          .6750           15832.350          .6800           15811.610
          .6850           15788.640          .6900           15763.190          .6950           15735.000
          .7000           15703.830          .7050           15669.400          .7100           15631.350
          .7150           15589.350          .7200           15543.000          .7250           15491.870
          .7300           15435.630          .7350           15373.660          .7400           15305.490
          .7450           15230.610          .7500           15148.430          .7550           15058.310
          .7600           14959.580          .7650           14851.600          .7700           14733.790
          .7750           14605.280          .7800           14465.510          .7850           14313.780
          .7900           14149.440          .7950           13971.930          .8000           13780.650
          .8050           13575.280          .8100           13355.460          .8150           13121.080
          .8200           12871.960          .8250           12608.420          .8300           12330.720
          .8350           12039.310          .8400           11735.080          .8450           11418.780
          .8500           11091.250          .8550           10754.010          .8600           10408.120
          .8650           10055.120          .8700            9696.324          .8750            9333.139
          .8800            8967.125          .8850            8599.795          .8900            8232.369
          .8950            7866.267          .9000            7502.606          .9050            7142.689
          .9100            6787.521          .9150            6437.979          .9200            6095.062
          .9250            5759.393          .9300            5431.728          .9350            5112.602
          .9400            4802.519          .9450            4501.874          .9500            4210.983
          .9550            3930.147          .9600            3659.542          .9650            3399.353
          .9700            3149.647          .9750            2910.485          .9800            2681.882
          .9850            2463.822          .9900            2256.241          .9950            2059.060
         1.0000            1872.177         1.0050            1695.465         1.0100            1528.783
         1.0150            1371.972         1.0200            1224.857         1.0250            1087.257
         1.0300             958.979         1.0350             839.821         1.0400             729.581
         1.0450             628.050         1.0500             535.016         1.0550             450.263
         1.0600             373.570         1.0650             304.712         1.0700             243.500
1
         1.0750             189.710         1.0800             143.103         1.0850             103.462
         1.0900              70.568         1.0950              44.210         1.1000              24.181
         1.1050              10.274         1.1100               2.288         1.1150                .026
         1.1200               3.294         1.1250              11.902         1.1300              25.663
         1.1350              44.395         1.1400              67.918         1.1450              96.058
         1.1500             128.642         1.1550             165.503         1.1600             206.476
         1.1650             251.401         1.1700             300.122         1.1750             352.483
         1.1800             408.338         1.1850             467.538         1.1900             529.944
         1.1950             595.415         1.2000             663.817         1.2050             735.020
         1.2100             808.896         1.2150             885.322         1.2200             964.180
         1.2250            1045.348         1.2300            1128.715         1.2350            1214.171
         1.2400            1301.609         1.2450            1390.926         1.2500            1482.020
         1.2550            1574.794         1.2600            1669.152         1.2650            1765.004
         1.2700            1862.260         1.2750            1960.835         1.2800            2060.644
         1.2850            2161.607         1.2900            2263.644         1.2950            2366.680
         1.3000            2470.642         1.3050            2575.458         1.3100            2681.059
         1.3150            2787.379         1.3200            2894.354         1.3250            3001.921
         1.3300            3110.023         1.3350            3218.605         1.3400            3327.606
         1.3450            3436.971         1.3500            3546.642         1.3550            3656.571
         1.3600            3766.714         1.3650            3877.028         1.3700            3987.474
         1.3750            4097.994         1.3800            4208.542         1.3850            4319.083
         1.3900            4429.585         1.3950            4540.010         1.4000            4650.321
         1.4050            4760.481         1.4100            4870.453         1.4150            4980.210
         1.4200            5089.729         1.4250            5198.961         1.4300            5307.889
         1.4350            5416.486         1.4400            5524.729         1.4450            5632.592
         1.4500            5740.049         1.4550            5847.070         1.4600            5953.655
         1.4650            6059.760         1.4700            6165.368         1.4750            6270.470
         1.4800            6375.048         1.4850            6479.088         1.4900            6582.571
         1.4950            6685.477         1.5000            6787.772         1.5050            6889.465
         1.5100            6990.557         1.5150            7091.021         1.5200            7190.835
         1.5250            7289.987         1.5300            7388.469         1.5350            7486.283
         1.5400            7583.433         1.5450            7679.905         1.5500            7775.650
         1.5550            7870.680         1.5600            7964.999         1.5650            8058.604
         1.5700            8151.491         1.5750            8243.644         1.5800            8335.044
         1.5850            8425.688         1.5900            8515.628         1.5950            8604.817
         1.6000            8693.246         1.6050            8780.906         1.6100            8867.796
         1.6150            8953.922         1.6200            9039.296         1.6250            9123.937
         1.6300            9207.815         1.6350            9290.900         1.6400            9373.222
         1.6450            9454.782         1.6500            9535.581         1.6550            9615.619
         1.6600            9694.891         1.6650            9773.394         1.6700            9851.119
         1.6750            9928.071         1.6800           10004.280         1.6850           10079.740
         1.6900           10154.440         1.6950           10228.370         1.7000           10301.540
         1.7050           10373.960         1.7100           10445.640         1.7150           10516.590
         1.7200           10586.820         1.7250           10656.280         1.7300           10724.990
         1.7350           10792.980         1.7400           10860.240         1.7450           10926.780
1
         1.7500           10992.600         1.7550           11057.710         1.7600           11122.090
         1.7650           11185.750         1.7700           11248.730         1.7750           11311.030
         1.7800           11372.620         1.7850           11433.510         1.7900           11493.710
         1.7950           11553.210         1.8000           11612.030         1.8050           11670.180
         1.8100           11727.680         1.8150           11784.530         1.8200           11840.690
         1.8250           11896.200         1.8300           11951.070         1.8350           12005.310
         1.8400           12058.910         1.8450           12111.870         1.8500           12164.210
         1.8550           12215.910         1.8600           12266.990         1.8650           12317.460
         1.8700           12367.330         1.8750           12416.610         1.8800           12465.280
         1.8850           12513.340         1.8900           12560.810         1.8950           12607.710
         1.9000           12654.040         1.9050           12699.810         1.9100           12745.020
         1.9150           12789.680         1.9200           12833.770         1.9250           12877.290
         1.9300           12920.290         1.9350           12962.760         1.9400           13004.680
         1.9450           13046.060         1.9500           13086.930         1.9550           13127.270
         1.9600           13167.110         1.9650           13206.440         1.9700           13245.270
         1.9750           13283.610         1.9800           13321.460         1.9850           13358.820
         1.9900           13395.690         1.9950           13432.090         2.0000           13468.030
         2.0050           13503.500         2.0100           13538.510         2.0150           13573.070
         2.0200           13607.180         2.0250           13640.840         2.0300           13674.060
         2.0350           13706.840         2.0400           13739.190         2.0450           13771.100
         2.0500           13802.590         2.0550           13833.670         2.0600           13864.350
         2.0650           13894.620         2.0700           13924.490         2.0750           13953.960
         2.0800           13983.030         2.0850           14011.720         2.0900           14040.020
         2.0950           14067.940         2.1000           14095.480         2.1050           14122.660
         2.1100           14149.470         2.1150           14175.920         2.1200           14202.010
         2.1250           14227.750         2.1300           14253.130         2.1350           14278.170
         2.1400           14302.890         2.1450           14327.270         2.1500           14351.310
         2.1550           14375.020         2.1600           14398.410         2.1650           14421.470
         2.1700           14444.210         2.1750           14466.640         2.1800           14488.750
         2.1850           14510.560         2.1900           14532.080         2.1950           14553.310
         2.2000           14574.250         2.2050           14594.910         2.2100           14615.280
         2.2150           14635.360         2.2200           14655.160         2.2250           14674.680
         2.2300           14693.930         2.2350           14712.910         2.2400           14731.620
         2.2450           14750.080         2.2500           14768.270         2.2550           14786.210
         2.2600           14803.890         2.2650           14821.330         2.2700           14838.530
         2.2750           14855.490         2.2800           14872.210         2.2850           14888.700
         2.2900           14904.960         2.2950           14921.000         2.3000           14936.800
         2.3050           14952.380         2.3100           14967.730         2.3150           14982.870
         2.3200           14997.800         2.3250           15012.510         2.3300           15027.010
         2.3350           15041.310         2.3400           15055.410         2.3450           15069.310
         2.3500           15083.010         2.3550           15096.520         2.3600           15109.840
         2.3650           15122.960         2.3700           15135.900         2.3750           15148.640
         2.3800           15161.200         2.3850           15173.580         2.3900           15185.780
         2.3950           15197.820         2.4000           15209.680         2.4050           15221.370
         2.4100           15232.890         2.4150           15244.250         2.4200           15255.450
1
         2.4250           15266.490         2.4300           15277.360         2.4350           15288.080
         2.4400           15298.650         2.4450           15309.060         2.4500           15319.330
         2.4550           15329.440         2.4600           15339.410         2.4650           15349.240
         2.4700           15358.920         2.4750           15368.470         2.4800           15377.880
         2.4850           15387.150         2.4900           15396.290         2.4950           15405.300
         2.5000           15414.180         2.5050           15422.920         2.5100           15431.530
         2.5150           15440.020         2.5200           15448.380         2.5250           15456.630
         2.5300           15464.750         2.5350           15472.760         2.5400           15480.660
         2.5450           15488.430         2.5500           15496.100         2.5550           15503.650
         2.5600           15511.100         2.5650           15518.440         2.5700           15525.670
         2.5750           15532.790         2.5800           15539.810         2.5850           15546.730
         2.5900           15553.550         2.5950           15560.270         2.6000           15566.890
         2.6050           15573.410         2.6100           15579.840         2.6150           15586.180
         2.6200           15592.420         2.6250           15598.560         2.6300           15604.620
         2.6350           15610.590         2.6400           15616.470         2.6450           15622.260
         2.6500           15627.970         2.6550           15633.600         2.6600           15639.140
         2.6650           15644.610         2.6700           15649.990         2.6750           15655.290
         2.6800           15660.520         2.6850           15665.670         2.6900           15670.750
         2.6950           15675.750         2.7000           15680.670         2.7050           15685.530
         2.7100           15690.310         2.7150           15695.020         2.7200           15699.660
         2.7250           15704.240         2.7300           15708.740         2.7350           15713.180
         2.7400           15717.560         2.7450           15721.870         2.7500           15726.120
         2.7550           15730.300         2.7600           15734.420         2.7650           15738.490
         2.7700           15742.490         2.7750           15746.430         2.7800           15750.320
         2.7850           15754.150         2.7900           15757.920         2.7950           15761.640
         2.8000           15765.310         2.8050           15768.920         2.8100           15772.480
         2.8150           15775.980         2.8200           15779.420         2.8250           15782.820
         2.8300           15786.170         2.8350           15789.470         2.8400           15792.710
         2.8450           15795.920         2.8500           15799.070         2.8550           15802.180
         2.8600           15805.250         2.8650           15808.260         2.8700           15811.240
         2.8750           15814.170         2.8800           15817.050         2.8850           15819.900
         2.8900           15822.700         2.8950           15825.460         2.9000           15828.180
         2.9050           15830.860         2.9100           15833.500         2.9150           15836.100
         2.9200           15838.670         2.9250           15841.190         2.9300           15843.680
         2.9350           15846.130         2.9400           15848.540         2.9450           15850.920
         2.9500           15853.260         2.9550           15855.570         2.9600           15857.850
         2.9650           15860.090         2.9700           15862.290         2.9750           15864.470
         2.9800           15866.610         2.9850           15868.720         2.9900           15870.800
         2.9950           15872.850         3.0000           15874.870         3.0050           15876.860
         3.0100           15878.820         3.0150           15880.750         3.0200           15882.660
         3.0250           15884.530         3.0300           15886.380         3.0350           15888.210
         3.0400           15890.000         3.0450           15891.770         3.0500           15893.510
         3.0550           15895.220         3.0600           15896.910         3.0650           15898.580
         3.0700           15900.210         3.0750           15901.830         3.0800           15903.420
         3.0850           15904.980         3.0900           15906.530         3.0950           15908.050
1
         3.1000           15909.540         3.1050           15911.020         3.1100           15912.470
         3.1150           15913.910         3.1200           15915.320         3.1250           15916.710
         3.1300           15918.080         3.1350           15919.430         3.1400           15920.760
         3.1450           15922.070         3.1500           15923.360         3.1550           15924.630
         3.1600           15925.890         3.1650           15927.120         3.1700           15928.340
         3.1750           15929.540         3.1800           15930.730         3.1850           15931.890
         3.1900           15933.040         3.1950           15934.180         3.2000           15935.330
         3.2050           15936.470         3.2100           15937.610         3.2150           15938.750
         3.2200           15939.880         3.2250           15941.020         3.2300           15942.160
         3.2350           15943.300         3.2400           15944.430         3.2450           15945.570
         3.2500           15946.700         3.2550           15947.840         3.2600           15948.970
         3.2650           15950.100         3.2700           15951.240         3.2750           15952.370
         3.2800           15953.500         3.2850           15954.630         3.2900           15955.760
         3.2950           15956.890         3.3000           15958.020         3.3050           15959.150
         3.3100           15960.280         3.3150           15961.400         3.3200           15962.530
         3.3250           15963.660         3.3300           15964.780         3.3350           15965.910
         3.3400           15967.030         3.3450           15968.160         3.3500           15969.280
         3.3550           15970.400         3.3600           15971.520         3.3650           15972.640
         3.3700           15973.760         3.3750           15974.880         3.3800           15976.000
         3.3850           15977.120         3.3900           15978.240         3.3950           15979.360
         3.4000           15980.480         3.4050           15981.590         3.4100           15982.710
         3.4150           15983.820         3.4200           15984.940         3.4250           15986.050
         3.4300           15987.170         3.4350           15988.280         3.4400           15989.390
         3.4450           15990.500         3.4500           15991.610         3.4550           15992.720
         3.4600           15993.830         3.4650           15994.940         3.4700           15996.050
         3.4750           15997.160         3.4800           15998.270         3.4850           15999.370
         3.4900           16000.480         3.4950           16001.590         3.5000           16002.690

1V'  B(V)  (CAL)   B(V)  (OBS)    DEVIATION        E(V)ALC)   E(V) (OBS)   DEVIATION        RMIN     RMAX   
   -1  14.6030        14.6030       .0000               .0000         .0000       .0000      1.1145      1.1145
    0  14.2616        14.2438       .0178           1378.8370     1388.6100     -9.7733      1.0145      1.2449
    1  13.5578        13.5253       .0325           3961.9760     3976.8900    -14.9138       .9542      1.3695
    2  12.8585        12.8068       .0517           6292.9420     6313.2500    -20.3081       .9168      1.4770
    3  12.1637        12.0883       .0754           8372.1880     8397.6900    -25.5020       .8877      1.5835
    4  11.4716        11.3698       .1018          10200.4600    10230.2100    -29.7471       .8625      1.6951
    5  10.7781        10.6513       .1268          11778.7000    11810.8100    -32.1133       .8388      1.8173
    6  10.0677         9.9328       .1349          13107.9800    13139.4900    -31.5088       .8146      1.9565
    7   9.2834         9.2143       .0691          14189.8000    14216.2500    -26.4521       .7880      2.1228
    8   8.2564         8.4958      -.2394          15026.0000    15041.0900    -15.0908       .7559      2.3349
    9   6.6399         7.7773     -1.1374          15615.9300    15614.0100      1.9160       .7121      2.6379
   10   4.7453         7.0588     -2.3135          15966.4600    15935.0100     31.4463       .6373      3.1987
  NOISE FACTOR HAS MAXIMUM VALUE OF    .82E-06



  RMIN =  .750  MAXV   = 10  BE =   14.4570
  RMAX = 3.500  KDMAXV = 10  RE =    1.1201
  DELR =  .005  NEIG   =  0  DE =29361.0400
  ZMU  =  .930


 THE KLEIN DUNHAM POTENTIAL PRODUCED FOR THIS STATE COVERS THE REGION FROM    .805 TO   2.125 ANGSTROMS
 THE TO TAL POTENTIAL FUNCTION I

         RADIUS           ENERGY            RADIUS           ENERGY            RADIUS           ENERGY
          .7500           35237.480          .7550           33909.690          .7600           32620.220
          .7650           31368.190          .7700           30152.750          .7750           28973.050
          .7800           27828.280          .7850           26717.620          .7900           25640.290
          .7950           24595.510          .8000           23582.530          .8050           22607.630
          .8100           21652.390          .8150           20717.440          .8200           19806.780
          .8250           18921.290          .8300           18062.960          .8350           17231.960
          .8400           16428.340          .8450           15652.000          .8500           14902.520
          .8550           14179.330          .8600           13482.240          .8650           12810.440
          .8700           12163.400          .8750           11540.330          .8800           10940.710
          .8850           10363.830          .8900            9809.047          .8950            9275.729
          .9000            8763.322          .9050            8271.230          .9100            7798.735
          .9150            7345.373          .9200            6910.546          .9250            6493.766
          .9300            6094.424          .9350            5712.054          .9400            5346.182
          .9450            4996.316          .9500            4661.971          .9550            4342.750
          .9600            4038.160          .9650            3747.822          .9700            3471.280
          .9750            3208.197          .9800            2958.165          .9850            2720.793
          .9900            2495.743          .9950            2282.655         1.0000            2081.190
         1.0050            1891.020         1.0100            1711.825         1.0150            1543.293
         1.0200            1385.119         1.0250            1237.013         1.0300            1098.689
         1.0350             969.871         1.0400             850.289         1.0450             739.681
         1.0500             637.793         1.0550             544.378         1.0600             459.196
         1.0650             382.013         1.0700             312.606         1.0750             250.842
         1.0800             196.425         1.0850             149.080         1.0900             108.615
         1.0950              74.841         1.1000              47.574         1.1050              26.632
         1.1100              11.839         1.1150               3.019         1.1200                .002
         1.1250               2.622         1.1300              10.715         1.1350              24.120
         1.1400              42.681         1.1450              66.246         1.1500              94.664
         1.1550             127.790         1.1600             165.481         1.1650             207.599
         1.1700             254.008         1.1750             304.576         1.1800             359.175
         1.1850             417.679         1.1900             479.970         1.1950             545.926
         1.2000             615.435         1.2050             688.386         1.2100             764.671
         1.2150             844.187         1.2200             926.814         1.2250            1012.457
         1.2300            1101.018         1.2350            1192.400         1.2400            1286.507
         1.2450            1383.247         1.2500            1482.530         1.2550            1584.268
         1.2600            1688.375         1.2650            1794.768         1.2700            1903.366
         1.2750            2014.088         1.2800            2126.856         1.2850            2241.599
         1.2900            2358.239         1.2950            2476.705         1.3000            2596.924
         1.3050            2718.829         1.3100            2842.354         1.3150            2967.437
         1.3200            3094.015         1.3250            3222.011         1.3300            3351.385
         1.3350            3482.070         1.3400            3614.002         1.3450            3747.123
         1.3500            3881.380         1.3550            4016.727         1.3600            4153.119
         1.3650            4290.489         1.3700            4428.792         1.3750            4567.980
         1.3800            4708.008         1.3850            4848.830         1.3900            4990.402
         1.3950            5132.680         1.4000            5275.613         1.4050            5419.159
         1.4100            5563.293         1.4150            5707.977         1.4200            5853.168
1
         1.4250            5998.822         1.4300            6144.890         1.4350            6291.354
         1.4400            6438.184         1.4450            6585.309         1.4500            6732.736
         1.4550            6880.438         1.4600            7028.382         1.4650            7176.513
         1.4700            7324.770         1.4750            7473.200         1.4800            7621.757
         1.4850            7770.390         1.4900            7919.063         1.4950            8067.767
         1.5000            8216.508         1.5050            8365.244         1.5100            8513.881
         1.5150            8662.448         1.5200            8810.956         1.5250            8959.381
         1.5300            9107.674         1.5350            9255.774         1.5400            9403.758
         1.5450            9551.535         1.5500            9699.087         1.5550            9846.399
         1.5600            9993.470         1.5650           10140.300         1.5700           10286.840
         1.5750           10433.060         1.5800           10578.980         1.5850           10724.580
         1.5900           10869.860         1.5950           11014.790         1.6000           11159.310
         1.6050           11303.460         1.6100           11447.220         1.6150           11590.560
         1.6200           11733.480         1.6250           11875.960         1.6300           12018.010
         1.6350           12159.600         1.6400           12300.720         1.6450           12441.380
         1.6500           12581.540         1.6550           12721.190         1.6600           12860.320
         1.6650           12998.960         1.6700           13137.100         1.6750           13274.680
         1.6800           13411.700         1.6850           13548.170         1.6900           13684.110
         1.6950           13819.510         1.7000           13954.290         1.7050           14088.500
         1.7100           14222.140         1.7150           14355.210         1.7200           14487.690
         1.7250           14619.540         1.7300           14750.820         1.7350           14881.460
         1.7400           15011.440         1.7450           15140.820         1.7500           15269.610
         1.7550           15397.790         1.7600           15525.310         1.7650           15652.180
         1.7700           15778.410         1.7750           15904.000         1.7800           16028.940
         1.7850           16153.230         1.7900           16276.880         1.7950           16399.850
         1.8000           16522.160         1.8050           16643.830         1.8100           16764.860
         1.8150           16885.230         1.8200           17004.910         1.8250           17123.850
         1.8300           17242.200         1.8350           17359.900         1.8400           17476.920
         1.8450           17593.250         1.8500           17708.900         1.8550           17823.870
         1.8600           17938.110         1.8650           18051.720         1.8700           18164.730
         1.8750           18277.040         1.8800           18388.620         1.8850           18499.480
         1.8900           18609.720         1.8950           18719.290         1.9000           18828.180
         1.9050           18936.400         1.9100           19043.940         1.9150           19150.790
         1.9200           19256.950         1.9250           19362.470         1.9300           19467.390
         1.9350           19571.500         1.9400           19674.940         1.9450           19777.780
         1.9500           19880.020         1.9550           19981.570         1.9600           20082.280
         1.9650           20182.420         1.9700           20281.990         1.9750           20380.870
         1.9800           20479.030         1.9850           20576.490         1.9900           20673.300
         1.9950           20769.530         2.0000           20865.130         2.0050           20959.980
         2.0100           21054.190         2.0150           21147.810         2.0200           21240.850
         2.0250           21333.240         2.0300           21424.850         2.0350           21515.810
         2.0400           21606.240         2.0450           21695.990         2.0500           21785.080
         2.0550           21873.540         2.0600           21961.380         2.0650           22048.650
         2.0700           22135.320         2.0750           22221.290         2.0800           22306.670
         2.0850           22391.440         2.0900           22475.590         2.0950           22559.120
1
         2.1000           22642.010         2.1050           22724.290         2.1100           22806.010
         2.1150           22887.210         2.1200           22967.810         2.1250           23047.690
         2.1300           23126.430         2.1350           23204.360         2.1400           23281.380
         2.1450           23357.510         2.1500           23432.750         2.1550           23507.110
         2.1600           23580.590         2.1650           23653.210         2.1700           23724.980
         2.1750           23795.900         2.1800           23865.980         2.1850           23935.230
         2.1900           24003.660         2.1950           24071.280         2.2000           24138.090
         2.2050           24204.110         2.2100           24269.340         2.2150           24333.790
         2.2200           24397.460         2.2250           24460.370         2.2300           24522.530
         2.2350           24583.930         2.2400           24644.600         2.2450           24704.540
         2.2500           24763.740         2.2550           24822.240         2.2600           24880.020
         2.2650           24937.100         2.2700           24993.490         2.2750           25049.190
         2.2800           25104.220         2.2850           25158.570         2.2900           25212.250
         2.2950           25265.280         2.3000           25317.660         2.3050           25369.400
         2.3100           25420.500         2.3150           25470.980         2.3200           25520.830
         2.3250           25570.070         2.3300           25618.700         2.3350           25666.730
         2.3400           25714.170         2.3450           25761.020         2.3500           25807.290
         2.3550           25852.980         2.3600           25898.110         2.3650           25942.680
         2.3700           25986.690         2.3750           26030.160         2.3800           26073.080
         2.3850           26115.470         2.3900           26157.330         2.3950           26198.660
         2.4000           26239.480         2.4050           26279.790         2.4100           26319.590
         2.4150           26358.890         2.4200           26397.710         2.4250           26436.030
         2.4300           26473.870         2.4350           26511.230         2.4400           26548.130
         2.4450           26584.560         2.4500           26620.530         2.4550           26656.050
         2.4600           26691.120         2.4650           26725.740         2.4700           26759.930
         2.4750           26793.680         2.4800           26827.010         2.4850           26859.910
         2.4900           26892.400         2.4950           26924.480         2.5000           26956.150
         2.5050           26987.410         2.5100           27018.280         2.5150           27048.760
         2.5200           27078.840         2.5250           27108.550         2.5300           27137.880
         2.5350           27166.830         2.5400           27195.410         2.5450           27223.630
         2.5500           27251.480         2.5550           27278.990         2.5600           27306.130
         2.5650           27332.940         2.5700           27359.400         2.5750           27385.520
         2.5800           27411.300         2.5850           27436.760         2.5900           27461.890
         2.5950           27486.700         2.6000           27511.180         2.6050           27535.360
         2.6100           27559.220         2.6150           27582.770         2.6200           27606.030
         2.6250           27628.980         2.6300           27651.640         2.6350           27674.010
         2.6400           27696.080         2.6450           27717.880         2.6500           27739.390
         2.6550           27760.630         2.6600           27781.590         2.6650           27802.280
         2.6700           27822.700         2.6750           27842.860         2.6800           27862.760
         2.6850           27882.400         2.6900           27901.790         2.6950           27920.920
         2.7000           27939.810         2.7050           27958.460         2.7100           27976.860
         2.7150           27995.020         2.7200           28012.950         2.7250           28030.650
         2.7300           28048.110         2.7350           28065.350         2.7400           28082.370
         2.7450           28099.170         2.7500           28115.740         2.7550           28132.110
         2.7600           28148.250         2.7650           28164.190         2.7700           28179.930
1
         2.7750           28195.450         2.7800           28210.780         2.7850           28225.900
         2.7900           28240.830         2.7950           28255.570         2.8000           28270.110
         2.8050           28284.460         2.8100           28298.630         2.8150           28312.610
         2.8200           28326.410         2.8250           28340.030         2.8300           28353.470
         2.8350           28366.740         2.8400           28379.830         2.8450           28392.750
         2.8500           28405.500         2.8550           28418.090         2.8600           28430.510
         2.8650           28442.770         2.8700           28454.870         2.8750           28466.810
         2.8800           28478.600         2.8850           28490.230         2.8900           28501.710
         2.8950           28513.040         2.9000           28524.220         2.9050           28535.260
         2.9100           28546.140         2.9150           28556.890         2.9200           28567.500
         2.9250           28577.970         2.9300           28588.300         2.9350           28598.490
         2.9400           28608.550         2.9450           28618.480         2.9500           28628.280
         2.9550           28637.950         2.9600           28647.500         2.9650           28656.920
         2.9700           28666.210         2.9750           28675.390         2.9800           28684.440
         2.9850           28693.370         2.9900           28702.190         2.9950           28710.890
         3.0000           28719.480         3.0050           28727.950         3.0100           28736.310
         3.0150           28744.570         3.0200           28752.710         3.0250           28760.750
         3.0300           28768.680         3.0350           28776.510         3.0400           28784.230
         3.0450           28791.860         3.0500           28799.380         3.0550           28806.800
         3.0600           28814.130         3.0650           28821.360         3.0700           28828.490
         3.0750           28835.530         3.0800           28842.480         3.0850           28849.340
         3.0900           28856.110         3.0950           28862.780         3.1000           28869.370
         3.1050           28875.880         3.1100           28882.290         3.1150           28888.620
         3.1200           28894.870         3.1250           28901.040         3.1300           28907.130
         3.1350           28913.130         3.1400           28919.060         3.1450           28924.900
         3.1500           28930.670         3.1550           28936.370         3.1600           28941.990
         3.1650           28947.540         3.1700           28953.010         3.1750           28958.410
         3.1800           28963.740         3.1850           28969.000         3.1900           28974.190
         3.1950           28979.310         3.2000           28984.360         3.2050           28989.350
         3.2100           28994.270         3.2150           28999.120         3.2200           29003.910
         3.2250           29008.640         3.2300           29013.310         3.2350           29017.910
         3.2400           29022.460         3.2450           29026.940         3.2500           29031.370
         3.2550           29035.730         3.2600           29040.040         3.2650           29044.290
         3.2700           29048.490         3.2750           29052.630         3.2800           29056.710
         3.2850           29060.740         3.2900           29064.720         3.2950           29068.650
         3.3000           29072.520         3.3050           29076.340         3.3100           29080.120
         3.3150           29083.840         3.3200           29087.510         3.3250           29091.130
         3.3300           29094.710         3.3350           29098.240         3.3400           29101.720
         3.3450           29105.160         3.3500           29108.550         3.3550           29111.900
         3.3600           29115.200         3.3650           29118.460         3.3700           29121.670
         3.3750           29124.840         3.3800           29127.970         3.3850           29131.060
         3.3900           29134.110         3.3950           29137.120         3.4000           29140.090
         3.4050           29143.020         3.4100           29145.910         3.4150           29148.760
         3.4200           29151.570         3.4250           29154.350         3.4300           29157.090
         3.4350           29159.790         3.4400           29162.460         3.4450           29165.100
1
         3.4500           29167.690         3.4550           29170.260         3.4600           29172.790
         3.4650           29175.280         3.4700           29177.750         3.4750           29180.180
         3.4800           29182.580         3.4850           29184.940         3.4900           29187.280
         3.4950           29189.580         3.5000           29191.860
1V'  B(V)  (CAL)   B(V)  (OBS)    DEVIATION        E(V)ALC)   E(V) (OBS)   DEVIATION        RMIN     RMAX   
   -1  14.4570        14.4570       .0000               .0000         .0000       .0000      1.1201      1.1201
    0  14.1886        14.1900      -.0014           1415.1980     1413.4900      1.7078      1.0191      1.2465
    1  13.6548        13.6560      -.0012           4147.2620     4145.9500      1.3115       .9582      1.3597
    2  13.1207        13.1220      -.0013           6753.4420     6752.3700      1.0718       .9219      1.4507
    3  12.5860        12.5880      -.0020           9233.6990     9232.7500       .9492       .8954      1.5342
    4  12.0494        12.0540      -.0046          11588.1500    11587.0900      1.0645       .8746      1.6149
    5  11.5091        11.5200      -.0109          13817.1300    13815.3900      1.7441       .8576      1.6948
    6  10.9628        10.9860      -.0232          15921.0700    15917.6500      3.4180       .8433      1.7755
    7  10.4089        10.4520      -.0431          17900.3400    17893.8700      6.4668       .8310      1.8581
    8   9.8464         9.9180      -.0716          19755.2000    19744.0500     11.1445       .8203      1.9434
    9   9.2742         9.3840      -.1098          21485.5700    21468.1900     17.3789       .8110      2.0324
   10   8.6832         8.8500      -.1668          23089.6700    23066.2900     23.3789       .8026      2.1262
  NOISE FACTOR HAS MAXIMUM VALUE OF    .32E-09
1
 
                                V"   V""  FRANCK CONDON FACTOR     R-CENTROID

                                 0   0    .1158293E-01             .1335030E+01
                                 0   1    .9720951E-01             .1379084E+01
                                 0   2    .2930556E+00             .1429085E+01
                                 0   3    .3774195E+00             .1492390E+01
                                 0   4    .1934758E+00             .1585688E+01
                                 0   5    .2710681E-01             .1775534E+01
                                 0   6    .3262397E-04             .4810620E+01
                                 0   7    .1034027E-03             .1646922E+01
                                 0   8    .1236362E-04             .1083489E+01
                                 0   9    .4109556E-08             .1657319E+02
                                 0  10    .6331135E-06             .1824518E+01
 
                                V"   V""  FRANCK CONDON FACTOR     R-CENTROID

                                 1   0    .2712218E-01             .1293521E+01
                                 1   1    .1254265E+00             .1328298E+01
                                 1   2    .1263991E+00             .1351722E+01
                                 1   3    .2313682E-04             .5393762E+01
                                 1   4    .2385328E+00             .1538879E+01
                                 1   5    .3790573E+00             .1610555E+01
                                 1   6    .1021789E+00             .1779803E+01
                                 1   7    .7380590E-03             .3096331E+01
                                 1   8    .4536934E-03             .1592974E+01
                                 1   9    .6178026E-04             .1090226E+01
                                 1  10    .3123536E-07            -.1175111E+02
1
 
                                V"   V""  FRANCK CONDON FACTOR     R-CENTROID

                                 2   0    .4306819E-01             .1260990E+01
                                 2   1    .1130303E+00             .1293482E+01
                                 2   2    .2883958E-01             .1297448E+01
                                 2   3    .4559382E-01             .1401399E+01
                                 2   4    .7741252E-01             .1373124E+01
                                 2   5    .4596663E-01             .1684903E+01
                                 2   6    .4214450E+00             .1650589E+01
                                 2   7    .2188845E+00             .1797479E+01
                                 2   8    .4577030E-02             .2636832E+01
                                 2   9    .9933461E-03             .1507322E+01
                                 2  10    .1695766E-03             .1114947E+01
 
                                V"   V""  FRANCK CONDON FACTOR     R-CENTROID

                                 3   0    .5816033E-01             .1233530E+01
                                 3   1    .8423615E-01             .1268062E+01
                                 3   2    .6788186E-03             .1159130E+01
                                 3   3    .6261616E-01             .1338112E+01
                                 3   4    .4146444E-02             .1196199E+01
                                 3   5    .8334883E-01             .1431964E+01
                                 3   6    .1147734E-02             .1551372E+00
                                 3   7    .3375452E+00             .1712115E+01
                                 3   8    .3499812E+00             .1828269E+01
                                 3   9    .1645263E-01             .2446468E+01
                                 3  10    .1300159E-02             .1326558E+01
1
 
                                V"   V""  FRANCK CONDON FACTOR     R-CENTROID

                                 4   0    .7198525E-01             .1209184E+01
                                 4   1    .5265595E-01             .1250562E+01
                                 4   2    .5473372E-02             .1307362E+01
                                 4   3    .4439645E-01             .1302527E+01
                                 4   4    .5550894E-02             .1432195E+01
                                 4   5    .4214913E-01             .1347044E+01
                                 4   6    .2753587E-01             .1532121E+01
                                 4   7    .3915088E-01             .1326228E+01
                                 4   8    .2034248E+00             .1808330E+01
                                 4   9    .4625975E+00             .1872586E+01
                                 4  10    .4354551E-01             .2363758E+01
 
                                V"   V""  FRANCK CONDON FACTOR     R-CENTROID

                                 5   0    .8408408E-01             .1186894E+01
                                 5   1    .2562103E-01             .1243943E+01
                                 5   2    .1818496E-01             .1270034E+01
                                 5   3    .1985347E-01             .1276337E+01
                                 5   4    .2044015E-01             .1341357E+01
                                 5   5    .8938932E-02             .1273536E+01
                                 5   6    .4004004E-01             .1399882E+01
                                 5   7    .4277435E-03             .2662787E+01
                                 5   8    .7663497E-01             .1468634E+01
                                 5   9    .8309130E-01             .1979700E+01
                                 5  10    .5279537E+00             .1931886E+01
1
 
                                V"   V""  FRANCK CONDON FACTOR     R-CENTROID

                                 6   0    .9316444E-01             .1166150E+01
                                 6   1    .7397761E-02             .1266895E+01
                                 6   2    .2597541E-01             .1254503E+01
                                 6   3    .4310435E-02             .1249382E+01
                                 6   4    .2491705E-01             .1308435E+01
                                 6   5    .2362651E-06            -.1059661E+02
                                 6   6    .2637412E-01             .1341564E+01
                                 6   7    .1395409E-01             .1495186E+01
                                 6   8    .8805639E-02             .1185421E+01
                                 6   9    .8331437E-01             .1590843E+01
                                 6  10    .1246133E-01             .2516472E+01
 
                                V"   V""  FRANCK CONDON FACTOR     R-CENTROID

                                 7   0    .9626634E-01             .1146952E+01
                                 7   1    .1599749E-03             .1762599E+01
                                 7   2    .2475208E-01             .1249739E+01
                                 7   3    .7967089E-07            -.3634081E+01
                                 7   4    .1872794E-01             .1288493E+01
                                 7   5    .3745488E-02             .1381347E+01
                                 7   6    .9884830E-02             .1293740E+01
                                 7   7    .2011954E-01             .1396165E+01
                                 7   8    .4218717E-03             .2268669E+01
                                 7   9    .2720996E-01             .1384554E+01
                                 7  10    .6074878E-01             .1745192E+01
1
 
                                V"   V""  FRANCK CONDON FACTOR     R-CENTROID

                                 8   0    .8866300E-01             .1129842E+01
                                 8   1    .2491096E-02             .1003909E+01
                                 8   2    .1685597E-01             .1256309E+01
                                 8   3    .1984425E-02             .1285350E+01
                                 8   4    .9454821E-02             .1274343E+01
                                 8   5    .7707923E-02             .1334271E+01
                                 8   6    .1549479E-02             .1206565E+01
                                 8   7    .1510117E-01             .1349136E+01
                                 8   8    .5752217E-02             .1517350E+01
                                 8   9    .3775663E-02             .1139074E+01
                                 8  10    .3753074E-01             .1539469E+01
 
                                V"   V""  FRANCK CONDON FACTOR     R-CENTROID

                                 9   0    .6635065E-01             .1116016E+01
                                 9   1    .7321634E-02             .1065729E+01
                                 9   2    .8075392E-02             .1276196E+01
                                 9   3    .3862839E-02             .1272971E+01
                                 9   4    .3127609E-02             .1262610E+01
                                 9   5    .7080017E-02             .1316304E+01
                                 9   6    .5034365E-06             .6990658E+01
                                 9   7    .7412861E-02             .1316399E+01
                                 9   8    .7325259E-02             .1426784E+01
                                 9   9    .2184386E-06            -.2819690E+02
                                 9  10    .1342920E-01             .1403080E+01
1
 
                                V"   V""  FRANCK CONDON FACTOR     R-CENTROID

                                10   0    .4045187E-01             .1106871E+01
                                10   1    .7808936E-02             .1077204E+01
                                10   2    .3144801E-02             .1305261E+01
                                10   3    .3340178E-02             .1270841E+01
                                10   4    .8025995E-03             .1251246E+01
                                10   5    .4360590E-02             .1308109E+01
                                10   6    .2616118E-03             .1502208E+01
                                10   7    .2956634E-02             .1291543E+01
                                10   8    .5097694E-02             .1392297E+01
                                10   9    .4556655E-03             .1832902E+01
                                10  10    .3979007E-02             .1296826E+01
1R-CENTROID TABLE 

   1.335 1.379 1.429 1.492 1.586 1.776 4.811 1.647 1.08316.573 1.825
   1.294 1.328 1.352 5.394 1.539 1.611 1.780 3.096 1.593 1.090******
   1.261 1.293 1.297 1.401 1.373 1.685 1.651 1.797 2.637 1.507 1.115
   1.234 1.268 1.159 1.338 1.196 1.432  .155 1.712 1.828 2.446 1.327
   1.209 1.251 1.307 1.303 1.432 1.347 1.532 1.326 1.808 1.873 2.364
   1.187 1.244 1.270 1.276 1.341 1.274 1.400 2.663 1.469 1.980 1.932
   1.166 1.267 1.255 1.249 1.308****** 1.342 1.495 1.185 1.591 2.516
   1.147 1.763 1.250-3.634 1.288 1.381 1.294 1.396 2.269 1.385 1.745
   1.130 1.004 1.256 1.285 1.274 1.334 1.207 1.349 1.517 1.139 1.539
   1.116 1.066 1.276 1.273 1.263 1.316 6.991 1.316 1.427****** 1.403
   1.107 1.077 1.305 1.271 1.251 1.308 1.502 1.292 1.392 1.833 1.297
1 FRANCK CONDON FACTOR TABLE  

    1.16E-02 9.72E-02 2.93E-01 3.77E-01 1.93E-01 2.71E-02 3.26E-05 1.03E-04 1.24E-05 4.11E-09 6.33E-07
    2.71E-02 1.25E-01 1.26E-01 2.31E-05 2.39E-01 3.79E-01 1.02E-01 7.38E-04 4.54E-04 6.18E-05 3.12E-08
    4.31E-02 1.13E-01 2.88E-02 4.56E-02 7.74E-02 4.60E-02 4.21E-01 2.19E-01 4.58E-03 9.93E-04 1.70E-04
    5.82E-02 8.42E-02 6.79E-04 6.26E-02 4.15E-03 8.33E-02 1.15E-03 3.38E-01 3.50E-01 1.65E-02 1.30E-03
    7.20E-02 5.27E-02 5.47E-03 4.44E-02 5.55E-03 4.21E-02 2.75E-02 3.92E-02 2.03E-01 4.63E-01 4.35E-02
    8.41E-02 2.56E-02 1.82E-02 1.99E-02 2.04E-02 8.94E-03 4.00E-02 4.28E-04 7.66E-02 8.31E-02 5.28E-01
    9.32E-02 7.40E-03 2.60E-02 4.31E-03 2.49E-02 2.36E-07 2.64E-02 1.40E-02 8.81E-03 8.33E-02 1.25E-02
    9.63E-02 1.60E-04 2.48E-02 7.97E-08 1.87E-02 3.75E-03 9.88E-03 2.01E-02 4.22E-04 2.72E-02 6.07E-02
    8.87E-02 2.49E-03 1.69E-02 1.98E-03 9.45E-03 7.71E-03 1.55E-03 1.51E-02 5.75E-03 3.78E-03 3.75E-02
    6.64E-02 7.32E-03 8.08E-03 3.86E-03 3.13E-03 7.08E-03 5.03E-07 7.41E-03 7.33E-03 2.18E-07 1.34E-02
    4.05E-02 7.81E-03 3.14E-03 3.34E-03 8.03E-04 4.36E-03 2.62E-04 2.96E-03 5.10E-03 4.56E-04 3.98E-03
1
 V'=   0 SUM OF FCF'S FOR V''=0, 10 IS  9.9999920E-01
 V'=   1 SUM OF FCF'S FOR V''=0, 10 IS  9.9999360E-01
 V'=   2 SUM OF FCF'S FOR V''=0, 10 IS  9.9998040E-01
 V'=   3 SUM OF FCF'S FOR V''=0, 10 IS  9.9961370E-01
 V'=   4 SUM OF FCF'S FOR V''=0, 10 IS  9.9846550E-01
 V'=   5 SUM OF FCF'S FOR V''=0, 10 IS  9.0527030E-01
 V'=   6 SUM OF FCF'S FOR V''=0, 10 IS  3.0067490E-01
 V'=   7 SUM OF FCF'S FOR V''=0, 10 IS  2.6203690E-01
 V'=   8 SUM OF FCF'S FOR V''=0, 10 IS  1.9086650E-01
 V'=   9 SUM OF FCF'S FOR V''=0, 10 IS  1.2398620E-01
 V'=  10 SUM OF FCF'S FOR V''=0, 10 IS  7.2659580E-02
 V""=  0 SUM OF FCF"S FOR V"=0, 10 IS  6.8089930E-01
 V""=  1 SUM OF FCF"S FOR V"=0, 10 IS  5.2335890E-01
 V""=  2 SUM OF FCF"S FOR V"=0, 10 IS  5.5143510E-01
 V""=  3 SUM OF FCF"S FOR V"=0, 10 IS  5.6340050E-01
 V""=  4 SUM OF FCF"S FOR V"=0, 10 IS  5.9658870E-01
 V""=  5 SUM OF FCF"S FOR V"=0, 10 IS  6.0946180E-01
 V""=  6 SUM OF FCF"S FOR V"=0, 10 IS  6.3045070E-01
 V""=  7 SUM OF FCF"S FOR V"=0, 10 IS  6.5639410E-01
 V""=  8 SUM OF FCF"S FOR V"=0, 10 IS  6.6248680E-01
 V""=  9 SUM OF FCF"S FOR V"=0, 10 IS  6.7795240E-01
 V""= 10 SUM OF FCF"S FOR V"=0, 10 IS  7.0111860E-01
