


  RMIN =  .750  MAXV   = 20  BE =    1.9730
  RMAX = 3.500  KDMAXV = 20  RE =    1.1501
  DELR =  .005  NEIG   =  0  DE =57951.2800
  ZMU  = 6.462


 THE KLEIN DUNHAM POTENTIAL PRODUCED FOR THIS STATE COVERS THE REGION FROM    .935 TO   1.695 ANGSTROMS
 THE TO TAL POTENTIAL FUNCTION I

         RADIUS           ENERGY            RADIUS           ENERGY            RADIUS           ENERGY
          .7500          212348.900          .7550          203850.500          .7600          195635.000
          .7650          187694.200          .7700          180020.100          .7750          172605.000
          .7800          165441.100          .7850          158521.200          .7900          151838.000
          .7950          145384.700          .8000          139154.400          .8050          133140.600
          .8100          127336.800          .8150          121736.900          .8200          116334.800
          .8250          111124.500          .8300          106100.400          .8350          101256.900
          .8400           96588.700          .8450           92090.430          .8500           87757.020
          .8550           83583.500          .8600           79565.050          .8650           75697.000
          .8700           71974.770          .8750           68393.950          .8800           64950.220
          .8850           61639.410          .8900           58457.450          .8950           55400.380
          .9000           52464.380          .9050           49645.710          .9100           46940.750
          .9150           44345.960          .9200           41857.940          .9250           39473.360
          .9300           37188.980          .9350           34609.860          .9400           32921.600
          .9450           31238.250          .9500           29570.770          .9550           27927.580
          .9600           26316.680          .9650           24743.850          .9700           23214.150
          .9750           21731.740          .9800           20299.470          .9850           18919.790
          .9900           17594.050          .9950           16323.270         1.0000           15108.090
         1.0050           13948.420         1.0100           12844.000         1.0150           11794.460
         1.0200           10799.020         1.0250            9856.848         1.0300            8966.886
         1.0350            8128.048         1.0400            7339.097         1.0450            6598.890
         1.0500            5905.993         1.0550            5259.220         1.0600            4657.140
         1.0650            4098.400         1.0700            3581.717         1.0750            3105.722
         1.0800            2669.078         1.0850            2270.494         1.0900            1908.681
         1.0950            1582.346         1.1000            1290.280         1.1050            1031.246
         1.1100             804.064         1.1150             607.570         1.1200             440.635
         1.1250             302.157         1.1300             191.077         1.1350             106.350
         1.1400              46.907         1.1450              11.775         1.1500                .004
         1.1550              10.669         1.1600              42.872         1.1650              95.740
         1.1700             168.426         1.1750             260.107         1.1800             369.988
         1.1850             497.298         1.1900             641.291         1.1950             801.242
         1.2000             976.434         1.2050            1166.205         1.2100            1369.896
         1.2150            1586.862         1.2200            1816.481         1.2250            2058.184
         1.2300            2311.389         1.2350            2575.508         1.2400            2850.034
         1.2450            3134.427         1.2500            3428.213         1.2550            3730.873
         1.2600            4041.959         1.2650            4361.002         1.2700            4687.574
         1.2750            5021.263         1.2800            5361.600         1.2850            5708.276
         1.2900            6060.847         1.2950            6418.944         1.3000            6782.280
         1.3050            7150.460         1.3100            7523.136         1.3150            7899.968
         1.3200            8280.772         1.3250            8665.126         1.3300            9052.778
         1.3350            9443.464         1.3400            9836.979         1.3450           10232.920
         1.3500           10631.140         1.3550           11031.380         1.3600           11433.360
         1.3650           11836.980         1.3700           12241.960         1.3750           12648.100
         1.3800           13055.170         1.3850           13462.980         1.3900           13871.440
         1.3950           14280.250         1.4000           14689.360         1.4050           15098.510
         1.4100           15507.570         1.4150           15916.450         1.4200           16324.960
1
         1.4250           16733.110         1.4300           17140.420         1.4350           17546.880
         1.4400           17952.500         1.4450           18357.340         1.4500           18760.880
         1.4550           19163.320         1.4600           19564.380         1.4650           19964.040
         1.4700           20362.250         1.4750           20759.040         1.4800           21153.820
         1.4850           21547.040         1.4900           21938.160         1.4950           22327.690
         1.5000           22715.010         1.5050           23100.410         1.5100           23483.600
         1.5150           23864.810         1.5200           24243.700         1.5250           24620.500
         1.5300           24994.920         1.5350           25366.840         1.5400           25736.320
         1.5450           26103.330         1.5500           26468.030         1.5550           26829.940
         1.5600           27189.500         1.5650           27546.270         1.5700           27900.600
         1.5750           28252.230         1.5800           28601.240         1.5850           28947.480
         1.5900           29290.990         1.5950           29631.610         1.6000           29969.710
         1.6050           30304.840         1.6100           30637.400         1.6150           30966.820
         1.6200           31293.680         1.6250           31617.340         1.6300           31938.540
         1.6350           32256.920         1.6400           32572.210         1.6450           32884.850
         1.6500           33194.460         1.6550           33501.460         1.6600           33805.000
         1.6650           34105.970         1.6700           34404.330         1.6750           34699.880
         1.6800           34992.220         1.6850           35281.800         1.6900           35568.510
         1.6950           35852.310         1.7000           36133.050         1.7050           36410.860
         1.7100           36685.700         1.7150           36957.600         1.7200           37226.570
         1.7250           37492.610         1.7300           37755.750         1.7350           38016.010
         1.7400           38273.390         1.7450           38527.910         1.7500           38779.590
         1.7550           39028.450         1.7600           39274.500         1.7650           39517.770
         1.7700           39758.270         1.7750           39996.020         1.7800           40231.040
         1.7850           40463.350         1.7900           40692.960         1.7950           40919.910
         1.8000           41144.200         1.8050           41365.870         1.8100           41584.930
         1.8150           41801.390         1.8200           42015.290         1.8250           42226.640
         1.8300           42435.470         1.8350           42641.800         1.8400           42845.640
         1.8450           43047.020         1.8500           43245.970         1.8550           43442.500
         1.8600           43636.630         1.8650           43828.390         1.8700           44017.800
         1.8750           44204.890         1.8800           44389.660         1.8850           44572.160
         1.8900           44752.390         1.8950           44930.380         1.9000           45106.160
         1.9050           45279.740         1.9100           45451.140         1.9150           45620.390
         1.9200           45787.520         1.9250           45952.540         1.9300           46115.460
         1.9350           46276.330         1.9400           46435.160         1.9450           46591.960
         1.9500           46746.760         1.9550           46899.590         1.9600           47050.450
         1.9650           47199.390         1.9700           47346.400         1.9750           47491.530
         1.9800           47634.780         1.9850           47776.180         1.9900           47915.750
         1.9950           48053.500         2.0000           48189.470         2.0050           48323.670
         2.0100           48456.120         2.0150           48586.830         2.0200           48715.840
         2.0250           48843.160         2.0300           48968.800         2.0350           49092.790
         2.0400           49215.160         2.0450           49335.910         2.0500           49455.060
         2.0550           49572.640         2.0600           49688.660         2.0650           49803.140
         2.0700           49916.110         2.0750           50027.570         2.0800           50137.550
         2.0850           50246.060         2.0900           50353.130         2.0950           50458.770
1
         2.1000           50562.990         2.1050           50665.810         2.1100           50767.260
         2.1150           50867.350         2.1200           50966.090         2.1250           51063.500
         2.1300           51159.600         2.1350           51254.410         2.1400           51347.930
         2.1450           51440.200         2.1500           51531.210         2.1550           51620.990
         2.1600           51709.560         2.1650           51796.930         2.1700           51883.110
         2.1750           51968.110         2.1800           52051.960         2.1850           52134.680
         2.1900           52216.260         2.1950           52296.730         2.2000           52376.100
         2.2050           52454.390         2.2100           52531.610         2.2150           52607.770
         2.2200           52682.890         2.2250           52756.980         2.2300           52830.050
         2.2350           52902.130         2.2400           52973.210         2.2450           53043.310
         2.2500           53112.450         2.2550           53180.640         2.2600           53247.890
         2.2650           53314.210         2.2700           53379.620         2.2750           53444.130
         2.2800           53507.740         2.2850           53570.470         2.2900           53632.340
         2.2950           53693.350         2.3000           53753.520         2.3050           53812.850
         2.3100           53871.360         2.3150           53929.060         2.3200           53985.960
         2.3250           54042.070         2.3300           54097.390         2.3350           54151.960
         2.3400           54205.760         2.3450           54258.810         2.3500           54311.120
         2.3550           54362.710         2.3600           54413.570         2.3650           54463.730
         2.3700           54513.190         2.3750           54561.950         2.3800           54610.040
         2.3850           54657.450         2.3900           54704.200         2.3950           54750.300
         2.4000           54795.750         2.4050           54840.570         2.4100           54884.760
         2.4150           54928.330         2.4200           54971.290         2.4250           55013.650
         2.4300           55055.410         2.4350           55096.590         2.4400           55137.190
         2.4450           55177.220         2.4500           55216.680         2.4550           55255.600
         2.4600           55293.960         2.4650           55331.790         2.4700           55369.080
         2.4750           55405.850         2.4800           55442.100         2.4850           55477.840
         2.4900           55513.080         2.4950           55547.820         2.5000           55582.070
         2.5050           55615.840         2.5100           55649.140         2.5150           55681.960
         2.5200           55714.320         2.5250           55746.220         2.5300           55777.670
         2.5350           55808.680         2.5400           55839.250         2.5450           55869.390
         2.5500           55899.100         2.5550           55928.390         2.5600           55957.270
         2.5650           55985.740         2.5700           56013.800         2.5750           56041.470
         2.5800           56068.750         2.5850           56095.640         2.5900           56122.140
         2.5950           56148.280         2.6000           56174.040         2.6050           56199.440
         2.6100           56224.480         2.6150           56249.160         2.6200           56273.500
         2.6250           56297.480         2.6300           56321.130         2.6350           56344.440
         2.6400           56367.420         2.6450           56390.070         2.6500           56412.410
         2.6550           56434.420         2.6600           56456.120         2.6650           56477.520
         2.6700           56498.610         2.6750           56519.390         2.6800           56539.890
         2.6850           56560.090         2.6900           56580.000         2.6950           56599.640
         2.7000           56618.990         2.7050           56638.070         2.7100           56656.870
         2.7150           56675.410         2.7200           56693.680         2.7250           56711.700
         2.7300           56729.450         2.7350           56746.950         2.7400           56764.210
         2.7450           56781.220         2.7500           56797.980         2.7550           56814.510
         2.7600           56830.800         2.7650           56846.860         2.7700           56862.690
1
         2.7750           56878.290         2.7800           56893.680         2.7850           56908.840
         2.7900           56923.780         2.7950           56938.510         2.8000           56953.040
         2.8050           56967.350         2.8100           56981.460         2.8150           56995.370
         2.8200           57009.080         2.8250           57022.590         2.8300           57035.910
         2.8350           57049.040         2.8400           57061.990         2.8450           57074.750
         2.8500           57087.320         2.8550           57099.710         2.8600           57111.940
         2.8650           57123.980         2.8700           57135.850         2.8750           57147.550
         2.8800           57159.090         2.8850           57170.460         2.8900           57181.660
         2.8950           57192.710         2.9000           57203.600         2.9050           57214.340
         2.9100           57224.910         2.9150           57235.340         2.9200           57245.620
         2.9250           57255.750         2.9300           57265.740         2.9350           57275.580
         2.9400           57285.290         2.9450           57294.850         2.9500           57304.280
         2.9550           57313.570         2.9600           57322.730         2.9650           57331.750
         2.9700           57340.650         2.9750           57349.430         2.9800           57358.070
         2.9850           57366.590         2.9900           57374.990         2.9950           57383.270
         3.0000           57391.430         3.0050           57399.470         3.0100           57407.400
         3.0150           57415.210         3.0200           57422.920         3.0250           57430.510
         3.0300           57437.990         3.0350           57445.370         3.0400           57452.640
         3.0450           57459.800         3.0500           57466.870         3.0550           57473.830
         3.0600           57480.690         3.0650           57487.450         3.0700           57494.120
         3.0750           57500.690         3.0800           57507.170         3.0850           57513.550
         3.0900           57519.840         3.0950           57526.050         3.1000           57532.160
         3.1050           57538.180         3.1100           57544.120         3.1150           57549.980
         3.1200           57555.750         3.1250           57561.430         3.1300           57567.040
         3.1350           57572.560         3.1400           57578.010         3.1450           57583.370
         3.1500           57588.660         3.1550           57593.880         3.1600           57599.020
         3.1650           57604.080         3.1700           57609.070         3.1750           57614.000
         3.1800           57618.850         3.1850           57623.630         3.1900           57628.340
         3.1950           57632.980         3.2000           57637.560         3.2050           57642.070
         3.2100           57646.520         3.2150           57650.900         3.2200           57655.220
         3.2250           57659.480         3.2300           57663.680         3.2350           57667.820
         3.2400           57671.890         3.2450           57675.910         3.2500           57679.870
         3.2550           57683.780         3.2600           57687.630         3.2650           57691.420
         3.2700           57695.160         3.2750           57698.840         3.2800           57702.470
         3.2850           57706.050         3.2900           57709.580         3.2950           57713.050
         3.3000           57716.480         3.3050           57719.860         3.3100           57723.190
         3.3150           57726.470         3.3200           57729.710         3.3250           57732.890
         3.3300           57736.040         3.3350           57739.130         3.3400           57742.190
         3.3450           57745.200         3.3500           57748.160         3.3550           57751.080
         3.3600           57753.960         3.3650           57756.800         3.3700           57759.600
         3.3750           57762.360         3.3800           57765.080         3.3850           57767.760
         3.3900           57770.400         3.3950           57773.000         3.4000           57775.570
         3.4050           57778.090         3.4100           57780.590         3.4150           57783.040
         3.4200           57785.460         3.4250           57787.850         3.4300           57790.200
         3.4350           57792.520         3.4400           57794.800         3.4450           57797.060
1
         3.4500           57799.280         3.4550           57801.460         3.4600           57803.620
         3.4650           57805.750         3.4700           57807.840         3.4750           57809.910
         3.4800           57811.940         3.4850           57813.950         3.4900           57815.920
         3.4950           57817.870         3.5000           57819.790
1V'  B(V)  (CAL)   B(V)  (OBS)    DEVIATION        E(V)ALC)   E(V) (OBS)   DEVIATION        RMIN     RMAX   
   -1   1.9730         1.9730       .0000               .0000         .0000       .0000      1.1501      1.1501
    0   1.9615         1.9615       .0000           1076.4910     1076.9000      -.4089      1.1041      1.2027
    1   1.9385         1.9385       .0000           3199.7190     3200.4000      -.6809      1.0740      1.2461
    2   1.9156         1.9155       .0001           5282.6140     5283.5000      -.8857      1.0548      1.2789
    3   1.8926         1.8925       .0001           7325.0950     7326.2000     -1.1050      1.0401      1.3074
    4   1.8696         1.8695       .0001           9327.1530     9328.5000     -1.3467      1.0279      1.3335
    5   1.8466         1.8465       .0001          11288.7900    11290.4000     -1.6133      1.0175      1.3582
    6   1.8236         1.8235       .0001          13209.9800    13211.9000     -1.9170      1.0083      1.3819
    7   1.8007         1.8005       .0002          15090.7400    15093.0000     -2.2568      1.0001      1.4049
    8   1.7777         1.7775       .0002          16931.0700    16933.7000     -2.6289       .9926      1.4275
    9   1.7547         1.7545       .0002          18730.9600    18734.0000     -3.0352       .9857      1.4497
   10   1.7317         1.7315       .0002          20490.4300    20493.9000     -3.4707       .9793      1.4717
   11   1.7087         1.7085       .0002          22209.5000    22213.4000     -3.9004       .9734      1.4935
   12   1.6857         1.6855       .0002          23888.2300    23892.5000     -4.2715       .9678      1.5154
   13   1.6626         1.6625       .0001          25526.6700    25531.2000     -4.5293       .9625      1.5372
   14   1.6393         1.6395      -.0002          27124.9600    27129.5000     -4.5449       .9575      1.5592
   15   1.6158         1.6165      -.0007          28683.2800    28687.4000     -4.1172       .9527      1.5812
   16   1.5920         1.5935      -.0015          30201.8500    30204.9000     -3.0547       .9481      1.6035
   17   1.5677         1.5705      -.0028          31681.0000    31682.0000     -1.0039       .9437      1.6260
   18   1.5428         1.5475      -.0047          33121.0600    33118.7000      2.3633       .9394      1.6488
   19   1.5172         1.5245      -.0073          34522.3700    34515.0000      7.3672       .9353      1.6719
   20   1.4908         1.5015      -.0107          35885.2300    35870.9000     14.3320       .9313      1.6953
  NOISE FACTOR HAS MAXIMUM VALUE OF    .37E-10



  RMIN =  .750  MAXV   = 20  BE =    1.8997
  RMAX = 3.500  KDMAXV = 20  RE =    1.1721
  DELR =  .005  NEIG   =  0  DE =63620.6200
  ZMU  = 6.462


 THE KLEIN DUNHAM POTENTIAL PRODUCED FOR THIS STATE COVERS THE REGION FROM    .945 TO   1.670 ANGSTROMS
 THE TO TAL POTENTIAL FUNCTION I

         RADIUS           ENERGY            RADIUS           ENERGY            RADIUS           ENERGY
          .7500          217610.700          .7550          209422.600          .7600          201489.500
          .7650          193804.600          .7700          186361.100          .7750          179152.500
          .7800          172172.300          .7850          165414.300          .7900          158872.400
          .7950          152540.700          .8000          146413.400          .8050          140485.000
          .8100          134749.900          .8150          129202.800          .8200          123838.600
          .8250          118652.100          .8300          113638.400          .8350          108792.800
          .8400          104110.600          .8450           99587.180          .8500           95218.140
          .8550           90999.160          .8600           86926.020          .8650           82994.630
          .8700           79201.020          .8750           75541.270          .8800           72011.620
          .8850           68608.370          .8900           65327.930          .8950           62166.820
          .9000           59121.620          .9050           56189.020          .9100           53365.800
          .9150           50648.810          .9200           48034.990          .9250           45521.360
          .9300           43105.030          .9350           40783.160          .9400           38553.010
          .9450           36360.430          .9500           34358.180          .9550           32430.870
          .9600           30577.250          .9650           28794.970          .9700           27085.190
          .9750           25445.260          .9800           23872.720          .9850           22368.080
          .9900           20928.210          .9950           19550.990         1.0000           18234.850
         1.0050           16979.160         1.0100           15783.130         1.0150           14643.880
         1.0200           13558.890         1.0250           12527.100         1.0300           11547.470
         1.0350           10618.540         1.0400            9739.021         1.0450            8907.232
         1.0500            8121.545         1.0550            7380.812         1.0600            6683.372
         1.0650            6027.867         1.0700            5413.108         1.0750            4837.781
         1.0800            4300.822         1.0850            3800.971         1.0900            3337.233
         1.0950            2908.517         1.1000            2513.667         1.1050            2151.610
         1.1100            1821.319         1.1150            1521.813         1.1200            1252.134
         1.1250            1011.353         1.1300             798.549         1.1350             612.846
         1.1400             453.369         1.1450             319.279         1.1500             209.770
         1.1550             124.067         1.1600              61.325         1.1650              20.799
         1.1700               1.760         1.1750               3.500         1.1800              25.326
         1.1850              66.563         1.1900             126.552         1.1950             204.652
         1.2000             300.240         1.2050             412.710         1.2100             541.469
         1.2150             685.950         1.2200             845.580         1.2250            1019.824
         1.2300            1208.155         1.2350            1410.049         1.2400            1625.009
         1.2450            1852.563         1.2500            2092.226         1.2550            2343.545
         1.2600            2606.058         1.2650            2879.343         1.2700            3162.947
         1.2750            3456.440         1.2800            3759.403         1.2850            4071.490
         1.2900            4392.303         1.2950            4721.483         1.3000            5058.690
         1.3050            5403.554         1.3100            5755.768         1.3150            6114.958
         1.3200            6480.882         1.3250            6853.149         1.3300            7231.502
         1.3350            7615.523         1.3400            8005.040         1.3450            8399.648
         1.3500            8799.251         1.3550            9203.420         1.3600            9611.981
         1.3650           10024.680         1.3700           10441.210         1.3750           10861.400
         1.3800           11285.030         1.3850           11711.710         1.3900           12141.400
         1.3950           12573.890         1.4000           13008.970         1.4050           13446.500
         1.4100           13886.140         1.4150           14327.900         1.4200           14771.530
1
         1.4250           15216.890         1.4300           15663.740         1.4350           16111.910
         1.4400           16561.320         1.4450           17011.640         1.4500           17462.830
         1.4550           17914.580         1.4600           18367.090         1.4650           18819.650
         1.4700           19272.650         1.4750           19726.000         1.4800           20179.400
         1.4850           20632.790         1.4900           21086.060         1.4950           21538.970
         1.5000           21991.900         1.5050           22443.820         1.5100           22895.290
         1.5150           23346.270         1.5200           23796.270         1.5250           24245.370
         1.5300           24693.730         1.5350           25140.960         1.5400           25587.080
         1.5450           26031.770         1.5500           26475.460         1.5550           26917.680
         1.5600           27358.560         1.5650           27798.060         1.5700           28235.910
         1.5750           28672.190         1.5800           29106.650         1.5850           29539.550
         1.5900           29970.390         1.5950           30399.480         1.6000           30826.670
         1.6050           31252.110         1.6100           31675.720         1.6150           32097.030
         1.6200           32516.530         1.6250           32933.750         1.6300           33348.790
         1.6350           33761.700         1.6400           34172.340         1.6450           34580.700
         1.6500           34987.280         1.6550           35390.710         1.6600           35792.480
         1.6650           36191.430         1.6700           36588.410         1.6750           36978.300
         1.6800           37364.960         1.6850           37747.110         1.6900           38124.770
         1.6950           38497.940         1.7000           38866.640         1.7050           39230.880
         1.7100           39590.680         1.7150           39946.070         1.7200           40297.050
         1.7250           40643.670         1.7300           40985.930         1.7350           41323.860
         1.7400           41657.490         1.7450           41986.850         1.7500           42311.960
         1.7550           42632.860         1.7600           42949.570         1.7650           43262.120
         1.7700           43570.550         1.7750           43874.880         1.7800           44175.160
         1.7850           44471.410         1.7900           44763.670         1.7950           45051.970
         1.8000           45336.360         1.8050           45616.850         1.8100           45893.500
         1.8150           46166.330         1.8200           46435.390         1.8250           46700.710
         1.8300           46962.320         1.8350           47220.270         1.8400           47474.600
         1.8450           47725.330         1.8500           47972.520         1.8550           48216.190
         1.8600           48456.380         1.8650           48693.140         1.8700           48926.500
         1.8750           49156.500         1.8800           49383.180         1.8850           49606.570
         1.8900           49826.720         1.8950           50043.660         1.9000           50257.430
         1.9050           50468.070         1.9100           50675.610         1.9150           50880.090
         1.9200           51081.560         1.9250           51280.040         1.9300           51475.580
         1.9350           51668.210         1.9400           51857.960         1.9450           52044.890
         1.9500           52229.010         1.9550           52410.360         1.9600           52588.990
         1.9650           52764.930         1.9700           52938.210         1.9750           53108.870
         1.9800           53276.940         1.9850           53442.460         1.9900           53605.460
         1.9950           53765.970         2.0000           53924.030         2.0050           54079.680
         2.0100           54232.930         2.0150           54383.840         2.0200           54532.420
         2.0250           54678.720         2.0300           54822.760         2.0350           54964.570
         2.0400           55104.200         2.0450           55241.650         2.0500           55376.980
         2.0550           55510.200         2.0600           55641.350         2.0650           55770.450
         2.0700           55897.540         2.0750           56022.650         2.0800           56145.800
         2.0850           56267.020         2.0900           56386.340         2.0950           56503.790
1
         2.1000           56619.390         2.1050           56733.170         2.1100           56845.160
         2.1150           56955.380         2.1200           57063.870         2.1250           57170.640
         2.1300           57275.710         2.1350           57379.130         2.1400           57480.910
         2.1450           57581.070         2.1500           57679.640         2.1550           57776.640
         2.1600           57872.110         2.1650           57966.050         2.1700           58058.490
         2.1750           58149.460         2.1800           58238.970         2.1850           58327.050
         2.1900           58413.730         2.1950           58499.020         2.2000           58582.940
         2.2050           58665.520         2.2100           58746.770         2.2150           58826.720
         2.2200           58905.380         2.2250           58982.780         2.2300           59058.930
         2.2350           59133.860         2.2400           59207.580         2.2450           59280.110
         2.2500           59351.470         2.2550           59421.680         2.2600           59490.750
         2.2650           59558.710         2.2700           59625.560         2.2750           59691.340
         2.2800           59756.050         2.2850           59819.710         2.2900           59882.340
         2.2950           59943.960         2.3000           60004.570         2.3050           60064.200
         2.3100           60122.860         2.3150           60180.570         2.3200           60237.340
         2.3250           60293.190         2.3300           60348.130         2.3350           60402.160
         2.3400           60455.320         2.3450           60507.620         2.3500           60559.060
         2.3550           60609.660         2.3600           60659.440         2.3650           60708.400
         2.3700           60756.570         2.3750           60803.940         2.3800           60850.540
         2.3850           60896.380         2.3900           60941.470         2.3950           60985.820
         2.4000           61029.450         2.4050           61072.360         2.4100           61114.570
         2.4150           61156.080         2.4200           61196.910         2.4250           61237.080
         2.4300           61276.580         2.4350           61315.440         2.4400           61353.660
         2.4450           61391.250         2.4500           61428.220         2.4550           61464.590
         2.4600           61500.350         2.4650           61535.530         2.4700           61570.130
         2.4750           61604.160         2.4800           61637.630         2.4850           61670.550
         2.4900           61702.930         2.4950           61734.770         2.5000           61766.090
         2.5050           61796.890         2.5100           61827.190         2.5150           61856.980
         2.5200           61886.290         2.5250           61915.110         2.5300           61943.450
         2.5350           61971.330         2.5400           61998.750         2.5450           62025.710
         2.5500           62052.230         2.5550           62078.300         2.5600           62103.950
         2.5650           62129.180         2.5700           62153.990         2.5750           62178.390
         2.5800           62202.380         2.5850           62225.980         2.5900           62249.180
         2.5950           62272.010         2.6000           62294.450         2.6050           62316.520
         2.6100           62338.230         2.6150           62359.580         2.6200           62380.570
         2.6250           62401.220         2.6300           62421.530         2.6350           62441.500
         2.6400           62461.130         2.6450           62480.450         2.6500           62499.440
         2.6550           62518.110         2.6600           62536.480         2.6650           62554.540
         2.6700           62572.300         2.6750           62589.770         2.6800           62606.950
         2.6850           62623.840         2.6900           62640.460         2.6950           62656.790
         2.7000           62672.860         2.7050           62688.660         2.7100           62704.190
         2.7150           62719.470         2.7200           62734.500         2.7250           62749.270
         2.7300           62763.800         2.7350           62778.090         2.7400           62792.140
         2.7450           62805.950         2.7500           62819.540         2.7550           62832.900
         2.7600           62846.040         2.7650           62858.960         2.7700           62871.670
1
         2.7750           62884.160         2.7800           62896.450         2.7850           62908.530
         2.7900           62920.410         2.7950           62932.090         2.8000           62943.580
         2.8050           62954.880         2.8100           62965.990         2.8150           62976.910
         2.8200           62987.660         2.8250           62998.220         2.8300           63008.610
         2.8350           63018.820         2.8400           63028.870         2.8450           63038.750
         2.8500           63048.460         2.8550           63058.020         2.8600           63067.410
         2.8650           63076.640         2.8700           63085.720         2.8750           63094.660
         2.8800           63103.440         2.8850           63112.070         2.8900           63120.570
         2.8950           63128.910         2.9000           63137.130         2.9050           63145.200
         2.9100           63153.140         2.9150           63160.950         2.9200           63168.630
         2.9250           63176.170         2.9300           63183.600         2.9350           63190.890
         2.9400           63198.070         2.9450           63205.130         2.9500           63212.070
         2.9550           63218.900         2.9600           63225.610         2.9650           63232.210
         2.9700           63238.700         2.9750           63245.070         2.9800           63251.350
         2.9850           63257.520         2.9900           63263.590         2.9950           63269.550
         3.0000           63275.420         3.0050           63281.180         3.0100           63286.860
         3.0150           63292.430         3.0200           63297.920         3.0250           63303.310
         3.0300           63308.610         3.0350           63313.830         3.0400           63318.950
         3.0450           63324.000         3.0500           63328.950         3.0550           63333.830
         3.0600           63338.620         3.0650           63343.330         3.0700           63347.970
         3.0750           63352.520         3.0800           63357.000         3.0850           63361.410
         3.0900           63365.740         3.0950           63370.000         3.1000           63374.190
         3.1050           63378.310         3.1100           63382.360         3.1150           63386.340
         3.1200           63390.260         3.1250           63394.110         3.1300           63397.900
         3.1350           63401.620         3.1400           63405.280         3.1450           63408.880
         3.1500           63412.420         3.1550           63415.900         3.1600           63419.320
         3.1650           63422.690         3.1700           63426.000         3.1750           63429.250
         3.1800           63432.450         3.1850           63435.600         3.1900           63438.690
         3.1950           63441.730         3.2000           63444.720         3.2050           63447.660
         3.2100           63450.560         3.2150           63453.400         3.2200           63456.200
         3.2250           63458.950         3.2300           63461.650         3.2350           63464.310
         3.2400           63466.920         3.2450           63469.490         3.2500           63472.020
         3.2550           63474.500         3.2600           63476.950         3.2650           63479.350
         3.2700           63481.710         3.2750           63484.040         3.2800           63486.320
         3.2850           63488.560         3.2900           63490.770         3.2950           63492.950
         3.3000           63495.080         3.3050           63497.180         3.3100           63499.240
         3.3150           63501.270         3.3200           63503.270         3.3250           63505.230
         3.3300           63507.160         3.3350           63509.060         3.3400           63510.920
         3.3450           63512.760         3.3500           63514.560         3.3550           63516.340
         3.3600           63518.080         3.3650           63519.800         3.3700           63521.480
         3.3750           63523.140         3.3800           63524.770         3.3850           63526.370
         3.3900           63527.950         3.3950           63529.500         3.4000           63531.020
         3.4050           63532.520         3.4100           63534.000         3.4150           63535.450
         3.4200           63536.870         3.4250           63538.270         3.4300           63539.650
         3.4350           63541.000         3.4400           63542.330         3.4450           63543.640
1
         3.4500           63544.930         3.4550           63546.200         3.4600           63547.440
         3.4650           63548.660         3.4700           63549.870         3.4750           63551.050
         3.4800           63552.210         3.4850           63553.360         3.4900           63554.480
         3.4950           63555.590         3.5000           63556.680
1V'  B(V)  (CAL)   B(V)  (OBS)    DEVIATION        E(V)ALC)   E(V) (OBS)   DEVIATION        RMIN     RMAX   
   -1   1.8997         1.8997       .0000               .0000         .0000       .0000      1.1721      1.1721
    0   1.8910         1.8910       .0000           1030.9780     1031.0200      -.0421      1.1246      1.2253
    1   1.8736         1.8736       .0000           3073.2180     3073.4100      -.1921      1.0930      1.2684
    2   1.8561         1.8561       .0000           5089.2730     5089.5400      -.2671      1.0728      1.3005
    3   1.8386         1.8386       .0000           7078.9940     7079.3600      -.3662      1.0571      1.3280
    4   1.8210         1.8210       .0000           9042.3710     9042.8100      -.4385      1.0442      1.3530
    5   1.8033         1.8033       .0000          10979.3300    10979.8500      -.5186      1.0330      1.3764
    6   1.7855         1.7855       .0000          12889.7100    12890.4100      -.6992      1.0232      1.3986
    7   1.7677         1.7677       .0000          14773.5200    14774.4400      -.9209      1.0144      1.4200
    8   1.7499         1.7499       .0000          16630.7700    16631.8900     -1.1191      1.0064      1.4408
    9   1.7320         1.7319       .0001          18461.4200    18462.7100     -1.2930       .9991      1.4611
   10   1.7140         1.7139       .0001          20265.3200    20266.8300     -1.5078       .9924      1.4810
   11   1.6959         1.6959       .0000          22042.3500    22044.2000     -1.8496       .9861      1.5006
   12   1.6778         1.6778       .0000          23792.5600    23794.7700     -2.2051       .9803      1.5200
   13   1.6597         1.6596       .0001          25515.9700    25518.4900     -2.5215       .9748      1.5392
   14   1.6414         1.6414       .0000          27212.4500    27215.2900     -2.8438       .9696      1.5584
   15   1.6231         1.6231       .0000          28881.9500    28885.1300     -3.1836       .9647      1.5774
   16   1.6047         1.6047       .0000          30524.4900    30527.9500     -3.4590       .9601      1.5965
   17   1.5861         1.5863      -.0002          32139.9900    32143.7000     -3.7129       .9558      1.6156
   18   1.5675         1.5678      -.0003          33728.4200    33732.3100     -3.8867       .9516      1.6346
   19   1.5486         1.5492      -.0006          35289.6800    35293.7500     -4.0664       .9476      1.6538
   20   1.5291         1.5306      -.0015          36823.2400    36827.9500     -4.7109       .9439      1.6730
  NOISE FACTOR HAS MAXIMUM VALUE OF    .97E-11
1
 
                                V"   V""  FRANCK CONDON FACTOR     R-CENTROID

                                 0   0    .9128017E+00             .1165632E+01
                                 0   1    .8037592E-01             .1050516E+01
                                 0   2    .6387051E-02             .9741314E+00
                                 0   3    .4134846E-03             .8837208E+00
                                 0   4    .2077808E-04             .7586350E+00
                                 0   5    .6366074E-06             .5006006E+00
                                 0   6    .2770011E-08            -.1302600E+01
                                 0   7    .1181063E-08             .1868690E+01
                                 0   8    .2629425E-09             .1277595E+01
                                 0   9    .4958944E-12             .2094542E+01
                                 0  10    .4219514E-10             .1149289E+01
                                 0  11    .3849036E-10             .1058168E+01
                                 0  12    .1740211E-10             .9869829E+00
                                 0  13    .6108894E-11             .9249671E+00
                                 0  14    .2181196E-11             .8803443E+00
                                 0  15    .1097309E-11             .8948894E+00
                                 0  16    .7263147E-12             .9584839E+00
                                 0  17    .4229272E-12             .9990072E+00
                                 0  18    .9478357E-13             .9873115E+00
                                 0  19    .1677440E-14             .1417845E+01
                                 0  20    .8588977E-13             .1146968E+01
 
                                V"   V""  FRANCK CONDON FACTOR     R-CENTROID

                                 1   0    .8573200E-01             .1285441E+01
                                 1   1    .7651651E+00             .1175517E+01
                                 1   2    .1317618E+00             .1051705E+01
                                 1   3    .1586469E-01             .9779459E+00
                                 1   4    .1383324E-02             .8890036E+00
                                 1   5    .8981646E-04             .7701757E+00
                                 1   6    .3666910E-05             .5432512E+00
                                 1   7    .4122937E-07            -.4387082E+00
                                 1   8    .2711529E-08             .2532766E+01
                                 1   9    .9933225E-09             .1476938E+01
                                 1  10    .1157691E-10             .1098538E+01
                                 1  11    .3133317E-09             .1110589E+01
                                 1  12    .3330514E-09             .1047872E+01
                                 1  13    .1935905E-09             .9939199E+00
                                 1  14    .8789896E-10             .9521500E+00
                                 1  15    .3580981E-10             .9286274E+00
                                 1  16    .1297805E-10             .9095853E+00
                                 1  17    .3650903E-11             .8698111E+00
                                 1  18    .6129078E-12             .7453386E+00
                                 1  19    .2724500E-13             .1312873E+00
                                 1  20    .8934898E-14             .1926497E+01
1
 
                                V"   V""  FRANCK CONDON FACTOR     R-CENTROID

                                 2   0    .1461480E-02             .1493262E+01
                                 2   1    .1511089E+00             .1297730E+01
                                 2   2    .6554496E+00             .1186136E+01
                                 2   3    .1625063E+00             .1051758E+01
                                 2   4    .2633527E-01             .9814945E+00
                                 2   5    .2892400E-02             .8937386E+00
                                 2   6    .2327181E-03             .7810140E+00
                                 2   7    .1216802E-04             .5798221E+00
                                 2   8    .2491949E-06            -.6722492E-01
                                 2   9    .1418702E-08             .5246807E+01
                                 2  10    .1528709E-08             .1909415E+01
                                 2  11    .1941965E-09             .8146033E+00
                                 2  12    .1566131E-08             .1068596E+01
                                 2  13    .1734701E-08             .1039176E+01
                                 2  14    .1084593E-08             .9996812E+00
                                 2  15    .4905779E-09             .9559680E+00
                                 2  16    .1810002E-09             .9109963E+00
                                 2  17    .6081496E-10             .8751742E+00
                                 2  18    .1909382E-10             .8471863E+00
                                 2  19    .5246903E-11             .8018290E+00
                                 2  20    .1051412E-11             .6571082E+00
 
                                V"   V""  FRANCK CONDON FACTOR     R-CENTROID

                                 3   0    .4572186E-05             .5714836E+00
                                 3   1    .3315564E-02             .1527766E+01
                                 3   2    .2014010E+00             .1310401E+01
                                 3   3    .5747925E+00             .1197574E+01
                                 3   4    .1786066E+00             .1050446E+01
                                 3   5    .3654191E-01             .9849000E+00
                                 3   6    .4838931E-02             .8978902E+00
                                 3   7    .4679560E-03             .7908961E+00
                                 3   8    .3039624E-04             .6112489E+00
                                 3   9    .9687677E-06             .1459178E+00
                                 3  10    .1430304E-08            -.6279974E+01
                                 3  11    .4985261E-09             .4120301E+01
                                 3  12    .1759885E-08             .7788559E+00
                                 3  13    .5793901E-08             .1030843E+01
                                 3  14    .5940297E-08             .1021785E+01
                                 3  15    .3885576E-08             .9927387E+00
                                 3  16    .1910207E-08             .9581727E+00
                                 3  17    .7637345E-09             .9170417E+00
                                 3  18    .2667712E-09             .8697127E+00
                                 3  19    .9101520E-10             .8317465E+00
                                 3  20    .3430877E-10             .8164071E+00
1
 
                                V"   V""  FRANCK CONDON FACTOR     R-CENTROID

                                 4   0    .7598588E-06             .1482612E+01
                                 4   1    .3157224E-04             .8182734E+00
                                 4   2    .4878128E-02             .1569503E+01
                                 4   3    .2403608E+00             .1323468E+01
                                 4   4    .5167025E+00             .1209878E+01
                                 4   5    .1842778E+00             .1047450E+01
                                 4   6    .4579245E-01             .9882883E+00
                                 4   7    .7085702E-02             .9014703E+00
                                 4   8    .8048588E-03             .7998659E+00
                                 4   9    .6341910E-04             .6384618E+00
                                 4  10    .2890882E-05             .2897912E+00
                                 4  11    .4279346E-07            -.1069793E+01
                                 4  12    .9614352E-09            -.2937229E+01
                                 4  13    .8561071E-08             .7533258E+00
                                 4  14    .1763528E-07             .1000115E+01
                                 4  15    .1687854E-07             .1005897E+01
                                 4  16    .1119156E-07             .9822057E+00
                                 4  17    .5958093E-08             .9541932E+00
                                 4  18    .2710354E-08             .9233407E+00
                                 4  19    .1100309E-08             .8883855E+00
                                 4  20    .4230741E-09             .8524046E+00
 
                                V"   V""  FRANCK CONDON FACTOR     R-CENTROID

                                 5   0    .1027279E-07             .8269991E+00
                                 5   1    .3038329E-05             .1556204E+01
                                 5   2    .1148757E-03             .9643065E+00
                                 5   3    .5747483E-02             .1622302E+01
                                 5   4    .2705421E+00             .1336960E+01
                                 5   5    .4764406E+00             .1223046E+01
                                 5   6    .1825240E+00             .1042365E+01
                                 5   7    .5376685E-01             .9918014E+00
                                 5   8    .9491313E-02             .9044687E+00
                                 5   9    .1244774E-02             .8082197E+00
                                 5  10    .1164462E-03             .6618429E+00
                                 5  11    .7105297E-05             .3900619E+00
                                 5  12    .2492022E-06            -.2389193E+00
                                 5  13    .1952546E-07            -.4025693E+00
                                 5  14    .3023006E-07             .7319478E+00
                                 5  15    .4625627E-07             .9704996E+00
                                 5  16    .4281186E-07             .9916301E+00
                                 5  17    .2906543E-07             .9739946E+00
                                 5  18    .1639875E-07             .9497756E+00
                                 5  19    .8157791E-08             .9241616E+00
                                 5  20    .3720962E-08             .8977616E+00
1
 
                                V"   V""  FRANCK CONDON FACTOR     R-CENTROID

                                 6   0    .2250787E-09             .2037814E+01
                                 6   1    .1009965E-06             .9884915E+00
                                 6   2    .6781014E-05             .1647759E+01
                                 6   3    .3018167E-03             .1065130E+01
                                 6   4    .5749733E-02             .1693135E+01
                                 6   5    .2936357E+00             .1350910E+01
                                 6   6    .4505327E+00             .1237016E+01
                                 6   7    .1754692E+00             .1034649E+01
                                 6   8    .6039193E-01             .9956635E+00
                                 6   9    .1191993E-01             .9067507E+00
                                 6  10    .1781157E-02             .8160555E+00
                                 6  11    .1944231E-03             .6822937E+00
                                 6  12    .1511267E-04             .4631588E+00
                                 6  13    .8818928E-06             .9926753E-01
                                 6  14    .1063129E-06             .9950226E-01
                                 6  15    .9029447E-07             .7223608E+00
                                 6  16    .1104496E-06             .9433786E+00
                                 6  17    .9934936E-07             .9777142E+00
                                 6  18    .6907082E-07             .9663961E+00
                                 6  19    .4085402E-07             .9460469E+00
                                 6  20    .2175561E-07             .9251434E+00
 
                                V"   V""  FRANCK CONDON FACTOR     R-CENTROID

                                 7   0    .6873059E-11             .1470365E+01
                                 7   1    .3307162E-09             .3213116E+01
                                 7   2    .4897281E-06             .1095341E+01
                                 7   3    .1054850E-04             .1775675E+01
                                 7   4    .6447423E-03             .1141894E+01
                                 7   5    .4915377E-02             .1796220E+01
                                 7   6    .3106511E+00             .1365348E+01
                                 7   7    .4364872E+00             .1251666E+01
                                 7   8    .1645484E+00             .1023516E+01
                                 7   9    .6575429E-01             .1000173E+01
                                 7  10    .1425222E-01             .9081795E+00
                                 7  11    .2401149E-02             .8233901E+00
                                 7  12    .3015639E-03             .7004345E+00
                                 7  13    .2883138E-04             .5192652E+00
                                 7  14    .2403182E-05             .2845752E+00
                                 7  15    .3781657E-06             .3231963E+00
                                 7  16    .2392956E-06             .7218290E+00
                                 7  17    .2442729E-06             .9184144E+00
                                 7  18    .2143943E-06             .9642731E+00
                                 7  19    .1521474E-06             .9600971E+00
                                 7  20    .9277743E-07             .9419393E+00
1
 
                                V"   V""  FRANCK CONDON FACTOR     R-CENTROID

                                 8   0    .9198240E-11             .1208292E+01
                                 8   1    .6898240E-10             .1713473E+01
                                 8   2    .5915416E-11            -.3032962E+02
                                 8   3    .1647317E-05             .1179276E+01
                                 8   4    .1173052E-04             .1986007E+01
                                 8   5    .1187377E-02             .1204793E+01
                                 8   6    .3453006E-02             .1966968E+01
                                 8   7    .3220025E+00             .1380333E+01
                                 8   8    .4325610E+00             .1266832E+01
                                 8   9    .1507715E+00             .1007868E+01
                                 8  10    .7002940E-01             .1005698E+01
                                 8  11    .1639292E-01             .9086054E+00
                                 8  12    .3087983E-02             .8302826E+00
                                 8  13    .4411893E-03             .7167658E+00
                                 8  14    .5062628E-04             .5646823E+00
                                 8  15    .5523725E-05             .4012470E+00
                                 8  16    .1058441E-05             .4505026E+00
                                 8  17    .5787566E-06             .7297807E+00
                                 8  18    .5073811E-06             .8970216E+00
                                 8  19    .4294165E-06             .9494140E+00
                                 8  20    .3113656E-06             .9539642E+00
 
                                V"   V""  FRANCK CONDON FACTOR     R-CENTROID

                                 9   0    .5251131E-11             .1093754E+01
                                 9   1    .2369001E-10             .1152721E+01
                                 9   2    .2523034E-09             .2048397E+01
                                 9   3    .5296959E-08            -.6372662E+00
                                 9   4    .4339239E-05             .1251220E+01
                                 9   5    .8330201E-05             .2435541E+01
                                 9   6    .1952503E-02             .1259702E+01
                                 9   7    .1750199E-02             .2323415E+01
                                 9   8    .3276868E+00             .1395957E+01
                                 9   9    .4374567E+00             .1282323E+01
                                 9  10    .1348753E+00             .9861367E+00
                                 9  11    .7345818E-01             .1012671E+01
                                 9  12    .1826755E-01             .9078333E+00
                                 9  13    .3823539E-02             .8368849E+00
                                 9  14    .6151128E-03             .7313114E+00
                                 9  15    .8330057E-04             .6031149E+00
                                 9  16    .1127537E-04             .4830247E+00
                                 9  17    .2500993E-05             .5294307E+00
                                 9  18    .1279760E-05             .7400556E+00
                                 9  19    .1004303E-05             .8820365E+00
                                 9  20    .8082176E-06             .9343174E+00
1
 
                                V"   V""  FRANCK CONDON FACTOR     R-CENTROID

                                10   0    .2482094E-12             .7516784E+00
                                10   1    .2697343E-10             .1091369E+01
                                10   2    .4531079E-10             .9951137E+00
                                10   3    .5706624E-09             .2576823E+01
                                10   4    .5788274E-07             .3586088E+00
                                10   5    .9359014E-05             .1317343E+01
                                10   6    .1905347E-05             .4387338E+01
                                10   7    .2925268E-02             .1310318E+01
                                10   8    .3756736E-03             .3644043E+01
                                10   9    .3273888E+00             .1412346E+01
                                10  10    .4501081E+00             .1297944E+01
                                10  11    .1174926E+00             .9560663E+00
                                10  12    .7630395E-01             .1021587E+01
                                10  13    .1981292E-01             .9054934E+00
                                10  14    .4593690E-02             .8435673E+00
                                10  15    .8235188E-03             .7440939E+00
                                10  16    .1296255E-03             .6355882E+00
                                10  17    .2107817E-04             .5454301E+00
                                10  18    .5241440E-05             .5839549E+00
                                10  19    .2581985E-05             .7470118E+00
                                10  20    .1886086E-05             .8711455E+00
 
                                V"   V""  FRANCK CONDON FACTOR     R-CENTROID

                                11   0    .1339334E-12             .1494471E+01
                                11   1    .5132851E-11             .9527597E+00
                                11   2    .8219632E-10             .1056135E+01
                                11   3    .1514693E-09             .8432367E+00
                                11   4    .8203805E-09             .3578511E+01
                                11   5    .3028714E-06             .7089468E+00
                                11   6    .1714004E-04             .1383422E+01
                                11   7    .1798739E-05            -.2580838E+01
                                11   8    .4034528E-02             .1359351E+01
                                11   9    .7145588E-04            -.4237673E+01
                                11  10    .3206690E+00             .1429670E+01
                                11  11    .4694899E+00             .1313497E+01
                                11  12    .9916126E-01             .9141484E+00
                                11  13    .7887573E-01             .1033101E+01
                                11  14    .2097352E-01             .9009872E+00
                                11  15    .5385475E-02             .8506026E+00
                                11  16    .1065842E-02             .7555295E+00
                                11  17    .1920995E-03             .6628706E+00
                                11  18    .3655576E-04             .5935259E+00
                                11  19    .1005293E-04             .6261299E+00
                                11  20    .4832560E-05             .7525048E+00
1
 
                                V"   V""  FRANCK CONDON FACTOR     R-CENTROID

                                12   0    .1132096E-12             .1265113E+01
                                12   1    .2405595E-13            -.1367953E+01
                                12   2    .4245161E-10             .1004771E+01
                                12   3    .2669598E-09             .1038909E+01
                                12   4    .1983399E-09             .3609299E+00
                                12   5    .1121974E-09             .1282365E+02
                                12   6    .1085727E-05             .8949894E+00
                                12   7    .2713694E-04             .1455046E+01
                                12   8    .3025744E-04             .2135106E+00
                                12   9    .5139175E-02             .1409364E+01
                                12  10    .1712996E-02             .1714023E+00
                                12  11    .3069987E+00             .1448179E+01
                                12  12    .4945944E+00             .1328799E+01
                                12  13    .8038045E-01             .8545568E+00
                                12  14    .8150858E-01             .1047904E+01
                                12  15    .2170623E-01             .8935779E+00
                                12  16    .6184998E-02             .8581946E+00
                                12  17    .1339342E-02             .7656637E+00
                                12  18    .2731600E-03             .6864861E+00
                                12  19    .5937602E-04             .6306121E+00
                                12  20    .1784893E-04             .6585881E+00
 
                                V"   V""  FRANCK CONDON FACTOR     R-CENTROID

                                13   0    .3819635E-14             .1127380E+01
                                13   1    .3439244E-13             .2325571E+01
                                13   2    .1039550E-10             .9257771E+00
                                13   3    .1078094E-09             .9525377E+00
                                13   4    .7618853E-09             .1044314E+01
                                13   5    .9029653E-10            -.1716322E+01
                                13   6    .3313847E-08            -.2266680E+01
                                13   7    .3061759E-05             .1018035E+01
                                13   8    .3721710E-04             .1539465E+01
                                13   9    .1266686E-03             .7300972E+00
                                13  10    .6036102E-02             .1463383E+01
                                13  11    .6248537E-02             .7320819E+00
                                13  12    .2859114E+00             .1468266E+01
                                13  13    .5242084E+00             .1343696E+01
                                13  14    .6177248E-01             .7672622E+00
                                13  15    .8453380E-01             .1066613E+01
                                13  16    .2196497E-01             .8821952E+00
                                13  17    .6984044E-02             .8668088E+00
                                13  18    .1637322E-02             .7740921E+00
                                13  19    .3745045E-03             .7072877E+00
                                13  20    .9133965E-04             .6605857E+00
1
 
                                V"   V""  FRANCK CONDON FACTOR     R-CENTROID

                                14   0    .2670656E-13             .1143722E+01
                                14   1    .1581640E-12             .1026963E+01
                                14   2    .2755207E-12             .1372004E+00
                                14   3    .3493679E-10             .9207599E+00
                                14   4    .3031824E-09             .9554284E+00
                                14   5    .1486486E-08             .1007856E+01
                                14   6    .5089394E-11            -.2409901E+02
                                14   7    .4574049E-07            -.1853828E+00
                                14   8    .7292500E-05             .1112766E+01
                                14   9    .4306665E-04             .1650982E+01
                                14  10    .3465790E-03             .9596700E+00
                                14  11    .6487476E-02             .1525814E+01
                                14  12    .1460259E-01             .9596040E+00
                                14  13    .2572818E+00             .1490567E+01
                                14  14    .5566629E+00             .1358041E+01
                                14  15    .4409169E-01             .6333289E+00
                                14  16    .8831052E-01             .1089801E+01
                                14  17    .2169406E-01             .8650859E+00
                                14  18    .7781559E-02             .8771392E+00
                                14  19    .1951016E-02             .7806830E+00
                                14  20    .4959934E-03             .7253094E+00
 
                                V"   V""  FRANCK CONDON FACTOR     R-CENTROID

                                15   0    .8704880E-13             .1106453E+01
                                15   1    .4667500E-12             .1161055E+01
                                15   2    .2563161E-12             .1709144E+01
                                15   3    .5481505E-11             .8256030E+00
                                15   4    .7019425E-10             .8305112E+00
                                15   5    .8335606E-09             .9838769E+00
                                15   6    .2167676E-08             .8875228E+00
                                15   7    .5463480E-10            -.1298973E+02
                                15   8    .2464364E-06             .3775514E+00
                                15   9    .1522172E-04             .1193912E+01
                                15  10    .3940303E-04             .1825736E+01
                                15  11    .7543301E-03             .1098086E+01
                                15  12    .6259713E-02             .1604489E+01
                                15  13    .2749110E-01             .1087329E+01
                                15  14    .2215148E+00             .1516129E+01
                                15  15    .5898431E+00             .1371678E+01
                                15  16    .2815766E-01             .4112389E+00
                                15  17    .9325449E-01             .1117917E+01
                                15  18    .2083931E-01             .8396470E+00
                                15  19    .8576087E-02             .8898681E+00
                                15  20    .2268194E-02             .7851809E+00
1
 
                                V"   V""  FRANCK CONDON FACTOR     R-CENTROID

                                16   0    .6259620E-13             .1088083E+01
                                16   1    .1118775E-12             .1175705E+01
                                16   2    .4257602E-13             .1355667E+01
                                16   3    .1710338E-12             .2269587E+01
                                16   4    .1320555E-10             .7552761E+00
                                16   5    .1918293E-09             .8243035E+00
                                16   6    .2107002E-08             .1012384E+01
                                16   7    .2404433E-08             .5976566E+00
                                16   8    .1869187E-08            -.2882959E+01
                                16   9    .9283389E-06             .6608610E+00
                                16  10    .2796619E-04             .1268001E+01
                                16  11    .2404631E-04             .2193244E+01
                                16  12    .1407091E-02             .1197592E+01
                                16  13    .5214717E-02             .1716326E+01
                                16  14    .4521422E-01             .1172241E+01
                                16  15    .1796989E+00             .1546873E+01
                                16  16    .6211181E+00             .1384440E+01
                                16  17    .1492038E-01            -.9093992E-02
                                16  18    .9979890E-01             .1151043E+01
                                16  19    .1935340E-01             .8018364E+00
                                16  20    .9375675E-02             .9060145E+00
 
                                V"   V""  FRANCK CONDON FACTOR     R-CENTROID

                                17   0    .1220918E-13             .1130512E+01
                                17   1    .4320236E-13             .1234460E+01
                                17   2    .2291767E-13             .1670655E+01
                                17   3    .1927543E-11             .1314792E+01
                                17   4    .5372985E-12             .1837236E+00
                                17   5    .3905925E-10             .7023695E+00
                                17   6    .6510131E-09             .8926772E+00
                                17   7    .4016172E-08             .9905135E+00
                                17   8    .2941827E-08             .1727169E+00
                                17   9    .1607372E-07            -.1000549E+01
                                17  10    .2842130E-05             .8453686E+00
                                17  11    .4514458E-04             .1340914E+01
                                17  12    .4265951E-05             .3924902E+01
                                17  13    .2320261E-02             .1278214E+01
                                17  14    .3444158E-02             .1907748E+01
                                17  15    .6740753E-01             .1235170E+01
                                17  16    .1339915E+00             .1586616E+01
                                17  17    .6470871E+00             .1396127E+01
                                17  18    .5392078E-02            -.1045931E+01
                                17  19    .1084564E+00             .1188950E+01
                                17  20    .1720661E-01             .7447704E+00
1
 
                                V"   V""  FRANCK CONDON FACTOR     R-CENTROID

                                18   0    .1391123E-13             .1078904E+01
                                18   1    .2228031E-12             .1181122E+01
                                18   2    .1985907E-14             .2716623E+01
                                18   3    .7566164E-12             .1158443E+01
                                18   4    .7807187E-12             .1625285E+01
                                18   5    .9075398E-11             .7075765E+00
                                18   6    .1182514E-09             .6758994E+00
                                18   7    .2050674E-08             .9646310E+00
                                18   8    .6021793E-08             .9101436E+00
                                18   9    .4449826E-08            -.2804488E+00
                                18  10    .9029867E-07            -.1724306E+00
                                18  11    .7321964E-05             .9777573E+00
                                18  12    .6368112E-04             .1420101E+01
                                18  13    .6865129E-05            -.1079983E+01
                                18  14    .3423179E-02             .1350350E+01
                                18  15    .1403956E-02             .2376681E+01
                                18  16    .9269470E-01             .1285550E+01
                                18  17    .8784403E-01             .1644044E+01
                                18  18    .6637756E+00             .1406481E+01
                                18  19    .4929359E-03            -.7081484E+01
                                18  20    .1197731E+00             .1231013E+01
 
                                V"   V""  FRANCK CONDON FACTOR     R-CENTROID

                                19   0    .8388179E-13             .1137063E+01
                                19   1    .1743615E-12             .1124754E+01
                                19   2    .1230522E-12             .1129486E+01
                                19   3    .1264977E-16            -.2499951E+02
                                19   4    .9496675E-12             .1345308E+01
                                19   5    .7008142E-12             .2672427E+00
                                19   6    .3218470E-10             .6529999E+00
                                19   7    .5008974E-09             .8073859E+00
                                19   8    .4410273E-08             .9726190E+00
                                19   9    .8793696E-08             .8021933E+00
                                19  10    .7448127E-08            -.7533948E+00
                                19  11    .3998649E-06             .3061098E+00
                                19  12    .1624949E-04             .1081749E+01
                                19  13    .7634488E-04             .1516687E+01
                                19  14    .8860497E-04             .6013036E+00
                                19  15    .4525122E-02             .1421475E+01
                                19  16    .5975088E-04             .6918584E+01
                                19  17    .1184960E+00             .1328454E+01
                                19  18    .4605240E-01             .1744120E+01
                                19  19    .6667941E+00             .1415163E+01
                                19  20    .9322205E-03             .7886355E+01
1
 
                                V"   V""  FRANCK CONDON FACTOR     R-CENTROID

                                20   0    .9929301E-13             .1142009E+01
                                20   1    .3682665E-13             .9941787E+00
                                20   2    .2610003E-12             .1197017E+01
                                20   3    .1626478E-12             .1346646E+01
                                20   4    .2175195E-13             .1315957E+01
                                20   5    .9874951E-13             .2850595E+01
                                20   6    .1538608E-10             .8326718E+00
                                20   7    .8544245E-10             .5586496E+00
                                20   8    .1710384E-08             .9127952E+00
                                20   9    .7377484E-08             .9408765E+00
                                20  10    .1195142E-07             .6341466E+00
                                20  11    .1842623E-07            -.8054687E+00
                                20  12    .1410529E-05             .5961990E+00
                                20  13    .3169633E-04             .1172362E+01
                                20  14    .7261184E-04             .1656600E+01
                                20  15    .3378976E-03             .9658279E+00
                                20  16    .5290874E-02             .1499323E+01
                                20  17    .9501798E-03            -.1339310E+00
                                20  18    .1408934E+00             .1366976E+01
                                20  19    .1470677E-01             .1997473E+01
                                20  20    .6519200E+00             .1421796E+01
1R-CENTROID TABLE 

   1.166 1.051  .974  .884  .759  .501-1.303 1.869 1.278 2.095 1.149 1.058  .987  .925  .880  .895  .958  .999  .987 1.418 1.147
   1.285 1.176 1.052  .978  .889  .770  .543 -.439 2.533 1.477 1.099 1.111 1.048  .994  .952  .929  .910  .870  .745  .131 1.926
   1.493 1.298 1.186 1.052  .981  .894  .781  .580 -.067 5.247 1.909  .815 1.069 1.039 1.000  .956  .911  .875  .847  .802  .657
    .571 1.528 1.310 1.198 1.050  .985  .898  .791  .611  .146-6.280 4.120  .779 1.031 1.022  .993  .958  .917  .870  .832  .816
   1.483  .818 1.570 1.323 1.210 1.047  .988  .901  .800  .638  .290-1.070-2.937  .753 1.000 1.006  .982  .954  .923  .888  .852
    .827 1.556  .964 1.622 1.337 1.223 1.042  .992  .904  .808  .662  .390 -.239 -.403  .732  .970  .992  .974  .950  .924  .898
   2.038  .988 1.648 1.065 1.693 1.351 1.237 1.035  .996  .907  .816  .682  .463  .099  .100  .722  .943  .978  .966  .946  .925
   1.470 3.213 1.095 1.776 1.142 1.796 1.365 1.252 1.024 1.000  .908  .823  .700  .519  .285  .323  .722  .918  .964  .960  .942
   1.208 1.713****** 1.179 1.986 1.205 1.967 1.380 1.267 1.008 1.006  .909  .830  .717  .565  .401  .451  .730  .897  .949  .954
   1.094 1.153 2.048 -.637 1.251 2.436 1.260 2.323 1.396 1.282  .986 1.013  .908  .837  .731  .603  .483  .529  .740  .882  .934
    .752 1.091  .995 2.577  .359 1.317 4.387 1.310 3.644 1.412 1.298  .956 1.022  .905  .844  .744  .636  .545  .584  .747  .871
   1.494  .953 1.056  .843 3.579  .709 1.383-2.581 1.359-4.238 1.430 1.313  .914 1.033  .901  .851  .756  .663  .594  .626  .753
   1.265-1.368 1.005 1.039  .36112.824  .895 1.455  .214 1.409  .171 1.448 1.329  .855 1.048  .894  .858  .766  .686  .631  .659
   1.127 2.326  .926  .953 1.044-1.716-2.267 1.018 1.539  .730 1.463  .732 1.468 1.344  .767 1.067  .882  .867  .774  .707  .661
   1.144 1.027  .137  .921  .955 1.008****** -.185 1.113 1.651  .960 1.526  .960 1.491 1.358  .633 1.090  .865  .877  .781  .725
   1.106 1.161 1.709  .826  .831  .984  .888******  .378 1.194 1.826 1.098 1.604 1.087 1.516 1.372  .411 1.118  .840  .890  .785
   1.088 1.176 1.356 2.270  .755  .824 1.012  .598-2.883  .661 1.268 2.193 1.198 1.716 1.172 1.547 1.384 -.009 1.151  .802  .906
   1.131 1.234 1.671 1.315  .184  .702  .893  .991  .173-1.001  .845 1.341 3.925 1.278 1.908 1.235 1.587 1.396-1.046 1.189  .745
   1.079 1.181 2.717 1.158 1.625  .708  .676  .965  .910 -.280 -.172  .978 1.420-1.080 1.350 2.377 1.286 1.644 1.406-7.081 1.231
   1.137 1.125 1.129****** 1.345  .267  .653  .807  .973  .802 -.753  .306 1.082 1.517  .601 1.421 6.919 1.328 1.744 1.415 7.886
   1.142  .994 1.197 1.347 1.316 2.851  .833  .559  .913  .941  .634 -.805  .596 1.172 1.657  .966 1.499 -.134 1.367 1.997 1.422
1 FRANCK CONDON FACTOR TABLE  

    9.13E-01 8.04E-02 6.39E-03 4.13E-04 2.08E-05 6.37E-07 2.77E-09 1.18E-09 2.63E-10 4.96E-13 4.22E-11 3.85E-11 1.74E-11 6.11E-12
 2.18E-12 1.10E-12 7.26E-13 4.23E-13 9.48E-14 1.68E-15 8.59E-14
    8.57E-02 7.65E-01 1.32E-01 1.59E-02 1.38E-03 8.98E-05 3.67E-06 4.12E-08 2.71E-09 9.93E-10 1.16E-11 3.13E-10 3.33E-10 1.94E-10
 8.79E-11 3.58E-11 1.30E-11 3.65E-12 6.13E-13 2.72E-14 8.93E-15
    1.46E-03 1.51E-01 6.55E-01 1.63E-01 2.63E-02 2.89E-03 2.33E-04 1.22E-05 2.49E-07 1.42E-09 1.53E-09 1.94E-10 1.57E-09 1.73E-09
 1.08E-09 4.91E-10 1.81E-10 6.08E-11 1.91E-11 5.25E-12 1.05E-12
    4.57E-06 3.32E-03 2.01E-01 5.75E-01 1.79E-01 3.65E-02 4.84E-03 4.68E-04 3.04E-05 9.69E-07 1.43E-09 4.99E-10 1.76E-09 5.79E-09
 5.94E-09 3.89E-09 1.91E-09 7.64E-10 2.67E-10 9.10E-11 3.43E-11
    7.60E-07 3.16E-05 4.88E-03 2.40E-01 5.17E-01 1.84E-01 4.58E-02 7.09E-03 8.05E-04 6.34E-05 2.89E-06 4.28E-08 9.61E-10 8.56E-09
 1.76E-08 1.69E-08 1.12E-08 5.96E-09 2.71E-09 1.10E-09 4.23E-10
    1.03E-08 3.04E-06 1.15E-04 5.75E-03 2.71E-01 4.76E-01 1.83E-01 5.38E-02 9.49E-03 1.24E-03 1.16E-04 7.11E-06 2.49E-07 1.95E-08
 3.02E-08 4.63E-08 4.28E-08 2.91E-08 1.64E-08 8.16E-09 3.72E-09
    2.25E-10 1.01E-07 6.78E-06 3.02E-04 5.75E-03 2.94E-01 4.51E-01 1.75E-01 6.04E-02 1.19E-02 1.78E-03 1.94E-04 1.51E-05 8.82E-07
 1.06E-07 9.03E-08 1.10E-07 9.93E-08 6.91E-08 4.09E-08 2.18E-08
    6.87E-12 3.31E-10 4.90E-07 1.05E-05 6.45E-04 4.92E-03 3.11E-01 4.36E-01 1.65E-01 6.58E-02 1.43E-02 2.40E-03 3.02E-04 2.88E-05
 2.40E-06 3.78E-07 2.39E-07 2.44E-07 2.14E-07 1.52E-07 9.28E-08
    9.20E-12 6.90E-11 5.92E-12 1.65E-06 1.17E-05 1.19E-03 3.45E-03 3.22E-01 4.33E-01 1.51E-01 7.00E-02 1.64E-02 3.09E-03 4.41E-04
 5.06E-05 5.52E-06 1.06E-06 5.79E-07 5.07E-07 4.29E-07 3.11E-07
    5.25E-12 2.37E-11 2.52E-10 5.30E-09 4.34E-06 8.33E-06 1.95E-03 1.75E-03 3.28E-01 4.37E-01 1.35E-01 7.35E-02 1.83E-02 3.82E-03
 6.15E-04 8.33E-05 1.13E-05 2.50E-06 1.28E-06 1.00E-06 8.08E-07
    2.48E-13 2.70E-11 4.53E-11 5.71E-10 5.79E-08 9.36E-06 1.91E-06 2.93E-03 3.76E-04 3.27E-01 4.50E-01 1.17E-01 7.63E-02 1.98E-02
 4.59E-03 8.24E-04 1.30E-04 2.11E-05 5.24E-06 2.58E-06 1.89E-06
    1.34E-13 5.13E-12 8.22E-11 1.51E-10 8.20E-10 3.03E-07 1.71E-05 1.80E-06 4.03E-03 7.15E-05 3.21E-01 4.69E-01 9.92E-02 7.89E-02
 2.10E-02 5.39E-03 1.07E-03 1.92E-04 3.66E-05 1.01E-05 4.83E-06
    1.13E-13 2.41E-14 4.25E-11 2.67E-10 1.98E-10 1.12E-10 1.09E-06 2.71E-05 3.03E-05 5.14E-03 1.71E-03 3.07E-01 4.95E-01 8.04E-02
 8.15E-02 2.17E-02 6.18E-03 1.34E-03 2.73E-04 5.94E-05 1.78E-05
    3.82E-15 3.44E-14 1.04E-11 1.08E-10 7.62E-10 9.03E-11 3.31E-09 3.06E-06 3.72E-05 1.27E-04 6.04E-03 6.25E-03 2.86E-01 5.24E-01
 6.18E-02 8.45E-02 2.20E-02 6.98E-03 1.64E-03 3.75E-04 9.13E-05
    2.67E-14 1.58E-13 2.76E-13 3.49E-11 3.03E-10 1.49E-09 5.09E-12 4.57E-08 7.29E-06 4.31E-05 3.47E-04 6.49E-03 1.46E-02 2.57E-01
 5.57E-01 4.41E-02 8.83E-02 2.17E-02 7.78E-03 1.95E-03 4.96E-04
    8.70E-14 4.67E-13 2.56E-13 5.48E-12 7.02E-11 8.34E-10 2.17E-09 5.46E-11 2.46E-07 1.52E-05 3.94E-05 7.54E-04 6.26E-03 2.75E-02
 2.22E-01 5.90E-01 2.82E-02 9.33E-02 2.08E-02 8.58E-03 2.27E-03
    6.26E-14 1.12E-13 4.26E-14 1.71E-13 1.32E-11 1.92E-10 2.11E-09 2.40E-09 1.87E-09 9.28E-07 2.80E-05 2.40E-05 1.41E-03 5.21E-03
 4.52E-02 1.80E-01 6.21E-01 1.49E-02 9.98E-02 1.94E-02 9.38E-03
    1.22E-14 4.32E-14 2.29E-14 1.93E-12 5.37E-13 3.91E-11 6.51E-10 4.02E-09 2.94E-09 1.61E-08 2.84E-06 4.51E-05 4.27E-06 2.32E-03
 3.44E-03 6.74E-02 1.34E-01 6.47E-01 5.39E-03 1.08E-01 1.72E-02
    1.39E-14 2.23E-13 1.99E-15 7.57E-13 7.81E-13 9.08E-12 1.18E-10 2.05E-09 6.02E-09 4.45E-09 9.03E-08 7.32E-06 6.37E-05 6.87E-06
 3.42E-03 1.40E-03 9.27E-02 8.78E-02 6.64E-01 4.93E-04 1.20E-01
    8.39E-14 1.74E-13 1.23E-13 1.26E-17 9.50E-13 7.01E-13 3.22E-11 5.01E-10 4.41E-09 8.79E-09 7.45E-09 4.00E-07 1.62E-05 7.63E-05
 8.86E-05 4.53E-03 5.98E-05 1.18E-01 4.61E-02 6.67E-01 9.32E-04
    9.93E-14 3.68E-14 2.61E-13 1.63E-13 2.18E-14 9.87E-14 1.54E-11 8.54E-11 1.71E-09 7.38E-09 1.20E-08 1.84E-08 1.41E-06 3.17E-05
 7.26E-05 3.38E-04 5.29E-03 9.50E-04 1.41E-01 1.47E-02 6.52E-01
1
 V'=   0 SUM OF FCF'S FOR V''=0, 20 IS  9.9999960E-01
 V'=   1 SUM OF FCF'S FOR V''=0, 20 IS  1.0000000E+00
 V'=   2 SUM OF FCF'S FOR V''=0, 20 IS  9.9999900E-01
 V'=   3 SUM OF FCF'S FOR V''=0, 20 IS  1.0000010E+00
 V'=   4 SUM OF FCF'S FOR V''=0, 20 IS  1.0000010E+00
 V'=   5 SUM OF FCF'S FOR V''=0, 20 IS  9.9999900E-01
 V'=   6 SUM OF FCF'S FOR V''=0, 20 IS  1.0000000E+00
 V'=   7 SUM OF FCF'S FOR V''=0, 20 IS  9.9999960E-01
 V'=   8 SUM OF FCF'S FOR V''=0, 20 IS  9.9999930E-01
 V'=   9 SUM OF FCF'S FOR V''=0, 20 IS  9.9999870E-01
 V'=  10 SUM OF FCF'S FOR V''=0, 20 IS  9.9999630E-01
 V'=  11 SUM OF FCF'S FOR V''=0, 20 IS  9.9998940E-01
 V'=  12 SUM OF FCF'S FOR V''=0, 20 IS  9.9997370E-01
 V'=  13 SUM OF FCF'S FOR V''=0, 20 IS  9.9992980E-01
 V'=  14 SUM OF FCF'S FOR V''=0, 20 IS  9.9975660E-01
 V'=  15 SUM OF FCF'S FOR V''=0, 20 IS  9.9901370E-01
 V'=  16 SUM OF FCF'S FOR V''=0, 20 IS  9.9615430E-01
 V'=  17 SUM OF FCF'S FOR V''=0, 20 IS  9.8535790E-01
 V'=  18 SUM OF FCF'S FOR V''=0, 20 IS  9.6948550E-01
 V'=  19 SUM OF FCF'S FOR V''=0, 20 IS  8.3704130E-01
 V'=  20 SUM OF FCF'S FOR V''=0, 20 IS  8.1420480E-01
 V""=  0 SUM OF FCF"S FOR V"=0, 20 IS  1.0000000E+00
 V""=  1 SUM OF FCF"S FOR V"=0, 20 IS  1.0000000E+00
 V""=  2 SUM OF FCF"S FOR V"=0, 20 IS  9.9999980E-01
 V""=  3 SUM OF FCF"S FOR V"=0, 20 IS  9.9999930E-01
 V""=  4 SUM OF FCF"S FOR V"=0, 20 IS  1.0000010E+00
 V""=  5 SUM OF FCF"S FOR V"=0, 20 IS  9.9999960E-01
 V""=  6 SUM OF FCF"S FOR V"=0, 20 IS  1.0000010E+00
 V""=  7 SUM OF FCF"S FOR V"=0, 20 IS  9.9999900E-01
 V""=  8 SUM OF FCF"S FOR V"=0, 20 IS  1.0000000E+00
 V""=  9 SUM OF FCF"S FOR V"=0, 20 IS  9.9999700E-01
 V""= 10 SUM OF FCF"S FOR V"=0, 20 IS  1.0000000E+00
 V""= 11 SUM OF FCF"S FOR V"=0, 20 IS  1.0000020E+00
 V""= 12 SUM OF FCF"S FOR V"=0, 20 IS  9.9999860E-01
 V""= 13 SUM OF FCF"S FOR V"=0, 20 IS  9.9999480E-01
 V""= 14 SUM OF FCF"S FOR V"=0, 20 IS  9.9993700E-01
 V""= 15 SUM OF FCF"S FOR V"=0, 20 IS  9.9984650E-01
 V""= 16 SUM OF FCF"S FOR V"=0, 20 IS  9.9898130E-01
 V""= 17 SUM OF FCF"S FOR V"=0, 20 IS  9.9278620E-01
 V""= 18 SUM OF FCF"S FOR V"=0, 20 IS  9.8648760E-01
 V""= 19 SUM OF FCF"S FOR V"=0, 20 IS  8.2077890E-01
 V""= 20 SUM OF FCF"S FOR V"=0, 20 IS  8.0208890E-01
