


  RMIN =  .750  MAXV   = 10  BE =    2.6500
  RMAX = 5.500  KDMAXV = 10  RE =    2.5651
  DELR =  .005  NEIG   =  0  DE =14775.5200
  ZMU  =  .967


 THE KLEIN DUNHAM POTENTIAL PRODUCED FOR THIS STATE COVERS THE REGION FROM   1.775 TO   3.940 ANGSTROMS
 THE TO TAL POTENTIAL FUNCTION I

         RADIUS           ENERGY            RADIUS           ENERGY            RADIUS           ENERGY
          .7500           86780.450          .7550           85952.690          .7600           85131.660
          .7650           84317.340          .7700           83509.670          .7750           82708.600
          .7800           81914.080          .7850           81126.060          .7900           80344.510
          .7950           79569.350          .8000           78800.560          .8050           78038.090
          .8100           77281.890          .8150           76531.910          .8200           75788.090
          .8250           75050.420          .8300           74318.830          .8350           73593.280
          .8400           72873.730          .8450           72160.130          .8500           71452.440
          .8550           70750.610          .8600           70054.600          .8650           69364.380
          .8700           68679.880          .8750           68001.090          .8800           67327.940
          .8850           66660.410          .8900           65998.440          .8950           65341.990
          .9000           64691.040          .9050           64045.520          .9100           63405.420
          .9150           62770.680          .9200           62141.260          .9250           61517.130
          .9300           60898.250          .9350           60284.570          .9400           59676.060
          .9450           59072.680          .9500           58474.400          .9550           57881.170
          .9600           57292.950          .9650           56709.720          .9700           56131.430
          .9750           55558.040          .9800           54989.520          .9850           54425.840
          .9900           53866.950          .9950           53312.830         1.0000           52763.430
         1.0050           52218.710         1.0100           51678.660         1.0150           51143.230
         1.0200           50612.380         1.0250           50086.090         1.0300           49564.310
         1.0350           49047.020         1.0400           48534.170         1.0450           48025.750
         1.0500           47521.700         1.0550           47022.020         1.0600           46526.640
         1.0650           46035.560         1.0700           45548.730         1.0750           45066.120
         1.0800           44587.700         1.0850           44113.440         1.0900           43643.310
         1.0950           43177.280         1.1000           42715.310         1.1050           42257.380
         1.1100           41803.450         1.1150           41353.500         1.1200           40907.490
         1.1250           40465.400         1.1300           40027.190         1.1350           39592.840
         1.1400           39162.320         1.1450           38735.590         1.1500           38312.640
         1.1550           37893.430         1.1600           37477.930         1.1650           37066.120
         1.1700           36657.960         1.1750           36253.430         1.1800           35852.510
         1.1850           35455.160         1.1900           35061.360         1.1950           34671.070
         1.2000           34284.290         1.2050           33900.970         1.2100           33521.090
         1.2150           33144.630         1.2200           32771.550         1.2250           32401.840
         1.2300           32035.470         1.2350           31672.410         1.2400           31312.630
         1.2450           30956.120         1.2500           30602.850         1.2550           30252.790
         1.2600           29905.910         1.2650           29562.210         1.2700           29221.640
         1.2750           28884.180         1.2800           28549.820         1.2850           28218.530
         1.2900           27890.280         1.2950           27565.050         1.3000           27242.820
         1.3050           26923.570         1.3100           26607.270         1.3150           26293.900
         1.3200           25983.430         1.3250           25675.860         1.3300           25371.140
         1.3350           25069.270         1.3400           24770.210         1.3450           24473.950
         1.3500           24180.470         1.3550           23889.740         1.3600           23601.750
         1.3650           23316.470         1.3700           23033.880         1.3750           22753.960
         1.3800           22476.690         1.3850           22202.050         1.3900           21930.020
         1.3950           21660.570         1.4000           21393.700         1.4050           21129.380
         1.4100           20867.580         1.4150           20608.300         1.4200           20351.500
1
         1.4250           20097.180         1.4300           19845.300         1.4350           19595.870
         1.4400           19348.840         1.4450           19104.210         1.4500           18861.950
         1.4550           18622.050         1.4600           18384.500         1.4650           18149.260
         1.4700           17916.330         1.4750           17685.680         1.4800           17457.300
         1.4850           17231.170         1.4900           17007.270         1.4950           16785.580
         1.5000           16566.100         1.5050           16348.790         1.5100           16133.640
         1.5150           15920.640         1.5200           15709.770         1.5250           15501.020
         1.5300           15294.350         1.5350           15089.770         1.5400           14887.250
         1.5450           14686.780         1.5500           14488.340         1.5550           14291.910
         1.5600           14097.480         1.5650           13905.030         1.5700           13714.550
         1.5750           13526.030         1.5800           13339.430         1.5850           13154.760
         1.5900           12972.000         1.5950           12791.120         1.6000           12612.130
         1.6050           12434.990         1.6100           12259.690         1.6150           12086.230
         1.6200           11914.590         1.6250           11744.750         1.6300           11576.690
         1.6350           11410.410         1.6400           11245.890         1.6450           11083.120
         1.6500           10922.070         1.6550           10762.740         1.6600           10605.120
         1.6650           10449.190         1.6700           10294.930         1.6750           10142.340
         1.6800            9991.399         1.6850            9842.094         1.6900            9694.411
         1.6950            9548.340         1.7000            9403.866         1.7050            9260.977
         1.7100            9119.659         1.7150            8979.901         1.7200            8841.689
         1.7250            8705.013         1.7300            8569.857         1.7350            8436.212
         1.7400            8304.063         1.7450            8173.399         1.7500            8044.209
         1.7550            7916.480         1.7600            7790.200         1.7650            7665.358
         1.7700            7541.941         1.7750            7403.202         1.7800            7299.152
         1.7850            7196.487         1.7900            7094.914         1.7950            6994.568
         1.8000            6895.358         1.8050            6797.237         1.8100            6700.214
         1.8150            6604.604         1.8200            6510.130         1.8250            6416.979
         1.8300            6324.966         1.8350            6234.088         1.8400            6144.242
         1.8450            6055.408         1.8500            5967.635         1.8550            5880.783
         1.8600            5794.874         1.8650            5709.845         1.8700            5625.680
         1.8750            5542.483         1.8800            5460.011         1.8850            5378.224
         1.8900            5296.897         1.8950            5216.297         1.9000            5136.230
         1.9050            5056.843         1.9100            4978.048         1.9150            4899.951
         1.9200            4822.465         1.9250            4745.660         1.9300            4669.517
         1.9350            4594.050         1.9400            4519.290         1.9450            4445.245
         1.9500            4371.936         1.9550            4299.370         1.9600            4227.617
         1.9650            4156.818         1.9700            4086.796         1.9750            4017.343
         1.9800            3948.574         1.9850            3880.478         1.9900            3813.042
         1.9950            3746.233         2.0000            3680.083         2.0050            3614.558
         2.0100            3549.664         2.0150            3485.459         2.0200            3421.841
         2.0250            3358.857         2.0300            3296.502         2.0350            3234.759
         2.0400            3173.618         2.0450            3113.136         2.0500            3053.272
         2.0550            2994.001         2.0600            2935.344         2.0650            2877.327
         2.0700            2819.905         2.0750            2763.104         2.0800            2706.938
         2.0850            2651.361         2.0900            2596.315         2.0950            2541.854
1
         2.1000            2487.954         2.1050            2434.621         2.1100            2381.868
         2.1150            2329.694         2.1200            2278.083         2.1250            2227.050
         2.1300            2176.603         2.1350            2126.725         2.1400            2077.421
         2.1450            2028.698         2.1500            1980.578         2.1550            1933.032
         2.1600            1886.062         2.1650            1839.681         2.1700            1793.891
         2.1750            1748.696         2.1800            1704.089         2.1850            1660.072
         2.1900            1616.646         2.1950            1573.819         2.2000            1531.592
         2.2050            1489.973         2.2100            1448.960         2.2150            1408.559
         2.2200            1368.775         2.2250            1329.629         2.2300            1291.111
         2.2350            1253.313         2.2400            1216.257         2.2450            1179.910
         2.2500            1144.169         2.2550            1108.878         2.2600            1073.810
         2.2650            1039.000         2.2700            1004.753         2.2750             970.946
         2.2800             937.589         2.2850             904.701         2.2900             872.291
         2.2950             840.375         2.3000             808.967         2.3050             778.076
         2.3100             747.716         2.3150             717.896         2.3200             688.630
         2.3250             659.926         2.3300             631.795         2.3350             604.245
         2.3400             577.286         2.3450             550.921         2.3500             525.162
         2.3550             500.012         2.3600             475.479         2.3650             451.566
         2.3700             428.280         2.3750             405.622         2.3800             383.597
         2.3850             362.207         2.3900             341.454         2.3950             321.339
         2.4000             301.863         2.4050             283.025         2.4100             264.826
         2.4150             247.265         2.4200             230.340         2.4250             214.052
         2.4300             198.397         2.4350             183.374         2.4400             168.979
         2.4450             155.210         2.4500             142.063         2.4550             129.533
         2.4600             117.617         2.4650             106.310         2.4700              95.605
         2.4750              85.499         2.4800              75.963         2.4850              67.019
         2.4900              58.667         2.4950              50.903         2.5000              43.717
         2.5050              37.104         2.5100              31.057         2.5150              25.568
         2.5200              20.632         2.5250              16.242         2.5300              12.390
         2.5350               9.072         2.5400               6.280         2.5450               4.008
         2.5500               2.250         2.5550               1.000         2.5600                .252
         2.5650                .000         2.5700                .238         2.5750                .961
         2.5800               2.163         2.5850               3.838         2.5900               5.980
         2.5950               8.585         2.6000              11.647         2.6050              15.161
         2.6100              19.121         2.6150              23.523         2.6200              28.361
         2.6250              33.631         2.6300              39.328         2.6350              45.447
         2.6400              51.983         2.6450              58.932         2.6500              66.288
         2.6550              74.050         2.6600              82.210         2.6650              90.766
         2.6700              99.712         2.6750             109.046         2.6800             118.764
         2.6850             128.859         2.6900             139.331         2.6950             150.173
         2.7000             161.384         2.7050             172.959         2.7100             184.895
         2.7150             197.187         2.7200             209.835         2.7250             222.832
         2.7300             236.178         2.7350             249.868         2.7400             263.902
         2.7450             278.276         2.7500             292.987         2.7550             308.033
         2.7600             323.411         2.7650             339.118         2.7700             355.154
1
         2.7750             371.514         2.7800             388.199         2.7850             405.204
         2.7900             422.530         2.7950             440.172         2.8000             458.132
         2.8050             476.406         2.8100             494.992         2.8150             513.890
         2.8200             533.098         2.8250             552.615         2.8300             572.440
         2.8350             592.574         2.8400             613.012         2.8450             633.755
         2.8500             654.800         2.8550             676.150         2.8600             697.802
         2.8650             719.758         2.8700             742.016         2.8750             764.577
         2.8800             787.438         2.8850             810.603         2.8900             834.068
         2.8950             857.835         2.9000             881.901         2.9050             906.270
         2.9100             930.939         2.9150             955.914         2.9200             981.190
         2.9250            1006.772         2.9300            1032.659         2.9350            1058.849
         2.9400            1085.347         2.9450            1112.151         2.9500            1139.264
         2.9550            1166.687         2.9600            1194.423         2.9650            1222.426
         2.9700            1250.478         2.9750            1278.661         2.9800            1306.992
         2.9850            1335.479         2.9900            1364.135         2.9950            1392.962
         3.0000            1421.965         3.0050            1451.141         3.0100            1480.489
         3.0150            1510.000         3.0200            1539.671         3.0250            1569.510
         3.0300            1599.512         3.0350            1629.671         3.0400            1659.986
         3.0450            1690.453         3.0500            1721.070         3.0550            1751.831
         3.0600            1782.736         3.0650            1813.780         3.0700            1844.960
         3.0750            1876.288         3.0800            1907.738         3.0850            1939.315
         3.0900            1971.016         3.0950            2002.843         3.1000            2034.791
         3.1050            2066.859         3.1100            2099.041         3.1150            2131.334
         3.1200            2163.727         3.1250            2196.230         3.1300            2228.841
         3.1350            2261.553         3.1400            2294.358         3.1450            2327.254
         3.1500            2360.237         3.1550            2393.310         3.1600            2426.474
         3.1650            2459.736         3.1700            2493.074         3.1750            2526.480
         3.1800            2559.955         3.1850            2593.507         3.1900            2627.135
         3.1950            2660.833         3.2000            2694.599         3.2050            2728.423
         3.2100            2762.297         3.2150            2796.216         3.2200            2830.180
         3.2250            2864.184         3.2300            2898.226         3.2350            2932.302
         3.2400            2966.416         3.2450            3000.563         3.2500            3034.748
         3.2550            3068.963         3.2600            3103.193         3.2650            3137.443
         3.2700            3171.723         3.2750            3206.031         3.2800            3240.368
         3.2850            3274.723         3.2900            3309.086         3.2950            3343.436
         3.3000            3377.808         3.3050            3412.196         3.3100            3446.589
         3.3150            3480.980         3.3200            3515.364         3.3250            3549.745
         3.3300            3584.126         3.3350            3618.520         3.3400            3652.920
         3.3450            3687.299         3.3500            3721.660         3.3550            3756.010
         3.3600            3790.347         3.3650            3824.674         3.3700            3858.986
         3.3750            3893.281         3.3800            3927.552         3.3850            3961.808
         3.3900            3996.037         3.3950            4030.245         3.4000            4064.430
         3.4050            4098.593         3.4100            4132.725         3.4150            4166.820
         3.4200            4200.864         3.4250            4234.851         3.4300            4268.786
         3.4350            4302.672         3.4400            4336.507         3.4450            4370.291
1
         3.4500            4404.027         3.4550            4437.717         3.4600            4471.367
         3.4650            4504.982         3.4700            4538.542         3.4750            4572.051
         3.4800            4605.523         3.4850            4638.958         3.4900            4672.358
         3.4950            4705.711         3.5000            4739.006         3.5050            4772.229
         3.5100            4805.435         3.5150            4838.606         3.5200            4871.728
         3.5250            4904.785         3.5300            4937.781         3.5350            4970.722
         3.5400            5003.630         3.5450            5036.516         3.5500            5069.329
         3.5550            5102.081         3.5600            5134.785         3.5650            5167.440
         3.5700            5200.048         3.5750            5232.602         3.5800            5265.088
         3.5850            5297.507         3.5900            5329.928         3.5950            5362.255
         3.6000            5394.506         3.6050            5426.701         3.6100            5458.845
         3.6150            5490.944         3.6200            5522.991         3.6250            5554.980
         3.6300            5586.854         3.6350            5618.668         3.6400            5650.416
         3.6450            5682.094         3.6500            5713.694         3.6550            5745.215
         3.6600            5776.650         3.6650            5808.000         3.6700            5839.263
         3.6750            5870.467         3.6800            5901.600         3.6850            5932.649
         3.6900            5963.605         3.6950            5994.471         3.7000            6025.250
         3.7050            6055.954         3.7100            6086.620         3.7150            6117.176
         3.7200            6147.615         3.7250            6177.971         3.7300            6208.268
         3.7350            6238.504         3.7400            6268.669         3.7450            6298.727
         3.7500            6328.632         3.7550            6358.482         3.7600            6388.282
         3.7650            6417.999         3.7700            6447.616         3.7750            6477.127
         3.7800            6506.542         3.7850            6535.882         3.7900            6565.184
         3.7950            6594.390         3.8000            6623.462         3.8050            6652.440
         3.8100            6681.345         3.8150            6710.177         3.8200            6738.937
         3.8250            6767.607         3.8300            6796.163         3.8350            6824.599
         3.8400            6853.005         3.8450            6881.307         3.8500            6909.524
         3.8550            6937.671         3.8600            6965.750         3.8650            6993.763
         3.8700            7021.698         3.8750            7049.538         3.8800            7077.233
         3.8850            7104.875         3.8900            7132.469         3.8950            7159.990
         3.9000            7187.417         3.9050            7214.747         3.9100            7241.978
         3.9150            7269.125         3.9200            7296.209         3.9250            7323.232
         3.9300            7350.183         3.9350            7377.043         3.9400            7403.781
         3.9450            7430.505         3.9500            7457.133         3.9550            7483.691
         3.9600            7510.181         3.9650            7536.602         3.9700            7562.953
         3.9750            7589.235         3.9800            7615.447         3.9850            7641.590
         3.9900            7667.664         3.9950            7693.667         4.0000            7719.602
         4.0050            7745.465         4.0100            7771.260         4.0150            7796.984
         4.0200            7822.638         4.0250            7848.222         4.0300            7873.736
         4.0350            7899.179         4.0400            7924.553         4.0450            7949.855
         4.0500            7975.088         4.0550            8000.250         4.0600            8025.342
         4.0650            8050.363         4.0700            8075.314         4.0750            8100.194
         4.0800            8125.004         4.0850            8149.743         4.0900            8174.411
         4.0950            8199.009         4.1000            8223.536         4.1050            8247.992
         4.1100            8272.378         4.1150            8296.693         4.1200            8320.938
1
         4.1250            8345.111         4.1300            8369.215         4.1350            8393.247
         4.1400            8417.209         4.1450            8441.100         4.1500            8464.920
         4.1550            8488.670         4.1600            8512.349         4.1650            8535.958
         4.1700            8559.496         4.1750            8582.963         4.1800            8606.360
         4.1850            8629.687         4.1900            8652.942         4.1950            8676.128
         4.2000            8699.243         4.2050            8722.288         4.2100            8745.263
         4.2150            8768.167         4.2200            8791.001         4.2250            8813.766
         4.2300            8836.459         4.2350            8859.083         4.2400            8881.637
         4.2450            8904.120         4.2500            8926.534         4.2550            8948.878
         4.2600            8971.152         4.2650            8993.357         4.2700            9015.492
         4.2750            9037.558         4.2800            9059.553         4.2850            9081.479
         4.2900            9103.336         4.2950            9125.124         4.3000            9146.843
         4.3050            9168.492         4.3100            9190.072         4.3150            9211.583
         4.3200            9233.025         4.3250            9254.399         4.3300            9275.704
         4.3350            9296.939         4.3400            9318.107         4.3450            9339.206
         4.3500            9360.237         4.3550            9381.199         4.3600            9402.094
         4.3650            9422.920         4.3700            9443.678         4.3750            9464.368
         4.3800            9484.990         4.3850            9505.545         4.3900            9526.032
         4.3950            9546.451         4.4000            9566.804         4.4050            9587.088
         4.4100            9607.306         4.4150            9627.456         4.4200            9647.540
         4.4250            9667.557         4.4300            9687.506         4.4350            9707.390
         4.4400            9727.206         4.4450            9746.956         4.4500            9766.640
         4.4550            9786.258         4.4600            9805.810         4.4650            9825.295
         4.4700            9844.715         4.4750            9864.069         4.4800            9883.358
         4.4850            9902.581         4.4900            9921.739         4.4950            9940.831
         4.5000            9959.858         4.5050            9978.821         4.5100            9997.719
         4.5150           10016.550         4.5200           10035.320         4.5250           10054.020
         4.5300           10072.660         4.5350           10091.240         4.5400           10109.750
         4.5450           10128.200         4.5500           10146.580         4.5550           10164.900
         4.5600           10183.160         4.5650           10201.350         4.5700           10219.480
         4.5750           10237.540         4.5800           10255.550         4.5850           10273.490
         4.5900           10291.370         4.5950           10309.180         4.6000           10326.930
         4.6050           10344.630         4.6100           10362.250         4.6150           10379.820
         4.6200           10397.320         4.6250           10414.770         4.6300           10432.150
         4.6350           10449.470         4.6400           10466.720         4.6450           10483.920
         4.6500           10501.060         4.6550           10518.130         4.6600           10535.150
         4.6650           10552.100         4.6700           10568.990         4.6750           10585.830
         4.6800           10602.600         4.6850           10619.310         4.6900           10635.970
         4.6950           10652.560         4.7000           10669.090         4.7050           10685.570
         4.7100           10701.980         4.7150           10718.340         4.7200           10734.630
         4.7250           10750.870         4.7300           10767.050         4.7350           10783.170
         4.7400           10799.230         4.7450           10815.240         4.7500           10831.180
         4.7550           10847.070         4.7600           10862.900         4.7650           10878.670
         4.7700           10894.390         4.7750           10910.050         4.7800           10925.650
         4.7850           10941.190         4.7900           10956.680         4.7950           10972.110
1
         4.8000           10987.480         4.8050           11002.800         4.8100           11018.060
         4.8150           11033.270         4.8200           11048.410         4.8250           11063.510
         4.8300           11078.540         4.8350           11093.530         4.8400           11108.450
         4.8450           11123.320         4.8500           11138.140         4.8550           11152.900
         4.8600           11167.610         4.8650           11182.260         4.8700           11196.860
         4.8750           11211.400         4.8800           11225.890         4.8850           11240.330
         4.8900           11254.710         4.8950           11269.040         4.9000           11283.310
         4.9050           11297.530         4.9100           11311.700         4.9150           11325.820
         4.9200           11339.880         4.9250           11353.890         4.9300           11367.840
         4.9350           11381.750         4.9400           11395.600         4.9450           11409.400
         4.9500           11423.150         4.9550           11436.850         4.9600           11450.490
         4.9650           11464.080         4.9700           11477.630         4.9750           11491.120
         4.9800           11504.560         4.9850           11517.950         4.9900           11531.280
         4.9950           11544.570         5.0000           11557.810         5.0050           11571.000
         5.0100           11584.130         5.0150           11597.220         5.0200           11610.260
         5.0250           11623.240         5.0300           11636.180         5.0350           11649.070
         5.0400           11661.910         5.0450           11674.700         5.0500           11687.440
         5.0550           11700.140         5.0600           11712.780         5.0650           11725.380
         5.0700           11737.920         5.0750           11750.420         5.0800           11762.880
         5.0850           11775.280         5.0900           11787.640         5.0950           11799.950
         5.1000           11812.210         5.1050           11824.420         5.1100           11836.590
         5.1150           11848.710         5.1200           11860.780         5.1250           11872.810
         5.1300           11884.790         5.1350           11896.730         5.1400           11908.610
         5.1450           11920.460         5.1500           11932.250         5.1550           11944.000
         5.1600           11955.710         5.1650           11967.370         5.1700           11978.980
         5.1750           11990.550         5.1800           12002.080         5.1850           12013.560
         5.1900           12024.990         5.1950           12036.380         5.2000           12047.730
         5.2050           12059.030         5.2100           12070.290         5.2150           12081.500
         5.2200           12092.670         5.2250           12103.800         5.2300           12114.880
         5.2350           12125.920         5.2400           12136.920         5.2450           12147.870
         5.2500           12158.780         5.2550           12169.650         5.2600           12180.470
         5.2650           12191.260         5.2700           12202.000         5.2750           12212.690
         5.2800           12223.350         5.2850           12233.960         5.2900           12244.540
         5.2950           12255.070         5.3000           12265.560         5.3050           12276.010
         5.3100           12286.410         5.3150           12296.780         5.3200           12307.100
         5.3250           12317.390         5.3300           12327.630         5.3350           12337.830
         5.3400           12348.000         5.3450           12358.120         5.3500           12368.200
         5.3550           12378.250         5.3600           12388.250         5.3650           12398.210
         5.3700           12408.130         5.3750           12418.020         5.3800           12427.860
         5.3850           12437.670         5.3900           12447.440         5.3950           12457.170
         5.4000           12466.850         5.4050           12476.510         5.4100           12486.120
         5.4150           12495.690         5.4200           12505.230         5.4250           12514.730
         5.4300           12524.190         5.4350           12533.610         5.4400           12542.990
         5.4450           12552.340         5.4500           12561.650         5.4550           12570.920
         5.4600           12580.160         5.4650           12589.360         5.4700           12598.520
1
         5.4750           12607.650         5.4800           12616.730         5.4850           12625.790
         5.4900           12634.800         5.4950           12643.780         5.5000           12652.730

1V'  B(V)  (CAL)   B(V)  (OBS)    DEVIATION        E(V)ALC)   E(V) (OBS)   DEVIATION        RMIN     RMAX   
   -1   2.6500         2.6500       .0000               .0000         .0000       .0000      2.5651      2.5651
    0   2.6353         2.6300       .0053            409.2757      411.1000     -1.8243      2.3738      2.7867
    1   2.6194         2.6250      -.0056           1213.0410     1215.9000     -2.8595      2.2400      2.9638
    2   2.6180         2.6180       .0000           1995.8190     1997.5000     -1.6807      2.1482      3.0942
    3   2.6089         2.6080       .0009           2754.6240     2755.9000     -1.2761      2.0756      3.2091
    4   2.5910         2.5920      -.0010           3489.3820     3491.1000     -1.7183      2.0146      3.3165
    5   2.5688         2.5700      -.0012           4202.1730     4203.1000      -.9268      1.9617      3.4203
    6   2.5399         2.5400      -.0001           4891.3380     4891.9000      -.5620      1.9155      3.5230
    7   2.5053         2.5080      -.0027           5557.1110     5557.5000      -.3892      1.8741      3.6254
    8   2.4620         2.4680      -.0060           6200.2730     6199.9000       .3730      1.8369      3.7286
    9   2.4125         2.4190      -.0065           6820.9790     6819.1000      1.8784      1.8039      3.8340
   10   2.3552         2.3650      -.0098           7418.5400     7415.1000      3.4399      1.7744      3.9421
  NOISE FACTOR HAS MAXIMUM VALUE OF    .12E-09



  RMIN =  .750  MAXV   = 10  BE =    5.8257
  RMAX = 5.500  KDMAXV = 10  RE =    1.7300
  DELR =  .005  NEIG   =  0  DE =17526.6000
  ZMU  =  .967


 THE KLEIN DUNHAM POTENTIAL PRODUCED FOR THIS STATE COVERS THE REGION FROM   1.285 TO   3.420 ANGSTROMS
 THE TO TAL POTENTIAL FUNCTION I

         RADIUS           ENERGY            RADIUS           ENERGY            RADIUS           ENERGY
          .7500          125604.800          .7550          123330.600          .7600          121092.000
          .7650          118888.500          .7700          116719.600          .7750          114584.900
          .7800          112483.800          .7850          110415.900          .7900          108380.700
          .7950          106377.700          .8000          104406.400          .8050          102466.400
          .8100          100557.400          .8150           98678.670          .8200           96829.970
          .8250           95010.820          .8300           93220.790          .8350           91459.470
          .8400           89726.440          .8450           88021.300          .8500           86343.650
          .8550           84693.080          .8600           83069.210          .8650           81471.660
          .8700           79900.050          .8750           78353.990          .8800           76833.130
          .8850           75337.090          .8900           73865.520          .8950           72418.070
          .9000           70994.380          .9050           69594.110          .9100           68216.920
          .9150           66862.480          .9200           65530.450          .9250           64220.510
          .9300           62932.340          .9350           61665.610          .9400           60420.030
          .9450           59195.270          .9500           57991.040          .9550           56807.040
          .9600           55642.970          .9650           54498.540          .9700           53373.450
          .9750           52267.440          .9800           51180.210          .9850           50111.500
          .9900           49061.020          .9950           48028.520         1.0000           47013.730
         1.0050           46016.380         1.0100           45036.220         1.0150           44073.000
         1.0200           43126.470         1.0250           42196.380         1.0300           41282.480
         1.0350           40384.540         1.0400           39502.330         1.0450           38635.600
         1.0500           37784.130         1.0550           36947.680         1.0600           36126.050
         1.0650           35319.000         1.0700           34526.330         1.0750           33747.800
         1.0800           32983.230         1.0850           32232.390         1.0900           31495.080
         1.0950           30771.100         1.1000           30060.240         1.1050           29362.320
         1.1100           28677.140         1.1150           28004.500         1.1200           27344.220
         1.1250           26696.110         1.1300           26059.980         1.1350           25435.660
         1.1400           24822.970         1.1450           24221.740         1.1500           23631.780
         1.1550           23052.930         1.1600           22485.020         1.1650           21927.880
         1.1700           21381.350         1.1750           20845.270         1.1800           20319.470
         1.1850           19803.810         1.1900           19298.120         1.1950           18802.260
         1.2000           18316.060         1.2050           17839.400         1.2100           17372.110
         1.2150           16914.060         1.2200           16465.100         1.2250           16025.080
         1.2300           15593.890         1.2350           15171.370         1.2400           14757.390
         1.2450           14351.830         1.2500           13954.540         1.2550           13565.410
         1.2600           13184.300         1.2650           12811.090         1.2700           12445.660
         1.2750           12087.880         1.2800           11737.630         1.2850           11220.800
         1.2900           11065.530         1.2950           10889.540         1.3000           10710.010
         1.3050           10438.700         1.3100           10170.140         1.3150            9900.508
         1.3200            9627.270         1.3250            9344.108         1.3300            9031.231
         1.3350            8731.608         1.3400            8446.638         1.3450            8172.837
         1.3500            7907.487         1.3550            7648.212         1.3600            7392.745
         1.3650            7132.638         1.3700            6879.828         1.3750            6636.379
         1.3800            6401.402         1.3850            6173.927         1.3900            5953.486
         1.3950            5739.327         1.4000            5530.934         1.4050            5327.867
         1.4100            5129.479         1.4150            4934.688         1.4200            4742.896
1
         1.4250            4557.218         1.4300            4376.825         1.4350            4201.585
         1.4400            4031.386         1.4450            3866.061         1.4500            3705.465
         1.4550            3549.427         1.4600            3397.914         1.4650            3250.750
         1.4700            3107.882         1.4750            2969.135         1.4800            2834.453
         1.4850            2703.732         1.4900            2576.887         1.4950            2453.793
         1.5000            2334.451         1.5050            2217.966         1.5100            2105.542
         1.5150            1997.298         1.5200            1892.242         1.5250            1790.709
         1.5300            1692.613         1.5350            1597.878         1.5400            1506.447
         1.5450            1418.269         1.5500            1333.298         1.5550            1251.476
         1.5600            1172.755         1.5650            1097.082         1.5700            1024.406
         1.5750             954.675         1.5800             887.838         1.5850             823.847
         1.5900             762.654         1.5950             704.207         1.6000             648.458
         1.6050             595.358         1.6100             544.860         1.6150             496.918
         1.6200             451.485         1.6250             408.514         1.6300             367.960
         1.6350             329.780         1.6400             293.928         1.6450             260.361
         1.6500             229.037         1.6550             199.912         1.6600             172.945
         1.6650             148.097         1.6700             125.361         1.6750             104.650
         1.6800              85.926         1.6850              69.152         1.6900              54.291
         1.6950              41.306         1.7000              30.162         1.7050              20.823
         1.7100              13.255         1.7150               7.422         1.7200               3.291
         1.7250                .828         1.7300                .000         1.7350                .775
         1.7400               3.119         1.7450               7.002         1.7500              12.392
         1.7550              19.258         1.7600              27.570         1.7650              37.298
         1.7700              48.413         1.7750              60.885         1.7800              74.686
         1.7850              89.788         1.7900             106.164         1.7950             123.785
         1.8000             142.627         1.8050             162.661         1.8100             183.863
         1.8150             206.207         1.8200             229.669         1.8250             254.224
         1.8300             279.848         1.8350             306.517         1.8400             334.209
         1.8450             362.901         1.8500             392.572         1.8550             423.199
         1.8600             454.759         1.8650             487.230         1.8700             520.592
         1.8750             554.824         1.8800             589.907         1.8850             625.820
         1.8900             662.544         1.8950             700.060         1.9000             738.348
         1.9050             777.391         1.9100             817.169         1.9150             857.665
         1.9200             898.860         1.9250             940.738         1.9300             983.281
         1.9350            1026.473         1.9400            1070.297         1.9450            1114.739
         1.9500            1159.782         1.9550            1205.409         1.9600            1251.606
         1.9650            1298.356         1.9700            1345.644         1.9750            1393.456
         1.9800            1441.778         1.9850            1490.596         1.9900            1539.898
         1.9950            1589.670         2.0000            1639.892         2.0050            1690.557
         2.0100            1741.657         2.0150            1793.171         2.0200            1845.091
         2.0250            1897.397         2.0300            1950.084         2.0350            2003.135
         2.0400            2056.543         2.0450            2110.295         2.0500            2164.388
         2.0550            2219.144         2.0600            2274.109         2.0650            2329.257
         2.0700            2384.608         2.0750            2440.184         2.0800            2495.989
         2.0850            2552.027         2.0900            2608.283         2.0950            2664.742
1
         2.1000            2721.373         2.1050            2778.205         2.1100            2835.210
         2.1150            2892.381         2.1200            2949.708         2.1250            3007.185
         2.1300            3064.800         2.1350            3122.548         2.1400            3180.412
         2.1450            3238.386         2.1500            3296.461         2.1550            3354.641
         2.1600            3412.902         2.1650            3471.244         2.1700            3529.656
         2.1750            3588.138         2.1800            3646.674         2.1850            3705.264
         2.1900            3763.894         2.1950            3822.541         2.2000            3881.216
         2.2050            3939.932         2.2100            3998.671         2.2150            4057.410
         2.2200            4116.143         2.2250            4174.859         2.2300            4233.567
         2.2350            4292.269         2.2400            4350.967         2.2450            4409.619
         2.2500            4468.244         2.2550            4526.831         2.2600            4585.379
         2.2650            4643.875         2.2700            4702.319         2.2750            4760.694
         2.2800            4818.999         2.2850            4877.517         2.2900            4935.791
         2.2950            4993.632         2.3000            5051.143         2.3050            5108.388
         2.3100            5165.418         2.3150            5222.253         2.3200            5278.886
         2.3250            5335.292         2.3300            5391.497         2.3350            5447.476
         2.3400            5503.232         2.3450            5558.782         2.3500            5614.126
         2.3550            5669.271         2.3600            5724.205         2.3650            5778.926
         2.3700            5833.410         2.3750            5887.652         2.3800            5941.702
         2.3850            5995.538         2.3900            6049.139         2.3950            6102.501
         2.4000            6155.623         2.4050            6208.518         2.4100            6261.200
         2.4150            6313.691         2.4200            6365.898         2.4250            6417.880
         2.4300            6469.627         2.4350            6521.140         2.4400            6572.414
         2.4450            6623.445         2.4500            6674.239         2.4550            6724.791
         2.4600            6775.112         2.4650            6825.195         2.4700            6875.022
         2.4750            6924.599         2.4800            6973.933         2.4850            7023.023
         2.4900            7071.876         2.4950            7120.486         2.5000            7168.853
         2.5050            7216.967         2.5100            7264.938         2.5150            7312.184
         2.5200            7358.799         2.5250            7404.872         2.5300            7450.478
         2.5350            7495.663         2.5400            7540.462         2.5450            7584.881
         2.5500            7628.913         2.5550            7672.555         2.5600            7715.847
         2.5650            7758.773         2.5700            7801.342         2.5750            7843.565
         2.5800            7885.445         2.5850            7926.990         2.5900            7968.199
         2.5950            8009.077         2.6000            8049.619         2.6050            8089.834
         2.6100            8129.732         2.6150            8169.311         2.6200            8208.571
         2.6250            8247.521         2.6300            8286.157         2.6350            8324.488
         2.6400            8362.511         2.6450            8400.231         2.6500            8437.646
         2.6550            8474.762         2.6600            8511.587         2.6650            8548.111
         2.6700            8584.340         2.6750            8620.280         2.6800            8655.935
         2.6850            8691.308         2.6900            8726.397         2.6950            8761.207
         2.7000            8795.731         2.7050            8829.968         2.7100            8863.918
         2.7150            8897.610         2.7200            8931.039         2.7250            8964.199
         2.7300            8997.095         2.7350            9029.723         2.7400            9062.088
         2.7450            9094.188         2.7500            9126.031         2.7550            9157.614
         2.7600            9188.947         2.7650            9220.029         2.7700            9250.795
1
         2.7750            9280.979         2.7800            9310.621         2.7850            9339.770
         2.7900            9368.470         2.7950            9396.757         2.8000            9424.663
         2.8050            9452.213         2.8100            9479.429         2.8150            9506.319
         2.8200            9532.897         2.8250            9559.161         2.8300            9585.120
         2.8350            9610.781         2.8400            9636.138         2.8450            9661.201
         2.8500            9685.976         2.8550            9710.472         2.8600            9734.692
         2.8650            9758.646         2.8700            9782.337         2.8750            9805.769
         2.8800            9828.944         2.8850            9851.869         2.8900            9874.543
         2.8950            9896.970         2.9000            9919.184         2.9050            9941.131
         2.9100            9962.823         2.9150            9984.274         2.9200           10005.490
         2.9250           10026.490         2.9300           10047.270         2.9350           10067.840
         2.9400           10088.190         2.9450           10108.340         2.9500           10128.280
         2.9550           10148.000         2.9600           10167.510         2.9650           10186.780
         2.9700           10205.830         2.9750           10224.680         2.9800           10243.360
         2.9850           10261.850         2.9900           10280.150         2.9950           10298.260
         3.0000           10316.190         3.0050           10333.920         3.0100           10351.460
         3.0150           10368.820         3.0200           10385.990         3.0250           10402.980
         3.0300           10419.790         3.0350           10436.430         3.0400           10452.900
         3.0450           10469.210         3.0500           10485.340         3.0550           10501.280
         3.0600           10517.070         3.0650           10532.690         3.0700           10548.160
         3.0750           10563.460         3.0800           10578.610         3.0850           10593.610
         3.0900           10608.450         3.0950           10623.140         3.1000           10637.670
         3.1050           10652.060         3.1100           10666.290         3.1150           10680.380
         3.1200           10694.320         3.1250           10708.120         3.1300           10721.770
         3.1350           10735.270         3.1400           10746.210         3.1450           10757.330
         3.1500           10768.600         3.1550           10779.970         3.1600           10791.390
         3.1650           10802.820         3.1700           10814.220         3.1750           10825.580
         3.1800           10836.850         3.1850           10848.030         3.1900           10859.090
         3.1950           10870.030         3.2000           10880.830         3.2050           10891.490
         3.2100           10902.010         3.2150           10912.410         3.2200           10922.690
         3.2250           10932.860         3.2300           10942.940         3.2350           10952.970
         3.2400           10962.960         3.2450           10972.730         3.2500           10982.390
         3.2550           10991.940         3.2600           11001.390         3.2650           11010.720
         3.2700           11019.960         3.2750           11029.090         3.2800           11038.120
         3.2850           11047.050         3.2900           11055.880         3.2950           11064.610
         3.3000           11073.240         3.3050           11081.770         3.3100           11090.210
         3.3150           11098.560         3.3200           11106.810         3.3250           11114.970
         3.3300           11123.030         3.3350           11131.000         3.3400           11138.890
         3.3450           11146.680         3.3500           11154.380         3.3550           11161.990
         3.3600           11169.520         3.3650           11176.970         3.3700           11184.340
         3.3750           11191.630         3.3800           11198.830         3.3850           11205.950
         3.3900           11213.000         3.3950           11219.960         3.4000           11226.850
         3.4050           11233.660         3.4100           11240.390         3.4150           11247.050
         3.4200           11253.630         3.4250           11260.270         3.4300           11266.870
         3.4350           11273.470         3.4400           11280.060         3.4450           11286.640
1
         3.4500           11293.220         3.4550           11299.800         3.4600           11306.360
         3.4650           11312.920         3.4700           11319.480         3.4750           11326.030
         3.4800           11332.570         3.4850           11339.110         3.4900           11345.640
         3.4950           11352.170         3.5000           11358.690         3.5050           11365.200
         3.5100           11371.710         3.5150           11378.220         3.5200           11384.710
         3.5250           11391.200         3.5300           11397.690         3.5350           11404.170
         3.5400           11410.640         3.5450           11417.110         3.5500           11423.570
         3.5550           11430.030         3.5600           11436.480         3.5650           11442.920
         3.5700           11449.360         3.5750           11455.790         3.5800           11462.220
         3.5850           11468.640         3.5900           11475.060         3.5950           11481.470
         3.6000           11487.870         3.6050           11494.270         3.6100           11500.660
         3.6150           11507.050         3.6200           11513.430         3.6250           11519.800
         3.6300           11526.170         3.6350           11532.530         3.6400           11538.890
         3.6450           11545.240         3.6500           11551.590         3.6550           11557.930
         3.6600           11564.260         3.6650           11570.590         3.6700           11576.920
         3.6750           11583.230         3.6800           11589.540         3.6850           11595.850
         3.6900           11602.150         3.6950           11608.440         3.7000           11614.730
         3.7050           11621.010         3.7100           11627.290         3.7150           11633.560
         3.7200           11639.830         3.7250           11646.090         3.7300           11652.340
         3.7350           11658.590         3.7400           11664.830         3.7450           11671.070
         3.7500           11677.300         3.7550           11683.520         3.7600           11689.740
         3.7650           11695.960         3.7700           11702.170         3.7750           11708.370
         3.7800           11714.560         3.7850           11720.760         3.7900           11726.940
         3.7950           11733.120         3.8000           11739.290         3.8050           11745.460
         3.8100           11751.630         3.8150           11757.780         3.8200           11763.930
         3.8250           11770.080         3.8300           11776.220         3.8350           11782.350
         3.8400           11788.480         3.8450           11794.600         3.8500           11800.720
         3.8550           11806.830         3.8600           11812.940         3.8650           11819.040
         3.8700           11825.130         3.8750           11831.220         3.8800           11837.310
         3.8850           11843.380         3.8900           11849.460         3.8950           11855.520
         3.9000           11861.580         3.9050           11867.640         3.9100           11873.690
         3.9150           11879.730         3.9200           11885.770         3.9250           11891.800
         3.9300           11897.830         3.9350           11903.850         3.9400           11909.870
         3.9450           11915.880         3.9500           11921.880         3.9550           11927.880
         3.9600           11933.870         3.9650           11939.860         3.9700           11945.840
         3.9750           11951.820         3.9800           11957.790         3.9850           11963.760
         3.9900           11969.710         3.9950           11975.670         4.0000           11981.620
         4.0050           11987.560         4.0100           11993.500         4.0150           11999.430
         4.0200           12005.360         4.0250           12011.280         4.0300           12017.190
         4.0350           12023.100         4.0400           12029.010         4.0450           12034.910
         4.0500           12040.800         4.0550           12046.690         4.0600           12052.570
         4.0650           12058.450         4.0700           12064.320         4.0750           12070.180
         4.0800           12076.040         4.0850           12081.900         4.0900           12087.750
         4.0950           12093.590         4.1000           12099.430         4.1050           12105.260
         4.1100           12111.090         4.1150           12116.910         4.1200           12122.720
1
         4.1250           12128.530         4.1300           12134.340         4.1350           12140.140
         4.1400           12145.930         4.1450           12151.720         4.1500           12157.500
         4.1550           12163.280         4.1600           12169.050         4.1650           12174.820
         4.1700           12180.580         4.1750           12186.340         4.1800           12192.090
         4.1850           12197.830         4.1900           12203.570         4.1950           12209.310
         4.2000           12215.030         4.2050           12220.760         4.2100           12226.470
         4.2150           12232.190         4.2200           12237.890         4.2250           12243.590
         4.2300           12249.290         4.2350           12254.980         4.2400           12260.670
         4.2450           12266.350         4.2500           12272.020         4.2550           12277.690
         4.2600           12283.350         4.2650           12289.010         4.2700           12294.660
         4.2750           12300.310         4.2800           12305.950         4.2850           12311.590
         4.2900           12317.220         4.2950           12322.840         4.3000           12328.460
         4.3050           12334.080         4.3100           12339.690         4.3150           12345.290
         4.3200           12350.890         4.3250           12356.490         4.3300           12362.070
         4.3350           12367.660         4.3400           12373.230         4.3450           12378.810
         4.3500           12384.370         4.3550           12389.930         4.3600           12395.490
         4.3650           12401.040         4.3700           12406.580         4.3750           12412.130
         4.3800           12417.660         4.3850           12423.190         4.3900           12428.710
         4.3950           12434.230         4.4000           12439.750         4.4050           12445.250
         4.4100           12450.760         4.4150           12456.250         4.4200           12461.750
         4.4250           12467.230         4.4300           12472.710         4.4350           12478.190
         4.4400           12483.660         4.4450           12489.130         4.4500           12494.590
         4.4550           12500.040         4.4600           12505.490         4.4650           12510.940
         4.4700           12516.380         4.4750           12521.810         4.4800           12527.240
         4.4850           12532.660         4.4900           12538.080         4.4950           12543.500
         4.5000           12548.900         4.5050           12554.310         4.5100           12559.700
         4.5150           12565.100         4.5200           12570.480         4.5250           12575.860
         4.5300           12581.240         4.5350           12586.610         4.5400           12591.980
         4.5450           12597.340         4.5500           12602.690         4.5550           12608.040
         4.5600           12613.390         4.5650           12618.730         4.5700           12624.060
         4.5750           12629.390         4.5800           12634.720         4.5850           12640.040
         4.5900           12645.350         4.5950           12650.660         4.6000           12655.960
         4.6050           12661.260         4.6100           12666.560         4.6150           12671.850
         4.6200           12677.130         4.6250           12682.410         4.6300           12687.680
         4.6350           12692.950         4.6400           12698.210         4.6450           12703.470
         4.6500           12708.720         4.6550           12713.970         4.6600           12719.210
         4.6650           12724.450         4.6700           12729.680         4.6750           12734.900
         4.6800           12740.130         4.6850           12745.340         4.6900           12750.550
         4.6950           12755.760         4.7000           12760.960         4.7050           12766.160
         4.7100           12771.350         4.7150           12776.530         4.7200           12781.710
         4.7250           12786.890         4.7300           12792.060         4.7350           12797.220
         4.7400           12802.380         4.7450           12807.540         4.7500           12812.690
         4.7550           12817.830         4.7600           12822.980         4.7650           12828.110
         4.7700           12833.240         4.7750           12838.370         4.7800           12843.490
         4.7850           12848.600         4.7900           12853.710         4.7950           12858.810
1
         4.8000           12863.910         4.8050           12869.010         4.8100           12874.100
         4.8150           12879.180         4.8200           12884.260         4.8250           12889.340
         4.8300           12894.410         4.8350           12899.470         4.8400           12904.530
         4.8450           12909.590         4.8500           12914.640         4.8550           12919.680
         4.8600           12924.720         4.8650           12929.750         4.8700           12934.780
         4.8750           12939.810         4.8800           12944.830         4.8850           12949.840
         4.8900           12954.850         4.8950           12959.860         4.9000           12964.860
         4.9050           12969.850         4.9100           12974.840         4.9150           12979.830
         4.9200           12984.810         4.9250           12989.780         4.9300           12994.750
         4.9350           12999.720         4.9400           13004.680         4.9450           13009.630
         4.9500           13014.580         4.9550           13019.530         4.9600           13024.470
         4.9650           13029.410         4.9700           13034.340         4.9750           13039.260
         4.9800           13044.180         4.9850           13049.100         4.9900           13054.010
         4.9950           13058.920         5.0000           13063.820         5.0050           13068.710
         5.0100           13073.610         5.0150           13078.490         5.0200           13083.380
         5.0250           13088.250         5.0300           13093.120         5.0350           13097.990
         5.0400           13102.850         5.0450           13107.710         5.0500           13112.560
         5.0550           13117.410         5.0600           13122.250         5.0650           13127.090
         5.0700           13131.930         5.0750           13136.750         5.0800           13141.580
         5.0850           13146.400         5.0900           13151.210         5.0950           13156.020
         5.1000           13160.830         5.1050           13165.630         5.1100           13170.420
         5.1150           13175.210         5.1200           13179.990         5.1250           13184.770
         5.1300           13189.550         5.1350           13194.320         5.1400           13199.090
         5.1450           13203.850         5.1500           13208.600         5.1550           13213.360
         5.1600           13218.100         5.1650           13222.850         5.1700           13227.580
         5.1750           13232.320         5.1800           13237.040         5.1850           13241.770
         5.1900           13246.480         5.1950           13251.200         5.2000           13255.910
         5.2050           13260.610         5.2100           13265.310         5.2150           13270.000
         5.2200           13274.690         5.2250           13279.380         5.2300           13284.060
         5.2350           13288.740         5.2400           13293.410         5.2450           13298.070
         5.2500           13302.740         5.2550           13307.390         5.2600           13312.040
         5.2650           13316.690         5.2700           13321.330         5.2750           13325.970
         5.2800           13330.610         5.2850           13335.230         5.2900           13339.860
         5.2950           13344.480         5.3000           13349.090         5.3050           13353.700
         5.3100           13358.310         5.3150           13362.910         5.3200           13367.500
         5.3250           13372.100         5.3300           13376.680         5.3350           13381.270
         5.3400           13385.840         5.3450           13390.420         5.3500           13394.980
         5.3550           13399.550         5.3600           13404.110         5.3650           13408.660
         5.3700           13413.210         5.3750           13417.760         5.3800           13422.300
         5.3850           13426.830         5.3900           13431.360         5.3950           13435.890
         5.4000           13440.410         5.4050           13444.930         5.4100           13449.440
         5.4150           13453.950         5.4200           13458.450         5.4250           13462.950
         5.4300           13467.450         5.4350           13471.940         5.4400           13476.420
         5.4450           13480.900         5.4500           13485.380         5.4550           13489.850
         5.4600           13494.320         5.4650           13498.780         5.4700           13503.240
1
         5.4750           13507.690         5.4800           13512.140         5.4850           13516.590
         5.4900           13521.030         5.4950           13525.460         5.5000           13529.890

1V'  B(V)  (CAL)   B(V)  (OBS)    DEVIATION        E(V)ALC)   E(V) (OBS)   DEVIATION        RMIN     RMAX   
   -1   5.8257         5.8257       .0000               .0000         .0000       .0000      1.7300      1.7300
    0   5.7341         5.7336       .0005            739.5387      739.6700      -.1313      1.5919      1.9002
    1   5.5511         5.5515      -.0004           2171.2130     2171.7700      -.5574      1.5070      2.0507
    2   5.3653         5.3663      -.0010           3539.4600     3540.2900      -.8298      1.4553      2.1709
    3   5.1698         5.1705      -.0007           4840.7640     4842.0700     -1.3057      1.4174      2.2820
    4   4.9590         4.9566       .0024           6069.2080     6071.3000     -2.0918      1.3873      2.3921
    5   4.7232         4.7175       .0057           7215.9320     7219.4400     -3.5078      1.3633      2.5053
    6   4.4586         4.4456       .0130           8269.9930     8275.2300     -5.2373      1.3431      2.6286
    7   4.1463         4.1336       .0127           9217.8250     9224.7000     -6.8750      1.3269      2.7658
    8   3.7836         3.7741       .0095          10044.1300    10051.1800     -7.0537      1.3122      2.9309
    9   3.3277         3.3598      -.0321          10729.2100    10735.2600     -6.0469      1.2995      3.1350
   10   2.8146         2.8832      -.0686          11259.2400    11254.8400      4.3975      1.2838      3.4209
  NOISE FACTOR HAS MAXIMUM VALUE OF    .55E-09
1
 
                                V"   V""  FRANCK CONDON FACTOR     R-CENTROID

                                 0   0    .4435519E-04             .2111807E+01
                                 0   1    .7804180E-03             .2180459E+01
                                 0   2    .6396878E-02             .2250544E+01
                                 0   3    .3190702E-01             .2323403E+01
                                 0   4    .1052982E+00             .2400989E+01
                                 0   5    .2320532E+00             .2486443E+01
                                 0   6    .3215895E+00             .2585844E+01
                                 0   7    .2396521E+00             .2714026E+01
                                 0   8    .6062442E-01             .2930090E+01
                                 0   9    .5932218E-04             .7217547E+01
                                 0  10    .1274309E-02             .3011480E+01
 
                                V"   V""  FRANCK CONDON FACTOR     R-CENTROID

                                 1   0    .3757468E-03             .2073636E+01
                                 1   1    .4944234E-02             .2139610E+01
                                 1   2    .2843095E-01             .2205621E+01
                                 1   3    .8950191E-01             .2271904E+01
                                 1   4    .1522688E+00             .2337500E+01
                                 1   5    .1032472E+00             .2392880E+01
                                 1   6    .1362491E-03             .7832702E+00
                                 1   7    .1747454E+00             .2682114E+01
                                 1   8    .3557458E+00             .2796447E+01
                                 1   9    .7699189E-01             .3090811E+01
                                 1  10    .9984672E-02             .2526257E+01
1
 
                                V"   V""  FRANCK CONDON FACTOR     R-CENTROID

                                 2   0    .1731805E-02             .2037638E+01
                                 2   1    .1687739E-01             .2101623E+01
                                 2   2    .6640185E-01             .2164652E+01
                                 2   3    .1231327E+00             .2226097E+01
                                 2   4    .8369604E-01             .2281415E+01
                                 2   5    .3905122E-03             .2002243E+01
                                 2   6    .7846365E-01             .2444033E+01
                                 2   7    .4864041E-01             .2397723E+01
                                 2   8    .1026964E+00             .2853588E+01
                                 2   9    .4115731E+00             .2900240E+01
                                 2  10    .1043242E-01             .3800369E+01
 
                                V"   V""  FRANCK CONDON FACTOR     R-CENTROID

                                 3   0    .5408400E-02             .2003611E+01
                                 3   1    .3849236E-01             .2066084E+01
                                 3   2    .9934936E-01             .2126822E+01
                                 3   3    .9347446E-01             .2183918E+01
                                 3   4    .7675344E-02             .2208503E+01
                                 3   5    .4277220E-01             .2328331E+01
                                 3   6    .5822067E-01             .2358135E+01
                                 3   7    .9005396E-02             .2521056E+01
                                 3   8    .4659802E-01             .2312482E+01
                                 3   9    .1563180E+00             .3014833E+01
                                 3  10    .3260258E+00             .3022167E+01
1
 
                                V"   V""  FRANCK CONDON FACTOR     R-CENTROID

                                 4   0    .1277325E-01             .1971311E+01
                                 4   1    .6506392E-01             .2032604E+01
                                 4   2    .1025724E+00             .2091458E+01
                                 4   3    .3308319E-01             .2142343E+01
                                 4   4    .1187077E-01             .2235464E+01
                                 4   5    .6489866E-01             .2267552E+01
                                 4   6    .8201344E-03             .2104572E+01
                                 4   7    .5803506E-01             .2398685E+01
                                 4   8    .6281521E-03             .2626099E+01
                                 4   9    .8804144E-02             .1273460E+01
                                 4  10    .3162197E+00             .3094225E+01
 
                                V"   V""  FRANCK CONDON FACTOR     R-CENTROID

                                 5   0    .2457860E-01             .1940465E+01
                                 5   1    .8703335E-01             .2000808E+01
                                 5   2    .7351348E-01             .2057917E+01
                                 5   3    .6872042E-03             .2052805E+01
                                 5   4    .4924171E-01             .2180446E+01
                                 5   5    .2296419E-01             .2213558E+01
                                 5   6    .2447283E-01             .2310107E+01
                                 5   7    .2360225E-01             .2307151E+01
                                 5   8    .3362736E-01             .2458290E+01
                                 5   9    .8959289E-02             .3047324E+01
                                 5  10    .1808274E-01             .4578698E+01
1
 
                                V"   V""  FRANCK CONDON FACTOR     R-CENTROID

                                 6   0    .4001562E-01             .1911021E+01
                                 6   1    .9470411E-01             .1970541E+01
                                 6   2    .3249749E-01             .2025515E+01
                                 6   3    .1252855E-01             .2097906E+01
                                 6   4    .5137968E-01             .2141108E+01
                                 6   5    .1061062E-03             .2479305E+01
                                 6   6    .4424630E-01             .2249477E+01
                                 6   7    .5434270E-03             .2529693E+01
                                 6   8    .3119374E-01             .2318557E+01
                                 6   9    .2734663E-01             .2658192E+01
                                 6  10    .4024029E-01             .3490686E+01
 
                                V"   V""  FRANCK CONDON FACTOR     R-CENTROID

                                 7   0    .5675945E-01             .1882877E+01
                                 7   1    .8489500E-01             .1941603E+01
                                 7   2    .4837156E-02             .1990623E+01
                                 7   3    .3938922E-01             .2059871E+01
                                 7   4    .2153999E-01             .2103908E+01
                                 7   5    .1994487E-01             .2177484E+01
                                 7   6    .1958817E-01             .2199394E+01
                                 7   7    .2327916E-01             .2281332E+01
                                 7   8    .2886091E-02             .2237156E+01
                                 7   9    .2096806E-01             .2196887E+01
                                 7  10    .5894836E-01             .3054656E+01
1
 
                                V"   V""  FRANCK CONDON FACTOR     R-CENTROID

                                 8   0    .7154015E-01             .1855931E+01
                                 8   1    .6216955E-01             .1913744E+01
                                 8   2    .1452036E-02             .1986538E+01
                                 8   3    .4910269E-01             .2028435E+01
                                 8   4    .8330828E-03             .2038416E+01
                                 8   5    .3752063E-01             .2136671E+01
                                 8   6    .1525408E-03             .1973898E+01
                                 8   7    .3037877E-01             .2227425E+01
                                 8   8    .6913240E-02             .2325887E+01
                                 8   9    .6041604E-02             .2386215E+01
                                 8  10    .3221038E-02             .4863836E+00
 
                                V"   V""  FRANCK CONDON FACTOR     R-CENTROID

                                 9   0    .8190047E-01             .1830138E+01
                                 9   1    .3607605E-01             .1886647E+01
                                 9   2    .1557134E-01             .1948785E+01
                                 9   3    .3608472E-01             .1999138E+01
                                 9   4    .6599396E-02             .2066322E+01
                                 9   5    .2790822E-01             .2102465E+01
                                 9   6    .1028385E-01             .2171638E+01
                                 9   7    .1139903E-01             .2179311E+01
                                 9   8    .2251668E-01             .2247696E+01
                                 9   9    .2113527E-02             .2455372E+01
                                 9  10    .8461403E-02             .2927274E+01
1
 
                                V"   V""  FRANCK CONDON FACTOR     R-CENTROID

                                10   0    .8638214E-01             .1805500E+01
                                10   1    .1493620E-01             .1859556E+01
                                10   2    .3275834E-01             .1921564E+01
                                10   3    .1518026E-01             .1970293E+01
                                10   4    .2383100E-01             .2031130E+01
                                10   5    .8046951E-02             .2067613E+01
                                10   6    .2560309E-01             .2130285E+01
                                10   7    .1145718E-04             .1521723E+01
                                10   8    .1806700E-01             .2202526E+01
                                10   9    .1335711E-01             .2245407E+01
                                10  10    .2899352E-02             .2926482E+01
1R-CENTROID TABLE 

   2.112 2.180 2.251 2.323 2.401 2.486 2.586 2.714 2.930 7.218 3.011
   2.074 2.140 2.206 2.272 2.337 2.393  .783 2.682 2.796 3.091 2.526
   2.038 2.102 2.165 2.226 2.281 2.002 2.444 2.398 2.854 2.900 3.800
   2.004 2.066 2.127 2.184 2.209 2.328 2.358 2.521 2.312 3.015 3.022
   1.971 2.033 2.091 2.142 2.235 2.268 2.105 2.399 2.626 1.273 3.094
   1.940 2.001 2.058 2.053 2.180 2.214 2.310 2.307 2.458 3.047 4.579
   1.911 1.971 2.026 2.098 2.141 2.479 2.249 2.530 2.319 2.658 3.491
   1.883 1.942 1.991 2.060 2.104 2.177 2.199 2.281 2.237 2.197 3.055
   1.856 1.914 1.987 2.028 2.038 2.137 1.974 2.227 2.326 2.386  .486
   1.830 1.887 1.949 1.999 2.066 2.102 2.172 2.179 2.248 2.455 2.927
   1.805 1.860 1.922 1.970 2.031 2.068 2.130 1.522 2.203 2.245 2.926
1 FRANCK CONDON FACTOR TABLE  

    4.44E-05 7.80E-04 6.40E-03 3.19E-02 1.05E-01 2.32E-01 3.22E-01 2.40E-01 6.06E-02 5.93E-05 1.27E-03
    3.76E-04 4.94E-03 2.84E-02 8.95E-02 1.52E-01 1.03E-01 1.36E-04 1.75E-01 3.56E-01 7.70E-02 9.98E-03
    1.73E-03 1.69E-02 6.64E-02 1.23E-01 8.37E-02 3.91E-04 7.85E-02 4.86E-02 1.03E-01 4.12E-01 1.04E-02
    5.41E-03 3.85E-02 9.93E-02 9.35E-02 7.68E-03 4.28E-02 5.82E-02 9.01E-03 4.66E-02 1.56E-01 3.26E-01
    1.28E-02 6.51E-02 1.03E-01 3.31E-02 1.19E-02 6.49E-02 8.20E-04 5.80E-02 6.28E-04 8.80E-03 3.16E-01
    2.46E-02 8.70E-02 7.35E-02 6.87E-04 4.92E-02 2.30E-02 2.45E-02 2.36E-02 3.36E-02 8.96E-03 1.81E-02
    4.00E-02 9.47E-02 3.25E-02 1.25E-02 5.14E-02 1.06E-04 4.42E-02 5.43E-04 3.12E-02 2.73E-02 4.02E-02
    5.68E-02 8.49E-02 4.84E-03 3.94E-02 2.15E-02 1.99E-02 1.96E-02 2.33E-02 2.89E-03 2.10E-02 5.89E-02
    7.15E-02 6.22E-02 1.45E-03 4.91E-02 8.33E-04 3.75E-02 1.53E-04 3.04E-02 6.91E-03 6.04E-03 3.22E-03
    8.19E-02 3.61E-02 1.56E-02 3.61E-02 6.60E-03 2.79E-02 1.03E-02 1.14E-02 2.25E-02 2.11E-03 8.46E-03
    8.64E-02 1.49E-02 3.28E-02 1.52E-02 2.38E-02 8.05E-03 2.56E-02 1.15E-05 1.81E-02 1.34E-02 2.90E-03
1
 V'=   0 SUM OF FCF'S FOR V''=0, 10 IS  9.9967970E-01
 V'=   1 SUM OF FCF'S FOR V''=0, 10 IS  9.9637290E-01
 V'=   2 SUM OF FCF'S FOR V''=0, 10 IS  9.4403620E-01
 V'=   3 SUM OF FCF'S FOR V''=0, 10 IS  8.8334010E-01
 V'=   4 SUM OF FCF'S FOR V''=0, 10 IS  6.7476940E-01
 V'=   5 SUM OF FCF'S FOR V''=0, 10 IS  3.6676300E-01
 V'=   6 SUM OF FCF'S FOR V''=0, 10 IS  3.7480200E-01
 V'=   7 SUM OF FCF'S FOR V''=0, 10 IS  3.5303550E-01
 V'=   8 SUM OF FCF'S FOR V''=0, 10 IS  2.6932530E-01
 V'=   9 SUM OF FCF'S FOR V''=0, 10 IS  2.5891470E-01
 V'=  10 SUM OF FCF'S FOR V''=0, 10 IS  2.4107290E-01
 V""=  0 SUM OF FCF"S FOR V"=0, 10 IS  3.8151000E-01
 V""=  1 SUM OF FCF"S FOR V"=0, 10 IS  5.0597260E-01
 V""=  2 SUM OF FCF"S FOR V"=0, 10 IS  4.6378130E-01
 V""=  3 SUM OF FCF"S FOR V"=0, 10 IS  5.2407200E-01
 V""=  4 SUM OF FCF"S FOR V"=0, 10 IS  5.1423410E-01
 V""=  5 SUM OF FCF"S FOR V"=0, 10 IS  5.5985270E-01
 V""=  6 SUM OF FCF"S FOR V"=0, 10 IS  5.8357700E-01
 V""=  7 SUM OF FCF"S FOR V"=0, 10 IS  6.1929240E-01
 V""=  8 SUM OF FCF"S FOR V"=0, 10 IS  6.8149690E-01
 V""=  9 SUM OF FCF"S FOR V"=0, 10 IS  7.3253260E-01
 V""= 10 SUM OF FCF"S FOR V"=0, 10 IS  7.9579010E-01
