


  RMIN =  .750  MAXV   = 12  BE =   16.6745
  RMAX = 3.500  KDMAXV = 12  RE =    1.0323
  DELR =  .005  NEIG   =  0  DE =29609.4200
  ZMU  =  .949


 THE KLEIN DUNHAM POTENTIAL PRODUCED FOR THIS STATE COVERS THE REGION FROM    .710 TO   2.500 ANGSTROMS
 THE TO TAL POTENTIAL FUNCTION I

         RADIUS           ENERGY            RADIUS           ENERGY            RADIUS           ENERGY
          .7500           21602.940          .7550           20963.400          .7600           20288.050
          .7650           19583.240          .7700           18857.030          .7750           18116.210
          .7800           17367.550          .7850           16616.530          .7900           15868.830
          .7950           15128.290          .8000           14398.690          .8050           13682.780
          .8100           12982.900          .8150           12300.740          .8200           11637.680
          .8250           10994.790          .8300           10372.620          .8350            9771.714
          .8400            9192.223          .8450            8634.338          .8500            8098.012
          .8550            7583.064          .8600            7089.378          .8650            6616.606
          .8700            6164.402          .8750            5732.457          .8800            5320.337
          .8850            4927.624          .8900            4553.878          .8950            4198.646
          .9000            3861.453          .9050            3541.874          .9100            3239.415
          .9150            2953.613          .9200            2684.021          .9250            2430.176
          .9300            2191.632          .9350            1967.938          .9400            1758.650
          .9450            1563.341          .9500            1381.596          .9550            1213.001
          .9600            1057.151          .9650             913.647          .9700             782.102
          .9750             662.140          .9800             553.391          .9850             455.499
          .9900             368.114          .9950             290.981         1.0000             223.732
         1.0050             165.918         1.0100             117.241         1.0150              77.406
         1.0200              46.126         1.0250              23.119         1.0300               8.109
         1.0350                .828         1.0400               1.011         1.0450               8.402
         1.0500              22.749         1.0550              43.807         1.0600              71.337
         1.0650             105.106         1.0700             144.886         1.0750             190.456
         1.0800             241.602         1.0850             298.115         1.0900             359.791
         1.0950             426.433         1.1000             497.853         1.1050             573.863
         1.1100             654.285         1.1150             738.947         1.1200             827.681
         1.1250             920.328         1.1300            1016.720         1.1350            1116.696
         1.1400            1220.112         1.1450            1326.818         1.1500            1436.674
         1.1550            1549.540         1.1600            1665.281         1.1650            1783.769
         1.1700            1904.875         1.1750            2028.480         1.1800            2154.465
         1.1850            2282.709         1.1900            2413.104         1.1950            2545.544
         1.2000            2679.919         1.2050            2816.127         1.2100            2954.066
         1.2150            3093.642         1.2200            3234.760         1.2250            3377.335
         1.2300            3521.276         1.2350            3666.494         1.2400            3812.915
         1.2450            3960.454         1.2500            4109.033         1.2550            4258.574
         1.2600            4409.004         1.2650            4560.250         1.2700            4712.260
         1.2750            4864.946         1.2800            5018.249         1.2850            5172.115
         1.2900            5326.491         1.2950            5481.315         1.3000            5636.521
         1.3050            5792.041         1.3100            5947.847         1.3150            6103.884
         1.3200            6260.101         1.3250            6416.447         1.3300            6572.876
         1.3350            6729.343         1.3400            6885.806         1.3450            7042.247
         1.3500            7198.572         1.3550            7354.769         1.3600            7510.820
         1.3650            7666.689         1.3700            7822.334         1.3750            7977.697
         1.3800            8132.719         1.3850            8287.453         1.3900            8441.845
         1.3950            8595.844         1.4000            8749.413         1.4050            8902.530
         1.4100            9055.188         1.4150            9207.373         1.4200            9359.015
1
         1.4250            9510.119         1.4300            9660.678         1.4350            9810.667
         1.4400            9960.043         1.4450           10108.750         1.4500           10256.880
         1.4550           10404.340         1.4600           10551.110         1.4650           10697.190
         1.4700           10842.570         1.4750           10987.230         1.4800           11131.160
         1.4850           11274.350         1.4900           11416.750         1.4950           11558.370
         1.5000           11699.240         1.5050           11839.320         1.5100           11978.600
         1.5150           12116.990         1.5200           12254.590         1.5250           12391.410
         1.5300           12527.370         1.5350           12662.440         1.5400           12796.620
         1.5450           12929.980         1.5500           13062.540         1.5550           13194.160
         1.5600           13324.890         1.5650           13454.750         1.5700           13583.720
         1.5750           13711.800         1.5800           13838.980         1.5850           13965.250
         1.5900           14090.630         1.5950           14215.090         1.6000           14338.630
         1.6050           14461.260         1.6100           14582.980         1.6150           14703.780
         1.6200           14823.680         1.6250           14942.650         1.6300           15060.690
         1.6350           15177.810         1.6400           15294.020         1.6450           15409.310
         1.6500           15523.690         1.6550           15637.170         1.6600           15749.730
         1.6650           15861.320         1.6700           15971.990         1.6750           16081.770
         1.6800           16190.670         1.6850           16298.660         1.6900           16405.690
         1.6950           16511.810         1.7000           16617.080         1.7050           16721.460
         1.7100           16824.910         1.7150           16927.450         1.7200           17029.090
         1.7250           17129.870         1.7300           17229.820         1.7350           17328.800
         1.7400           17426.880         1.7450           17524.080         1.7500           17620.430
         1.7550           17715.940         1.7600           17810.590         1.7650           17904.350
         1.7700           17997.230         1.7750           18089.300         1.7800           18180.470
         1.7850           18270.800         1.7900           18360.320         1.7950           18449.050
         1.8000           18536.950         1.8050           18623.990         1.8100           18710.100
         1.8150           18795.440         1.8200           18880.010         1.8250           18963.780
         1.8300           19046.730         1.8350           19128.870         1.8400           19210.200
         1.8450           19290.760         1.8500           19370.580         1.8550           19449.510
         1.8600           19527.780         1.8650           19605.300         1.8700           19682.040
         1.8750           19757.970         1.8800           19833.110         1.8850           19907.480
         1.8900           19981.170         1.8950           20054.260         1.9000           20126.540
         1.9050           20198.020         1.9100           20268.740         1.9150           20338.770
         1.9200           20408.120         1.9250           20476.800         1.9300           20544.800
         1.9350           20612.080         1.9400           20678.590         1.9450           20744.450
         1.9500           20809.670         1.9550           20874.220         1.9600           20938.100
         1.9650           21001.290         1.9700           21063.810         1.9750           21125.680
         1.9800           21186.940         1.9850           21247.590         1.9900           21307.540
         1.9950           21366.880         2.0000           21425.590         2.0050           21483.700
         2.0100           21541.200         2.0150           21598.100         2.0200           21654.390
         2.0250           21710.070         2.0300           21765.140         2.0350           21819.670
         2.0400           21873.640         2.0450           21926.960         2.0500           21979.670
         2.0550           22031.810         2.0600           22083.410         2.0650           22134.480
         2.0700           22185.040         2.0750           22235.050         2.0800           22284.520
         2.0850           22333.390         2.0900           22381.710         2.0950           22429.540
1
         2.1000           22476.870         2.1050           22523.680         2.1100           22569.980
         2.1150           22615.760         2.1200           22661.020         2.1250           22705.780
         2.1300           22750.040         2.1350           22793.810         2.1400           22837.150
         2.1450           22880.040         2.1500           22922.400         2.1550           22964.270
         2.1600           23005.680         2.1650           23046.620         2.1700           23087.130
         2.1750           23127.190         2.1800           23166.810         2.1850           23205.990
         2.1900           23244.720         2.1950           23282.980         2.2000           23320.820
         2.2050           23358.260         2.2100           23395.290         2.2150           23431.890
         2.2200           23468.080         2.2250           23503.850         2.2300           23539.210
         2.2350           23574.160         2.2400           23608.710         2.2450           23642.890
         2.2500           23676.700         2.2550           23710.170         2.2600           23743.160
         2.2650           23775.780         2.2700           23808.040         2.2750           23839.960
         2.2800           23871.500         2.2850           23902.690         2.2900           23933.510
         2.2950           23963.970         2.3000           23994.070         2.3050           24023.830
         2.3100           24053.250         2.3150           24082.340         2.3200           24111.130
         2.3250           24139.540         2.3300           24167.620         2.3350           24195.390
         2.3400           24222.850         2.3450           24249.990         2.3500           24276.820
         2.3550           24303.340         2.3600           24329.540         2.3650           24355.440
         2.3700           24381.030         2.3750           24406.320         2.3800           24431.310
         2.3850           24456.010         2.3900           24480.420         2.3950           24504.540
         2.4000           24528.400         2.4050           24551.980         2.4100           24575.290
         2.4150           24598.330         2.4200           24621.100         2.4250           24643.590
         2.4300           24665.810         2.4350           24687.770         2.4400           24709.460
         2.4450           24730.890         2.4500           24752.070         2.4550           24773.010
         2.4600           24793.700         2.4650           24814.170         2.4700           24834.400
         2.4750           24854.380         2.4800           24874.120         2.4850           24893.630
         2.4900           24912.900         2.4950           24931.950         2.5000           24950.750
         2.5050           24969.330         2.5100           25006.510         2.5150           25024.960
         2.5200           25043.330         2.5250           25061.630         2.5300           25079.870
         2.5350           25098.030         2.5400           25116.130         2.5450           25134.150
         2.5500           25152.110         2.5550           25169.990         2.5600           25187.810
         2.5650           25205.560         2.5700           25223.250         2.5750           25240.860
         2.5800           25258.410         2.5850           25275.890         2.5900           25293.300
         2.5950           25310.650         2.6000           25327.930         2.6050           25345.140
         2.6100           25362.290         2.6150           25379.370         2.6200           25396.380
         2.6250           25413.330         2.6300           25430.220         2.6350           25447.040
         2.6400           25463.790         2.6450           25480.480         2.6500           25497.110
         2.6550           25513.670         2.6600           25530.170         2.6650           25546.600
         2.6700           25562.970         2.6750           25579.280         2.6800           25595.520
         2.6850           25611.700         2.6900           25627.820         2.6950           25643.880
         2.7000           25659.870         2.7050           25675.800         2.7100           25691.670
         2.7150           25707.480         2.7200           25723.230         2.7250           25738.920
         2.7300           25754.540         2.7350           25770.110         2.7400           25785.610
         2.7450           25801.050         2.7500           25816.440         2.7550           25831.760
         2.7600           25847.030         2.7650           25862.230         2.7700           25877.380
1
         2.7750           25892.470         2.7800           25907.500         2.7850           25922.470
         2.7900           25937.380         2.7950           25952.230         2.8000           25967.030
         2.8050           25981.770         2.8100           25996.450         2.8150           26011.070
         2.8200           26025.630         2.8250           26040.140         2.8300           26054.600
         2.8350           26068.990         2.8400           26083.330         2.8450           26097.620
         2.8500           26111.850         2.8550           26126.020         2.8600           26140.130
         2.8650           26154.200         2.8700           26168.200         2.8750           26182.150
         2.8800           26196.050         2.8850           26209.890         2.8900           26223.680
         2.8950           26237.420         2.9000           26251.100         2.9050           26264.720
         2.9100           26278.300         2.9150           26291.820         2.9200           26305.280
         2.9250           26318.700         2.9300           26332.060         2.9350           26345.370
         2.9400           26358.620         2.9450           26371.830         2.9500           26384.980
         2.9550           26398.080         2.9600           26411.130         2.9650           26424.130
         2.9700           26437.070         2.9750           26449.970         2.9800           26462.810
         2.9850           26475.610         2.9900           26488.350         2.9950           26501.040
         3.0000           26513.690         3.0050           26526.280         3.0100           26538.820
         3.0150           26551.320         3.0200           26563.760         3.0250           26576.160
         3.0300           26588.500         3.0350           26600.800         3.0400           26613.050
         3.0450           26625.250         3.0500           26637.400         3.0550           26649.510
         3.0600           26661.560         3.0650           26673.570         3.0700           26685.530
         3.0750           26697.450         3.0800           26709.310         3.0850           26721.130
         3.0900           26732.910         3.0950           26744.630         3.1000           26756.310
         3.1050           26767.950         3.1100           26779.530         3.1150           26791.070
         3.1200           26802.570         3.1250           26814.020         3.1300           26825.420
         3.1350           26836.780         3.1400           26848.100         3.1450           26859.370
         3.1500           26870.590         3.1550           26881.770         3.1600           26892.900
         3.1650           26903.990         3.1700           26915.040         3.1750           26926.040
         3.1800           26937.000         3.1850           26947.920         3.1900           26958.790
         3.1950           26969.620         3.2000           26980.400         3.2050           26991.150
         3.2100           27001.850         3.2150           27012.500         3.2200           27023.120
         3.2250           27033.690         3.2300           27044.220         3.2350           27054.710
         3.2400           27065.150         3.2450           27075.560         3.2500           27085.920
         3.2550           27096.240         3.2600           27106.520         3.2650           27116.760
         3.2700           27126.960         3.2750           27137.120         3.2800           27147.230
         3.2850           27157.310         3.2900           27167.350         3.2950           27177.340
         3.3000           27187.300         3.3050           27197.210         3.3100           27207.090
         3.3150           27216.930         3.3200           27226.730         3.3250           27236.480
         3.3300           27246.210         3.3350           27255.880         3.3400           27265.530
         3.3450           27275.130         3.3500           27284.690         3.3550           27294.220
         3.3600           27303.710         3.3650           27313.160         3.3700           27322.570
         3.3750           27331.950         3.3800           27341.280         3.3850           27350.580
         3.3900           27359.840         3.3950           27369.070         3.4000           27378.250
         3.4050           27387.400         3.4100           27396.520         3.4150           27405.600
         3.4200           27414.640         3.4250           27423.640         3.4300           27432.610
         3.4350           27441.540         3.4400           27450.440         3.4450           27459.300
1
         3.4500           27468.130         3.4550           27476.910         3.4600           27485.670
         3.4650           27494.390         3.4700           27503.070         3.4750           27511.720
         3.4800           27520.330         3.4850           27528.910         3.4900           27537.460
         3.4950           27545.970         3.5000           27554.440
1V'  B(V)  (CAL)   B(V)  (OBS)    DEVIATION        E(V)ALC)   E(V) (OBS)   DEVIATION        RMIN     RMAX   
   -1  16.6745        16.6745       .0000               .0000         .0000       .0000      1.0323      1.0323
    0  16.1469        16.3018      -.1549           1590.3590     1590.9500      -.5905       .9393      1.1518
    1  15.4057        15.5564      -.1507           4623.8840     4624.9500     -1.0659       .8840      1.2621
    2  14.6464        14.8110      -.1646           7463.4100     7461.7500      1.6602       .8512      1.3534
    3  13.8544        14.0656      -.2112          10112.1300    10101.3500     10.7764       .8272      1.4398
    4  13.0199        13.3202      -.3003          12572.8000    12543.7500     29.0459       .8082      1.5256
    5  12.1451        12.5748      -.4297          14846.0500    14788.9500     57.1006       .7923      1.6135
    6  11.2413        11.8294      -.5881          16929.6700    16836.9500     92.7246       .7785      1.7056
    7  10.3214        11.0840      -.7626          18819.4200    18687.7500    131.6680       .7662      1.8037
    8   9.3938        10.3386      -.9448          20510.2700    20341.3500    168.9199       .7546      1.9102
    9   8.4603         9.5932     -1.1329          21997.5100    21797.7500    199.7617       .7434      2.0280
   10   7.5159         8.8478     -1.3319          23277.1800    23056.9500    220.2324       .7320      2.1613
   11   6.5548         8.1024     -1.5476          24346.4700    24118.9500    227.5195       .7196      2.3164
   12   5.6348         7.3570     -1.7222          25210.9300    24983.7500    227.1797       .7053      2.5039
  NOISE FACTOR HAS MAXIMUM VALUE OF    .26E-08



  RMIN =  .750  MAXV   = 12  BE =   16.6993
  RMAX = 3.500  KDMAXV = 12  RE =    1.0316
  DELR =  .005  NEIG   =  0  DE =29609.4200
  ZMU  =  .949


 THE KLEIN DUNHAM POTENTIAL PRODUCED FOR THIS STATE COVERS THE REGION FROM    .730 TO   2.205 ANGSTROMS
 THE TO TAL POTENTIAL FUNCTION I

         RADIUS           ENERGY            RADIUS           ENERGY            RADIUS           ENERGY
          .7500           24660.340          .7550           23584.870          .7600           22521.870
          .7650           21477.900          .7700           20457.400          .7750           19464.380
          .7800           18500.710          .7850           17567.400          .7900           16665.380
          .7950           15795.030          .8000           14956.070          .8050           14148.380
          .8100           13371.370          .8150           12624.810          .8200           11907.560
          .8250           11219.260          .8300           10559.330          .8350            9926.700
          .8400            9320.876          .8450            8740.969          .8500            8186.399
          .8550            7656.222          .8600            7149.872          .8650            6666.664
          .8700            6205.776          .8750            5766.648          .8800            5348.590
          .8850            4950.953          .8900            4573.127          .8950            4214.524
          .9000            3874.541          .9050            3552.605          .9100            3248.172
          .9150            2960.700          .9200            2689.667          .9250            2434.582
          .9300            2194.945          .9350            1970.275          .9400            1760.114
          .9450            1564.022          .9500            1381.553          .9550            1212.294
          .9600            1055.833          .9650             911.775          .9700             779.733
          .9750             659.332          .9800             550.209          .9850             452.015
          .9900             364.410          .9950             287.169         1.0000             219.878
         1.0050             162.129         1.0100             113.636         1.0150              74.119
         1.0200              43.302         1.0250              20.917         1.0300               6.698
         1.0350                .389         1.0400               1.738         1.0450              10.498
         1.0500              26.429         1.0550              49.295         1.0600              78.868
         1.0650             114.925         1.0700             157.247         1.0750             205.624
         1.0800             259.848         1.0850             319.720         1.0900             385.045
         1.0950             455.633         1.1000             531.303         1.1050             611.877
         1.1100             697.182         1.1150             787.054         1.1200             881.334
         1.1250             979.863         1.1300            1082.473         1.1350            1189.015
         1.1400            1299.344         1.1450            1413.321         1.1500            1530.806
         1.1550            1651.666         1.1600            1775.769         1.1650            1902.985
         1.1700            2033.189         1.1750            2166.257         1.1800            2302.071
         1.1850            2440.527         1.1900            2581.510         1.1950            2724.910
         1.2000            2870.619         1.2050            3018.536         1.2100            3168.561
         1.2150            3320.598         1.2200            3474.555         1.2250            3630.330
         1.2300            3787.844         1.2350            3947.013         1.2400            4107.747
         1.2450            4269.963         1.2500            4433.585         1.2550            4598.530
         1.2600            4764.732         1.2650            4932.107         1.2700            5100.583
         1.2750            5270.096         1.2800            5440.584         1.2850            5611.981
         1.2900            5784.216         1.2950            5957.220         1.3000            6130.963
         1.3050            6305.347         1.3100            6480.336         1.3150            6655.887
         1.3200            6831.939         1.3250            7008.423         1.3300            7185.293
         1.3350            7362.529         1.3400            7540.030         1.3450            7717.791
         1.3500            7895.781         1.3550            8073.950         1.3600            8252.224
         1.3650            8430.536         1.3700            8608.932         1.3750            8787.333
         1.3800            8965.686         1.3850            9143.950         1.3900            9322.134
         1.3950            9500.210         1.4000            9678.069         1.4050            9855.733
         1.4100           10033.180         1.4150           10210.380         1.4200           10387.270
1
         1.4250           10563.790         1.4300           10740.000         1.4350           10915.850
         1.4400           11091.290         1.4450           11266.300         1.4500           11440.860
         1.4550           11615.010         1.4600           11788.610         1.4650           11961.670
         1.4700           12134.230         1.4750           12306.260         1.4800           12477.750
         1.4850           12648.630         1.4900           12818.840         1.4950           12988.490
         1.5000           13157.490         1.5050           13325.790         1.5100           13493.410
         1.5150           13660.410         1.5200           13826.720         1.5250           13992.270
         1.5300           14157.120         1.5350           14321.240         1.5400           14484.610
         1.5450           14647.160         1.5500           14808.970         1.5550           14970.030
         1.5600           15130.280         1.5650           15289.740         1.5700           15448.390
         1.5750           15606.230         1.5800           15763.210         1.5850           15919.370
         1.5900           16074.720         1.5950           16229.220         1.6000           16382.860
         1.6050           16535.610         1.6100           16687.490         1.6150           16838.550
         1.6200           16988.690         1.6250           17137.920         1.6300           17286.290
         1.6350           17433.790         1.6400           17580.420         1.6450           17726.080
         1.6500           17870.930         1.6550           18014.870         1.6600           18157.840
         1.6650           18299.890         1.6700           18441.090         1.6750           18581.470
         1.6800           18720.780         1.6850           18859.140         1.6900           18996.660
         1.6950           19133.320         1.7000           19269.030         1.7050           19403.760
         1.7100           19537.630         1.7150           19670.540         1.7200           19802.540
         1.7250           19933.660         1.7300           20063.870         1.7350           20193.120
         1.7400           20321.400         1.7450           20448.850         1.7500           20575.390
         1.7550           20700.990         1.7600           20825.650         1.7650           20949.420
         1.7700           21072.340         1.7750           21194.290         1.7800           21315.360
         1.7850           21435.530         1.7900           21554.790         1.7950           21673.140
         1.8000           21790.570         1.8050           21907.240         1.8100           22022.940
         1.8150           22137.640         1.8200           22251.480         1.8250           22364.510
         1.8300           22476.720         1.8350           22587.980         1.8400           22698.260
         1.8450           22807.800         1.8500           22916.500         1.8550           23024.300
         1.8600           23131.200         1.8650           23237.250         1.8700           23342.550
         1.8750           23447.010         1.8800           23550.450         1.8850           23653.060
         1.8900           23754.910         1.8950           23856.020         1.9000           23956.310
         1.9050           24055.660         1.9100           24154.170         1.9150           24251.960
         1.9200           24348.810         1.9250           24444.850         1.9300           24540.130
         1.9350           24634.680         1.9400           24728.450         1.9450           24821.370
         1.9500           24913.470         1.9550           25004.800         1.9600           25095.370
         1.9650           25185.160         1.9700           25274.190         1.9750           25362.440
         1.9800           25449.910         1.9850           25536.760         1.9900           25622.810
         1.9950           25707.980         2.0000           25792.420         2.0050           25876.200
         2.0100           25959.330         2.0150           26041.750         2.0200           26123.330
         2.0250           26204.090         2.0300           26284.260         2.0350           26363.760
         2.0400           26442.540         2.0450           26520.590         2.0500           26597.910
         2.0550           26674.550         2.0600           26750.560         2.0650           26825.840
         2.0700           26900.420         2.0750           26974.390         2.0800           27047.710
         2.0850           27120.370         2.0900           27192.360         2.0950           27263.680
1
         2.1000           27334.340         2.1050           27404.380         2.1100           27473.810
         2.1150           27542.560         2.1200           27610.680         2.1250           27678.150
         2.1300           27745.020         2.1350           27811.280         2.1400           27876.950
         2.1450           27942.040         2.1500           28006.440         2.1550           28070.300
         2.1600           28133.620         2.1650           28196.330         2.1700           28258.440
         2.1750           28319.910         2.1800           28380.800         2.1850           28441.130
         2.1900           28500.970         2.1950           28560.290         2.2000           28619.060
         2.2050           28677.240         2.2100           28734.820         2.2150           28835.780
         2.2200           28882.430         2.2250           28926.280         2.2300           28967.500
         2.2350           29006.250         2.2400           29042.670         2.2450           29076.900
         2.2500           29109.080         2.2550           29139.310         2.2600           29167.730
         2.2650           29194.440         2.2700           29219.530         2.2750           29243.110
         2.2800           29265.270         2.2850           29286.100         2.2900           29305.660
         2.2950           29324.050         2.3000           29341.330         2.3050           29357.560
         2.3100           29372.810         2.3150           29387.140         2.3200           29400.600
         2.3250           29413.250         2.3300           29425.130         2.3350           29436.300
         2.3400           29446.790         2.3450           29456.640         2.3500           29465.900
         2.3550           29474.600         2.3600           29482.770         2.3650           29490.450
         2.3700           29497.660         2.3750           29504.440         2.3800           29510.800
         2.3850           29516.780         2.3900           29522.400         2.3950           29527.670
         2.4000           29532.630         2.4050           29537.290         2.4100           29541.660
         2.4150           29545.770         2.4200           29549.630         2.4250           29553.260
         2.4300           29556.660         2.4350           29559.860         2.4400           29562.870
         2.4450           29565.690         2.4500           29568.340         2.4550           29570.830
         2.4600           29573.180         2.4650           29575.370         2.4700           29577.440
         2.4750           29579.380         2.4800           29581.200         2.4850           29582.910
         2.4900           29584.520         2.4950           29586.030         2.5000           29587.450
         2.5050           29588.780         2.5100           29590.040         2.5150           29591.210
         2.5200           29592.320         2.5250           29593.350         2.5300           29594.330
         2.5350           29595.240         2.5400           29596.100         2.5450           29596.910
         2.5500           29597.670         2.5550           29598.380         2.5600           29599.050
         2.5650           29599.680         2.5700           29600.270         2.5750           29600.830
         2.5800           29601.350         2.5850           29601.840         2.5900           29602.300
         2.5950           29602.730         2.6000           29603.140         2.6050           29603.520
         2.6100           29603.880         2.6150           29604.210         2.6200           29604.530
         2.6250           29604.820         2.6300           29605.100         2.6350           29605.370
         2.6400           29605.610         2.6450           29605.840         2.6500           29606.060
         2.6550           29606.260         2.6600           29606.460         2.6650           29606.630
         2.6700           29606.800         2.6750           29606.960         2.6800           29607.110
         2.6850           29607.250         2.6900           29607.380         2.6950           29607.510
         2.7000           29607.620         2.7050           29607.730         2.7100           29607.830
         2.7150           29607.930         2.7200           29608.020         2.7250           29608.110
         2.7300           29608.190         2.7350           29608.260         2.7400           29608.330
         2.7450           29608.400         2.7500           29608.460         2.7550           29608.520
         2.7600           29608.570         2.7650           29608.620         2.7700           29608.670
1
         2.7750           29608.720         2.7800           29608.760         2.7850           29608.800
         2.7900           29608.840         2.7950           29608.870         2.8000           29608.910
         2.8050           29608.940         2.8100           29608.970         2.8150           29608.990
         2.8200           29609.020         2.8250           29609.040         2.8300           29609.070
         2.8350           29609.090         2.8400           29609.110         2.8450           29609.130
         2.8500           29609.140         2.8550           29609.160         2.8600           29609.180
         2.8650           29609.190         2.8700           29609.210         2.8750           29609.220
         2.8800           29609.230         2.8850           29609.240         2.8900           29609.250
         2.8950           29609.260         2.9000           29609.270         2.9050           29609.280
         2.9100           29609.290         2.9150           29609.300         2.9200           29609.300
         2.9250           29609.310         2.9300           29609.320         2.9350           29609.320
         2.9400           29609.330         2.9450           29609.340         2.9500           29609.340
         2.9550           29609.350         2.9600           29609.350         2.9650           29609.360
         2.9700           29609.360         2.9750           29609.360         2.9800           29609.370
         2.9850           29609.370         2.9900           29609.370         2.9950           29609.380
         3.0000           29609.380         3.0050           29609.380         3.0100           29609.380
         3.0150           29609.380         3.0200           29609.390         3.0250           29609.390
         3.0300           29609.390         3.0350           29609.390         3.0400           29609.390
         3.0450           29609.400         3.0500           29609.400         3.0550           29609.400
         3.0600           29609.400         3.0650           29609.400         3.0700           29609.400
         3.0750           29609.400         3.0800           29609.400         3.0850           29609.410
         3.0900           29609.410         3.0950           29609.410         3.1000           29609.410
         3.1050           29609.410         3.1100           29609.410         3.1150           29609.410
         3.1200           29609.410         3.1250           29609.410         3.1300           29609.410
         3.1350           29609.410         3.1400           29609.410         3.1450           29609.410
         3.1500           29609.410         3.1550           29609.410         3.1600           29609.410
         3.1650           29609.410         3.1700           29609.410         3.1750           29609.420
         3.1800           29609.420         3.1850           29609.420         3.1900           29609.420
         3.1950           29609.420         3.2000           29609.420         3.2050           29609.420
         3.2100           29609.420         3.2150           29609.420         3.2200           29609.420
         3.2250           29609.420         3.2300           29609.420         3.2350           29609.420
         3.2400           29609.420         3.2450           29609.420         3.2500           29609.420
         3.2550           29609.420         3.2600           29609.420         3.2650           29609.420
         3.2700           29609.420         3.2750           29609.420         3.2800           29609.420
         3.2850           29609.420         3.2900           29609.420         3.2950           29609.420
         3.3000           29609.420         3.3050           29609.420         3.3100           29609.420
         3.3150           29609.420         3.3200           29609.420         3.3250           29609.420
         3.3300           29609.420         3.3350           29609.420         3.3400           29609.420
         3.3450           29609.420         3.3500           29609.420         3.3550           29609.420
         3.3600           29609.420         3.3650           29609.420         3.3700           29609.420
         3.3750           29609.420         3.3800           29609.420         3.3850           29609.420
         3.3900           29609.420         3.3950           29609.420         3.4000           29609.420
         3.4050           29609.420         3.4100           29609.420         3.4150           29609.420
         3.4200           29609.420         3.4250           29609.420         3.4300           29609.420
         3.4350           29609.420         3.4400           29609.420         3.4450           29609.420
1
         3.4500           29609.420         3.4550           29609.420         3.4600           29609.420
         3.4650           29609.420         3.4700           29609.420         3.4750           29609.420
         3.4800           29609.420         3.4850           29609.420         3.4900           29609.420
         3.4950           29609.420         3.5000           29609.420
1V'  B(V)  (CAL)   B(V)  (OBS)    DEVIATION        E(V)ALC)   E(V) (OBS)   DEVIATION        RMIN     RMAX   
   -1  16.6993        16.6993       .0000               .0000         .0000       .0000      1.0316      1.0316
    0  16.2155        16.3748      -.1593           1623.2080     1621.5100      1.6978       .9385      1.1488
    1  15.5672        15.7258      -.1586           4749.2910     4747.0100      2.2808       .8827      1.2545
    2  14.9023        15.0768      -.1745           7722.0240     7715.8100      6.2144       .8494      1.3399
    3  14.2083        14.4278      -.2195          10544.6400    10527.9100     16.7256       .8252      1.4190
    4  13.4781        13.7788      -.3007          13220.1300    13183.3100     36.8203       .8062      1.4958
    5  12.7159        13.1298      -.4139          15749.6600    15682.0100     67.6484       .7907      1.5724
    6  11.9352        12.4808      -.5456          18131.6400    18024.0100    107.6289       .7775      1.6503
    7  11.1513        11.8318      -.6805          20362.3800    20209.3100    153.0703       .7662      1.7306
    8  10.3758        11.1828      -.8070          22437.3100    22237.9100    199.3984       .7563      1.8144
    9   9.6149        10.5338      -.9189          24352.1500    24109.8100    242.3359       .7476      1.9027
   10   8.8695         9.8848     -1.0153          26103.3400    25825.0100    278.3340       .7396      1.9969
   11   8.1196         9.2358     -1.1162          27686.4500    27383.5100    302.9434       .7322      2.0985
   12   7.0442         8.5868     -1.5426          29063.6200    28785.3100    278.3086       .7253      2.2094
  NOISE FACTOR HAS MAXIMUM VALUE OF    .51E-08
1
 
                                V"   V""  FRANCK CONDON FACTOR     R-CENTROID

                                 0   0    .9996811E+00             .1055994E+01
                                 0   1    .2802109E-03             .5573314E+01
                                 0   2    .3870145E-04             .1942782E-01
                                 0   3    .7686655E-07            -.7216045E+01
                                 0   4    .3869130E-08            -.9241996E+01
                                 0   5    .2035028E-07            -.6173541E+00
                                 0   6    .3255892E-07             .3471732E+00
                                 0   7    .3113054E-07             .5422560E+00
                                 0   8    .2433420E-07             .5882453E+00
                                 0   9    .1752160E-07             .5917780E+00
                                 0  10    .1230556E-07             .5821227E+00
                                 0  11    .8606180E-08             .5685787E+00
                                 0  12    .5609066E-08             .5553695E+00
 
                                V"   V""  FRANCK CONDON FACTOR     R-CENTROID

                                 1   0    .2884814E-03            -.3297249E+01
                                 1   1    .9977152E+00             .1095717E+01
                                 1   2    .1826477E-02             .3659805E+01
                                 1   3    .1672560E-03             .4067824E+00
                                 1   4    .1395338E-05            -.2827776E+01
                                 1   5    .1901466E-06            -.2467216E+01
                                 1   6    .1649753E-06            -.5889859E+00
                                 1   7    .1770632E-06             .1602426E+00
                                 1   8    .1587746E-06             .3998217E+00
                                 1   9    .1263054E-06             .4817479E+00
                                 1  10    .9484219E-07             .5090078E+00
                                 1  11    .6923973E-07             .5147026E+00
                                 1  12    .4638493E-07             .5121384E+00
1
 
                                V"   V""  FRANCK CONDON FACTOR     R-CENTROID

                                 2   0    .2964342E-04             .3213387E+01
                                 2   1    .1908244E-02            -.1293797E+01
                                 2   2    .9914194E+00             .1138282E+01
                                 2   3    .6170033E-02             .2892670E+01
                                 2   4    .4633276E-03             .7219062E+00
                                 2   5    .6181733E-05            -.1842199E+01
                                 2   6    .1214550E-05            -.1429404E+01
                                 2   7    .6470586E-06            -.6070933E+00
                                 2   8    .5278515E-06            -.3216317E-01
                                 2   9    .4389978E-06             .2318633E+00
                                 2  10    .3487234E-06             .3491267E+00
                                 2  11    .2669338E-06             .4027137E+00
                                 2  12    .1847612E-06             .4265097E+00
 
                                V"   V""  FRANCK CONDON FACTOR     R-CENTROID

                                 3   0    .8641287E-06             .2877239E+01
                                 3   1    .8430624E-04             .3629712E+01
                                 3   2    .6554887E-02            -.4260970E+00
                                 3   3    .9767417E+00             .1184317E+01
                                 3   4    .1553751E-01             .2496063E+01
                                 3   5    .1050741E-02             .9971009E+00
                                 3   6    .1458299E-04            -.1583379E+01
                                 3   7    .3886696E-05            -.1037066E+01
                                 3   8    .1698147E-05            -.6360921E+00
                                 3   9    .1146434E-05            -.2131798E+00
                                 3  10    .8771338E-06             .4810209E-01
                                 3  11    .6792482E-06             .1914272E+00
                                 3  12    .4805155E-06             .2681461E+00
1
 
                                V"   V""  FRANCK CONDON FACTOR     R-CENTROID

                                 4   0    .4701069E-08             .6201859E+01
                                 4   1    .1027354E-04             .2420981E+01
                                 4   2    .1060273E-03             .4758923E+01
                                 4   3    .1674382E-01             .7577536E-01
                                 4   4    .9478770E+00             .1234383E+01
                                 4   5    .3305827E-01             .2267141E+01
                                 4   6    .2158499E-02             .1248261E+01
                                 4   7    .2199249E-04            -.1770112E+01
                                 4   8    .8486143E-05            -.8353906E+00
                                 4   9    .3412772E-05            -.6604455E+00
                                 4  10    .2019179E-05            -.3732764E+00
                                 4  11    .1417213E-05            -.1412946E+00
                                 4  12    .9749400E-06             .1014047E-01
 
                                V"   V""  FRANCK CONDON FACTOR     R-CENTROID

                                 5   0    .6805040E-08             .2593547E+01
                                 5   1    .5917758E-06             .2283130E+01
                                 5   2    .4426425E-04             .2430674E+01
                                 5   3    .3378040E-04             .1045907E+02
                                 5   4    .3580261E-01             .4135744E+00
                                 5   5    .8970521E+00             .1288755E+01
                                 5   6    .6273336E-01             .2131247E+01
                                 5   7    .4272276E-02             .1477960E+01
                                 5   8    .2011966E-04            -.2755864E+01
                                 5   9    .1442067E-04            -.7044364E+00
                                 5  10    .5662755E-05            -.6715112E+00
                                 5  11    .3071890E-05            -.4982895E+00
                                 5  12    .1850097E-05            -.3209815E+00
1
 
                                V"   V""  FRANCK CONDON FACTOR     R-CENTROID

                                 6   0    .2048746E-07             .1440960E+01
                                 6   1    .1236553E-06             .1958659E+01
                                 6   2    .5795125E-05             .2008099E+01
                                 6   3    .1048949E-03             .2706150E+01
                                 6   4    .6445357E-04            -.7842286E+01
                                 6   5    .6730019E-01             .6637658E+00
                                 6   6    .8150963E+00             .1347412E+01
                                 6   7    .1089220E+00             .2054174E+01
                                 6   8    .8442496E-02             .1680526E+01
                                 6   9    .5640826E-05            -.8455636E+01
                                 6  10    .2070168E-04            -.5797846E+00
                                 6  11    .8084135E-05            -.6685092E+00
                                 6  12    .3889218E-05            -.5895435E+00
 
                                V"   V""  FRANCK CONDON FACTOR     R-CENTROID

                                 7   0    .2539092E-07             .1191723E+01
                                 7   1    .1140954E-06             .1513395E+01
                                 7   2    .1073544E-05             .1788415E+01
                                 7   3    .2599007E-04             .2071578E+01
                                 7   4    .1386735E-03             .3447772E+01
                                 7   5    .1248978E-02            -.1355143E+01
                                 7   6    .1132855E+00             .8621436E+00
                                 7   7    .6936032E+00             .1410138E+01
                                 7   8    .1747345E+00             .2018074E+01
                                 7   9    .1688083E-01             .1850610E+01
                                 7  10    .9027806E-05             .1163453E+02
                                 7  11    .2677977E-04            -.3940068E+00
                                 7  12    .9698001E-05            -.6318117E+00
1
 
                                V"   V""  FRANCK CONDON FACTOR     R-CENTROID

                                 8   0    .2237938E-07             .1092579E+01
                                 8   1    .1188792E-06             .1303441E+01
                                 8   2    .4674694E-06             .1587964E+01
                                 8   3    .5946368E-05             .1816235E+01
                                 8   4    .6955998E-04             .2329080E+01
                                 8   5    .5782157E-04             .6644512E+01
                                 8   6    .6361515E-02            -.8424374E-01
                                 8   7    .1708887E+00             .1028494E+01
                                 8   8    .5297562E+00             .1476447E+01
                                 8   9    .2585571E+00             .2012967E+01
                                 8  10    .3400839E-01             .1989113E+01
                                 8  11    .1970069E-03             .4517391E+01
                                 8  12    .2935064E-04            -.1368251E+00
 
                                V"   V""  FRANCK CONDON FACTOR     R-CENTROID

                                 9   0    .1711263E-07             .1042759E+01
                                 9   1    .1064060E-06             .1203367E+01
                                 9   2    .3383364E-06             .1437110E+01
                                 9   3    .1942728E-05             .1671283E+01
                                 9   4    .2243054E-04             .1975221E+01
                                 9   5    .1091047E-03             .2928109E+01
                                 9   6    .5572184E-04            -.6658723E+01
                                 9   7    .2041123E-01             .4821797E+00
                                 9   8    .2274218E+00             .1175078E+01
                                 9   9    .3347760E+00             .1544746E+01
                                 9  10    .3480363E+00             .2033550E+01
                                 9  11    .6794523E-01             .2104082E+01
                                 9  12    .1088614E-02             .3405906E+01
1
 
                                V"   V""  FRANCK CONDON FACTOR     R-CENTROID

                                10   0    .1231486E-07             .1015250E+01
                                10   1    .8527211E-07             .1148612E+01
                                10   2    .2729257E-06             .1342846E+01
                                10   3    .9548196E-06             .1571602E+01
                                10   4    .7722527E-05             .1804134E+01
                                10   5    .5620678E-04             .2305019E+01
                                10   6    .6013559E-04             .5189803E+01
                                10   7    .1565764E-02            -.6667839E+00
                                10   8    .4891671E-01             .8239703E+00
                                10   9    .2567375E+00             .1310018E+01
                                10  10    .1442818E+00             .1607953E+01
                                10  11    .4153470E+00             .2079212E+01
                                10  12    .1304051E+00             .2219963E+01
 
                                V"   V""  FRANCK CONDON FACTOR     R-CENTROID

                                11   0    .8584954E-08             .9999536E+00
                                11   1    .6381013E-07             .1116525E+01
                                11   2    .2145853E-06             .1285066E+01
                                11   3    .5994029E-06             .1499691E+01
                                11   4    .3230662E-05             .1709211E+01
                                11   5    .2453825E-04             .2046760E+01
                                11   6    .7632716E-04             .3108872E+01
                                11   7    .3473921E-04            -.6713082E+01
                                11   8    .8722203E-02             .3566741E+00
                                11   9    .9074543E-01             .1070824E+01
                                11  10    .2254544E+00             .1437420E+01
                                11  11    .2119035E-01             .1629451E+01
                                11  12    .4677667E+00             .2172725E+01
1
 
                                V"   V""  FRANCK CONDON FACTOR     R-CENTROID

                                12   0    .5959008E-08             .9914674E+00
                                12   1    .4639847E-07             .1096898E+01
                                12   2    .1635703E-06             .1248584E+01
                                12   3    .4189741E-06             .1448780E+01
                                12   4    .1652116E-05             .1651219E+01
                                12   5    .1127885E-04             .1912378E+01
                                12   6    .5006541E-04             .2560676E+01
                                12   7    .1439373E-04             .8946939E+01
                                12   8    .1471441E-02            -.3615727E+00
                                12   9    .2795079E-01             .8236598E+00
                                12  10    .1276795E+00             .1272980E+01
                                12  11    .1240943E+00             .1540499E+01
                                12  12    .1822010E-04             .1001123E+02
1R-CENTROID TABLE 

   1.056 5.573  .019-7.216-9.242 -.617  .347  .542  .588  .592  .582  .569  .555
  -3.297 1.096 3.660  .407-2.828-2.467 -.589  .160  .400  .482  .509  .515  .512
   3.213-1.294 1.138 2.893  .722-1.842-1.429 -.607 -.032  .232  .349  .403  .427
   2.877 3.630 -.426 1.184 2.496  .997-1.583-1.037 -.636 -.213  .048  .191  .268
   6.202 2.421 4.759  .076 1.234 2.267 1.248-1.770 -.835 -.660 -.373 -.141  .010
   2.594 2.283 2.43110.459  .414 1.289 2.131 1.478-2.756 -.704 -.672 -.498 -.321
   1.441 1.959 2.008 2.706-7.842  .664 1.347 2.054 1.681-8.456 -.580 -.669 -.590
   1.192 1.513 1.788 2.072 3.448-1.355  .862 1.410 2.018 1.85111.635 -.394 -.632
   1.093 1.303 1.588 1.816 2.329 6.645 -.084 1.028 1.476 2.013 1.989 4.517 -.137
   1.043 1.203 1.437 1.671 1.975 2.928-6.659  .482 1.175 1.545 2.034 2.104 3.406
   1.015 1.149 1.343 1.572 1.804 2.305 5.190 -.667  .824 1.310 1.608 2.079 2.220
   1.000 1.117 1.285 1.500 1.709 2.047 3.109-6.713  .357 1.071 1.437 1.629 2.173
    .991 1.097 1.249 1.449 1.651 1.912 2.561 8.947 -.362  .824 1.273 1.54010.011
1 FRANCK CONDON FACTOR TABLE  

    1.00E+00 2.80E-04 3.87E-05 7.69E-08 3.87E-09 2.04E-08 3.26E-08 3.11E-08 2.43E-08 1.75E-08 1.23E-08 8.61E-09 5.61E-09
    2.88E-04 9.98E-01 1.83E-03 1.67E-04 1.40E-06 1.90E-07 1.65E-07 1.77E-07 1.59E-07 1.26E-07 9.48E-08 6.92E-08 4.64E-08
    2.96E-05 1.91E-03 9.91E-01 6.17E-03 4.63E-04 6.18E-06 1.21E-06 6.47E-07 5.28E-07 4.39E-07 3.49E-07 2.67E-07 1.85E-07
    8.64E-07 8.43E-05 6.55E-03 9.77E-01 1.55E-02 1.05E-03 1.46E-05 3.89E-06 1.70E-06 1.15E-06 8.77E-07 6.79E-07 4.81E-07
    4.70E-09 1.03E-05 1.06E-04 1.67E-02 9.48E-01 3.31E-02 2.16E-03 2.20E-05 8.49E-06 3.41E-06 2.02E-06 1.42E-06 9.75E-07
    6.81E-09 5.92E-07 4.43E-05 3.38E-05 3.58E-02 8.97E-01 6.27E-02 4.27E-03 2.01E-05 1.44E-05 5.66E-06 3.07E-06 1.85E-06
    2.05E-08 1.24E-07 5.80E-06 1.05E-04 6.45E-05 6.73E-02 8.15E-01 1.09E-01 8.44E-03 5.64E-06 2.07E-05 8.08E-06 3.89E-06
    2.54E-08 1.14E-07 1.07E-06 2.60E-05 1.39E-04 1.25E-03 1.13E-01 6.94E-01 1.75E-01 1.69E-02 9.03E-06 2.68E-05 9.70E-06
    2.24E-08 1.19E-07 4.67E-07 5.95E-06 6.96E-05 5.78E-05 6.36E-03 1.71E-01 5.30E-01 2.59E-01 3.40E-02 1.97E-04 2.94E-05
    1.71E-08 1.06E-07 3.38E-07 1.94E-06 2.24E-05 1.09E-04 5.57E-05 2.04E-02 2.27E-01 3.35E-01 3.48E-01 6.79E-02 1.09E-03
    1.23E-08 8.53E-08 2.73E-07 9.55E-07 7.72E-06 5.62E-05 6.01E-05 1.57E-03 4.89E-02 2.57E-01 1.44E-01 4.15E-01 1.30E-01
    8.58E-09 6.38E-08 2.15E-07 5.99E-07 3.23E-06 2.45E-05 7.63E-05 3.47E-05 8.72E-03 9.07E-02 2.25E-01 2.12E-02 4.68E-01
    5.96E-09 4.64E-08 1.64E-07 4.19E-07 1.65E-06 1.13E-05 5.01E-05 1.44E-05 1.47E-03 2.80E-02 1.28E-01 1.24E-01 1.82E-05
1
 V'=   0 SUM OF FCF'S FOR V''=0, 12 IS  1.0000000E+00
 V'=   1 SUM OF FCF'S FOR V''=0, 12 IS  9.9999980E-01
 V'=   2 SUM OF FCF'S FOR V''=0, 12 IS  1.0000000E+00
 V'=   3 SUM OF FCF'S FOR V''=0, 12 IS  9.9999340E-01
 V'=   4 SUM OF FCF'S FOR V''=0, 12 IS  9.9999230E-01
 V'=   5 SUM OF FCF'S FOR V''=0, 12 IS  9.9998420E-01
 V'=   6 SUM OF FCF'S FOR V''=0, 12 IS  9.9997460E-01
 V'=   7 SUM OF FCF'S FOR V''=0, 12 IS  9.9996440E-01
 V'=   8 SUM OF FCF'S FOR V''=0, 12 IS  9.9993210E-01
 V'=   9 SUM OF FCF'S FOR V''=0, 12 IS  9.9986890E-01
 V'=  10 SUM OF FCF'S FOR V''=0, 12 IS  9.9737920E-01
 V'=  11 SUM OF FCF'S FOR V''=0, 12 IS  8.1401870E-01
 V'=  12 SUM OF FCF'S FOR V''=0, 12 IS  2.8129230E-01
 V""=  0 SUM OF FCF"S FOR V"=0, 12 IS  1.0000000E+00
 V""=  1 SUM OF FCF"S FOR V"=0, 12 IS  9.9999940E-01
 V""=  2 SUM OF FCF"S FOR V"=0, 12 IS  9.9999820E-01
 V""=  3 SUM OF FCF"S FOR V"=0, 12 IS  9.9999750E-01
 V""=  4 SUM OF FCF"S FOR V"=0, 12 IS  9.9998960E-01
 V""=  5 SUM OF FCF"S FOR V"=0, 12 IS  9.9997560E-01
 V""=  6 SUM OF FCF"S FOR V"=0, 12 IS  9.9989340E-01
 V""=  7 SUM OF FCF"S FOR V"=0, 12 IS  9.9973910E-01
 V""=  8 SUM OF FCF"S FOR V"=0, 12 IS  9.9949640E-01
 V""=  9 SUM OF FCF"S FOR V"=0, 12 IS  9.8567270E-01
 V""= 10 SUM OF FCF"S FOR V"=0, 12 IS  8.7949910E-01
 V""= 11 SUM OF FCF"S FOR V"=0, 12 IS  6.2881430E-01
 V""= 12 SUM OF FCF"S FOR V"=0, 12 IS  5.9932510E-01
