


  RMIN =  .750  MAXV   = 12  BE =   17.3580
  RMAX = 3.500  KDMAXV = 12  RE =    1.0123
  DELR =  .005  NEIG   =  0  DE =35000.0000
  ZMU  =  .948


 THE KLEIN DUNHAM POTENTIAL PRODUCED FOR THIS STATE COVERS THE REGION FROM    .880 TO   2.120 ANGSTROMS
 THE TO TAL POTENTIAL FUNCTION I

         RADIUS           ENERGY            RADIUS           ENERGY            RADIUS           ENERGY
          .7500           17990.890          .7550           17118.410          .7600           16276.220
          .7650           15463.580          .7700           14679.770          .7750           13924.060
          .7800           13195.760          .7850           12494.190          .7900           11818.690
          .7950           11168.590          .8000           10543.260          .8050            9942.078
          .8100            9364.437          .8150            8809.738          .8200            8277.401
          .8250            7766.856          .8300            7277.545          .8350            6808.925
          .8400            6360.464          .8450            5931.642          .8500            5521.951
          .8550            5130.895          .8600            4757.987          .8650            4402.754
          .8700            4064.731          .8750            3743.467          .8800            3446.993
          .8850            3149.370          .8900            2868.900          .8950            2604.949
          .9000            2356.919          .9050            2124.247          .9100            1906.395
          .9150            1702.844          .9200            1513.105          .9250            1336.715
          .9300            1173.222          .9350            1022.196          .9400             883.218
          .9450             755.888          .9500             639.817          .9550             534.632
          .9600             439.977          .9650             355.508          .9700             280.997
          .9750             216.032          .9800             160.181          .9850             113.158
          .9900              74.680          .9950              44.471         1.0000              22.260
         1.0050               7.783         1.0100                .781         1.0150               1.000
         1.0200               8.193         1.0250              22.117         1.0300              42.537
         1.0350              69.223         1.0400             101.950         1.0450             140.499
         1.0500             184.657         1.0550             234.217         1.0600             288.976
         1.0650             348.740         1.0700             413.319         1.0750             482.529
         1.0800             556.188         1.0850             634.126         1.0900             716.175
         1.0950             802.174         1.1000             891.967         1.1050             985.398
         1.1100            1082.302         1.1150            1182.536         1.1200            1285.961
         1.1250            1392.439         1.1300            1501.836         1.1350            1614.020
         1.1400            1728.866         1.1450            1846.248         1.1500            1966.047
         1.1550            2088.144         1.1600            2212.425         1.1650            2338.786
         1.1700            2467.122         1.1750            2597.327         1.1800            2729.300
         1.1850            2862.942         1.1900            2998.159         1.1950            3134.860
         1.2000            3272.960         1.2050            3412.366         1.2100            3553.000
         1.2150            3694.789         1.2200            3837.648         1.2250            3981.495
         1.2300            4126.255         1.2350            4271.859         1.2400            4418.246
         1.2450            4565.244         1.2500            4711.781         1.2550            4859.414
         1.2600            5007.862         1.2650            5156.914         1.2700            5306.417
         1.2750            5456.287         1.2800            5606.499         1.2850            5757.046
         1.2900            5907.801         1.2950            6058.741         1.3000            6209.821
         1.3050            6360.997         1.3100            6512.219         1.3150            6663.439
         1.3200            6814.609         1.3250            6965.747         1.3300            7116.736
         1.3350            7267.568         1.3400            7418.229         1.3450            7568.692
         1.3500            7718.909         1.3550            7868.821         1.3600            8018.387
         1.3650            8167.677         1.3700            8316.610         1.3750            8465.126
         1.3800            8613.196         1.3850            8760.826         1.3900            8908.049
         1.3950            9054.765         1.4000            9200.930         1.4050            9346.569
         1.4100            9491.678         1.4150            9636.232         1.4200            9780.202
1
         1.4250            9923.539         1.4300           10065.120         1.4350           10207.060
         1.4400           10349.410         1.4450           10491.710         1.4500           10633.720
         1.4550           10775.320         1.4600           10916.610         1.4650           11057.560
         1.4700           11197.970         1.4750           11337.890         1.4800           11477.370
         1.4850           11616.370         1.4900           11754.850         1.4950           11892.680
         1.5000           12029.970         1.5050           12166.710         1.5100           12302.850
         1.5150           12438.380         1.5200           12573.290         1.5250           12707.590
         1.5300           12841.290         1.5350           12974.320         1.5400           13106.660
         1.5450           13238.340         1.5500           13369.380         1.5550           13499.750
         1.5600           13629.430         1.5650           13758.370         1.5700           13886.650
         1.5750           14014.240         1.5800           14141.120         1.5850           14267.300
         1.5900           14392.770         1.5950           14517.520         1.6000           14641.540
         1.6050           14764.220         1.6100           14888.070         1.6150           15012.860
         1.6200           15138.030         1.6250           15263.240         1.6300           15388.340
         1.6350           15513.420         1.6400           15638.430         1.6450           15763.220
         1.6500           15887.790         1.6550           16012.100         1.6600           16136.140
         1.6650           16259.910         1.6700           16383.400         1.6750           16506.540
         1.6800           16629.340         1.6850           16751.790         1.6900           16873.850
         1.6950           16995.530         1.7000           17116.840         1.7050           17237.820
         1.7100           17358.350         1.7150           17478.500         1.7200           17598.220
         1.7250           17717.490         1.7300           17836.310         1.7350           17954.680
         1.7400           18072.620         1.7450           18190.130         1.7500           18307.240
         1.7550           18423.880         1.7600           18540.030         1.7650           18655.670
         1.7700           18770.850         1.7750           18885.600         1.7800           19000.530
         1.7850           19118.320         1.7900           19237.990         1.7950           19358.860
         1.8000           19480.520         1.8050           19602.860         1.8100           19725.970
         1.8150           19849.680         1.8200           19973.870         1.8250           20098.490
         1.8300           20223.480         1.8350           20348.860         1.8400           20474.640
         1.8450           20600.830         1.8500           20727.100         1.8550           20853.610
         1.8600           20980.410         1.8650           21107.480         1.8700           21234.660
         1.8750           21361.860         1.8800           21489.360         1.8850           21617.030
         1.8900           21744.780         1.8950           21872.590         1.9000           22000.500
         1.9050           22128.540         1.9100           22256.480         1.9150           22384.510
         1.9200           22512.610         1.9250           22640.750         1.9300           22768.880
         1.9350           22896.880         1.9400           23027.300         1.9450           23163.350
         1.9500           23303.740         1.9550           23447.510         1.9600           23594.100
         1.9650           23743.340         1.9700           23894.800         1.9750           24048.680
         1.9800           24204.490         1.9850           24362.080         1.9900           24521.620
         1.9950           24683.130         2.0000           24846.080         2.0050           25010.620
         2.0100           25176.780         2.0150           25344.320         2.0200           25513.140
         2.0250           25683.540         2.0300           25855.070         2.0350           26027.590
         2.0400           26201.310         2.0450           26376.320         2.0500           26552.110
         2.0550           26728.980         2.0600           26906.770         2.0650           27085.370
         2.0700           27296.480         2.0750           27529.740         2.0800           27742.470
         2.0850           27959.460         2.0900           28174.790         2.0950           28392.050
1
         2.1000           28610.950         2.1050           28830.970         2.1100           29052.210
         2.1150           29274.950         2.1200           29498.740         2.1250           29705.310
         2.1300           29908.750         2.1350           30104.710         2.1400           30293.430
         2.1450           30475.150         2.1500           30650.120         2.1550           30818.570
         2.1600           30980.710         2.1650           31136.760         2.1700           31286.950
         2.1750           31431.460         2.1800           31570.510         2.1850           31704.290
         2.1900           31832.980         2.1950           31956.770         2.2000           32075.830
         2.2050           32190.340         2.2100           32300.460         2.2150           32406.360
         2.2200           32508.180         2.2250           32606.080         2.2300           32700.200
         2.2350           32790.680         2.2400           32877.670         2.2450           32961.280
         2.2500           33041.650         2.2550           33118.890         2.2600           33193.140
         2.2650           33264.480         2.2700           33333.050         2.2750           33398.950
         2.2800           33462.270         2.2850           33523.110         2.2900           33581.570
         2.2950           33637.740         2.3000           33691.700         2.3050           33743.550
         2.3100           33793.370         2.3150           33841.220         2.3200           33887.200
         2.3250           33931.360         2.3300           33973.790         2.3350           34014.540
         2.3400           34053.680         2.3450           34091.290         2.3500           34127.400
         2.3550           34162.090         2.3600           34195.410         2.3650           34227.410
         2.3700           34258.150         2.3750           34287.670         2.3800           34316.020
         2.3850           34343.250         2.3900           34369.390         2.3950           34394.510
         2.4000           34418.620         2.4050           34441.780         2.4100           34464.020
         2.4150           34485.380         2.4200           34505.890         2.4250           34525.590
         2.4300           34544.500         2.4350           34562.660         2.4400           34580.100
         2.4450           34596.850         2.4500           34612.930         2.4550           34628.370
         2.4600           34643.200         2.4650           34657.430         2.4700           34671.100
         2.4750           34684.230         2.4800           34696.830         2.4850           34708.930
         2.4900           34720.550         2.4950           34731.700         2.5000           34742.410
         2.5050           34752.700         2.5100           34762.570         2.5150           34772.050
         2.5200           34781.160         2.5250           34789.900         2.5300           34798.290
         2.5350           34806.340         2.5400           34814.080         2.5450           34821.510
         2.5500           34828.640         2.5550           34835.480         2.5600           34842.050
         2.5650           34848.370         2.5700           34854.430         2.5750           34860.240
         2.5800           34865.830         2.5850           34871.190         2.5900           34876.340
         2.5950           34881.280         2.6000           34886.020         2.6050           34890.580
         2.6100           34894.950         2.6150           34899.150         2.6200           34903.180
         2.6250           34907.050         2.6300           34910.770         2.6350           34914.330
         2.6400           34917.760         2.6450           34921.040         2.6500           34924.200
         2.6550           34927.230         2.6600           34930.140         2.6650           34932.930
         2.6700           34935.610         2.6750           34938.190         2.6800           34940.660
         2.6850           34943.030         2.6900           34945.310         2.6950           34947.500
         2.7000           34949.600         2.7050           34951.610         2.7100           34953.550
         2.7150           34955.400         2.7200           34957.190         2.7250           34958.900
         2.7300           34960.540         2.7350           34962.120         2.7400           34963.630
         2.7450           34965.090         2.7500           34966.480         2.7550           34967.820
         2.7600           34969.110         2.7650           34970.350         2.7700           34971.530
1
         2.7750           34972.670         2.7800           34973.770         2.7850           34974.810
         2.7900           34975.820         2.7950           34976.790         2.8000           34977.710
         2.8050           34978.610         2.8100           34979.460         2.8150           34980.290
         2.8200           34981.070         2.8250           34981.830         2.8300           34982.550
         2.8350           34983.250         2.8400           34983.920         2.8450           34984.570
         2.8500           34985.180         2.8550           34985.780         2.8600           34986.340
         2.8650           34986.890         2.8700           34987.410         2.8750           34987.920
         2.8800           34988.400         2.8850           34988.870         2.8900           34989.310
         2.8950           34989.740         2.9000           34990.150         2.9050           34990.540
         2.9100           34990.920         2.9150           34991.290         2.9200           34991.630
         2.9250           34991.970         2.9300           34992.290         2.9350           34992.600
         2.9400           34992.890         2.9450           34993.180         2.9500           34993.450
         2.9550           34993.710         2.9600           34993.960         2.9650           34994.200
         2.9700           34994.440         2.9750           34994.660         2.9800           34994.870
         2.9850           34995.080         2.9900           34995.270         2.9950           34995.460
         3.0000           34995.640         3.0050           34995.820         3.0100           34995.990
         3.0150           34996.150         3.0200           34996.300         3.0250           34996.450
         3.0300           34996.590         3.0350           34996.730         3.0400           34996.860
         3.0450           34996.980         3.0500           34997.110         3.0550           34997.220
         3.0600           34997.330         3.0650           34997.440         3.0700           34997.540
         3.0750           34997.640         3.0800           34997.730         3.0850           34997.820
         3.0900           34997.910         3.0950           34998.000         3.1000           34998.070
         3.1050           34998.150         3.1100           34998.230         3.1150           34998.300
         3.1200           34998.360         3.1250           34998.430         3.1300           34998.490
         3.1350           34998.550         3.1400           34998.610         3.1450           34998.670
         3.1500           34998.720         3.1550           34998.770         3.1600           34998.820
         3.1650           34998.870         3.1700           34998.910         3.1750           34998.960
         3.1800           34999.000         3.1850           34999.040         3.1900           34999.080
         3.1950           34999.110         3.2000           34999.150         3.2050           34999.180
         3.2100           34999.210         3.2150           34999.250         3.2200           34999.280
         3.2250           34999.300         3.2300           34999.330         3.2350           34999.360
         3.2400           34999.390         3.2450           34999.410         3.2500           34999.430
         3.2550           34999.460         3.2600           34999.480         3.2650           34999.500
         3.2700           34999.520         3.2750           34999.540         3.2800           34999.560
         3.2850           34999.570         3.2900           34999.590         3.2950           34999.610
         3.3000           34999.630         3.3050           34999.640         3.3100           34999.650
         3.3150           34999.670         3.3200           34999.680         3.3250           34999.690
         3.3300           34999.710         3.3350           34999.720         3.3400           34999.730
         3.3450           34999.740         3.3500           34999.750         3.3550           34999.760
         3.3600           34999.770         3.3650           34999.780         3.3700           34999.790
         3.3750           34999.800         3.3800           34999.800         3.3850           34999.810
         3.3900           34999.820         3.3950           34999.830         3.4000           34999.830
         3.4050           34999.840         3.4100           34999.850         3.4150           34999.850
         3.4200           34999.860         3.4250           34999.860         3.4300           34999.870
         3.4350           34999.880         3.4400           34999.880         3.4450           34999.890
1
         3.4500           34999.890         3.4550           34999.890         3.4600           34999.900
         3.4650           34999.900         3.4700           34999.910         3.4750           34999.910
         3.4800           34999.910         3.4850           34999.920         3.4900           34999.920
         3.4950           34999.920         3.5000           34999.930
1V'  B(V)  (CAL)   B(V)  (OBS)    DEVIATION        E(V)ALC)   E(V) (OBS)   DEVIATION        RMIN     RMAX   
   -1  17.3580        17.3580       .0000               .0000         .0000       .0000      1.0123      1.0123
    0  16.9582        16.9606      -.0024           1566.2590     1565.9900       .2694       .9186      1.1329
    1  16.1342        16.1418      -.0076           4554.2720     4554.8200      -.5479       .8636      1.2446
    2  15.2504        15.2910      -.0406           7354.5130     7351.0700      3.4429       .8318      1.3378
    3  14.3063        14.4082      -.1019           9974.8190     9959.5300     15.2891       .8098      1.4263
    4  13.3405        13.4934      -.1529          12425.1700    12392.7500     32.4219       .7943      1.5133
    5  12.4141        12.5466      -.1325          14719.9500    14671.0600     48.8936       .7838      1.6012
    6  11.5651        11.5678      -.0027          16874.7600    16822.5400     52.2246       .7786      1.6879
    7  10.8571        10.5570       .3001          18918.0700    18883.0300     35.0391       .7782      1.7749
    8  10.2604         9.5142       .7462          20878.6800    20896.1700    -17.4883       .7841      1.8567
    9   9.8401         8.4394      1.4007          22793.5400    22913.3300   -119.7910       .7960      1.9356
   10   9.5051         7.3326      2.1725          24699.6200    24993.6700   -294.0508       .8157      2.0045
   11   9.2913         6.1938      3.0975          26618.4900    27204.1000   -585.6094       .8426      2.0683
   12   8.8193         5.0230      3.7963          30554.2900    29619.3200    934.9668       .8780      2.1227
  NOISE FACTOR HAS MAXIMUM VALUE OF    .89E-08



  RMIN =  .650  MAXV   = 12  BE =   18.9108
  RMAX = 3.500  KDMAXV = 12  RE =     .9699
  DELR =  .005  NEIG   =  0  DE =39162.1800
  ZMU  =  .948


 THE KLEIN DUNHAM POTENTIAL PRODUCED FOR THIS STATE COVERS THE REGION FROM    .685 TO   2.040 ANGSTROMS
 THE TO TAL POTENTIAL FUNCTION I

         RADIUS           ENERGY            RADIUS           ENERGY            RADIUS           ENERGY
          .6500           45280.700          .6550           43318.950          .6600           41422.170
          .6650           39588.660          .6700           37816.750          .6750           36104.830
          .6800           34451.310          .6850           32599.780          .6900           31348.290
          .6950           30023.030          .7000           28680.830          .7050           27309.850
          .7100           25964.280          .7150           24657.040          .7200           23381.020
          .7250           22141.850          .7300           20951.740          .7350           19808.440
          .7400           18710.140          .7450           17653.140          .7500           16640.720
          .7550           15670.940          .7600           14742.820          .7650           13854.690
          .7700           13005.540          .7750           12193.460          .7800           11418.600
          .7850           10678.770          .7900            9972.473          .7950            9299.120
          .8000            8657.386          .8050            8046.367          .8100            7465.255
          .8150            6912.975          .8200            6388.646          .8250            5891.399
          .8300            5420.313          .8350            4974.814          .8400            4553.458
          .8450            4155.595          .8500            3780.501          .8550            3427.444
          .8600            3095.701          .8650            2784.628          .8700            2493.546
          .8750            2221.802          .8800            1968.776          .8850            1733.868
          .8900            1516.467          .8950            1316.005          .9000            1131.926
          .9050             963.686          .9100             810.761          .9150             672.646
          .9200             548.845          .9250             438.883          .9300             342.384
          .9350             258.903          .9400             187.814          .9450             128.722
          .9500              81.241          .9550              44.993          .9600              19.610
          .9650               4.730          .9700                .003          .9750               5.084
          .9800              19.641          .9850              43.346          .9900              75.883
          .9950             116.944         1.0000             166.228         1.0050             223.444
         1.0100             288.310         1.0150             360.551         1.0200             439.903
         1.0250             526.108         1.0300             618.920         1.0350             718.097
         1.0400             823.411         1.0450             934.638         1.0500            1051.565
         1.0550            1173.972         1.0600            1301.640         1.0650            1434.377
         1.0700            1571.991         1.0750            1714.285         1.0800            1861.079
         1.0850            2012.193         1.0900            2167.456         1.0950            2326.700
         1.1000            2489.764         1.1050            2656.482         1.1100            2826.698
         1.1150            3000.273         1.1200            3177.059         1.1250            3356.912
         1.1300            3539.694         1.1350            3725.272         1.1400            3913.515
         1.1450            4104.298         1.1500            4297.513         1.1550            4493.034
         1.1600            4690.735         1.1650            4890.503         1.1700            5092.233
         1.1750            5295.830         1.1800            5501.245         1.1850            5708.428
         1.1900            5917.224         1.1950            6127.521         1.2000            6339.227
         1.2050            6552.249         1.2100            6766.519         1.2150            6981.940
         1.2200            7198.431         1.2250            7415.916         1.2300            7634.314
         1.2350            7853.542         1.2400            8073.515         1.2450            8294.228
         1.2500            8515.528         1.2550            8737.373         1.2600            8959.747
         1.2650            9182.582         1.2700            9405.767         1.2750            9629.214
         1.2800            9852.962         1.2850           10076.910         1.2900           10301.000
         1.2950           10525.180         1.3000           10749.450         1.3050           10973.730
         1.3100           11197.890         1.3150           11421.950         1.3200           11645.910
1
         1.3250           11869.720         1.3300           12093.320         1.3350           12317.010
         1.3400           12540.290         1.3450           12763.150         1.3500           12985.600
         1.3550           13207.650         1.3600           13429.270         1.3650           13650.390
         1.3700           13871.020         1.3750           14091.120         1.3800           14310.650
         1.3850           14529.570         1.3900           14747.860         1.3950           14965.480
         1.4000           15182.380         1.4050           15398.560         1.4100           15614.050
         1.4150           15828.880         1.4200           16042.830         1.4250           16255.940
         1.4300           16468.290         1.4350           16679.790         1.4400           16890.300
         1.4450           17100.150         1.4500           17309.030         1.4550           17516.930
         1.4600           17723.880         1.4650           17929.940         1.4700           18135.260
         1.4750           18339.580         1.4800           18542.650         1.4850           18744.540
         1.4900           18945.310         1.4950           19145.010         1.5000           19343.670
         1.5050           19541.120         1.5100           19737.460         1.5150           19932.760
         1.5200           20126.950         1.5250           20319.880         1.5300           20511.680
         1.5350           20702.390         1.5400           20891.920         1.5450           21080.240
         1.5500           21267.400         1.5550           21453.530         1.5600           21638.390
         1.5650           21822.020         1.5700           22004.490         1.5750           22185.790
         1.5800           22365.910         1.5850           22544.820         1.5900           22722.570
         1.5950           22899.100         1.6000           23074.390         1.6050           23248.480
         1.6100           23421.550         1.6150           23593.350         1.6200           23763.470
         1.6250           23932.110         1.6300           24099.370         1.6350           24265.240
         1.6400           24429.740         1.6450           24592.940         1.6500           24754.780
         1.6550           24915.310         1.6600           25074.550         1.6650           25232.530
         1.6700           25389.280         1.6750           25544.680         1.6800           25698.710
         1.6850           25851.510         1.6900           26003.130         1.6950           26153.510
         1.7000           26302.480         1.7050           26450.290         1.7100           26597.030
         1.7150           26742.440         1.7200           26886.490         1.7250           27029.290
         1.7300           27171.160         1.7350           27311.620         1.7400           27450.840
         1.7450           27588.900         1.7500           27725.810         1.7550           27861.550
         1.7600           27996.050         1.7650           28129.530         1.7700           28261.370
         1.7750           28391.460         1.7800           28520.030         1.7850           28647.240
         1.7900           28773.170         1.7950           28897.870         1.8000           29021.060
         1.8050           29143.120         1.8100           29263.920         1.8150           29383.420
         1.8200           29501.630         1.8250           29618.660         1.8300           29734.680
         1.8350           29849.460         1.8400           29962.950         1.8450           30075.300
         1.8500           30186.590         1.8550           30296.800         1.8600           30405.840
         1.8650           30513.550         1.8700           30620.250         1.8750           30726.030
         1.8800           30830.720         1.8850           30934.240         1.8900           31036.600
         1.8950           31137.930         1.9000           31238.420         1.9050           31337.760
         1.9100           31436.030         1.9150           31533.320         1.9200           31629.630
         1.9250           31724.960         1.9300           31819.290         1.9350           31912.600
         1.9400           32003.770         1.9450           32091.730         1.9500           32179.720
         1.9550           32267.280         1.9600           32354.060         1.9650           32439.890
         1.9700           32524.710         1.9750           32608.640         1.9800           32691.780
         1.9850           32773.890         1.9900           32855.160         1.9950           32935.550
1
         2.0000           33015.050         2.0050           33093.630         2.0100           33171.310
         2.0150           33248.110         2.0200           33324.060         2.0250           33399.220
         2.0300           33473.570         2.0350           33547.090         2.0400           33619.700
         2.0450           33691.400         2.0500           33762.230         2.0550           33832.170
         2.0600           33901.240         2.0650           33969.450         2.0700           34036.820
         2.0750           34103.340         2.0800           34169.030         2.0850           34233.900
         2.0900           34297.960         2.0950           34361.210         2.1000           34423.680
         2.1050           34485.360         2.1100           34546.260         2.1150           34606.400
         2.1200           34665.780         2.1250           34724.410         2.1300           34782.300
         2.1350           34839.460         2.1400           34895.910         2.1450           34951.630
         2.1500           35006.650         2.1550           35060.970         2.1600           35114.600
         2.1650           35167.550         2.1700           35219.840         2.1750           35271.450
         2.1800           35322.410         2.1850           35372.710         2.1900           35422.380
         2.1950           35471.410         2.2000           35519.820         2.2050           35567.610
         2.2100           35614.790         2.2150           35661.360         2.2200           35707.340
         2.2250           35752.730         2.2300           35797.540         2.2350           35841.770
         2.2400           35885.440         2.2450           35928.540         2.2500           35971.090
         2.2550           36013.090         2.2600           36054.550         2.2650           36095.480
         2.2700           36135.880         2.2750           36175.760         2.2800           36215.120
         2.2850           36253.980         2.2900           36292.330         2.2950           36330.190
         2.3000           36367.560         2.3050           36404.450         2.3100           36440.850
         2.3150           36476.790         2.3200           36512.260         2.3250           36547.270
         2.3300           36581.820         2.3350           36615.930         2.3400           36649.590
         2.3450           36682.820         2.3500           36715.620         2.3550           36747.980
         2.3600           36779.930         2.3650           36811.460         2.3700           36842.590
         2.3750           36873.300         2.3800           36903.610         2.3850           36933.540
         2.3900           36963.060         2.3950           36992.210         2.4000           37020.970
         2.4050           37049.360         2.4100           37077.370         2.4150           37105.020
         2.4200           37132.310         2.4250           37159.240         2.4300           37185.820
         2.4350           37212.050         2.4400           37237.940         2.4450           37263.490
         2.4500           37288.700         2.4550           37313.580         2.4600           37338.140
         2.4650           37362.380         2.4700           37386.290         2.4750           37409.890
         2.4800           37433.180         2.4850           37456.170         2.4900           37478.850
         2.4950           37501.240         2.5000           37523.330         2.5050           37545.130
         2.5100           37566.640         2.5150           37587.880         2.5200           37608.820
         2.5250           37629.500         2.5300           37649.900         2.5350           37670.040
         2.5400           37689.910         2.5450           37709.510         2.5500           37728.860
         2.5550           37747.950         2.5600           37766.790         2.5650           37785.380
         2.5700           37803.730         2.5750           37821.830         2.5800           37839.700
         2.5850           37857.330         2.5900           37874.720         2.5950           37891.890
         2.6000           37908.830         2.6050           37925.540         2.6100           37942.040
         2.6150           37958.310         2.6200           37974.370         2.6250           37990.220
         2.6300           38005.860         2.6350           38021.290         2.6400           38036.520
         2.6450           38051.540         2.6500           38066.360         2.6550           38080.990
         2.6600           38095.430         2.6650           38109.670         2.6700           38123.730
1
         2.6750           38137.600         2.6800           38151.280         2.6850           38164.790
         2.6900           38178.110         2.6950           38191.250         2.7000           38204.230
         2.7050           38217.030         2.7100           38229.660         2.7150           38242.120
         2.7200           38254.410         2.7250           38266.550         2.7300           38278.520
         2.7350           38290.340         2.7400           38301.990         2.7450           38313.490
         2.7500           38324.840         2.7550           38336.040         2.7600           38347.090
         2.7650           38357.990         2.7700           38368.740         2.7750           38379.360
         2.7800           38389.830         2.7850           38400.160         2.7900           38410.360
         2.7950           38420.410         2.8000           38430.340         2.8050           38440.130
         2.8100           38449.800         2.8150           38459.330         2.8200           38468.740
         2.8250           38478.020         2.8300           38487.180         2.8350           38496.210
         2.8400           38505.130         2.8450           38513.930         2.8500           38522.600
         2.8550           38531.170         2.8600           38539.620         2.8650           38547.950
         2.8700           38556.180         2.8750           38564.290         2.8800           38572.300
         2.8850           38580.200         2.8900           38588.000         2.8950           38595.690
         2.9000           38603.280         2.9050           38610.770         2.9100           38618.150
         2.9150           38625.440         2.9200           38632.630         2.9250           38639.730
         2.9300           38646.730         2.9350           38653.640         2.9400           38660.450
         2.9450           38667.170         2.9500           38673.810         2.9550           38680.350
         2.9600           38686.810         2.9650           38693.180         2.9700           38699.470
         2.9750           38705.670         2.9800           38711.790         2.9850           38717.830
         2.9900           38723.790         2.9950           38729.660         3.0000           38735.460
         3.0050           38741.180         3.0100           38746.830         3.0150           38752.400
         3.0200           38757.890         3.0250           38763.310         3.0300           38768.660
         3.0350           38773.940         3.0400           38779.150         3.0450           38784.290
         3.0500           38789.350         3.0550           38794.350         3.0600           38799.290
         3.0650           38804.150         3.0700           38808.960         3.0750           38813.700
         3.0800           38818.370         3.0850           38822.980         3.0900           38827.530
         3.0950           38832.020         3.1000           38836.450         3.1050           38840.820
         3.1100           38845.130         3.1150           38849.390         3.1200           38853.580
         3.1250           38857.720         3.1300           38861.810         3.1350           38865.840
         3.1400           38869.820         3.1450           38873.740         3.1500           38877.610
         3.1550           38881.430         3.1600           38885.200         3.1650           38888.910
         3.1700           38892.580         3.1750           38896.200         3.1800           38899.770
         3.1850           38903.290         3.1900           38906.770         3.1950           38910.200
         3.2000           38913.580         3.2050           38916.910         3.2100           38920.210
         3.2150           38923.450         3.2200           38926.660         3.2250           38929.820
         3.2300           38932.940         3.2350           38936.020         3.2400           38939.050
         3.2450           38942.050         3.2500           38945.000         3.2550           38947.920
         3.2600           38950.800         3.2650           38953.630         3.2700           38956.430
         3.2750           38959.200         3.2800           38961.920         3.2850           38964.610
         3.2900           38967.270         3.2950           38969.880         3.3000           38972.460
         3.3050           38975.010         3.3100           38977.520         3.3150           38980.000
         3.3200           38982.450         3.3250           38984.860         3.3300           38987.250
         3.3350           38989.590         3.3400           38991.910         3.3450           38994.200
1
         3.3500           38996.450         3.3550           38998.680         3.3600           39000.880
         3.3650           39003.040         3.3700           39005.180         3.3750           39007.290
         3.3800           39009.370         3.3850           39011.420         3.3900           39013.450
         3.3950           39015.450         3.4000           39017.410         3.4050           39019.360
         3.4100           39021.280         3.4150           39023.170         3.4200           39025.040
         3.4250           39026.880         3.4300           39028.700         3.4350           39030.490
         3.4400           39032.260         3.4450           39034.000         3.4500           39035.730
         3.4550           39037.430         3.4600           39039.100         3.4650           39040.750
         3.4700           39042.390         3.4750           39044.000         3.4800           39045.580
         3.4850           39047.150         3.4900           39048.700         3.4950           39050.220
         3.5000           39051.720
1V'  B(V)  (CAL)   B(V)  (OBS)    DEVIATION        E(V)ALC)   E(V) (OBS)   DEVIATION        RMIN     RMAX   
   -1  18.9108        18.9108       .0000               .0000         .0000       .0000       .9699       .9699
    0  18.5498        18.5504      -.0006           1850.1620     1847.7300      2.4319       .8825      1.0796
    1  17.8380        17.8387      -.0007           5419.1600     5417.3700      1.7900       .8300      1.1780
    2  17.1356        17.1366      -.0010           8822.6690     8821.4000      1.2686       .7987      1.2569
    3  16.4398        16.4411      -.0013          12062.7500    12061.7600       .9912       .7758      1.3293
    4  15.7452        15.7493      -.0041          15140.2500    15139.5300       .7227       .7578      1.3990
    5  15.0480        15.0581      -.0101          18055.8600    18054.8000      1.0566       .7431      1.4680
    6  14.3399        14.3645      -.0246          20809.0500    20806.5500      2.4961       .7306      1.5377
    7  13.6153        13.6655      -.0502          23398.1600    23392.4900      5.6660       .7200      1.6092
    8  12.8672        12.9581      -.0909          25820.2100    25808.9400     11.2734       .7106      1.6836
    9  12.0876        12.2394      -.1518          28070.4400    28050.6900     19.7480       .7023      1.7620
   10  11.2739        11.5063      -.2324          30141.9100    30110.8700     31.0430       .6947      1.8466
   11  10.4117        10.7557      -.3440          32025.6000    31980.8200     44.7813       .6876      1.9387
   12   9.5125         9.9849      -.4724          33710.7000    33649.9100     60.7891       .6805      2.0421
  NOISE FACTOR HAS MAXIMUM VALUE OF    .57E-09
1
 
                                V"   V""  FRANCK CONDON FACTOR     R-CENTROID

                                 0   0    .8638228E+00             .9628633E+00
                                 0   1    .8712862E-01             .7365260E+00
                                 0   2    .3144656E-01             .7708117E+00
                                 0   3    .1034635E-01             .7231331E+00
                                 0   4    .4005846E-02             .7035426E+00
                                 0   5    .1686426E-02             .6849056E+00
                                 0   6    .7634821E-03             .6696653E+00
                                 0   7    .3674435E-03             .6568176E+00
                                 0   8    .1864042E-03             .6458063E+00
                                 0   9    .9904936E-04             .6363002E+00
                                 0  10    .5490727E-04             .6280632E+00
                                 0  11    .3158235E-04             .6209277E+00
                                 0  12    .1883083E-04             .6147478E+00
 
                                V"   V""  FRANCK CONDON FACTOR     R-CENTROID

                                 1   0    .1320142E+00             .1152836E+01
                                 1   1    .6831250E+00             .1011846E+01
                                 1   2    .8655815E-01             .6772719E+00
                                 1   3    .5471105E-01             .7874814E+00
                                 1   4    .2221937E-01             .7219884E+00
                                 1   5    .1042260E-01             .7065763E+00
                                 1   6    .5068051E-02             .6880223E+00
                                 1   7    .2576198E-02             .6730141E+00
                                 1   8    .1363782E-02             .6604641E+00
                                 1   9    .7490713E-03             .6497394E+00
                                 1  10    .4259812E-03             .6404569E+00
                                 1  11    .2498360E-03             .6323872E+00
                                 1  12    .1511948E-03             .6254372E+00
1
 
                                V"   V""  FRANCK CONDON FACTOR     R-CENTROID

                                 2   0    .3644086E-02             .5660995E+00
                                 2   1    .2115113E+00             .1188904E+01
                                 2   2    .5983241E+00             .1071615E+01
                                 2   3    .5548360E-01             .5382120E+00
                                 2   4    .6503444E-01             .8173482E+00
                                 2   5    .2923558E-01             .7165258E+00
                                 2   6    .1592783E-01             .7094638E+00
                                 2   7    .8648706E-02             .6909896E+00
                                 2   8    .4807227E-02             .6760970E+00
                                 2   9    .2740764E-02             .6637270E+00
                                 2  10    .1604516E-02             .6532625E+00
                                 2  11    .9628182E-03             .6444540E+00
                                 2  12    .5931002E-03             .6369825E+00
 
                                V"   V""  FRANCK CONDON FACTOR     R-CENTROID

                                 3   0    .2844452E-03             .1675501E+01
                                 3   1    .1694401E-01             .7475492E+00
                                 3   2    .2344838E+00             .1234301E+01
                                 3   3    .5794961E+00             .1136257E+01
                                 3   4    .2249376E-01             .1388157E+00
                                 3   5    .6799825E-01             .8689685E+00
                                 3   6    .3022904E-01             .7030354E+00
                                 3   7    .1861239E-01             .7118875E+00
                                 3   8    .1099434E-01             .6937034E+00
                                 3   9    .6548219E-02             .6790146E+00
                                 3  10    .3963571E-02             .6673220E+00
                                 3  11    .2436265E-02             .6570825E+00
                                 3  12    .1527436E-02             .6482682E+00
1
 
                                V"   V""  FRANCK CONDON FACTOR     R-CENTROID

                                 4   0    .1982413E-03             .1060189E+01
                                 4   1    .2215925E-03             .2643491E+01
                                 4   2    .4676116E-01             .8853619E+00
                                 4   3    .1998583E+00             .1293966E+01
                                 4   4    .6001889E+00             .1198683E+01
                                 4   5    .2535721E-02            -.2196376E+01
                                 4   6    .6969402E-01             .9489480E+00
                                 4   7    .2711999E-01             .6762689E+00
                                 4   8    .1857963E-01             .7134404E+00
                                 4   9    .1172852E-01             .6973137E+00
                                 4  10    .7336995E-02             .6808658E+00
                                 4  11    .4644644E-02             .6698757E+00
                                 4  12    .2982749E-02             .6611615E+00
 
                                V"   V""  FRANCK CONDON FACTOR     R-CENTROID

                                 5   0    .3313644E-04             .7581571E+00
                                 5   1    .7634486E-03             .1217395E+01
                                 5   2    .1585368E-03            -.1921222E+01
                                 5   3    .9234741E-01             .9945453E+00
                                 5   4    .1242556E+00             .1381479E+01
                                 5   5    .6290315E+00             .1254623E+01
                                 5   6    .2994244E-02             .4750121E+01
                                 5   7    .7392103E-01             .1055514E+01
                                 5   8    .2248643E-01             .6330910E+00
                                 5   9    .1669980E-01             .7075582E+00
                                 5  10    .1132973E-01             .7042836E+00
                                 5  11    .7347069E-02             .6851375E+00
                                 5  12    .4803607E-02             .6728188E+00
1
 
                                V"   V""  FRANCK CONDON FACTOR     R-CENTROID

                                 6   0    .2881910E-05             .3276374E+00
                                 6   1    .2487508E-03             .9311445E+00
                                 6   2    .1149107E-02             .1475002E+01
                                 6   3    .4905910E-02             .4033929E+00
                                 6   4    .1363840E+00             .1085926E+01
                                 6   5    .4541378E-01             .1555951E+01
                                 6   6    .6366237E+00             .1303797E+01
                                 6   7    .2473098E-01             .2648985E+01
                                 6   8    .8013871E-01             .1174462E+01
                                 6   9    .1874306E-01             .5959613E+00
                                 6  10    .1382131E-01             .6805595E+00
                                 6  11    .1021316E-01             .7116945E+00
                                 6  12    .6861069E-02             .6911646E+00
 
                                V"   V""  FRANCK CONDON FACTOR     R-CENTROID

                                 7   0    .6651398E-07            -.1450807E+01
                                 7   1    .4543853E-04             .6676991E+00
                                 7   2    .7972224E-03             .1099391E+01
                                 7   3    .4780308E-03             .2308584E+01
                                 7   4    .2216468E-01             .7695885E+00
                                 7   5    .1538850E+00             .1167638E+01
                                 7   6    .3036574E-02             .2552959E+01
                                 7   7    .6094945E+00             .1347558E+01
                                 7   8    .6004895E-01             .2293350E+01
                                 7   9    .8373404E-01             .1285679E+01
                                 7  10    .1770726E-01             .6259170E+00
                                 7  11    .1065897E-01             .6071998E+00
                                 7  12    .8865639E-02             .7137215E+00
1
 
                                V"   V""  FRANCK CONDON FACTOR     R-CENTROID

                                 8   0    .2008765E-07             .3082015E+01
                                 8   1    .5208262E-05             .2519805E+00
                                 8   2    .2538702E-03             .8768060E+00
                                 8   3    .1299408E-02             .1310957E+01
                                 8   4    .2250559E-03            -.1525373E+01
                                 8   5    .5199674E-01             .9380538E+00
                                 8   6    .1324613E+00             .1246342E+01
                                 8   7    .7736804E-02             .4747602E+00
                                 8   8    .5636430E+00             .1390871E+01
                                 8   9    .9891615E-01             .2187237E+01
                                 8  10    .7621916E-01             .1375018E+01
                                 8  11    .2161889E-01             .8046085E+00
                                 8  12    .8025008E-02             .4817671E+00
 
                                V"   V""  FRANCK CONDON FACTOR     R-CENTROID

                                 9   0    .3915095E-07             .1604653E+01
                                 9   1    .2129886E-06            -.1221750E+01
                                 9   2    .5566228E-04             .6405034E+00
                                 9   3    .7275546E-03             .1051526E+01
                                 9   4    .9466869E-03             .1721825E+01
                                 9   5    .5100949E-02             .4501251E+00
                                 9   6    .8258373E-01             .1044632E+01
                                 9   7    .8980979E-01             .1329357E+01
                                 9   8    .3598449E-01             .9242638E+00
                                 9   9    .5339690E+00             .1438133E+01
                                 9  10    .1246010E+00             .2187247E+01
                                 9  11    .4794537E-01             .1403381E+01
                                 9  12    .3213270E-01             .1078800E+01
1
 
                                V"   V""  FRANCK CONDON FACTOR     R-CENTROID

                                10   0    .2574076E-07             .1235100E+01
                                10   1    .2557670E-07             .4338459E+01
                                10   2    .8230146E-05             .2741301E+00
                                10   3    .2446247E-03             .8519754E+00
                                10   4    .1173054E-02             .1239365E+01
                                10   5    .7186188E-04             .4737628E+01
                                10   6    .1757134E-01             .7640181E+00
                                10   7    .9763778E-01             .1120508E+01
                                10   8    .4975725E-01             .1421559E+01
                                10   9    .5264918E-01             .9692234E+00
                                10  10    .5543985E+00             .1496957E+01
                                10  11    .1207890E+00             .2264304E+01
                                10  12    .9822860E-02             .1124056E+01
 
                                V"   V""  FRANCK CONDON FACTOR     R-CENTROID

                                11   0    .1242420E-07             .1037404E+01
                                11   1    .8613861E-07             .1836670E+01
                                11   2    .5657400E-06            -.7540716E+00
                                11   3    .5928263E-04             .6283116E+00
                                11   4    .6073092E-03             .1018554E+01
                                11   5    .1055613E-02             .1515973E+01
                                11   6    .6858499E-03            -.3941227E+00
                                11   7    .3350665E-01             .9020113E+00
                                11   8    .9675840E-01             .1180210E+01
                                11   9    .2430080E-01             .1509210E+01
                                11  10    .4012845E-01             .8048360E+00
                                11  11    .6356158E+00             .1562478E+01
                                11  12    .6133267E-01             .2566738E+01
1
 
                                V"   V""  FRANCK CONDON FACTOR     R-CENTROID

                                12   0    .1846211E-08             .7995189E+00
                                12   1    .3394637E-07             .1134082E+01
                                12   2    .9150639E-07             .2184507E+01
                                12   3    .9463541E-06            -.4573482E+00
                                12   4    .4899227E-04             .6066735E+00
                                12   5    .4200700E-03             .9784248E+00
                                12   6    .9011887E-03             .1371316E+01
                                12   7    .5487121E-05             .1338311E+02
                                12   8    .8601843E-02             .6685562E+00
                                12   9    .4754582E-01             .1017906E+01
                                12  10    .7637479E-01             .1283844E+01
                                12  11    .2684047E-02             .9072623E+00
                                12  12    .1183447E-01             .3611135E+01
1R-CENTROID TABLE 

    .963  .737  .771  .723  .704  .685  .670  .657  .646  .636  .628  .621  .615
   1.153 1.012  .677  .787  .722  .707  .688  .673  .660  .650  .640  .632  .625
    .566 1.189 1.072  .538  .817  .717  .709  .691  .676  .664  .653  .644  .637
   1.676  .748 1.234 1.136  .139  .869  .703  .712  .694  .679  .667  .657  .648
   1.060 2.643  .885 1.294 1.199-2.196  .949  .676  .713  .697  .681  .670  .661
    .758 1.217-1.921  .995 1.381 1.255 4.750 1.056  .633  .708  .704  .685  .673
    .328  .931 1.475  .403 1.086 1.556 1.304 2.649 1.174  .596  .681  .712  .691
  -1.451  .668 1.099 2.309  .770 1.168 2.553 1.348 2.293 1.286  .626  .607  .714
   3.082  .252  .877 1.311-1.525  .938 1.246  .475 1.391 2.187 1.375  .805  .482
   1.605-1.222  .641 1.052 1.722  .450 1.045 1.329  .924 1.438 2.187 1.403 1.079
   1.235 4.338  .274  .852 1.239 4.738  .764 1.121 1.422  .969 1.497 2.264 1.124
   1.037 1.837 -.754  .628 1.019 1.516 -.394  .902 1.180 1.509  .805 1.562 2.567
    .800 1.134 2.185 -.457  .607  .978 1.37113.383  .669 1.018 1.284  .907 3.611
1 FRANCK CONDON FACTOR TABLE  

    8.64E-01 8.71E-02 3.14E-02 1.03E-02 4.01E-03 1.69E-03 7.63E-04 3.67E-04 1.86E-04 9.90E-05 5.49E-05 3.16E-05 1.88E-05
    1.32E-01 6.83E-01 8.66E-02 5.47E-02 2.22E-02 1.04E-02 5.07E-03 2.58E-03 1.36E-03 7.49E-04 4.26E-04 2.50E-04 1.51E-04
    3.64E-03 2.12E-01 5.98E-01 5.55E-02 6.50E-02 2.92E-02 1.59E-02 8.65E-03 4.81E-03 2.74E-03 1.60E-03 9.63E-04 5.93E-04
    2.84E-04 1.69E-02 2.34E-01 5.79E-01 2.25E-02 6.80E-02 3.02E-02 1.86E-02 1.10E-02 6.55E-03 3.96E-03 2.44E-03 1.53E-03
    1.98E-04 2.22E-04 4.68E-02 2.00E-01 6.00E-01 2.54E-03 6.97E-02 2.71E-02 1.86E-02 1.17E-02 7.34E-03 4.64E-03 2.98E-03
    3.31E-05 7.63E-04 1.59E-04 9.23E-02 1.24E-01 6.29E-01 2.99E-03 7.39E-02 2.25E-02 1.67E-02 1.13E-02 7.35E-03 4.80E-03
    2.88E-06 2.49E-04 1.15E-03 4.91E-03 1.36E-01 4.54E-02 6.37E-01 2.47E-02 8.01E-02 1.87E-02 1.38E-02 1.02E-02 6.86E-03
    6.65E-08 4.54E-05 7.97E-04 4.78E-04 2.22E-02 1.54E-01 3.04E-03 6.09E-01 6.00E-02 8.37E-02 1.77E-02 1.07E-02 8.87E-03
    2.01E-08 5.21E-06 2.54E-04 1.30E-03 2.25E-04 5.20E-02 1.32E-01 7.74E-03 5.64E-01 9.89E-02 7.62E-02 2.16E-02 8.03E-03
    3.92E-08 2.13E-07 5.57E-05 7.28E-04 9.47E-04 5.10E-03 8.26E-02 8.98E-02 3.60E-02 5.34E-01 1.25E-01 4.79E-02 3.21E-02
    2.57E-08 2.56E-08 8.23E-06 2.45E-04 1.17E-03 7.19E-05 1.76E-02 9.76E-02 4.98E-02 5.26E-02 5.54E-01 1.21E-01 9.82E-03
    1.24E-08 8.61E-08 5.66E-07 5.93E-05 6.07E-04 1.06E-03 6.86E-04 3.35E-02 9.68E-02 2.43E-02 4.01E-02 6.36E-01 6.13E-02
    1.85E-09 3.39E-08 9.15E-08 9.46E-07 4.90E-05 4.20E-04 9.01E-04 5.49E-06 8.60E-03 4.75E-02 7.64E-02 2.68E-03 1.18E-02
1
 V'=   0 SUM OF FCF'S FOR V''=0, 12 IS  9.9995840E-01
 V'=   1 SUM OF FCF'S FOR V''=0, 12 IS  9.9963440E-01
 V'=   2 SUM OF FCF'S FOR V''=0, 12 IS  9.9851800E-01
 V'=   3 SUM OF FCF'S FOR V''=0, 12 IS  9.9601160E-01
 V'=   4 SUM OF FCF'S FOR V''=0, 12 IS  9.9185040E-01
 V'=   5 SUM OF FCF'S FOR V''=0, 12 IS  9.8617150E-01
 V'=   6 SUM OF FCF'S FOR V''=0, 12 IS  9.7923640E-01
 V'=   7 SUM OF FCF'S FOR V''=0, 12 IS  9.7091640E-01
 V'=   8 SUM OF FCF'S FOR V''=0, 12 IS  9.6240060E-01
 V'=   9 SUM OF FCF'S FOR V''=0, 12 IS  9.5385720E-01
 V'=  10 SUM OF FCF'S FOR V''=0, 12 IS  9.0412370E-01
 V'=  11 SUM OF FCF'S FOR V''=0, 12 IS  8.9405140E-01
 V'=  12 SUM OF FCF'S FOR V''=0, 12 IS  1.4841780E-01
 V""=  0 SUM OF FCF"S FOR V"=0, 12 IS  9.9999990E-01
 V""=  1 SUM OF FCF"S FOR V"=0, 12 IS  9.9999370E-01
 V""=  2 SUM OF FCF"S FOR V"=0, 12 IS  9.9999700E-01
 V""=  3 SUM OF FCF"S FOR V"=0, 12 IS  9.9995860E-01
 V""=  4 SUM OF FCF"S FOR V"=0, 12 IS  9.9974780E-01
 V""=  5 SUM OF FCF"S FOR V"=0, 12 IS  9.9885420E-01
 V""=  6 SUM OF FCF"S FOR V"=0, 12 IS  9.9854020E-01
 V""=  7 SUM OF FCF"S FOR V"=0, 12 IS  9.9416770E-01
 V""=  8 SUM OF FCF"S FOR V"=0, 12 IS  9.5335050E-01
 V""=  9 SUM OF FCF"S FOR V"=0, 12 IS  8.9842350E-01
 V""= 10 SUM OF FCF"S FOR V"=0, 12 IS  9.2796620E-01
 V""= 11 SUM OF FCF"S FOR V"=0, 12 IS  8.6519740E-01
 V""= 12 SUM OF FCF"S FOR V"=0, 12 IS  1.4895130E-01
